2025-10-03 08:30:45 - INFO - ======== [Run 1/200] width=10 depth=3 ========
2025-10-03 08:30:45 - INFO - Device=cuda | dataset=cifar10 | batch=64 | max_epochs=50 | patience=10 | lr=1.00e-03 | wd=1.0e-04
2025-10-03 08:30:45 - INFO - Model params=2240 | neurons=40 | pooling=[1, 3]
2025-10-03 08:30:54 - INFO - [epoch 1/50] train_loss=1.9377 | val_loss=1.7459 | val_acc=0.3442 | best_val=1.7459@1 | bad=0/10 | lr=1.00e-03 | dt=9.0s
2025-10-03 08:31:05 - INFO - [epoch 2/50] train_loss=1.6777 | val_loss=1.7451 | val_acc=0.3466 | best_val=1.7451@2 | bad=0/10 | lr=1.00e-03 | dt=10.5s
2025-10-03 08:31:15 - INFO - [epoch 3/50] train_loss=1.6037 | val_loss=1.6102 | val_acc=0.3914 | best_val=1.6102@3 | bad=0/10 | lr=1.00e-03 | dt=10.6s
2025-10-03 08:31:26 - INFO - [epoch 4/50] train_loss=1.5438 | val_loss=1.5276 | val_acc=0.4218 | best_val=1.5276@4 | bad=0/10 | lr=1.00e-03 | dt=10.3s
2025-10-03 08:31:36 - INFO - [epoch 5/50] train_loss=1.4998 | val_loss=1.4815 | val_acc=0.4454 | best_val=1.4815@5 | bad=0/10 | lr=1.00e-03 | dt=10.6s
2025-10-03 08:31:45 - INFO - [epoch 6/50] train_loss=1.4604 | val_loss=1.4658 | val_acc=0.4484 | best_val=1.4658@6 | bad=0/10 | lr=1.00e-03 | dt=9.1s
2025-10-03 08:31:56 - INFO - [epoch 7/50] train_loss=1.4398 | val_loss=1.4608 | val_acc=0.4602 | best_val=1.4608@7 | bad=0/10 | lr=1.00e-03 | dt=11.3s
2025-10-03 08:32:08 - INFO - [epoch 8/50] train_loss=1.4181 | val_loss=1.4255 | val_acc=0.4698 | best_val=1.4255@8 | bad=0/10 | lr=1.00e-03 | dt=11.3s
2025-10-03 08:32:19 - INFO - [epoch 9/50] train_loss=1.4030 | val_loss=1.4408 | val_acc=0.4662 | best_val=1.4255@8 | bad=1/10 | lr=1.00e-03 | dt=11.5s
2025-10-03 08:32:30 - INFO - [epoch 10/50] train_loss=1.3890 | val_loss=1.3930 | val_acc=0.4854 | best_val=1.3930@10 | bad=0/10 | lr=1.00e-03 | dt=11.1s
2025-10-03 08:32:42 - INFO - [epoch 11/50] train_loss=1.3730 | val_loss=1.3964 | val_acc=0.4902 | best_val=1.3930@10 | bad=1/10 | lr=1.00e-03 | dt=11.1s
2025-10-03 08:32:53 - INFO - [epoch 12/50] train_loss=1.3639 | val_loss=1.3318 | val_acc=0.5212 | best_val=1.3318@12 | bad=0/10 | lr=1.00e-03 | dt=11.2s
2025-10-03 08:33:04 - INFO - [epoch 13/50] train_loss=1.3473 | val_loss=1.3357 | val_acc=0.5172 | best_val=1.3318@12 | bad=1/10 | lr=1.00e-03 | dt=11.1s
2025-10-03 08:33:15 - INFO - [epoch 14/50] train_loss=1.3392 | val_loss=1.2978 | val_acc=0.5266 | best_val=1.2978@14 | bad=0/10 | lr=1.00e-03 | dt=11.2s
2025-10-03 08:33:26 - INFO - [epoch 15/50] train_loss=1.3225 | val_loss=1.3109 | val_acc=0.5296 | best_val=1.2978@14 | bad=1/10 | lr=1.00e-03 | dt=11.1s
2025-10-03 08:33:37 - INFO - [epoch 16/50] train_loss=1.3129 | val_loss=1.3313 | val_acc=0.5152 | best_val=1.2978@14 | bad=2/10 | lr=1.00e-03 | dt=11.1s
2025-10-03 08:33:48 - INFO - [epoch 17/50] train_loss=1.3032 | val_loss=1.3147 | val_acc=0.5246 | best_val=1.2978@14 | bad=3/10 | lr=1.00e-03 | dt=11.2s
2025-10-03 08:34:00 - INFO - [epoch 18/50] train_loss=1.2985 | val_loss=1.3444 | val_acc=0.5170 | best_val=1.2978@14 | bad=4/10 | lr=1.00e-03 | dt=11.2s
2025-10-03 08:34:11 - INFO - [epoch 19/50] train_loss=1.2932 | val_loss=1.2810 | val_acc=0.5452 | best_val=1.2810@19 | bad=0/10 | lr=1.00e-03 | dt=11.2s
2025-10-03 08:34:22 - INFO - [epoch 20/50] train_loss=1.2901 | val_loss=1.2751 | val_acc=0.5428 | best_val=1.2751@20 | bad=0/10 | lr=1.00e-03 | dt=11.1s
2025-10-03 08:34:33 - INFO - [epoch 21/50] train_loss=1.2802 | val_loss=1.2450 | val_acc=0.5594 | best_val=1.2450@21 | bad=0/10 | lr=1.00e-03 | dt=11.1s
2025-10-03 08:34:44 - INFO - [epoch 22/50] train_loss=1.2736 | val_loss=1.2744 | val_acc=0.5502 | best_val=1.2450@21 | bad=1/10 | lr=1.00e-03 | dt=11.2s
2025-10-03 08:34:56 - INFO - [epoch 23/50] train_loss=1.2715 | val_loss=1.2671 | val_acc=0.5488 | best_val=1.2450@21 | bad=2/10 | lr=1.00e-03 | dt=12.0s
2025-10-03 08:35:08 - INFO - [epoch 24/50] train_loss=1.2676 | val_loss=1.2644 | val_acc=0.5510 | best_val=1.2450@21 | bad=3/10 | lr=1.00e-03 | dt=12.1s
2025-10-03 08:35:20 - INFO - [epoch 25/50] train_loss=1.2639 | val_loss=1.2650 | val_acc=0.5576 | best_val=1.2450@21 | bad=4/10 | lr=1.00e-03 | dt=11.8s
2025-10-03 08:35:32 - INFO - [epoch 26/50] train_loss=1.2629 | val_loss=1.2702 | val_acc=0.5472 | best_val=1.2450@21 | bad=5/10 | lr=1.00e-03 | dt=11.8s
2025-10-03 08:35:44 - INFO - [epoch 27/50] train_loss=1.2515 | val_loss=1.2451 | val_acc=0.5654 | best_val=1.2450@21 | bad=6/10 | lr=1.00e-03 | dt=11.9s
2025-10-03 08:35:56 - INFO - [epoch 28/50] train_loss=1.2545 | val_loss=1.2447 | val_acc=0.5616 | best_val=1.2447@28 | bad=0/10 | lr=1.00e-03 | dt=12.3s
2025-10-03 08:36:08 - INFO - [epoch 29/50] train_loss=1.2499 | val_loss=1.2259 | val_acc=0.5656 | best_val=1.2259@29 | bad=0/10 | lr=1.00e-03 | dt=12.2s
2025-10-03 08:36:21 - INFO - [epoch 30/50] train_loss=1.2487 | val_loss=1.2470 | val_acc=0.5528 | best_val=1.2259@29 | bad=1/10 | lr=1.00e-03 | dt=12.8s
2025-10-03 08:36:35 - INFO - [epoch 31/50] train_loss=1.2496 | val_loss=1.2155 | val_acc=0.5712 | best_val=1.2155@31 | bad=0/10 | lr=1.00e-03 | dt=13.8s
2025-10-03 08:36:47 - INFO - [epoch 32/50] train_loss=1.2405 | val_loss=1.2314 | val_acc=0.5678 | best_val=1.2155@31 | bad=1/10 | lr=1.00e-03 | dt=12.2s
2025-10-03 08:37:00 - INFO - [epoch 33/50] train_loss=1.2354 | val_loss=1.2139 | val_acc=0.5698 | best_val=1.2139@33 | bad=0/10 | lr=1.00e-03 | dt=12.5s
2025-10-03 08:37:12 - INFO - [epoch 34/50] train_loss=1.2395 | val_loss=1.2205 | val_acc=0.5694 | best_val=1.2139@33 | bad=1/10 | lr=1.00e-03 | dt=12.3s
2025-10-03 08:37:24 - INFO - [epoch 35/50] train_loss=1.2328 | val_loss=1.2412 | val_acc=0.5628 | best_val=1.2139@33 | bad=2/10 | lr=1.00e-03 | dt=11.8s
2025-10-03 08:37:35 - INFO - [epoch 36/50] train_loss=1.2335 | val_loss=1.2102 | val_acc=0.5690 | best_val=1.2102@36 | bad=0/10 | lr=1.00e-03 | dt=11.2s
2025-10-03 08:37:47 - INFO - [epoch 37/50] train_loss=1.2322 | val_loss=1.2483 | val_acc=0.5644 | best_val=1.2102@36 | bad=1/10 | lr=1.00e-03 | dt=12.3s
2025-10-03 08:37:59 - INFO - [epoch 38/50] train_loss=1.2266 | val_loss=1.2284 | val_acc=0.5718 | best_val=1.2102@36 | bad=2/10 | lr=1.00e-03 | dt=11.9s
2025-10-03 08:38:11 - INFO - [epoch 39/50] train_loss=1.2254 | val_loss=1.2153 | val_acc=0.5698 | best_val=1.2102@36 | bad=3/10 | lr=1.00e-03 | dt=11.6s
2025-10-03 08:38:23 - INFO - [epoch 40/50] train_loss=1.2274 | val_loss=1.2516 | val_acc=0.5522 | best_val=1.2102@36 | bad=4/10 | lr=1.00e-03 | dt=11.9s
2025-10-03 08:38:34 - INFO - [epoch 41/50] train_loss=1.2244 | val_loss=1.2282 | val_acc=0.5690 | best_val=1.2102@36 | bad=5/10 | lr=1.00e-03 | dt=11.4s
2025-10-03 08:38:47 - INFO - [epoch 42/50] train_loss=1.2224 | val_loss=1.2011 | val_acc=0.5838 | best_val=1.2011@42 | bad=0/10 | lr=1.00e-03 | dt=12.7s
2025-10-03 08:38:59 - INFO - [epoch 43/50] train_loss=1.2213 | val_loss=1.1848 | val_acc=0.5726 | best_val=1.1848@43 | bad=0/10 | lr=1.00e-03 | dt=12.2s
2025-10-03 08:39:10 - INFO - [epoch 44/50] train_loss=1.2134 | val_loss=1.2041 | val_acc=0.5662 | best_val=1.1848@43 | bad=1/10 | lr=1.00e-03 | dt=11.7s
2025-10-03 08:39:22 - INFO - [epoch 45/50] train_loss=1.2191 | val_loss=1.2715 | val_acc=0.5574 | best_val=1.1848@43 | bad=2/10 | lr=1.00e-03 | dt=11.3s
2025-10-03 08:39:33 - INFO - [epoch 46/50] train_loss=1.2152 | val_loss=1.1884 | val_acc=0.5770 | best_val=1.1848@43 | bad=3/10 | lr=1.00e-03 | dt=11.3s
2025-10-03 08:39:45 - INFO - [epoch 47/50] train_loss=1.2123 | val_loss=1.2324 | val_acc=0.5638 | best_val=1.1848@43 | bad=4/10 | lr=1.00e-03 | dt=12.3s
2025-10-03 08:39:57 - INFO - [epoch 48/50] train_loss=1.2122 | val_loss=1.1680 | val_acc=0.5842 | best_val=1.1680@48 | bad=0/10 | lr=1.00e-03 | dt=11.5s
2025-10-03 08:40:08 - INFO - [epoch 49/50] train_loss=1.2134 | val_loss=1.1791 | val_acc=0.5830 | best_val=1.1680@48 | bad=1/10 | lr=1.00e-03 | dt=11.3s
2025-10-03 08:40:20 - INFO - [epoch 50/50] train_loss=1.2088 | val_loss=1.1972 | val_acc=0.5788 | best_val=1.1680@48 | bad=2/10 | lr=1.00e-03 | dt=11.6s
2025-10-03 08:40:20 - INFO - Run finished in 575.4s | best_val_loss=1.1680 @epoch 48 | best_val_acc=0.5842
2025-10-03 08:40:22 - INFO - Test: loss=1.2029 acc=0.5713
2025-10-03 08:40:22 - INFO - ======== [End Run 1/200] width=10 depth=3 | best_val=1.1680 | test_acc=0.5713 ========

2025-10-03 08:40:22 - INFO - ======== [Run 2/200] width=20 depth=3 ========
2025-10-03 08:40:22 - INFO - Device=cuda | dataset=cifar10 | batch=64 | max_epochs=50 | patience=10 | lr=1.00e-03 | wd=1.0e-04
2025-10-03 08:40:22 - INFO - Model params=8070 | neurons=80 | pooling=[1, 3]
2025-10-03 08:40:33 - INFO - [epoch 1/50] train_loss=1.8149 | val_loss=1.7056 | val_acc=0.3542 | best_val=1.7056@1 | bad=0/10 | lr=1.00e-03 | dt=10.7s
2025-10-03 08:40:44 - INFO - [epoch 2/50] train_loss=1.5375 | val_loss=1.4948 | val_acc=0.4416 | best_val=1.4948@2 | bad=0/10 | lr=1.00e-03 | dt=11.2s
2025-10-03 08:40:55 - INFO - [epoch 3/50] train_loss=1.4226 | val_loss=1.4202 | val_acc=0.4748 | best_val=1.4202@3 | bad=0/10 | lr=1.00e-03 | dt=11.2s
2025-10-03 08:41:07 - INFO - [epoch 4/50] train_loss=1.3555 | val_loss=1.2871 | val_acc=0.5178 | best_val=1.2871@4 | bad=0/10 | lr=1.00e-03 | dt=11.6s
2025-10-03 08:41:18 - INFO - [epoch 5/50] train_loss=1.3027 | val_loss=1.2693 | val_acc=0.5366 | best_val=1.2693@5 | bad=0/10 | lr=1.00e-03 | dt=11.6s
2025-10-03 08:41:30 - INFO - [epoch 6/50] train_loss=1.2581 | val_loss=1.2383 | val_acc=0.5492 | best_val=1.2383@6 | bad=0/10 | lr=1.00e-03 | dt=12.0s
2025-10-03 08:41:41 - INFO - [epoch 7/50] train_loss=1.2264 | val_loss=1.2246 | val_acc=0.5574 | best_val=1.2246@7 | bad=0/10 | lr=1.00e-03 | dt=11.0s
2025-10-03 08:41:52 - INFO - [epoch 8/50] train_loss=1.2037 | val_loss=1.3749 | val_acc=0.5130 | best_val=1.2246@7 | bad=1/10 | lr=1.00e-03 | dt=10.7s
2025-10-03 08:42:03 - INFO - [epoch 9/50] train_loss=1.1821 | val_loss=1.2282 | val_acc=0.5676 | best_val=1.2246@7 | bad=2/10 | lr=1.00e-03 | dt=10.9s
2025-10-03 08:42:14 - INFO - [epoch 10/50] train_loss=1.1659 | val_loss=1.1888 | val_acc=0.5780 | best_val=1.1888@10 | bad=0/10 | lr=1.00e-03 | dt=11.3s
2025-10-03 08:42:26 - INFO - [epoch 11/50] train_loss=1.1498 | val_loss=1.2035 | val_acc=0.5712 | best_val=1.1888@10 | bad=1/10 | lr=1.00e-03 | dt=11.5s
2025-10-03 08:42:38 - INFO - [epoch 12/50] train_loss=1.1365 | val_loss=1.1474 | val_acc=0.5832 | best_val=1.1474@12 | bad=0/10 | lr=1.00e-03 | dt=12.6s
2025-10-03 08:42:50 - INFO - [epoch 13/50] train_loss=1.1184 | val_loss=1.0883 | val_acc=0.6102 | best_val=1.0883@13 | bad=0/10 | lr=1.00e-03 | dt=11.3s
2025-10-03 08:43:01 - INFO - [epoch 14/50] train_loss=1.1133 | val_loss=1.1323 | val_acc=0.5988 | best_val=1.0883@13 | bad=1/10 | lr=1.00e-03 | dt=11.3s
2025-10-03 08:43:12 - INFO - [epoch 15/50] train_loss=1.1034 | val_loss=1.1611 | val_acc=0.5822 | best_val=1.0883@13 | bad=2/10 | lr=1.00e-03 | dt=11.1s
2025-10-03 08:43:23 - INFO - [epoch 16/50] train_loss=1.0889 | val_loss=1.0620 | val_acc=0.6204 | best_val=1.0620@16 | bad=0/10 | lr=1.00e-03 | dt=11.2s
2025-10-03 08:43:35 - INFO - [epoch 17/50] train_loss=1.0832 | val_loss=1.0798 | val_acc=0.6180 | best_val=1.0620@16 | bad=1/10 | lr=1.00e-03 | dt=11.6s
2025-10-03 08:43:46 - INFO - [epoch 18/50] train_loss=1.0731 | val_loss=1.0804 | val_acc=0.6100 | best_val=1.0620@16 | bad=2/10 | lr=1.00e-03 | dt=11.2s
2025-10-03 08:43:57 - INFO - [epoch 19/50] train_loss=1.0663 | val_loss=1.0535 | val_acc=0.6340 | best_val=1.0535@19 | bad=0/10 | lr=1.00e-03 | dt=11.0s
2025-10-03 08:44:09 - INFO - [epoch 20/50] train_loss=1.0619 | val_loss=1.1344 | val_acc=0.5992 | best_val=1.0535@19 | bad=1/10 | lr=1.00e-03 | dt=11.4s
2025-10-03 08:44:19 - INFO - [epoch 21/50] train_loss=1.0544 | val_loss=1.0267 | val_acc=0.6370 | best_val=1.0267@21 | bad=0/10 | lr=1.00e-03 | dt=10.8s
2025-10-03 08:44:31 - INFO - [epoch 22/50] train_loss=1.0484 | val_loss=1.1326 | val_acc=0.6018 | best_val=1.0267@21 | bad=1/10 | lr=1.00e-03 | dt=11.1s
2025-10-03 08:44:41 - INFO - [epoch 23/50] train_loss=1.0425 | val_loss=1.1672 | val_acc=0.5942 | best_val=1.0267@21 | bad=2/10 | lr=1.00e-03 | dt=10.6s
2025-10-03 08:44:52 - INFO - [epoch 24/50] train_loss=1.0374 | val_loss=1.0522 | val_acc=0.6264 | best_val=1.0267@21 | bad=3/10 | lr=1.00e-03 | dt=10.7s
2025-10-03 08:45:03 - INFO - [epoch 25/50] train_loss=1.0293 | val_loss=1.0217 | val_acc=0.6478 | best_val=1.0217@25 | bad=0/10 | lr=1.00e-03 | dt=11.5s
2025-10-03 08:45:14 - INFO - [epoch 26/50] train_loss=1.0310 | val_loss=1.0634 | val_acc=0.6250 | best_val=1.0217@25 | bad=1/10 | lr=1.00e-03 | dt=11.1s
2025-10-03 08:45:26 - INFO - [epoch 27/50] train_loss=1.0251 | val_loss=1.0358 | val_acc=0.6402 | best_val=1.0217@25 | bad=2/10 | lr=1.00e-03 | dt=11.4s
2025-10-03 08:45:37 - INFO - [epoch 28/50] train_loss=1.0174 | val_loss=1.0346 | val_acc=0.6406 | best_val=1.0217@25 | bad=3/10 | lr=1.00e-03 | dt=11.5s
2025-10-03 08:45:48 - INFO - [epoch 29/50] train_loss=1.0122 | val_loss=1.0102 | val_acc=0.6472 | best_val=1.0102@29 | bad=0/10 | lr=1.00e-03 | dt=11.1s
2025-10-03 08:45:59 - INFO - [epoch 30/50] train_loss=1.0113 | val_loss=1.0391 | val_acc=0.6394 | best_val=1.0102@29 | bad=1/10 | lr=1.00e-03 | dt=10.9s
2025-10-03 08:46:10 - INFO - [epoch 31/50] train_loss=1.0044 | val_loss=1.0036 | val_acc=0.6480 | best_val=1.0036@31 | bad=0/10 | lr=1.00e-03 | dt=11.2s
2025-10-03 08:46:22 - INFO - [epoch 32/50] train_loss=1.0041 | val_loss=0.9753 | val_acc=0.6624 | best_val=0.9753@32 | bad=0/10 | lr=1.00e-03 | dt=11.2s
2025-10-03 08:46:34 - INFO - [epoch 33/50] train_loss=0.9971 | val_loss=0.9814 | val_acc=0.6638 | best_val=0.9753@32 | bad=1/10 | lr=1.00e-03 | dt=12.8s
2025-10-03 08:46:46 - INFO - [epoch 34/50] train_loss=0.9941 | val_loss=0.9705 | val_acc=0.6646 | best_val=0.9705@34 | bad=0/10 | lr=1.00e-03 | dt=11.2s
2025-10-03 08:46:57 - INFO - [epoch 35/50] train_loss=0.9953 | val_loss=1.0008 | val_acc=0.6512 | best_val=0.9705@34 | bad=1/10 | lr=1.00e-03 | dt=11.4s
2025-10-03 08:47:08 - INFO - [epoch 36/50] train_loss=0.9863 | val_loss=0.9945 | val_acc=0.6498 | best_val=0.9705@34 | bad=2/10 | lr=1.00e-03 | dt=11.2s
2025-10-03 08:47:20 - INFO - [epoch 37/50] train_loss=0.9889 | val_loss=0.9935 | val_acc=0.6402 | best_val=0.9705@34 | bad=3/10 | lr=1.00e-03 | dt=11.2s
2025-10-03 08:47:28 - INFO - [epoch 38/50] train_loss=0.9777 | val_loss=1.0666 | val_acc=0.6278 | best_val=0.9705@34 | bad=4/10 | lr=1.00e-03 | dt=8.8s
2025-10-03 08:47:38 - INFO - [epoch 39/50] train_loss=0.9802 | val_loss=0.9777 | val_acc=0.6524 | best_val=0.9705@34 | bad=5/10 | lr=1.00e-03 | dt=10.0s
2025-10-03 08:47:49 - INFO - [epoch 40/50] train_loss=0.9788 | val_loss=0.9603 | val_acc=0.6604 | best_val=0.9603@40 | bad=0/10 | lr=1.00e-03 | dt=10.8s
2025-10-03 08:48:00 - INFO - [epoch 41/50] train_loss=0.9741 | val_loss=0.9749 | val_acc=0.6624 | best_val=0.9603@40 | bad=1/10 | lr=1.00e-03 | dt=10.7s
2025-10-03 08:48:11 - INFO - [epoch 42/50] train_loss=0.9677 | val_loss=1.0320 | val_acc=0.6424 | best_val=0.9603@40 | bad=2/10 | lr=1.00e-03 | dt=10.7s
2025-10-03 08:48:21 - INFO - [epoch 43/50] train_loss=0.9695 | val_loss=0.9633 | val_acc=0.6608 | best_val=0.9603@40 | bad=3/10 | lr=1.00e-03 | dt=10.7s
2025-10-03 08:48:33 - INFO - [epoch 44/50] train_loss=0.9662 | val_loss=0.9550 | val_acc=0.6652 | best_val=0.9550@44 | bad=0/10 | lr=1.00e-03 | dt=11.4s
2025-10-03 08:48:43 - INFO - [epoch 45/50] train_loss=0.9649 | val_loss=0.9874 | val_acc=0.6550 | best_val=0.9550@44 | bad=1/10 | lr=1.00e-03 | dt=10.7s
2025-10-03 08:48:58 - INFO - [epoch 46/50] train_loss=0.9562 | val_loss=0.9706 | val_acc=0.6556 | best_val=0.9550@44 | bad=2/10 | lr=1.00e-03 | dt=14.9s
2025-10-03 08:49:10 - INFO - [epoch 47/50] train_loss=0.9603 | val_loss=0.9761 | val_acc=0.6644 | best_val=0.9550@44 | bad=3/10 | lr=1.00e-03 | dt=11.4s
2025-10-03 08:49:22 - INFO - [epoch 48/50] train_loss=0.9594 | val_loss=0.9706 | val_acc=0.6630 | best_val=0.9550@44 | bad=4/10 | lr=1.00e-03 | dt=12.6s
2025-10-03 08:49:33 - INFO - [epoch 49/50] train_loss=0.9508 | val_loss=1.0390 | val_acc=0.6408 | best_val=0.9550@44 | bad=5/10 | lr=1.00e-03 | dt=11.2s
2025-10-03 08:49:44 - INFO - [epoch 50/50] train_loss=0.9499 | val_loss=0.9918 | val_acc=0.6494 | best_val=0.9550@44 | bad=6/10 | lr=1.00e-03 | dt=10.6s
2025-10-03 08:49:44 - INFO - Run finished in 562.2s | best_val_loss=0.9550 @epoch 44 | best_val_acc=0.6652
2025-10-03 08:49:46 - INFO - Test: loss=0.9979 acc=0.6492
2025-10-03 08:49:46 - INFO - ======== [End Run 2/200] width=20 depth=3 | best_val=0.9550 | test_acc=0.6492 ========

2025-10-03 08:49:46 - INFO - ======== [Run 3/200] width=30 depth=3 ========
2025-10-03 08:49:46 - INFO - Device=cuda | dataset=cifar10 | batch=64 | max_epochs=50 | patience=10 | lr=1.00e-03 | wd=1.0e-04
2025-10-03 08:49:46 - INFO - Model params=17500 | neurons=120 | pooling=[1, 3]
2025-10-03 08:49:58 - INFO - [epoch 1/50] train_loss=1.7535 | val_loss=1.5459 | val_acc=0.4076 | best_val=1.5459@1 | bad=0/10 | lr=1.00e-03 | dt=12.1s
2025-10-03 08:50:09 - INFO - [epoch 2/50] train_loss=1.4543 | val_loss=1.5032 | val_acc=0.4602 | best_val=1.5032@2 | bad=0/10 | lr=1.00e-03 | dt=10.9s
2025-10-03 08:50:20 - INFO - [epoch 3/50] train_loss=1.3343 | val_loss=1.2891 | val_acc=0.5224 | best_val=1.2891@3 | bad=0/10 | lr=1.00e-03 | dt=10.6s
2025-10-03 08:50:30 - INFO - [epoch 4/50] train_loss=1.2483 | val_loss=1.2142 | val_acc=0.5550 | best_val=1.2142@4 | bad=0/10 | lr=1.00e-03 | dt=10.7s
2025-10-03 08:50:41 - INFO - [epoch 5/50] train_loss=1.1947 | val_loss=1.1730 | val_acc=0.5796 | best_val=1.1730@5 | bad=0/10 | lr=1.00e-03 | dt=10.8s
2025-10-03 08:50:52 - INFO - [epoch 6/50] train_loss=1.1599 | val_loss=1.1601 | val_acc=0.5856 | best_val=1.1601@6 | bad=0/10 | lr=1.00e-03 | dt=11.2s
2025-10-03 08:51:03 - INFO - [epoch 7/50] train_loss=1.1264 | val_loss=1.1653 | val_acc=0.5774 | best_val=1.1601@6 | bad=1/10 | lr=1.00e-03 | dt=11.1s
2025-10-03 08:51:14 - INFO - [epoch 8/50] train_loss=1.0974 | val_loss=1.0841 | val_acc=0.6118 | best_val=1.0841@8 | bad=0/10 | lr=1.00e-03 | dt=10.8s
2025-10-03 08:51:25 - INFO - [epoch 9/50] train_loss=1.0843 | val_loss=1.1188 | val_acc=0.5954 | best_val=1.0841@8 | bad=1/10 | lr=1.00e-03 | dt=10.9s
2025-10-03 08:51:36 - INFO - [epoch 10/50] train_loss=1.0646 | val_loss=1.1232 | val_acc=0.6062 | best_val=1.0841@8 | bad=2/10 | lr=1.00e-03 | dt=10.8s
2025-10-03 08:51:47 - INFO - [epoch 11/50] train_loss=1.0438 | val_loss=1.1229 | val_acc=0.6134 | best_val=1.0841@8 | bad=3/10 | lr=1.00e-03 | dt=11.0s
2025-10-03 08:51:58 - INFO - [epoch 12/50] train_loss=1.0373 | val_loss=1.0236 | val_acc=0.6360 | best_val=1.0236@12 | bad=0/10 | lr=1.00e-03 | dt=11.1s
2025-10-03 08:52:09 - INFO - [epoch 13/50] train_loss=1.0234 | val_loss=1.0331 | val_acc=0.6256 | best_val=1.0236@12 | bad=1/10 | lr=1.00e-03 | dt=11.0s
2025-10-03 08:52:20 - INFO - [epoch 14/50] train_loss=1.0094 | val_loss=0.9932 | val_acc=0.6454 | best_val=0.9932@14 | bad=0/10 | lr=1.00e-03 | dt=10.7s
2025-10-03 08:52:30 - INFO - [epoch 15/50] train_loss=0.9970 | val_loss=1.0792 | val_acc=0.6314 | best_val=0.9932@14 | bad=1/10 | lr=1.00e-03 | dt=10.8s
2025-10-03 08:52:41 - INFO - [epoch 16/50] train_loss=0.9827 | val_loss=1.0476 | val_acc=0.6280 | best_val=0.9932@14 | bad=2/10 | lr=1.00e-03 | dt=10.8s
2025-10-03 08:52:52 - INFO - [epoch 17/50] train_loss=0.9760 | val_loss=0.9859 | val_acc=0.6502 | best_val=0.9859@17 | bad=0/10 | lr=1.00e-03 | dt=10.8s
2025-10-03 08:53:03 - INFO - [epoch 18/50] train_loss=0.9639 | val_loss=0.9889 | val_acc=0.6512 | best_val=0.9859@17 | bad=1/10 | lr=1.00e-03 | dt=11.1s
2025-10-03 08:53:14 - INFO - [epoch 19/50] train_loss=0.9553 | val_loss=0.9817 | val_acc=0.6518 | best_val=0.9817@19 | bad=0/10 | lr=1.00e-03 | dt=10.9s
2025-10-03 08:53:25 - INFO - [epoch 20/50] train_loss=0.9482 | val_loss=0.9750 | val_acc=0.6550 | best_val=0.9750@20 | bad=0/10 | lr=1.00e-03 | dt=10.9s
2025-10-03 08:53:36 - INFO - [epoch 21/50] train_loss=0.9325 | val_loss=0.9462 | val_acc=0.6674 | best_val=0.9462@21 | bad=0/10 | lr=1.00e-03 | dt=10.6s
2025-10-03 08:53:46 - INFO - [epoch 22/50] train_loss=0.9270 | val_loss=0.9751 | val_acc=0.6634 | best_val=0.9462@21 | bad=1/10 | lr=1.00e-03 | dt=10.7s
2025-10-03 08:53:57 - INFO - [epoch 23/50] train_loss=0.9148 | val_loss=0.9541 | val_acc=0.6676 | best_val=0.9462@21 | bad=2/10 | lr=1.00e-03 | dt=11.1s
2025-10-03 08:54:08 - INFO - [epoch 24/50] train_loss=0.9100 | val_loss=0.9564 | val_acc=0.6638 | best_val=0.9462@21 | bad=3/10 | lr=1.00e-03 | dt=10.8s
2025-10-03 08:54:19 - INFO - [epoch 25/50] train_loss=0.9007 | val_loss=0.9914 | val_acc=0.6482 | best_val=0.9462@21 | bad=4/10 | lr=1.00e-03 | dt=10.8s
2025-10-03 08:54:30 - INFO - [epoch 26/50] train_loss=0.8975 | val_loss=0.9688 | val_acc=0.6658 | best_val=0.9462@21 | bad=5/10 | lr=1.00e-03 | dt=10.8s
2025-10-03 08:54:41 - INFO - [epoch 27/50] train_loss=0.8947 | val_loss=0.9677 | val_acc=0.6632 | best_val=0.9462@21 | bad=6/10 | lr=1.00e-03 | dt=10.8s
2025-10-03 08:54:52 - INFO - [epoch 28/50] train_loss=0.8809 | val_loss=0.8902 | val_acc=0.6890 | best_val=0.8902@28 | bad=0/10 | lr=1.00e-03 | dt=11.1s
2025-10-03 08:55:03 - INFO - [epoch 29/50] train_loss=0.8766 | val_loss=0.9767 | val_acc=0.6530 | best_val=0.8902@28 | bad=1/10 | lr=1.00e-03 | dt=11.3s
2025-10-03 08:55:14 - INFO - [epoch 30/50] train_loss=0.8746 | val_loss=0.9039 | val_acc=0.6860 | best_val=0.8902@28 | bad=2/10 | lr=1.00e-03 | dt=10.7s
2025-10-03 08:55:24 - INFO - [epoch 31/50] train_loss=0.8683 | val_loss=0.9601 | val_acc=0.6610 | best_val=0.8902@28 | bad=3/10 | lr=1.00e-03 | dt=10.8s
2025-10-03 08:55:35 - INFO - [epoch 32/50] train_loss=0.8597 | val_loss=0.9886 | val_acc=0.6576 | best_val=0.8902@28 | bad=4/10 | lr=1.00e-03 | dt=10.8s
2025-10-03 08:55:46 - INFO - [epoch 33/50] train_loss=0.8531 | val_loss=0.9268 | val_acc=0.6860 | best_val=0.8902@28 | bad=5/10 | lr=1.00e-03 | dt=10.7s
2025-10-03 08:55:57 - INFO - [epoch 34/50] train_loss=0.8512 | val_loss=0.8825 | val_acc=0.6936 | best_val=0.8825@34 | bad=0/10 | lr=1.00e-03 | dt=11.3s
2025-10-03 08:56:08 - INFO - [epoch 35/50] train_loss=0.8442 | val_loss=0.9354 | val_acc=0.6668 | best_val=0.8825@34 | bad=1/10 | lr=1.00e-03 | dt=10.8s
2025-10-03 08:56:20 - INFO - [epoch 36/50] train_loss=0.8393 | val_loss=0.8640 | val_acc=0.6970 | best_val=0.8640@36 | bad=0/10 | lr=1.00e-03 | dt=11.5s
2025-10-03 08:56:30 - INFO - [epoch 37/50] train_loss=0.8418 | val_loss=0.8477 | val_acc=0.7104 | best_val=0.8477@37 | bad=0/10 | lr=1.00e-03 | dt=10.8s
2025-10-03 08:56:41 - INFO - [epoch 38/50] train_loss=0.8317 | val_loss=0.8883 | val_acc=0.6938 | best_val=0.8477@37 | bad=1/10 | lr=1.00e-03 | dt=10.9s
2025-10-03 08:56:52 - INFO - [epoch 39/50] train_loss=0.8300 | val_loss=0.9356 | val_acc=0.6730 | best_val=0.8477@37 | bad=2/10 | lr=1.00e-03 | dt=11.0s
2025-10-03 08:57:04 - INFO - [epoch 40/50] train_loss=0.8269 | val_loss=0.9650 | val_acc=0.6618 | best_val=0.8477@37 | bad=3/10 | lr=1.00e-03 | dt=11.3s
2025-10-03 08:57:14 - INFO - [epoch 41/50] train_loss=0.8234 | val_loss=0.9380 | val_acc=0.6808 | best_val=0.8477@37 | bad=4/10 | lr=1.00e-03 | dt=10.8s
2025-10-03 08:57:25 - INFO - [epoch 42/50] train_loss=0.8161 | val_loss=0.9011 | val_acc=0.6816 | best_val=0.8477@37 | bad=5/10 | lr=1.00e-03 | dt=10.8s
2025-10-03 08:57:36 - INFO - [epoch 43/50] train_loss=0.8123 | val_loss=1.0758 | val_acc=0.6418 | best_val=0.8477@37 | bad=6/10 | lr=1.00e-03 | dt=10.9s
2025-10-03 08:57:47 - INFO - [epoch 44/50] train_loss=0.8148 | val_loss=0.8504 | val_acc=0.6994 | best_val=0.8477@37 | bad=7/10 | lr=1.00e-03 | dt=10.9s
2025-10-03 08:57:59 - INFO - [epoch 45/50] train_loss=0.8068 | val_loss=0.8744 | val_acc=0.6996 | best_val=0.8477@37 | bad=8/10 | lr=1.00e-03 | dt=11.9s
2025-10-03 08:58:11 - INFO - [epoch 46/50] train_loss=0.8047 | val_loss=0.9008 | val_acc=0.6958 | best_val=0.8477@37 | bad=9/10 | lr=1.00e-03 | dt=12.4s
2025-10-03 08:58:24 - INFO - [epoch 47/50] train_loss=0.8013 | val_loss=0.8424 | val_acc=0.7020 | best_val=0.8424@47 | bad=0/10 | lr=1.00e-03 | dt=12.9s
2025-10-03 08:58:35 - INFO - [epoch 48/50] train_loss=0.7982 | val_loss=0.8397 | val_acc=0.7014 | best_val=0.8397@48 | bad=0/10 | lr=1.00e-03 | dt=11.0s
2025-10-03 08:58:46 - INFO - [epoch 49/50] train_loss=0.7973 | val_loss=0.9230 | val_acc=0.6878 | best_val=0.8397@48 | bad=1/10 | lr=1.00e-03 | dt=10.5s
2025-10-03 08:58:57 - INFO - [epoch 50/50] train_loss=0.7952 | val_loss=0.8332 | val_acc=0.7016 | best_val=0.8332@50 | bad=0/10 | lr=1.00e-03 | dt=11.4s
2025-10-03 08:58:57 - INFO - Run finished in 551.5s | best_val_loss=0.8332 @epoch 50 | best_val_acc=0.7104
2025-10-03 08:58:59 - INFO - Test: loss=0.8429 acc=0.7091
2025-10-03 08:58:59 - INFO - ======== [End Run 3/200] width=30 depth=3 | best_val=0.8332 | test_acc=0.7091 ========

2025-10-03 08:58:59 - INFO - ======== [Run 4/200] width=40 depth=3 ========
2025-10-03 08:58:59 - INFO - Device=cuda | dataset=cifar10 | batch=64 | max_epochs=50 | patience=10 | lr=1.00e-03 | wd=1.0e-04
2025-10-03 08:58:59 - INFO - Model params=30530 | neurons=160 | pooling=[1, 3]
2025-10-03 08:59:13 - INFO - [epoch 1/50] train_loss=1.7063 | val_loss=1.4762 | val_acc=0.4502 | best_val=1.4762@1 | bad=0/10 | lr=1.00e-03 | dt=13.6s
2025-10-03 08:59:25 - INFO - [epoch 2/50] train_loss=1.3885 | val_loss=1.3457 | val_acc=0.5170 | best_val=1.3457@2 | bad=0/10 | lr=1.00e-03 | dt=12.8s
2025-10-03 08:59:37 - INFO - [epoch 3/50] train_loss=1.2599 | val_loss=1.2457 | val_acc=0.5524 | best_val=1.2457@3 | bad=0/10 | lr=1.00e-03 | dt=11.9s
2025-10-03 08:59:48 - INFO - [epoch 4/50] train_loss=1.1870 | val_loss=1.3916 | val_acc=0.5178 | best_val=1.2457@3 | bad=1/10 | lr=1.00e-03 | dt=10.9s
2025-10-03 08:59:59 - INFO - [epoch 5/50] train_loss=1.1400 | val_loss=1.2128 | val_acc=0.5610 | best_val=1.2128@5 | bad=0/10 | lr=1.00e-03 | dt=10.9s
2025-10-03 09:00:10 - INFO - [epoch 6/50] train_loss=1.1015 | val_loss=1.2199 | val_acc=0.5598 | best_val=1.2128@5 | bad=1/10 | lr=1.00e-03 | dt=11.2s
2025-10-03 09:00:21 - INFO - [epoch 7/50] train_loss=1.0669 | val_loss=1.1277 | val_acc=0.5936 | best_val=1.1277@7 | bad=0/10 | lr=1.00e-03 | dt=10.9s
2025-10-03 09:00:32 - INFO - [epoch 8/50] train_loss=1.0430 | val_loss=1.1792 | val_acc=0.5784 | best_val=1.1277@7 | bad=1/10 | lr=1.00e-03 | dt=10.9s
2025-10-03 09:00:43 - INFO - [epoch 9/50] train_loss=1.0184 | val_loss=1.1340 | val_acc=0.5968 | best_val=1.1277@7 | bad=2/10 | lr=1.00e-03 | dt=10.8s
2025-10-03 09:00:54 - INFO - [epoch 10/50] train_loss=0.9983 | val_loss=1.0685 | val_acc=0.6190 | best_val=1.0685@10 | bad=0/10 | lr=1.00e-03 | dt=10.8s
2025-10-03 09:01:05 - INFO - [epoch 11/50] train_loss=0.9822 | val_loss=1.0155 | val_acc=0.6362 | best_val=1.0155@11 | bad=0/10 | lr=1.00e-03 | dt=11.2s
2025-10-03 09:01:16 - INFO - [epoch 12/50] train_loss=0.9655 | val_loss=1.1094 | val_acc=0.6108 | best_val=1.0155@11 | bad=1/10 | lr=1.00e-03 | dt=11.0s
2025-10-03 09:01:27 - INFO - [epoch 13/50] train_loss=0.9493 | val_loss=0.9996 | val_acc=0.6398 | best_val=0.9996@13 | bad=0/10 | lr=1.00e-03 | dt=11.0s
2025-10-03 09:01:38 - INFO - [epoch 14/50] train_loss=0.9313 | val_loss=1.0298 | val_acc=0.6464 | best_val=0.9996@13 | bad=1/10 | lr=1.00e-03 | dt=11.0s
2025-10-03 09:01:49 - INFO - [epoch 15/50] train_loss=0.9220 | val_loss=0.9494 | val_acc=0.6614 | best_val=0.9494@15 | bad=0/10 | lr=1.00e-03 | dt=10.7s
2025-10-03 09:02:00 - INFO - [epoch 16/50] train_loss=0.9114 | val_loss=1.1105 | val_acc=0.6180 | best_val=0.9494@15 | bad=1/10 | lr=1.00e-03 | dt=11.0s
2025-10-03 09:02:12 - INFO - [epoch 17/50] train_loss=0.8984 | val_loss=1.0400 | val_acc=0.6446 | best_val=0.9494@15 | bad=2/10 | lr=1.00e-03 | dt=12.4s
2025-10-03 09:02:24 - INFO - [epoch 18/50] train_loss=0.8811 | val_loss=1.0084 | val_acc=0.6426 | best_val=0.9494@15 | bad=3/10 | lr=1.00e-03 | dt=11.4s
2025-10-03 09:02:34 - INFO - [epoch 19/50] train_loss=0.8687 | val_loss=1.0288 | val_acc=0.6450 | best_val=0.9494@15 | bad=4/10 | lr=1.00e-03 | dt=10.9s
2025-10-03 09:02:45 - INFO - [epoch 20/50] train_loss=0.8648 | val_loss=0.9101 | val_acc=0.6826 | best_val=0.9101@20 | bad=0/10 | lr=1.00e-03 | dt=10.9s
2025-10-03 09:02:56 - INFO - [epoch 21/50] train_loss=0.8544 | val_loss=0.9571 | val_acc=0.6692 | best_val=0.9101@20 | bad=1/10 | lr=1.00e-03 | dt=11.1s
2025-10-03 09:03:07 - INFO - [epoch 22/50] train_loss=0.8392 | val_loss=0.8668 | val_acc=0.6930 | best_val=0.8668@22 | bad=0/10 | lr=1.00e-03 | dt=11.1s
2025-10-03 09:03:18 - INFO - [epoch 23/50] train_loss=0.8327 | val_loss=0.8769 | val_acc=0.6936 | best_val=0.8668@22 | bad=1/10 | lr=1.00e-03 | dt=11.0s
2025-10-03 09:03:29 - INFO - [epoch 24/50] train_loss=0.8310 | val_loss=0.9105 | val_acc=0.6830 | best_val=0.8668@22 | bad=2/10 | lr=1.00e-03 | dt=10.9s
2025-10-03 09:03:40 - INFO - [epoch 25/50] train_loss=0.8166 | val_loss=1.0890 | val_acc=0.6422 | best_val=0.8668@22 | bad=3/10 | lr=1.00e-03 | dt=11.0s
2025-10-03 09:03:51 - INFO - [epoch 26/50] train_loss=0.8115 | val_loss=0.9461 | val_acc=0.6730 | best_val=0.8668@22 | bad=4/10 | lr=1.00e-03 | dt=11.0s
2025-10-03 09:04:02 - INFO - [epoch 27/50] train_loss=0.8061 | val_loss=1.0155 | val_acc=0.6604 | best_val=0.8668@22 | bad=5/10 | lr=1.00e-03 | dt=11.0s
2025-10-03 09:04:14 - INFO - [epoch 28/50] train_loss=0.8021 | val_loss=0.8358 | val_acc=0.7090 | best_val=0.8358@28 | bad=0/10 | lr=1.00e-03 | dt=11.2s
2025-10-03 09:04:25 - INFO - [epoch 29/50] train_loss=0.7923 | val_loss=0.8719 | val_acc=0.7070 | best_val=0.8358@28 | bad=1/10 | lr=1.00e-03 | dt=11.0s
2025-10-03 09:04:35 - INFO - [epoch 30/50] train_loss=0.7862 | val_loss=0.9591 | val_acc=0.6662 | best_val=0.8358@28 | bad=2/10 | lr=1.00e-03 | dt=10.8s
2025-10-03 09:04:46 - INFO - [epoch 31/50] train_loss=0.7823 | val_loss=0.8563 | val_acc=0.6962 | best_val=0.8358@28 | bad=3/10 | lr=1.00e-03 | dt=10.9s
2025-10-03 09:04:57 - INFO - [epoch 32/50] train_loss=0.7736 | val_loss=0.8341 | val_acc=0.7112 | best_val=0.8341@32 | bad=0/10 | lr=1.00e-03 | dt=10.9s
2025-10-03 09:05:08 - INFO - [epoch 33/50] train_loss=0.7710 | val_loss=0.8839 | val_acc=0.6934 | best_val=0.8341@32 | bad=1/10 | lr=1.00e-03 | dt=11.2s
2025-10-03 09:05:19 - INFO - [epoch 34/50] train_loss=0.7664 | val_loss=1.0094 | val_acc=0.6742 | best_val=0.8341@32 | bad=2/10 | lr=1.00e-03 | dt=11.0s
2025-10-03 09:05:30 - INFO - [epoch 35/50] train_loss=0.7616 | val_loss=0.8770 | val_acc=0.6960 | best_val=0.8341@32 | bad=3/10 | lr=1.00e-03 | dt=10.9s
2025-10-03 09:05:41 - INFO - [epoch 36/50] train_loss=0.7577 | val_loss=0.9533 | val_acc=0.6790 | best_val=0.8341@32 | bad=4/10 | lr=1.00e-03 | dt=10.9s
2025-10-03 09:05:52 - INFO - [epoch 37/50] train_loss=0.7515 | val_loss=0.9634 | val_acc=0.6678 | best_val=0.8341@32 | bad=5/10 | lr=1.00e-03 | dt=10.9s
2025-10-03 09:06:03 - INFO - [epoch 38/50] train_loss=0.7471 | val_loss=0.7896 | val_acc=0.7250 | best_val=0.7896@38 | bad=0/10 | lr=1.00e-03 | dt=10.9s
2025-10-03 09:06:15 - INFO - [epoch 39/50] train_loss=0.7395 | val_loss=0.8674 | val_acc=0.7038 | best_val=0.7896@38 | bad=1/10 | lr=1.00e-03 | dt=11.5s
2025-10-03 09:06:25 - INFO - [epoch 40/50] train_loss=0.7401 | val_loss=0.7956 | val_acc=0.7178 | best_val=0.7896@38 | bad=2/10 | lr=1.00e-03 | dt=10.9s
2025-10-03 09:06:37 - INFO - [epoch 41/50] train_loss=0.7375 | val_loss=0.7806 | val_acc=0.7292 | best_val=0.7806@41 | bad=0/10 | lr=1.00e-03 | dt=11.2s
2025-10-03 09:06:48 - INFO - [epoch 42/50] train_loss=0.7290 | val_loss=0.8368 | val_acc=0.7082 | best_val=0.7806@41 | bad=1/10 | lr=1.00e-03 | dt=11.1s
2025-10-03 09:06:59 - INFO - [epoch 43/50] train_loss=0.7298 | val_loss=0.7716 | val_acc=0.7364 | best_val=0.7716@43 | bad=0/10 | lr=1.00e-03 | dt=11.4s
2025-10-03 09:07:11 - INFO - [epoch 44/50] train_loss=0.7240 | val_loss=0.9122 | val_acc=0.6928 | best_val=0.7716@43 | bad=1/10 | lr=1.00e-03 | dt=12.2s
2025-10-03 09:07:23 - INFO - [epoch 45/50] train_loss=0.7188 | val_loss=0.9284 | val_acc=0.6868 | best_val=0.7716@43 | bad=2/10 | lr=1.00e-03 | dt=11.1s
2025-10-03 09:07:34 - INFO - [epoch 46/50] train_loss=0.7222 | val_loss=0.7927 | val_acc=0.7238 | best_val=0.7716@43 | bad=3/10 | lr=1.00e-03 | dt=11.0s
2025-10-03 09:07:45 - INFO - [epoch 47/50] train_loss=0.7128 | val_loss=0.8419 | val_acc=0.7098 | best_val=0.7716@43 | bad=4/10 | lr=1.00e-03 | dt=11.2s
2025-10-03 09:07:56 - INFO - [epoch 48/50] train_loss=0.7103 | val_loss=0.7988 | val_acc=0.7198 | best_val=0.7716@43 | bad=5/10 | lr=1.00e-03 | dt=11.1s
2025-10-03 09:08:08 - INFO - [epoch 49/50] train_loss=0.7087 | val_loss=0.8545 | val_acc=0.7106 | best_val=0.7716@43 | bad=6/10 | lr=1.00e-03 | dt=12.2s
2025-10-03 09:08:19 - INFO - [epoch 50/50] train_loss=0.7062 | val_loss=0.8675 | val_acc=0.7204 | best_val=0.7716@43 | bad=7/10 | lr=1.00e-03 | dt=11.3s
2025-10-03 09:08:19 - INFO - Run finished in 560.3s | best_val_loss=0.7716 @epoch 43 | best_val_acc=0.7364
2025-10-03 09:08:21 - INFO - Test: loss=0.8776 acc=0.7116
2025-10-03 09:08:21 - INFO - ======== [End Run 4/200] width=40 depth=3 | best_val=0.7716 | test_acc=0.7116 ========

2025-10-03 09:08:21 - INFO - ======== [Run 5/200] width=50 depth=3 ========
2025-10-03 09:08:21 - INFO - Device=cuda | dataset=cifar10 | batch=64 | max_epochs=50 | patience=10 | lr=1.00e-03 | wd=1.0e-04
2025-10-03 09:08:21 - INFO - Model params=47160 | neurons=200 | pooling=[1, 3]
2025-10-03 09:08:34 - INFO - [epoch 1/50] train_loss=1.6781 | val_loss=1.5123 | val_acc=0.4234 | best_val=1.5123@1 | bad=0/10 | lr=1.00e-03 | dt=12.8s
2025-10-03 09:08:45 - INFO - [epoch 2/50] train_loss=1.3547 | val_loss=1.3454 | val_acc=0.5036 | best_val=1.3454@2 | bad=0/10 | lr=1.00e-03 | dt=10.7s
2025-10-03 09:08:56 - INFO - [epoch 3/50] train_loss=1.2374 | val_loss=1.2168 | val_acc=0.5630 | best_val=1.2168@3 | bad=0/10 | lr=1.00e-03 | dt=11.2s
2025-10-03 09:09:07 - INFO - [epoch 4/50] train_loss=1.1621 | val_loss=1.2381 | val_acc=0.5596 | best_val=1.2168@3 | bad=1/10 | lr=1.00e-03 | dt=11.2s
2025-10-03 09:09:18 - INFO - [epoch 5/50] train_loss=1.1077 | val_loss=1.1871 | val_acc=0.5782 | best_val=1.1871@5 | bad=0/10 | lr=1.00e-03 | dt=10.6s
2025-10-03 09:09:29 - INFO - [epoch 6/50] train_loss=1.0677 | val_loss=1.0531 | val_acc=0.6206 | best_val=1.0531@6 | bad=0/10 | lr=1.00e-03 | dt=11.4s
2025-10-03 09:09:39 - INFO - [epoch 7/50] train_loss=1.0326 | val_loss=1.1697 | val_acc=0.5768 | best_val=1.0531@6 | bad=1/10 | lr=1.00e-03 | dt=10.4s
2025-10-03 09:09:51 - INFO - [epoch 8/50] train_loss=0.9983 | val_loss=1.0855 | val_acc=0.6128 | best_val=1.0531@6 | bad=2/10 | lr=1.00e-03 | dt=11.2s
2025-10-03 09:10:02 - INFO - [epoch 9/50] train_loss=0.9805 | val_loss=1.0989 | val_acc=0.6100 | best_val=1.0531@6 | bad=3/10 | lr=1.00e-03 | dt=11.0s
2025-10-03 09:10:13 - INFO - [epoch 10/50] train_loss=0.9571 | val_loss=1.0305 | val_acc=0.6416 | best_val=1.0305@10 | bad=0/10 | lr=1.00e-03 | dt=11.2s
2025-10-03 09:10:23 - INFO - [epoch 11/50] train_loss=0.9306 | val_loss=0.9905 | val_acc=0.6486 | best_val=0.9905@11 | bad=0/10 | lr=1.00e-03 | dt=10.5s
2025-10-03 09:10:35 - INFO - [epoch 12/50] train_loss=0.9146 | val_loss=0.9632 | val_acc=0.6670 | best_val=0.9632@12 | bad=0/10 | lr=1.00e-03 | dt=11.7s
2025-10-03 09:10:46 - INFO - [epoch 13/50] train_loss=0.8909 | val_loss=0.9513 | val_acc=0.6832 | best_val=0.9513@13 | bad=0/10 | lr=1.00e-03 | dt=10.7s
2025-10-03 09:10:57 - INFO - [epoch 14/50] train_loss=0.8785 | val_loss=1.0011 | val_acc=0.6528 | best_val=0.9513@13 | bad=1/10 | lr=1.00e-03 | dt=10.8s
2025-10-03 09:11:08 - INFO - [epoch 15/50] train_loss=0.8610 | val_loss=0.9907 | val_acc=0.6532 | best_val=0.9513@13 | bad=2/10 | lr=1.00e-03 | dt=11.0s
2025-10-03 09:11:18 - INFO - [epoch 16/50] train_loss=0.8419 | val_loss=0.9234 | val_acc=0.6790 | best_val=0.9234@16 | bad=0/10 | lr=1.00e-03 | dt=10.7s
2025-10-03 09:11:30 - INFO - [epoch 17/50] train_loss=0.8305 | val_loss=0.8930 | val_acc=0.6912 | best_val=0.8930@17 | bad=0/10 | lr=1.00e-03 | dt=11.3s
2025-10-03 09:11:40 - INFO - [epoch 18/50] train_loss=0.8216 | val_loss=0.8720 | val_acc=0.6974 | best_val=0.8720@18 | bad=0/10 | lr=1.00e-03 | dt=10.5s
2025-10-03 09:11:51 - INFO - [epoch 19/50] train_loss=0.8111 | val_loss=0.8800 | val_acc=0.6980 | best_val=0.8720@18 | bad=1/10 | lr=1.00e-03 | dt=10.7s
2025-10-03 09:12:01 - INFO - [epoch 20/50] train_loss=0.7937 | val_loss=0.9613 | val_acc=0.6798 | best_val=0.8720@18 | bad=2/10 | lr=1.00e-03 | dt=10.5s
2025-10-03 09:12:12 - INFO - [epoch 21/50] train_loss=0.7901 | val_loss=0.9352 | val_acc=0.6760 | best_val=0.8720@18 | bad=3/10 | lr=1.00e-03 | dt=10.8s
2025-10-03 09:12:23 - INFO - [epoch 22/50] train_loss=0.7804 | val_loss=0.8138 | val_acc=0.7232 | best_val=0.8138@22 | bad=0/10 | lr=1.00e-03 | dt=10.7s
2025-10-03 09:12:34 - INFO - [epoch 23/50] train_loss=0.7658 | val_loss=0.7923 | val_acc=0.7268 | best_val=0.7923@23 | bad=0/10 | lr=1.00e-03 | dt=11.2s
2025-10-03 09:12:45 - INFO - [epoch 24/50] train_loss=0.7635 | val_loss=0.8232 | val_acc=0.7236 | best_val=0.7923@23 | bad=1/10 | lr=1.00e-03 | dt=10.6s
2025-10-03 09:12:55 - INFO - [epoch 25/50] train_loss=0.7530 | val_loss=0.8397 | val_acc=0.7108 | best_val=0.7923@23 | bad=2/10 | lr=1.00e-03 | dt=10.7s
2025-10-03 09:13:06 - INFO - [epoch 26/50] train_loss=0.7483 | val_loss=0.8442 | val_acc=0.7040 | best_val=0.7923@23 | bad=3/10 | lr=1.00e-03 | dt=10.8s
2025-10-03 09:13:17 - INFO - [epoch 27/50] train_loss=0.7395 | val_loss=0.8535 | val_acc=0.7106 | best_val=0.7923@23 | bad=4/10 | lr=1.00e-03 | dt=10.7s
2025-10-03 09:13:28 - INFO - [epoch 28/50] train_loss=0.7307 | val_loss=0.8589 | val_acc=0.7026 | best_val=0.7923@23 | bad=5/10 | lr=1.00e-03 | dt=10.9s
2025-10-03 09:13:38 - INFO - [epoch 29/50] train_loss=0.7262 | val_loss=0.8858 | val_acc=0.7010 | best_val=0.7923@23 | bad=6/10 | lr=1.00e-03 | dt=10.8s
2025-10-03 09:13:49 - INFO - [epoch 30/50] train_loss=0.7188 | val_loss=0.8499 | val_acc=0.7034 | best_val=0.7923@23 | bad=7/10 | lr=1.00e-03 | dt=10.6s
2025-10-03 09:14:00 - INFO - [epoch 31/50] train_loss=0.7097 | val_loss=0.9389 | val_acc=0.6770 | best_val=0.7923@23 | bad=8/10 | lr=1.00e-03 | dt=10.6s
2025-10-03 09:14:10 - INFO - [epoch 32/50] train_loss=0.7098 | val_loss=0.8099 | val_acc=0.7228 | best_val=0.7923@23 | bad=9/10 | lr=1.00e-03 | dt=10.8s
2025-10-03 09:14:21 - INFO - [epoch 33/50] train_loss=0.7001 | val_loss=0.7164 | val_acc=0.7544 | best_val=0.7164@33 | bad=0/10 | lr=1.00e-03 | dt=10.9s
2025-10-03 09:14:32 - INFO - [epoch 34/50] train_loss=0.6921 | val_loss=0.8057 | val_acc=0.7282 | best_val=0.7164@33 | bad=1/10 | lr=1.00e-03 | dt=10.9s
2025-10-03 09:14:43 - INFO - [epoch 35/50] train_loss=0.6903 | val_loss=0.7656 | val_acc=0.7376 | best_val=0.7164@33 | bad=2/10 | lr=1.00e-03 | dt=10.8s
2025-10-03 09:14:54 - INFO - [epoch 36/50] train_loss=0.6884 | val_loss=0.7760 | val_acc=0.7360 | best_val=0.7164@33 | bad=3/10 | lr=1.00e-03 | dt=10.5s
2025-10-03 09:15:05 - INFO - [epoch 37/50] train_loss=0.6849 | val_loss=0.8547 | val_acc=0.7112 | best_val=0.7164@33 | bad=4/10 | lr=1.00e-03 | dt=11.4s
2025-10-03 09:15:16 - INFO - [epoch 38/50] train_loss=0.6848 | val_loss=0.8030 | val_acc=0.7306 | best_val=0.7164@33 | bad=5/10 | lr=1.00e-03 | dt=10.6s
2025-10-03 09:15:26 - INFO - [epoch 39/50] train_loss=0.6763 | val_loss=0.7409 | val_acc=0.7422 | best_val=0.7164@33 | bad=6/10 | lr=1.00e-03 | dt=10.9s
2025-10-03 09:15:38 - INFO - [epoch 40/50] train_loss=0.6723 | val_loss=0.7254 | val_acc=0.7480 | best_val=0.7164@33 | bad=7/10 | lr=1.00e-03 | dt=11.2s
2025-10-03 09:15:48 - INFO - [epoch 41/50] train_loss=0.6671 | val_loss=0.7996 | val_acc=0.7338 | best_val=0.7164@33 | bad=8/10 | lr=1.00e-03 | dt=10.8s
2025-10-03 09:15:59 - INFO - [epoch 42/50] train_loss=0.6630 | val_loss=0.8388 | val_acc=0.7176 | best_val=0.7164@33 | bad=9/10 | lr=1.00e-03 | dt=10.7s
2025-10-03 09:16:10 - INFO - [epoch 43/50] train_loss=0.6574 | val_loss=0.7170 | val_acc=0.7522 | best_val=0.7164@33 | bad=10/10 | lr=1.00e-03 | dt=10.8s
2025-10-03 09:16:10 - INFO - Early stopping: no improvement for 10 epochs (best=0.7164 @ epoch 33)
2025-10-03 09:16:10 - INFO - Run finished in 469.0s | best_val_loss=0.7164 @epoch 33 | best_val_acc=0.7544
2025-10-03 09:16:11 - INFO - Test: loss=0.7265 acc=0.7527
2025-10-03 09:16:11 - INFO - ======== [End Run 5/200] width=50 depth=3 | best_val=0.7164 | test_acc=0.7527 ========

2025-10-03 09:16:12 - INFO - ======== [Run 6/200] width=60 depth=3 ========
2025-10-03 09:16:12 - INFO - Device=cuda | dataset=cifar10 | batch=64 | max_epochs=50 | patience=10 | lr=1.00e-03 | wd=1.0e-04
2025-10-03 09:16:12 - INFO - Model params=67390 | neurons=240 | pooling=[1, 3]
2025-10-03 09:16:23 - INFO - [epoch 1/50] train_loss=1.6348 | val_loss=1.7571 | val_acc=0.3744 | best_val=1.7571@1 | bad=0/10 | lr=1.00e-03 | dt=11.6s
2025-10-03 09:16:34 - INFO - [epoch 2/50] train_loss=1.3171 | val_loss=1.4605 | val_acc=0.4880 | best_val=1.4605@2 | bad=0/10 | lr=1.00e-03 | dt=11.0s
2025-10-03 09:16:45 - INFO - [epoch 3/50] train_loss=1.1960 | val_loss=1.2240 | val_acc=0.5688 | best_val=1.2240@3 | bad=0/10 | lr=1.00e-03 | dt=11.0s
2025-10-03 09:16:56 - INFO - [epoch 4/50] train_loss=1.1217 | val_loss=1.2841 | val_acc=0.5572 | best_val=1.2240@3 | bad=1/10 | lr=1.00e-03 | dt=10.8s
2025-10-03 09:17:07 - INFO - [epoch 5/50] train_loss=1.0680 | val_loss=1.1500 | val_acc=0.6078 | best_val=1.1500@5 | bad=0/10 | lr=1.00e-03 | dt=11.1s
2025-10-03 09:17:18 - INFO - [epoch 6/50] train_loss=1.0246 | val_loss=1.0658 | val_acc=0.6204 | best_val=1.0658@6 | bad=0/10 | lr=1.00e-03 | dt=11.2s
2025-10-03 09:17:29 - INFO - [epoch 7/50] train_loss=0.9935 | val_loss=1.0878 | val_acc=0.6114 | best_val=1.0658@6 | bad=1/10 | lr=1.00e-03 | dt=11.0s
2025-10-03 09:17:40 - INFO - [epoch 8/50] train_loss=0.9605 | val_loss=1.1311 | val_acc=0.6034 | best_val=1.0658@6 | bad=2/10 | lr=1.00e-03 | dt=10.7s
2025-10-03 09:17:51 - INFO - [epoch 9/50] train_loss=0.9304 | val_loss=1.0642 | val_acc=0.6376 | best_val=1.0642@9 | bad=0/10 | lr=1.00e-03 | dt=11.0s
2025-10-03 09:18:02 - INFO - [epoch 10/50] train_loss=0.9057 | val_loss=0.9971 | val_acc=0.6428 | best_val=0.9971@10 | bad=0/10 | lr=1.00e-03 | dt=11.0s
2025-10-03 09:18:13 - INFO - [epoch 11/50] train_loss=0.8822 | val_loss=1.0168 | val_acc=0.6408 | best_val=0.9971@10 | bad=1/10 | lr=1.00e-03 | dt=10.8s
2025-10-03 09:18:24 - INFO - [epoch 12/50] train_loss=0.8629 | val_loss=0.8817 | val_acc=0.6932 | best_val=0.8817@12 | bad=0/10 | lr=1.00e-03 | dt=11.4s
2025-10-03 09:18:35 - INFO - [epoch 13/50] train_loss=0.8415 | val_loss=0.9521 | val_acc=0.6642 | best_val=0.8817@12 | bad=1/10 | lr=1.00e-03 | dt=10.9s
2025-10-03 09:18:46 - INFO - [epoch 14/50] train_loss=0.8220 | val_loss=1.0718 | val_acc=0.6472 | best_val=0.8817@12 | bad=2/10 | lr=1.00e-03 | dt=10.9s
2025-10-03 09:18:57 - INFO - [epoch 15/50] train_loss=0.8049 | val_loss=0.9076 | val_acc=0.6840 | best_val=0.8817@12 | bad=3/10 | lr=1.00e-03 | dt=11.0s
2025-10-03 09:19:08 - INFO - [epoch 16/50] train_loss=0.7919 | val_loss=0.8993 | val_acc=0.6996 | best_val=0.8817@12 | bad=4/10 | lr=1.00e-03 | dt=10.9s
2025-10-03 09:19:19 - INFO - [epoch 17/50] train_loss=0.7797 | val_loss=0.9825 | val_acc=0.6638 | best_val=0.8817@12 | bad=5/10 | lr=1.00e-03 | dt=11.3s
2025-10-03 09:19:30 - INFO - [epoch 18/50] train_loss=0.7656 | val_loss=0.7936 | val_acc=0.7212 | best_val=0.7936@18 | bad=0/10 | lr=1.00e-03 | dt=10.8s
2025-10-03 09:19:41 - INFO - [epoch 19/50] train_loss=0.7544 | val_loss=0.8582 | val_acc=0.7088 | best_val=0.7936@18 | bad=1/10 | lr=1.00e-03 | dt=10.9s
2025-10-03 09:19:52 - INFO - [epoch 20/50] train_loss=0.7447 | val_loss=0.9015 | val_acc=0.6884 | best_val=0.7936@18 | bad=2/10 | lr=1.00e-03 | dt=10.9s
2025-10-03 09:20:03 - INFO - [epoch 21/50] train_loss=0.7310 | val_loss=0.8927 | val_acc=0.6924 | best_val=0.7936@18 | bad=3/10 | lr=1.00e-03 | dt=10.9s
2025-10-03 09:20:14 - INFO - [epoch 22/50] train_loss=0.7223 | val_loss=0.9266 | val_acc=0.7008 | best_val=0.7936@18 | bad=4/10 | lr=1.00e-03 | dt=10.8s
2025-10-03 09:20:25 - INFO - [epoch 23/50] train_loss=0.7157 | val_loss=0.9184 | val_acc=0.6990 | best_val=0.7936@18 | bad=5/10 | lr=1.00e-03 | dt=11.3s
2025-10-03 09:20:36 - INFO - [epoch 24/50] train_loss=0.7047 | val_loss=0.8293 | val_acc=0.7056 | best_val=0.7936@18 | bad=6/10 | lr=1.00e-03 | dt=10.8s
2025-10-03 09:20:47 - INFO - [epoch 25/50] train_loss=0.7026 | val_loss=0.8649 | val_acc=0.7108 | best_val=0.7936@18 | bad=7/10 | lr=1.00e-03 | dt=10.9s
2025-10-03 09:20:58 - INFO - [epoch 26/50] train_loss=0.6950 | val_loss=0.8042 | val_acc=0.7248 | best_val=0.7936@18 | bad=8/10 | lr=1.00e-03 | dt=10.9s
2025-10-03 09:21:08 - INFO - [epoch 27/50] train_loss=0.6893 | val_loss=0.7956 | val_acc=0.7284 | best_val=0.7936@18 | bad=9/10 | lr=1.00e-03 | dt=11.0s
2025-10-03 09:21:20 - INFO - [epoch 28/50] train_loss=0.6814 | val_loss=0.8053 | val_acc=0.7238 | best_val=0.7936@18 | bad=10/10 | lr=1.00e-03 | dt=11.1s
2025-10-03 09:21:20 - INFO - Early stopping: no improvement for 10 epochs (best=0.7936 @ epoch 18)
2025-10-03 09:21:20 - INFO - Run finished in 308.1s | best_val_loss=0.7936 @epoch 18 | best_val_acc=0.7212
2025-10-03 09:21:21 - INFO - Test: loss=0.8131 acc=0.7190
2025-10-03 09:21:21 - INFO - ======== [End Run 6/200] width=60 depth=3 | best_val=0.7936 | test_acc=0.7190 ========

2025-10-03 09:21:21 - INFO - ======== [Run 7/200] width=70 depth=3 ========
2025-10-03 09:21:21 - INFO - Device=cuda | dataset=cifar10 | batch=64 | max_epochs=50 | patience=10 | lr=1.00e-03 | wd=1.0e-04
2025-10-03 09:21:21 - INFO - Model params=91220 | neurons=280 | pooling=[1, 3]
2025-10-03 09:21:34 - INFO - [epoch 1/50] train_loss=1.6328 | val_loss=1.5562 | val_acc=0.4336 | best_val=1.5562@1 | bad=0/10 | lr=1.00e-03 | dt=12.4s
2025-10-03 09:21:45 - INFO - [epoch 2/50] train_loss=1.3191 | val_loss=1.3693 | val_acc=0.5154 | best_val=1.3693@2 | bad=0/10 | lr=1.00e-03 | dt=11.6s
2025-10-03 09:21:57 - INFO - [epoch 3/50] train_loss=1.1912 | val_loss=1.2914 | val_acc=0.5612 | best_val=1.2914@3 | bad=0/10 | lr=1.00e-03 | dt=11.7s
2025-10-03 09:22:09 - INFO - [epoch 4/50] train_loss=1.1030 | val_loss=1.3910 | val_acc=0.5278 | best_val=1.2914@3 | bad=1/10 | lr=1.00e-03 | dt=11.9s
2025-10-03 09:22:21 - INFO - [epoch 5/50] train_loss=1.0492 | val_loss=1.2937 | val_acc=0.5554 | best_val=1.2914@3 | bad=2/10 | lr=1.00e-03 | dt=11.8s
2025-10-03 09:22:33 - INFO - [epoch 6/50] train_loss=1.0012 | val_loss=1.1422 | val_acc=0.6040 | best_val=1.1422@6 | bad=0/10 | lr=1.00e-03 | dt=11.9s
2025-10-03 09:22:45 - INFO - [epoch 7/50] train_loss=0.9698 | val_loss=1.0091 | val_acc=0.6446 | best_val=1.0091@7 | bad=0/10 | lr=1.00e-03 | dt=11.8s
2025-10-03 09:22:56 - INFO - [epoch 8/50] train_loss=0.9297 | val_loss=0.9489 | val_acc=0.6562 | best_val=0.9489@8 | bad=0/10 | lr=1.00e-03 | dt=11.7s
2025-10-03 09:23:08 - INFO - [epoch 9/50] train_loss=0.9003 | val_loss=1.1465 | val_acc=0.6182 | best_val=0.9489@8 | bad=1/10 | lr=1.00e-03 | dt=11.7s
2025-10-03 09:23:20 - INFO - [epoch 10/50] train_loss=0.8771 | val_loss=0.8948 | val_acc=0.6818 | best_val=0.8948@10 | bad=0/10 | lr=1.00e-03 | dt=11.7s
2025-10-03 09:23:32 - INFO - [epoch 11/50] train_loss=0.8546 | val_loss=0.9024 | val_acc=0.6852 | best_val=0.8948@10 | bad=1/10 | lr=1.00e-03 | dt=11.9s
2025-10-03 09:23:43 - INFO - [epoch 12/50] train_loss=0.8309 | val_loss=0.9438 | val_acc=0.6702 | best_val=0.8948@10 | bad=2/10 | lr=1.00e-03 | dt=11.7s
2025-10-03 09:23:55 - INFO - [epoch 13/50] train_loss=0.8118 | val_loss=0.9170 | val_acc=0.6922 | best_val=0.8948@10 | bad=3/10 | lr=1.00e-03 | dt=11.7s
2025-10-03 09:24:07 - INFO - [epoch 14/50] train_loss=0.7987 | val_loss=1.1067 | val_acc=0.6550 | best_val=0.8948@10 | bad=4/10 | lr=1.00e-03 | dt=11.8s
2025-10-03 09:24:19 - INFO - [epoch 15/50] train_loss=0.7808 | val_loss=1.0638 | val_acc=0.6552 | best_val=0.8948@10 | bad=5/10 | lr=1.00e-03 | dt=11.7s
2025-10-03 09:24:31 - INFO - [epoch 16/50] train_loss=0.7638 | val_loss=0.9093 | val_acc=0.6914 | best_val=0.8948@10 | bad=6/10 | lr=1.00e-03 | dt=12.0s
2025-10-03 09:24:42 - INFO - [epoch 17/50] train_loss=0.7481 | val_loss=0.8661 | val_acc=0.7024 | best_val=0.8661@17 | bad=0/10 | lr=1.00e-03 | dt=11.7s
2025-10-03 09:24:54 - INFO - [epoch 18/50] train_loss=0.7367 | val_loss=0.9139 | val_acc=0.6916 | best_val=0.8661@17 | bad=1/10 | lr=1.00e-03 | dt=11.8s
2025-10-03 09:25:06 - INFO - [epoch 19/50] train_loss=0.7288 | val_loss=0.8865 | val_acc=0.6982 | best_val=0.8661@17 | bad=2/10 | lr=1.00e-03 | dt=11.8s
2025-10-03 09:25:17 - INFO - [epoch 20/50] train_loss=0.7165 | val_loss=0.8455 | val_acc=0.7212 | best_val=0.8455@20 | bad=0/10 | lr=1.00e-03 | dt=11.8s
2025-10-03 09:25:29 - INFO - [epoch 21/50] train_loss=0.7009 | val_loss=0.8296 | val_acc=0.7146 | best_val=0.8296@21 | bad=0/10 | lr=1.00e-03 | dt=11.9s
2025-10-03 09:25:41 - INFO - [epoch 22/50] train_loss=0.6968 | val_loss=0.7478 | val_acc=0.7456 | best_val=0.7478@22 | bad=0/10 | lr=1.00e-03 | dt=11.7s
2025-10-03 09:25:53 - INFO - [epoch 23/50] train_loss=0.6872 | val_loss=0.8393 | val_acc=0.7230 | best_val=0.7478@22 | bad=1/10 | lr=1.00e-03 | dt=12.3s
2025-10-03 09:26:05 - INFO - [epoch 24/50] train_loss=0.6723 | val_loss=0.7839 | val_acc=0.7338 | best_val=0.7478@22 | bad=2/10 | lr=1.00e-03 | dt=11.9s
2025-10-03 09:26:17 - INFO - [epoch 25/50] train_loss=0.6734 | val_loss=0.8262 | val_acc=0.7226 | best_val=0.7478@22 | bad=3/10 | lr=1.00e-03 | dt=11.7s
2025-10-03 09:26:30 - INFO - [epoch 26/50] train_loss=0.6617 | val_loss=0.7873 | val_acc=0.7354 | best_val=0.7478@22 | bad=4/10 | lr=1.00e-03 | dt=12.5s
2025-10-03 09:26:41 - INFO - [epoch 27/50] train_loss=0.6504 | val_loss=0.7214 | val_acc=0.7494 | best_val=0.7214@27 | bad=0/10 | lr=1.00e-03 | dt=11.7s
2025-10-03 09:26:53 - INFO - [epoch 28/50] train_loss=0.6462 | val_loss=0.9193 | val_acc=0.7016 | best_val=0.7214@27 | bad=1/10 | lr=1.00e-03 | dt=12.0s
2025-10-03 09:27:05 - INFO - [epoch 29/50] train_loss=0.6390 | val_loss=0.7272 | val_acc=0.7496 | best_val=0.7214@27 | bad=2/10 | lr=1.00e-03 | dt=11.8s
2025-10-03 09:27:17 - INFO - [epoch 30/50] train_loss=0.6342 | val_loss=0.7802 | val_acc=0.7230 | best_val=0.7214@27 | bad=3/10 | lr=1.00e-03 | dt=11.9s
2025-10-03 09:27:29 - INFO - [epoch 31/50] train_loss=0.6261 | val_loss=0.7982 | val_acc=0.7254 | best_val=0.7214@27 | bad=4/10 | lr=1.00e-03 | dt=11.9s
2025-10-03 09:27:41 - INFO - [epoch 32/50] train_loss=0.6198 | val_loss=0.8775 | val_acc=0.7024 | best_val=0.7214@27 | bad=5/10 | lr=1.00e-03 | dt=12.2s
2025-10-03 09:27:53 - INFO - [epoch 33/50] train_loss=0.6127 | val_loss=0.6949 | val_acc=0.7578 | best_val=0.6949@33 | bad=0/10 | lr=1.00e-03 | dt=12.4s
2025-10-03 09:28:06 - INFO - [epoch 34/50] train_loss=0.6130 | val_loss=0.7422 | val_acc=0.7472 | best_val=0.6949@33 | bad=1/10 | lr=1.00e-03 | dt=12.3s
2025-10-03 09:28:17 - INFO - [epoch 35/50] train_loss=0.6046 | val_loss=0.7700 | val_acc=0.7438 | best_val=0.6949@33 | bad=2/10 | lr=1.00e-03 | dt=11.7s
2025-10-03 09:28:30 - INFO - [epoch 36/50] train_loss=0.5981 | val_loss=0.9117 | val_acc=0.7128 | best_val=0.6949@33 | bad=3/10 | lr=1.00e-03 | dt=12.3s
2025-10-03 09:28:41 - INFO - [epoch 37/50] train_loss=0.5935 | val_loss=0.7198 | val_acc=0.7574 | best_val=0.6949@33 | bad=4/10 | lr=1.00e-03 | dt=11.8s
2025-10-03 09:28:53 - INFO - [epoch 38/50] train_loss=0.5899 | val_loss=0.7027 | val_acc=0.7636 | best_val=0.6949@33 | bad=5/10 | lr=1.00e-03 | dt=11.9s
2025-10-03 09:29:05 - INFO - [epoch 39/50] train_loss=0.5830 | val_loss=0.7326 | val_acc=0.7552 | best_val=0.6949@33 | bad=6/10 | lr=1.00e-03 | dt=11.8s
2025-10-03 09:29:17 - INFO - [epoch 40/50] train_loss=0.5812 | val_loss=0.7304 | val_acc=0.7498 | best_val=0.6949@33 | bad=7/10 | lr=1.00e-03 | dt=11.8s
2025-10-03 09:29:29 - INFO - [epoch 41/50] train_loss=0.5765 | val_loss=0.6911 | val_acc=0.7646 | best_val=0.6911@41 | bad=0/10 | lr=1.00e-03 | dt=12.0s
2025-10-03 09:29:41 - INFO - [epoch 42/50] train_loss=0.5714 | val_loss=0.8338 | val_acc=0.7228 | best_val=0.6911@41 | bad=1/10 | lr=1.00e-03 | dt=11.9s
2025-10-03 09:29:53 - INFO - [epoch 43/50] train_loss=0.5658 | val_loss=0.6567 | val_acc=0.7760 | best_val=0.6567@43 | bad=0/10 | lr=1.00e-03 | dt=11.8s
2025-10-03 09:30:05 - INFO - [epoch 44/50] train_loss=0.5645 | val_loss=0.6580 | val_acc=0.7788 | best_val=0.6567@43 | bad=1/10 | lr=1.00e-03 | dt=12.3s
2025-10-03 09:30:18 - INFO - [epoch 45/50] train_loss=0.5608 | val_loss=0.6814 | val_acc=0.7706 | best_val=0.6567@43 | bad=2/10 | lr=1.00e-03 | dt=13.2s
2025-10-03 09:30:30 - INFO - [epoch 46/50] train_loss=0.5596 | val_loss=0.6588 | val_acc=0.7788 | best_val=0.6567@43 | bad=3/10 | lr=1.00e-03 | dt=12.4s
2025-10-03 09:30:43 - INFO - [epoch 47/50] train_loss=0.5558 | val_loss=0.6465 | val_acc=0.7768 | best_val=0.6465@47 | bad=0/10 | lr=1.00e-03 | dt=12.0s
2025-10-03 09:30:55 - INFO - [epoch 48/50] train_loss=0.5490 | val_loss=0.7095 | val_acc=0.7668 | best_val=0.6465@47 | bad=1/10 | lr=1.00e-03 | dt=12.0s
2025-10-03 09:31:06 - INFO - [epoch 49/50] train_loss=0.5494 | val_loss=0.7255 | val_acc=0.7550 | best_val=0.6465@47 | bad=2/10 | lr=1.00e-03 | dt=11.7s
2025-10-03 09:31:18 - INFO - [epoch 50/50] train_loss=0.5448 | val_loss=0.7478 | val_acc=0.7592 | best_val=0.6465@47 | bad=3/10 | lr=1.00e-03 | dt=11.8s
2025-10-03 09:31:18 - INFO - Run finished in 596.9s | best_val_loss=0.6465 @epoch 47 | best_val_acc=0.7768
2025-10-03 09:31:20 - INFO - Test: loss=0.7558 acc=0.7589
2025-10-03 09:31:20 - INFO - ======== [End Run 7/200] width=70 depth=3 | best_val=0.6465 | test_acc=0.7589 ========

2025-10-03 09:31:20 - INFO - ======== [Run 8/200] width=80 depth=3 ========
2025-10-03 09:31:20 - INFO - Device=cuda | dataset=cifar10 | batch=64 | max_epochs=50 | patience=10 | lr=1.00e-03 | wd=1.0e-04
2025-10-03 09:31:20 - INFO - Model params=118650 | neurons=320 | pooling=[1, 3]
2025-10-03 09:31:33 - INFO - [epoch 1/50] train_loss=1.6025 | val_loss=1.4906 | val_acc=0.4616 | best_val=1.4906@1 | bad=0/10 | lr=1.00e-03 | dt=12.7s
2025-10-03 09:31:45 - INFO - [epoch 2/50] train_loss=1.2920 | val_loss=1.2757 | val_acc=0.5514 | best_val=1.2757@2 | bad=0/10 | lr=1.00e-03 | dt=12.5s
2025-10-03 09:31:57 - INFO - [epoch 3/50] train_loss=1.1772 | val_loss=1.2182 | val_acc=0.5716 | best_val=1.2182@3 | bad=0/10 | lr=1.00e-03 | dt=12.2s
2025-10-03 09:32:10 - INFO - [epoch 4/50] train_loss=1.0965 | val_loss=1.4171 | val_acc=0.5090 | best_val=1.2182@3 | bad=1/10 | lr=1.00e-03 | dt=12.2s
2025-10-03 09:32:22 - INFO - [epoch 5/50] train_loss=1.0431 | val_loss=1.1561 | val_acc=0.5826 | best_val=1.1561@5 | bad=0/10 | lr=1.00e-03 | dt=12.1s
2025-10-03 09:32:35 - INFO - [epoch 6/50] train_loss=0.9969 | val_loss=1.1967 | val_acc=0.5942 | best_val=1.1561@5 | bad=1/10 | lr=1.00e-03 | dt=12.9s
2025-10-03 09:32:47 - INFO - [epoch 7/50] train_loss=0.9578 | val_loss=1.0271 | val_acc=0.6456 | best_val=1.0271@7 | bad=0/10 | lr=1.00e-03 | dt=12.1s
2025-10-03 09:32:59 - INFO - [epoch 8/50] train_loss=0.9200 | val_loss=0.9754 | val_acc=0.6536 | best_val=0.9754@8 | bad=0/10 | lr=1.00e-03 | dt=12.2s
2025-10-03 09:33:11 - INFO - [epoch 9/50] train_loss=0.8920 | val_loss=0.9410 | val_acc=0.6602 | best_val=0.9410@9 | bad=0/10 | lr=1.00e-03 | dt=12.1s
2025-10-03 09:33:23 - INFO - [epoch 10/50] train_loss=0.8588 | val_loss=0.9109 | val_acc=0.6792 | best_val=0.9109@10 | bad=0/10 | lr=1.00e-03 | dt=12.2s
2025-10-03 09:33:35 - INFO - [epoch 11/50] train_loss=0.8422 | val_loss=0.9270 | val_acc=0.6754 | best_val=0.9109@10 | bad=1/10 | lr=1.00e-03 | dt=12.1s
2025-10-03 09:33:47 - INFO - [epoch 12/50] train_loss=0.8121 | val_loss=1.0302 | val_acc=0.6474 | best_val=0.9109@10 | bad=2/10 | lr=1.00e-03 | dt=12.1s
2025-10-03 09:33:59 - INFO - [epoch 13/50] train_loss=0.7917 | val_loss=0.9463 | val_acc=0.6698 | best_val=0.9109@10 | bad=3/10 | lr=1.00e-03 | dt=12.0s
2025-10-03 09:34:12 - INFO - [epoch 14/50] train_loss=0.7719 | val_loss=0.9690 | val_acc=0.6718 | best_val=0.9109@10 | bad=4/10 | lr=1.00e-03 | dt=12.3s
2025-10-03 09:34:24 - INFO - [epoch 15/50] train_loss=0.7574 | val_loss=0.9617 | val_acc=0.6760 | best_val=0.9109@10 | bad=5/10 | lr=1.00e-03 | dt=12.0s
2025-10-03 09:34:36 - INFO - [epoch 16/50] train_loss=0.7427 | val_loss=0.8943 | val_acc=0.6938 | best_val=0.8943@16 | bad=0/10 | lr=1.00e-03 | dt=12.3s
2025-10-03 09:34:48 - INFO - [epoch 17/50] train_loss=0.7310 | val_loss=0.8476 | val_acc=0.7138 | best_val=0.8476@17 | bad=0/10 | lr=1.00e-03 | dt=12.2s
2025-10-03 09:35:00 - INFO - [epoch 18/50] train_loss=0.7163 | val_loss=0.8369 | val_acc=0.7134 | best_val=0.8369@18 | bad=0/10 | lr=1.00e-03 | dt=12.3s
2025-10-03 09:35:12 - INFO - [epoch 19/50] train_loss=0.7046 | val_loss=0.9239 | val_acc=0.6878 | best_val=0.8369@18 | bad=1/10 | lr=1.00e-03 | dt=12.0s
2025-10-03 09:35:25 - INFO - [epoch 20/50] train_loss=0.6899 | val_loss=0.7931 | val_acc=0.7246 | best_val=0.7931@20 | bad=0/10 | lr=1.00e-03 | dt=12.3s
2025-10-03 09:35:37 - INFO - [epoch 21/50] train_loss=0.6821 | val_loss=0.8981 | val_acc=0.7034 | best_val=0.7931@20 | bad=1/10 | lr=1.00e-03 | dt=12.3s
2025-10-03 09:35:49 - INFO - [epoch 22/50] train_loss=0.6740 | val_loss=0.7337 | val_acc=0.7444 | best_val=0.7337@22 | bad=0/10 | lr=1.00e-03 | dt=12.1s
2025-10-03 09:36:01 - INFO - [epoch 23/50] train_loss=0.6596 | val_loss=0.7575 | val_acc=0.7358 | best_val=0.7337@22 | bad=1/10 | lr=1.00e-03 | dt=12.0s
2025-10-03 09:36:14 - INFO - [epoch 24/50] train_loss=0.6532 | val_loss=0.7225 | val_acc=0.7488 | best_val=0.7225@24 | bad=0/10 | lr=1.00e-03 | dt=12.3s
2025-10-03 09:36:26 - INFO - [epoch 25/50] train_loss=0.6458 | val_loss=0.7278 | val_acc=0.7468 | best_val=0.7225@24 | bad=1/10 | lr=1.00e-03 | dt=12.2s
2025-10-03 09:36:38 - INFO - [epoch 26/50] train_loss=0.6382 | val_loss=0.7176 | val_acc=0.7574 | best_val=0.7176@26 | bad=0/10 | lr=1.00e-03 | dt=12.3s
2025-10-03 09:36:50 - INFO - [epoch 27/50] train_loss=0.6259 | val_loss=0.7241 | val_acc=0.7504 | best_val=0.7176@26 | bad=1/10 | lr=1.00e-03 | dt=12.1s
2025-10-03 09:37:02 - INFO - [epoch 28/50] train_loss=0.6235 | val_loss=0.8481 | val_acc=0.7160 | best_val=0.7176@26 | bad=2/10 | lr=1.00e-03 | dt=12.2s
2025-10-03 09:37:14 - INFO - [epoch 29/50] train_loss=0.6195 | val_loss=0.7315 | val_acc=0.7436 | best_val=0.7176@26 | bad=3/10 | lr=1.00e-03 | dt=12.1s
2025-10-03 09:37:27 - INFO - [epoch 30/50] train_loss=0.6080 | val_loss=0.7425 | val_acc=0.7448 | best_val=0.7176@26 | bad=4/10 | lr=1.00e-03 | dt=12.3s
2025-10-03 09:37:39 - INFO - [epoch 31/50] train_loss=0.6069 | val_loss=0.7717 | val_acc=0.7354 | best_val=0.7176@26 | bad=5/10 | lr=1.00e-03 | dt=12.1s
2025-10-03 09:37:51 - INFO - [epoch 32/50] train_loss=0.5985 | val_loss=0.6845 | val_acc=0.7566 | best_val=0.6845@32 | bad=0/10 | lr=1.00e-03 | dt=12.3s
2025-10-03 09:38:04 - INFO - [epoch 33/50] train_loss=0.5870 | val_loss=0.7189 | val_acc=0.7526 | best_val=0.6845@32 | bad=1/10 | lr=1.00e-03 | dt=12.3s
2025-10-03 09:38:16 - INFO - [epoch 34/50] train_loss=0.5810 | val_loss=0.7342 | val_acc=0.7498 | best_val=0.6845@32 | bad=2/10 | lr=1.00e-03 | dt=12.5s
2025-10-03 09:38:29 - INFO - [epoch 35/50] train_loss=0.5808 | val_loss=0.6212 | val_acc=0.7914 | best_val=0.6212@35 | bad=0/10 | lr=1.00e-03 | dt=12.7s
2025-10-03 09:38:41 - INFO - [epoch 36/50] train_loss=0.5750 | val_loss=0.6994 | val_acc=0.7608 | best_val=0.6212@35 | bad=1/10 | lr=1.00e-03 | dt=12.3s
2025-10-03 09:38:53 - INFO - [epoch 37/50] train_loss=0.5686 | val_loss=0.8891 | val_acc=0.7266 | best_val=0.6212@35 | bad=2/10 | lr=1.00e-03 | dt=12.2s
2025-10-03 09:39:06 - INFO - [epoch 38/50] train_loss=0.5652 | val_loss=0.6670 | val_acc=0.7670 | best_val=0.6212@35 | bad=3/10 | lr=1.00e-03 | dt=12.5s
2025-10-03 09:39:18 - INFO - [epoch 39/50] train_loss=0.5623 | val_loss=0.6687 | val_acc=0.7690 | best_val=0.6212@35 | bad=4/10 | lr=1.00e-03 | dt=12.1s
2025-10-03 09:39:31 - INFO - [epoch 40/50] train_loss=0.5558 | val_loss=0.7112 | val_acc=0.7618 | best_val=0.6212@35 | bad=5/10 | lr=1.00e-03 | dt=12.7s
2025-10-03 09:39:43 - INFO - [epoch 41/50] train_loss=0.5491 | val_loss=0.8287 | val_acc=0.7266 | best_val=0.6212@35 | bad=6/10 | lr=1.00e-03 | dt=12.1s
2025-10-03 09:39:55 - INFO - [epoch 42/50] train_loss=0.5483 | val_loss=0.7235 | val_acc=0.7650 | best_val=0.6212@35 | bad=7/10 | lr=1.00e-03 | dt=12.3s
2025-10-03 09:40:07 - INFO - [epoch 43/50] train_loss=0.5414 | val_loss=0.7555 | val_acc=0.7388 | best_val=0.6212@35 | bad=8/10 | lr=1.00e-03 | dt=12.2s
2025-10-03 09:40:20 - INFO - [epoch 44/50] train_loss=0.5422 | val_loss=0.7141 | val_acc=0.7534 | best_val=0.6212@35 | bad=9/10 | lr=1.00e-03 | dt=12.4s
2025-10-03 09:40:32 - INFO - [epoch 45/50] train_loss=0.5327 | val_loss=0.8185 | val_acc=0.7254 | best_val=0.6212@35 | bad=10/10 | lr=1.00e-03 | dt=12.5s
2025-10-03 09:40:32 - INFO - Early stopping: no improvement for 10 epochs (best=0.6212 @ epoch 35)
2025-10-03 09:40:32 - INFO - Run finished in 552.3s | best_val_loss=0.6212 @epoch 35 | best_val_acc=0.7914
2025-10-03 09:40:34 - INFO - Test: loss=0.8324 acc=0.7255
2025-10-03 09:40:34 - INFO - ======== [End Run 8/200] width=80 depth=3 | best_val=0.6212 | test_acc=0.7255 ========

2025-10-03 09:40:34 - INFO - ======== [Run 9/200] width=90 depth=3 ========
2025-10-03 09:40:34 - INFO - Device=cuda | dataset=cifar10 | batch=64 | max_epochs=50 | patience=10 | lr=1.00e-03 | wd=1.0e-04
2025-10-03 09:40:34 - INFO - Model params=149680 | neurons=360 | pooling=[1, 3]
2025-10-03 09:40:48 - INFO - [epoch 1/50] train_loss=1.5873 | val_loss=1.4253 | val_acc=0.4860 | best_val=1.4253@1 | bad=0/10 | lr=1.00e-03 | dt=14.1s
2025-10-03 09:41:02 - INFO - [epoch 2/50] train_loss=1.2820 | val_loss=1.2901 | val_acc=0.5270 | best_val=1.2901@2 | bad=0/10 | lr=1.00e-03 | dt=13.2s
2025-10-03 09:41:15 - INFO - [epoch 3/50] train_loss=1.1620 | val_loss=1.2912 | val_acc=0.5520 | best_val=1.2901@2 | bad=1/10 | lr=1.00e-03 | dt=13.4s
2025-10-03 09:41:28 - INFO - [epoch 4/50] train_loss=1.0831 | val_loss=1.1020 | val_acc=0.6122 | best_val=1.1020@4 | bad=0/10 | lr=1.00e-03 | dt=13.3s
2025-10-03 09:41:42 - INFO - [epoch 5/50] train_loss=1.0279 | val_loss=1.0755 | val_acc=0.6188 | best_val=1.0755@5 | bad=0/10 | lr=1.00e-03 | dt=13.6s
2025-10-03 09:41:55 - INFO - [epoch 6/50] train_loss=0.9793 | val_loss=1.0695 | val_acc=0.6366 | best_val=1.0695@6 | bad=0/10 | lr=1.00e-03 | dt=13.2s
2025-10-03 09:42:08 - INFO - [epoch 7/50] train_loss=0.9396 | val_loss=1.0715 | val_acc=0.6228 | best_val=1.0695@6 | bad=1/10 | lr=1.00e-03 | dt=13.2s
2025-10-03 09:42:22 - INFO - [epoch 8/50] train_loss=0.9006 | val_loss=0.9358 | val_acc=0.6796 | best_val=0.9358@8 | bad=0/10 | lr=1.00e-03 | dt=13.9s
2025-10-03 09:42:36 - INFO - [epoch 9/50] train_loss=0.8667 | val_loss=0.9488 | val_acc=0.6680 | best_val=0.9358@8 | bad=1/10 | lr=1.00e-03 | dt=13.4s
2025-10-03 09:42:49 - INFO - [epoch 10/50] train_loss=0.8403 | val_loss=1.0653 | val_acc=0.6444 | best_val=0.9358@8 | bad=2/10 | lr=1.00e-03 | dt=13.6s
2025-10-03 09:43:03 - INFO - [epoch 11/50] train_loss=0.8087 | val_loss=0.8937 | val_acc=0.6856 | best_val=0.8937@11 | bad=0/10 | lr=1.00e-03 | dt=13.4s
2025-10-03 09:43:16 - INFO - [epoch 12/50] train_loss=0.7914 | val_loss=0.8945 | val_acc=0.6870 | best_val=0.8937@11 | bad=1/10 | lr=1.00e-03 | dt=13.3s
2025-10-03 09:43:29 - INFO - [epoch 13/50] train_loss=0.7652 | val_loss=0.8287 | val_acc=0.7096 | best_val=0.8287@13 | bad=0/10 | lr=1.00e-03 | dt=13.3s
2025-10-03 09:43:43 - INFO - [epoch 14/50] train_loss=0.7575 | val_loss=0.7633 | val_acc=0.7360 | best_val=0.7633@14 | bad=0/10 | lr=1.00e-03 | dt=13.8s
2025-10-03 09:43:56 - INFO - [epoch 15/50] train_loss=0.7297 | val_loss=0.9107 | val_acc=0.6916 | best_val=0.7633@14 | bad=1/10 | lr=1.00e-03 | dt=13.3s
2025-10-03 09:44:10 - INFO - [epoch 16/50] train_loss=0.7242 | val_loss=0.7968 | val_acc=0.7328 | best_val=0.7633@14 | bad=2/10 | lr=1.00e-03 | dt=13.4s
2025-10-03 09:44:23 - INFO - [epoch 17/50] train_loss=0.7027 | val_loss=0.7699 | val_acc=0.7372 | best_val=0.7633@14 | bad=3/10 | lr=1.00e-03 | dt=13.4s
2025-10-03 09:44:36 - INFO - [epoch 18/50] train_loss=0.6910 | val_loss=0.7446 | val_acc=0.7432 | best_val=0.7446@18 | bad=0/10 | lr=1.00e-03 | dt=13.2s
2025-10-03 09:44:50 - INFO - [epoch 19/50] train_loss=0.6811 | val_loss=0.7712 | val_acc=0.7338 | best_val=0.7446@18 | bad=1/10 | lr=1.00e-03 | dt=13.5s
2025-10-03 09:45:03 - INFO - [epoch 20/50] train_loss=0.6719 | val_loss=0.9388 | val_acc=0.7040 | best_val=0.7446@18 | bad=2/10 | lr=1.00e-03 | dt=13.2s
2025-10-03 09:45:17 - INFO - [epoch 21/50] train_loss=0.6633 | val_loss=0.9221 | val_acc=0.6938 | best_val=0.7446@18 | bad=3/10 | lr=1.00e-03 | dt=13.4s
2025-10-03 09:45:30 - INFO - [epoch 22/50] train_loss=0.6472 | val_loss=0.8794 | val_acc=0.7076 | best_val=0.7446@18 | bad=4/10 | lr=1.00e-03 | dt=13.3s
2025-10-03 09:45:43 - INFO - [epoch 23/50] train_loss=0.6397 | val_loss=0.7314 | val_acc=0.7464 | best_val=0.7314@23 | bad=0/10 | lr=1.00e-03 | dt=13.6s
2025-10-03 09:45:57 - INFO - [epoch 24/50] train_loss=0.6319 | val_loss=0.8550 | val_acc=0.7126 | best_val=0.7314@23 | bad=1/10 | lr=1.00e-03 | dt=13.4s
2025-10-03 09:46:11 - INFO - [epoch 25/50] train_loss=0.6215 | val_loss=0.7131 | val_acc=0.7592 | best_val=0.7131@25 | bad=0/10 | lr=1.00e-03 | dt=13.7s
2025-10-03 09:46:24 - INFO - [epoch 26/50] train_loss=0.6170 | val_loss=0.8406 | val_acc=0.7156 | best_val=0.7131@25 | bad=1/10 | lr=1.00e-03 | dt=13.4s
2025-10-03 09:46:37 - INFO - [epoch 27/50] train_loss=0.6092 | val_loss=0.7121 | val_acc=0.7558 | best_val=0.7121@27 | bad=0/10 | lr=1.00e-03 | dt=13.3s
2025-10-03 09:46:51 - INFO - [epoch 28/50] train_loss=0.5998 | val_loss=0.7442 | val_acc=0.7462 | best_val=0.7121@27 | bad=1/10 | lr=1.00e-03 | dt=13.9s
2025-10-03 09:47:05 - INFO - [epoch 29/50] train_loss=0.5950 | val_loss=0.6552 | val_acc=0.7786 | best_val=0.6552@29 | bad=0/10 | lr=1.00e-03 | dt=13.4s
2025-10-03 09:47:18 - INFO - [epoch 30/50] train_loss=0.5845 | val_loss=0.7645 | val_acc=0.7470 | best_val=0.6552@29 | bad=1/10 | lr=1.00e-03 | dt=13.5s
2025-10-03 09:47:32 - INFO - [epoch 31/50] train_loss=0.5772 | val_loss=0.6641 | val_acc=0.7726 | best_val=0.6552@29 | bad=2/10 | lr=1.00e-03 | dt=13.4s
2025-10-03 09:47:45 - INFO - [epoch 32/50] train_loss=0.5751 | val_loss=0.7404 | val_acc=0.7520 | best_val=0.6552@29 | bad=3/10 | lr=1.00e-03 | dt=13.6s
2025-10-03 09:47:59 - INFO - [epoch 33/50] train_loss=0.5688 | val_loss=0.7170 | val_acc=0.7630 | best_val=0.6552@29 | bad=4/10 | lr=1.00e-03 | dt=13.4s
2025-10-03 09:48:12 - INFO - [epoch 34/50] train_loss=0.5643 | val_loss=0.6791 | val_acc=0.7704 | best_val=0.6552@29 | bad=5/10 | lr=1.00e-03 | dt=13.6s
2025-10-03 09:48:26 - INFO - [epoch 35/50] train_loss=0.5630 | val_loss=0.7453 | val_acc=0.7546 | best_val=0.6552@29 | bad=6/10 | lr=1.00e-03 | dt=13.4s
2025-10-03 09:48:39 - INFO - [epoch 36/50] train_loss=0.5541 | val_loss=0.6469 | val_acc=0.7776 | best_val=0.6469@36 | bad=0/10 | lr=1.00e-03 | dt=13.3s
2025-10-03 09:48:53 - INFO - [epoch 37/50] train_loss=0.5451 | val_loss=0.6716 | val_acc=0.7738 | best_val=0.6469@36 | bad=1/10 | lr=1.00e-03 | dt=13.6s
2025-10-03 09:49:06 - INFO - [epoch 38/50] train_loss=0.5457 | val_loss=0.7152 | val_acc=0.7642 | best_val=0.6469@36 | bad=2/10 | lr=1.00e-03 | dt=13.4s
2025-10-03 09:49:19 - INFO - [epoch 39/50] train_loss=0.5396 | val_loss=0.6505 | val_acc=0.7738 | best_val=0.6469@36 | bad=3/10 | lr=1.00e-03 | dt=13.3s
2025-10-03 09:49:33 - INFO - [epoch 40/50] train_loss=0.5297 | val_loss=0.7240 | val_acc=0.7580 | best_val=0.6469@36 | bad=4/10 | lr=1.00e-03 | dt=13.4s
2025-10-03 09:49:46 - INFO - [epoch 41/50] train_loss=0.5332 | val_loss=0.6376 | val_acc=0.7778 | best_val=0.6376@41 | bad=0/10 | lr=1.00e-03 | dt=13.6s
2025-10-03 09:49:59 - INFO - [epoch 42/50] train_loss=0.5245 | val_loss=0.6395 | val_acc=0.7840 | best_val=0.6376@41 | bad=1/10 | lr=1.00e-03 | dt=13.2s
2025-10-03 09:50:13 - INFO - [epoch 43/50] train_loss=0.5204 | val_loss=0.8041 | val_acc=0.7266 | best_val=0.6376@41 | bad=2/10 | lr=1.00e-03 | dt=13.4s
2025-10-03 09:50:26 - INFO - [epoch 44/50] train_loss=0.5213 | val_loss=0.7884 | val_acc=0.7356 | best_val=0.6376@41 | bad=3/10 | lr=1.00e-03 | dt=13.3s
2025-10-03 09:50:39 - INFO - [epoch 45/50] train_loss=0.5180 | val_loss=0.6247 | val_acc=0.7952 | best_val=0.6247@45 | bad=0/10 | lr=1.00e-03 | dt=13.3s
2025-10-03 09:50:53 - INFO - [epoch 46/50] train_loss=0.5142 | val_loss=0.6021 | val_acc=0.7872 | best_val=0.6021@46 | bad=0/10 | lr=1.00e-03 | dt=13.7s
2025-10-03 09:51:06 - INFO - [epoch 47/50] train_loss=0.5060 | val_loss=0.7555 | val_acc=0.7456 | best_val=0.6021@46 | bad=1/10 | lr=1.00e-03 | dt=13.4s
2025-10-03 09:51:20 - INFO - [epoch 48/50] train_loss=0.5054 | val_loss=0.6346 | val_acc=0.7814 | best_val=0.6021@46 | bad=2/10 | lr=1.00e-03 | dt=13.4s
2025-10-03 09:51:33 - INFO - [epoch 49/50] train_loss=0.5012 | val_loss=0.6791 | val_acc=0.7762 | best_val=0.6021@46 | bad=3/10 | lr=1.00e-03 | dt=13.3s
2025-10-03 09:51:47 - INFO - [epoch 50/50] train_loss=0.4950 | val_loss=0.5835 | val_acc=0.8038 | best_val=0.5835@50 | bad=0/10 | lr=1.00e-03 | dt=13.6s
2025-10-03 09:51:47 - INFO - Run finished in 672.8s | best_val_loss=0.5835 @epoch 50 | best_val_acc=0.8038
2025-10-03 09:51:49 - INFO - Test: loss=0.6172 acc=0.7964
2025-10-03 09:51:49 - INFO - ======== [End Run 9/200] width=90 depth=3 | best_val=0.5835 | test_acc=0.7964 ========

2025-10-03 09:51:49 - INFO - ======== [Run 10/200] width=100 depth=3 ========
2025-10-03 09:51:49 - INFO - Device=cuda | dataset=cifar10 | batch=64 | max_epochs=50 | patience=10 | lr=1.00e-03 | wd=1.0e-04
2025-10-03 09:51:49 - INFO - Model params=184310 | neurons=400 | pooling=[1, 3]
2025-10-03 09:52:03 - INFO - [epoch 1/50] train_loss=1.5805 | val_loss=1.3423 | val_acc=0.5156 | best_val=1.3423@1 | bad=0/10 | lr=1.00e-03 | dt=14.2s
2025-10-03 09:52:17 - INFO - [epoch 2/50] train_loss=1.2691 | val_loss=1.2562 | val_acc=0.5578 | best_val=1.2562@2 | bad=0/10 | lr=1.00e-03 | dt=13.9s
2025-10-03 09:52:31 - INFO - [epoch 3/50] train_loss=1.1502 | val_loss=1.3599 | val_acc=0.5190 | best_val=1.2562@2 | bad=1/10 | lr=1.00e-03 | dt=13.6s
2025-10-03 09:52:44 - INFO - [epoch 4/50] train_loss=1.0726 | val_loss=1.1107 | val_acc=0.6156 | best_val=1.1107@4 | bad=0/10 | lr=1.00e-03 | dt=13.8s
2025-10-03 09:52:58 - INFO - [epoch 5/50] train_loss=1.0200 | val_loss=1.0894 | val_acc=0.6146 | best_val=1.0894@5 | bad=0/10 | lr=1.00e-03 | dt=14.0s
2025-10-03 09:53:12 - INFO - [epoch 6/50] train_loss=0.9654 | val_loss=1.0630 | val_acc=0.6316 | best_val=1.0630@6 | bad=0/10 | lr=1.00e-03 | dt=13.6s
2025-10-03 09:53:26 - INFO - [epoch 7/50] train_loss=0.9243 | val_loss=0.8944 | val_acc=0.6770 | best_val=0.8944@7 | bad=0/10 | lr=1.00e-03 | dt=13.7s
2025-10-03 09:53:39 - INFO - [epoch 8/50] train_loss=0.8862 | val_loss=0.9249 | val_acc=0.6760 | best_val=0.8944@7 | bad=1/10 | lr=1.00e-03 | dt=13.6s
2025-10-03 09:53:53 - INFO - [epoch 9/50] train_loss=0.8485 | val_loss=0.9498 | val_acc=0.6696 | best_val=0.8944@7 | bad=2/10 | lr=1.00e-03 | dt=13.7s
2025-10-03 09:54:07 - INFO - [epoch 10/50] train_loss=0.8186 | val_loss=0.8747 | val_acc=0.6948 | best_val=0.8747@10 | bad=0/10 | lr=1.00e-03 | dt=13.7s
2025-10-03 09:54:20 - INFO - [epoch 11/50] train_loss=0.7941 | val_loss=0.8176 | val_acc=0.7194 | best_val=0.8176@11 | bad=0/10 | lr=1.00e-03 | dt=13.6s
2025-10-03 09:54:34 - INFO - [epoch 12/50] train_loss=0.7752 | val_loss=0.9092 | val_acc=0.6942 | best_val=0.8176@11 | bad=1/10 | lr=1.00e-03 | dt=13.6s
2025-10-03 09:54:47 - INFO - [epoch 13/50] train_loss=0.7502 | val_loss=0.9296 | val_acc=0.7002 | best_val=0.8176@11 | bad=2/10 | lr=1.00e-03 | dt=13.6s
2025-10-03 09:55:01 - INFO - [epoch 14/50] train_loss=0.7356 | val_loss=0.8191 | val_acc=0.7168 | best_val=0.8176@11 | bad=3/10 | lr=1.00e-03 | dt=13.9s
2025-10-03 09:55:15 - INFO - [epoch 15/50] train_loss=0.7113 | val_loss=0.9366 | val_acc=0.6892 | best_val=0.8176@11 | bad=4/10 | lr=1.00e-03 | dt=13.6s
2025-10-03 09:55:29 - INFO - [epoch 16/50] train_loss=0.7005 | val_loss=0.8887 | val_acc=0.7064 | best_val=0.8176@11 | bad=5/10 | lr=1.00e-03 | dt=13.7s
2025-10-03 09:55:42 - INFO - [epoch 17/50] train_loss=0.6822 | val_loss=0.7932 | val_acc=0.7410 | best_val=0.7932@17 | bad=0/10 | lr=1.00e-03 | dt=13.5s
2025-10-03 09:55:56 - INFO - [epoch 18/50] train_loss=0.6701 | val_loss=0.7195 | val_acc=0.7530 | best_val=0.7195@18 | bad=0/10 | lr=1.00e-03 | dt=14.0s
2025-10-03 09:56:10 - INFO - [epoch 19/50] train_loss=0.6616 | val_loss=0.7451 | val_acc=0.7458 | best_val=0.7195@18 | bad=1/10 | lr=1.00e-03 | dt=13.7s
2025-10-03 09:56:24 - INFO - [epoch 20/50] train_loss=0.6512 | val_loss=0.7861 | val_acc=0.7314 | best_val=0.7195@18 | bad=2/10 | lr=1.00e-03 | dt=13.7s
2025-10-03 09:56:37 - INFO - [epoch 21/50] train_loss=0.6359 | val_loss=0.7448 | val_acc=0.7466 | best_val=0.7195@18 | bad=3/10 | lr=1.00e-03 | dt=13.6s
2025-10-03 09:56:51 - INFO - [epoch 22/50] train_loss=0.6305 | val_loss=0.6963 | val_acc=0.7672 | best_val=0.6963@22 | bad=0/10 | lr=1.00e-03 | dt=13.7s
2025-10-03 09:57:05 - INFO - [epoch 23/50] train_loss=0.6186 | val_loss=0.8041 | val_acc=0.7344 | best_val=0.6963@22 | bad=1/10 | lr=1.00e-03 | dt=14.0s
2025-10-03 09:57:18 - INFO - [epoch 24/50] train_loss=0.6083 | val_loss=0.6724 | val_acc=0.7624 | best_val=0.6724@24 | bad=0/10 | lr=1.00e-03 | dt=13.6s
2025-10-03 09:57:32 - INFO - [epoch 25/50] train_loss=0.5991 | val_loss=0.6971 | val_acc=0.7584 | best_val=0.6724@24 | bad=1/10 | lr=1.00e-03 | dt=13.7s
2025-10-03 09:57:46 - INFO - [epoch 26/50] train_loss=0.5933 | val_loss=0.6434 | val_acc=0.7790 | best_val=0.6434@26 | bad=0/10 | lr=1.00e-03 | dt=13.6s
2025-10-03 09:58:01 - INFO - [epoch 27/50] train_loss=0.5832 | val_loss=0.7184 | val_acc=0.7590 | best_val=0.6434@26 | bad=1/10 | lr=1.00e-03 | dt=14.7s
2025-10-03 09:58:15 - INFO - [epoch 28/50] train_loss=0.5802 | val_loss=0.9249 | val_acc=0.6902 | best_val=0.6434@26 | bad=2/10 | lr=1.00e-03 | dt=14.2s
2025-10-03 09:58:28 - INFO - [epoch 29/50] train_loss=0.5680 | val_loss=0.7577 | val_acc=0.7516 | best_val=0.6434@26 | bad=3/10 | lr=1.00e-03 | dt=13.6s
2025-10-03 09:58:42 - INFO - [epoch 30/50] train_loss=0.5671 | val_loss=0.7968 | val_acc=0.7312 | best_val=0.6434@26 | bad=4/10 | lr=1.00e-03 | dt=13.6s
2025-10-03 09:58:56 - INFO - [epoch 31/50] train_loss=0.5635 | val_loss=0.6160 | val_acc=0.7882 | best_val=0.6160@31 | bad=0/10 | lr=1.00e-03 | dt=13.8s
2025-10-03 09:59:09 - INFO - [epoch 32/50] train_loss=0.5539 | val_loss=0.7619 | val_acc=0.7466 | best_val=0.6160@31 | bad=1/10 | lr=1.00e-03 | dt=13.8s
2025-10-03 09:59:23 - INFO - [epoch 33/50] train_loss=0.5493 | val_loss=0.6640 | val_acc=0.7778 | best_val=0.6160@31 | bad=2/10 | lr=1.00e-03 | dt=13.5s
2025-10-03 09:59:37 - INFO - [epoch 34/50] train_loss=0.5409 | val_loss=0.6221 | val_acc=0.7872 | best_val=0.6160@31 | bad=3/10 | lr=1.00e-03 | dt=13.6s
2025-10-03 09:59:50 - INFO - [epoch 35/50] train_loss=0.5353 | val_loss=0.7104 | val_acc=0.7700 | best_val=0.6160@31 | bad=4/10 | lr=1.00e-03 | dt=13.6s
2025-10-03 10:00:04 - INFO - [epoch 36/50] train_loss=0.5295 | val_loss=0.6428 | val_acc=0.7812 | best_val=0.6160@31 | bad=5/10 | lr=1.00e-03 | dt=13.9s
2025-10-03 10:00:18 - INFO - [epoch 37/50] train_loss=0.5291 | val_loss=0.6310 | val_acc=0.7824 | best_val=0.6160@31 | bad=6/10 | lr=1.00e-03 | dt=13.6s
2025-10-03 10:00:31 - INFO - [epoch 38/50] train_loss=0.5213 | val_loss=0.6605 | val_acc=0.7772 | best_val=0.6160@31 | bad=7/10 | lr=1.00e-03 | dt=13.5s
2025-10-03 10:00:45 - INFO - [epoch 39/50] train_loss=0.5162 | val_loss=0.9025 | val_acc=0.7210 | best_val=0.6160@31 | bad=8/10 | lr=1.00e-03 | dt=13.7s
2025-10-03 10:00:59 - INFO - [epoch 40/50] train_loss=0.5103 | val_loss=0.7272 | val_acc=0.7668 | best_val=0.6160@31 | bad=9/10 | lr=1.00e-03 | dt=13.7s
2025-10-03 10:01:13 - INFO - [epoch 41/50] train_loss=0.5083 | val_loss=0.6540 | val_acc=0.7718 | best_val=0.6160@31 | bad=10/10 | lr=1.00e-03 | dt=14.0s
2025-10-03 10:01:13 - INFO - Early stopping: no improvement for 10 epochs (best=0.6160 @ epoch 31)
2025-10-03 10:01:13 - INFO - Run finished in 563.8s | best_val_loss=0.6160 @epoch 31 | best_val_acc=0.7882
2025-10-03 10:01:14 - INFO - Test: loss=0.6785 acc=0.7754
2025-10-03 10:01:14 - INFO - ======== [End Run 10/200] width=100 depth=3 | best_val=0.6160 | test_acc=0.7754 ========

2025-10-03 10:01:15 - INFO - ======== [Run 11/200] width=110 depth=3 ========
2025-10-03 10:01:15 - INFO - Device=cuda | dataset=cifar10 | batch=64 | max_epochs=50 | patience=10 | lr=1.00e-03 | wd=1.0e-04
2025-10-03 10:01:15 - INFO - Model params=222540 | neurons=440 | pooling=[1, 3]
2025-10-03 10:01:30 - INFO - [epoch 1/50] train_loss=1.5601 | val_loss=1.4751 | val_acc=0.4576 | best_val=1.4751@1 | bad=0/10 | lr=1.00e-03 | dt=15.4s
2025-10-03 10:01:45 - INFO - [epoch 2/50] train_loss=1.2601 | val_loss=1.1959 | val_acc=0.5782 | best_val=1.1959@2 | bad=0/10 | lr=1.00e-03 | dt=15.0s
2025-10-03 10:02:00 - INFO - [epoch 3/50] train_loss=1.1343 | val_loss=1.5067 | val_acc=0.5018 | best_val=1.1959@2 | bad=1/10 | lr=1.00e-03 | dt=15.3s
2025-10-03 10:02:15 - INFO - [epoch 4/50] train_loss=1.0612 | val_loss=1.1336 | val_acc=0.6000 | best_val=1.1336@4 | bad=0/10 | lr=1.00e-03 | dt=14.8s
2025-10-03 10:02:30 - INFO - [epoch 5/50] train_loss=0.9983 | val_loss=1.0503 | val_acc=0.6366 | best_val=1.0503@5 | bad=0/10 | lr=1.00e-03 | dt=15.4s
2025-10-03 10:02:45 - INFO - [epoch 6/50] train_loss=0.9477 | val_loss=0.9927 | val_acc=0.6502 | best_val=0.9927@6 | bad=0/10 | lr=1.00e-03 | dt=14.9s
2025-10-03 10:03:00 - INFO - [epoch 7/50] train_loss=0.9042 | val_loss=1.0375 | val_acc=0.6386 | best_val=0.9927@6 | bad=1/10 | lr=1.00e-03 | dt=15.0s
2025-10-03 10:03:15 - INFO - [epoch 8/50] train_loss=0.8561 | val_loss=1.1463 | val_acc=0.5974 | best_val=0.9927@6 | bad=2/10 | lr=1.00e-03 | dt=15.1s
2025-10-03 10:03:31 - INFO - [epoch 9/50] train_loss=0.8270 | val_loss=1.0696 | val_acc=0.6302 | best_val=0.9927@6 | bad=3/10 | lr=1.00e-03 | dt=15.2s
2025-10-03 10:03:46 - INFO - [epoch 10/50] train_loss=0.7991 | val_loss=0.8259 | val_acc=0.7118 | best_val=0.8259@10 | bad=0/10 | lr=1.00e-03 | dt=15.0s
2025-10-03 10:04:01 - INFO - [epoch 11/50] train_loss=0.7743 | val_loss=1.0782 | val_acc=0.6262 | best_val=0.8259@10 | bad=1/10 | lr=1.00e-03 | dt=15.2s
2025-10-03 10:04:16 - INFO - [epoch 12/50] train_loss=0.7480 | val_loss=1.0492 | val_acc=0.6504 | best_val=0.8259@10 | bad=2/10 | lr=1.00e-03 | dt=14.9s
2025-10-03 10:04:31 - INFO - [epoch 13/50] train_loss=0.7235 | val_loss=0.8957 | val_acc=0.6874 | best_val=0.8259@10 | bad=3/10 | lr=1.00e-03 | dt=15.3s
2025-10-03 10:04:46 - INFO - [epoch 14/50] train_loss=0.7103 | val_loss=0.9177 | val_acc=0.6926 | best_val=0.8259@10 | bad=4/10 | lr=1.00e-03 | dt=15.1s
2025-10-03 10:05:01 - INFO - [epoch 15/50] train_loss=0.6914 | val_loss=0.9712 | val_acc=0.6752 | best_val=0.8259@10 | bad=5/10 | lr=1.00e-03 | dt=14.9s
2025-10-03 10:05:16 - INFO - [epoch 16/50] train_loss=0.6785 | val_loss=0.8057 | val_acc=0.7280 | best_val=0.8057@16 | bad=0/10 | lr=1.00e-03 | dt=15.0s
2025-10-03 10:05:31 - INFO - [epoch 17/50] train_loss=0.6691 | val_loss=0.8208 | val_acc=0.7228 | best_val=0.8057@16 | bad=1/10 | lr=1.00e-03 | dt=15.4s
2025-10-03 10:05:47 - INFO - [epoch 18/50] train_loss=0.6546 | val_loss=0.8715 | val_acc=0.7092 | best_val=0.8057@16 | bad=2/10 | lr=1.00e-03 | dt=15.1s
2025-10-03 10:06:02 - INFO - [epoch 19/50] train_loss=0.6438 | val_loss=0.7061 | val_acc=0.7624 | best_val=0.7061@19 | bad=0/10 | lr=1.00e-03 | dt=15.2s
2025-10-03 10:06:17 - INFO - [epoch 20/50] train_loss=0.6341 | val_loss=0.7956 | val_acc=0.7324 | best_val=0.7061@19 | bad=1/10 | lr=1.00e-03 | dt=15.0s
2025-10-03 10:06:32 - INFO - [epoch 21/50] train_loss=0.6222 | val_loss=0.7866 | val_acc=0.7278 | best_val=0.7061@19 | bad=2/10 | lr=1.00e-03 | dt=15.4s
2025-10-03 10:06:47 - INFO - [epoch 22/50] train_loss=0.6105 | val_loss=0.7205 | val_acc=0.7528 | best_val=0.7061@19 | bad=3/10 | lr=1.00e-03 | dt=15.1s
2025-10-03 10:07:02 - INFO - [epoch 23/50] train_loss=0.6012 | val_loss=0.8308 | val_acc=0.7360 | best_val=0.7061@19 | bad=4/10 | lr=1.00e-03 | dt=15.0s
2025-10-03 10:07:17 - INFO - [epoch 24/50] train_loss=0.5942 | val_loss=0.8293 | val_acc=0.7270 | best_val=0.7061@19 | bad=5/10 | lr=1.00e-03 | dt=15.1s
2025-10-03 10:07:33 - INFO - [epoch 25/50] train_loss=0.5891 | val_loss=0.6936 | val_acc=0.7632 | best_val=0.6936@25 | bad=0/10 | lr=1.00e-03 | dt=15.4s
2025-10-03 10:07:48 - INFO - [epoch 26/50] train_loss=0.5797 | val_loss=0.7095 | val_acc=0.7532 | best_val=0.6936@25 | bad=1/10 | lr=1.00e-03 | dt=15.1s
2025-10-03 10:08:03 - INFO - [epoch 27/50] train_loss=0.5753 | val_loss=0.6674 | val_acc=0.7700 | best_val=0.6674@27 | bad=0/10 | lr=1.00e-03 | dt=15.1s
2025-10-03 10:08:18 - INFO - [epoch 28/50] train_loss=0.5602 | val_loss=0.8255 | val_acc=0.7320 | best_val=0.6674@27 | bad=1/10 | lr=1.00e-03 | dt=15.0s
2025-10-03 10:08:33 - INFO - [epoch 29/50] train_loss=0.5566 | val_loss=0.7268 | val_acc=0.7608 | best_val=0.6674@27 | bad=2/10 | lr=1.00e-03 | dt=15.3s
2025-10-03 10:08:48 - INFO - [epoch 30/50] train_loss=0.5535 | val_loss=0.6384 | val_acc=0.7860 | best_val=0.6384@30 | bad=0/10 | lr=1.00e-03 | dt=15.1s
2025-10-03 10:09:03 - INFO - [epoch 31/50] train_loss=0.5432 | val_loss=0.6667 | val_acc=0.7760 | best_val=0.6384@30 | bad=1/10 | lr=1.00e-03 | dt=15.2s
2025-10-03 10:09:19 - INFO - [epoch 32/50] train_loss=0.5440 | val_loss=0.8310 | val_acc=0.7242 | best_val=0.6384@30 | bad=2/10 | lr=1.00e-03 | dt=15.1s
2025-10-03 10:09:34 - INFO - [epoch 33/50] train_loss=0.5315 | val_loss=0.6731 | val_acc=0.7790 | best_val=0.6384@30 | bad=3/10 | lr=1.00e-03 | dt=15.2s
2025-10-03 10:09:49 - INFO - [epoch 34/50] train_loss=0.5290 | val_loss=0.7298 | val_acc=0.7506 | best_val=0.6384@30 | bad=4/10 | lr=1.00e-03 | dt=15.1s
2025-10-03 10:10:04 - INFO - [epoch 35/50] train_loss=0.5227 | val_loss=0.6585 | val_acc=0.7734 | best_val=0.6384@30 | bad=5/10 | lr=1.00e-03 | dt=15.2s
2025-10-03 10:10:19 - INFO - [epoch 36/50] train_loss=0.5186 | val_loss=0.6736 | val_acc=0.7770 | best_val=0.6384@30 | bad=6/10 | lr=1.00e-03 | dt=15.2s
2025-10-03 10:10:34 - INFO - [epoch 37/50] train_loss=0.5102 | val_loss=0.7502 | val_acc=0.7506 | best_val=0.6384@30 | bad=7/10 | lr=1.00e-03 | dt=15.2s
2025-10-03 10:10:49 - INFO - [epoch 38/50] train_loss=0.5100 | val_loss=0.6846 | val_acc=0.7666 | best_val=0.6384@30 | bad=8/10 | lr=1.00e-03 | dt=15.0s
2025-10-03 10:11:05 - INFO - [epoch 39/50] train_loss=0.5064 | val_loss=0.6692 | val_acc=0.7784 | best_val=0.6384@30 | bad=9/10 | lr=1.00e-03 | dt=15.2s
2025-10-03 10:11:20 - INFO - [epoch 40/50] train_loss=0.4986 | val_loss=0.6468 | val_acc=0.7870 | best_val=0.6384@30 | bad=10/10 | lr=1.00e-03 | dt=15.1s
2025-10-03 10:11:20 - INFO - Early stopping: no improvement for 10 epochs (best=0.6384 @ epoch 30)
2025-10-03 10:11:20 - INFO - Run finished in 605.2s | best_val_loss=0.6384 @epoch 30 | best_val_acc=0.7860
2025-10-03 10:11:21 - INFO - Test: loss=0.6677 acc=0.7745
2025-10-03 10:11:21 - INFO - ======== [End Run 11/200] width=110 depth=3 | best_val=0.6384 | test_acc=0.7745 ========

2025-10-03 10:11:22 - INFO - ======== [Run 12/200] width=120 depth=3 ========
2025-10-03 10:11:22 - INFO - Device=cuda | dataset=cifar10 | batch=64 | max_epochs=50 | patience=10 | lr=1.00e-03 | wd=1.0e-04
2025-10-03 10:11:22 - INFO - Model params=264370 | neurons=480 | pooling=[1, 3]
2025-10-03 10:11:38 - INFO - [epoch 1/50] train_loss=1.5668 | val_loss=1.5251 | val_acc=0.4552 | best_val=1.5251@1 | bad=0/10 | lr=1.00e-03 | dt=15.6s
2025-10-03 10:11:53 - INFO - [epoch 2/50] train_loss=1.2596 | val_loss=1.2159 | val_acc=0.5630 | best_val=1.2159@2 | bad=0/10 | lr=1.00e-03 | dt=15.0s
2025-10-03 10:12:08 - INFO - [epoch 3/50] train_loss=1.1345 | val_loss=1.1913 | val_acc=0.5790 | best_val=1.1913@3 | bad=0/10 | lr=1.00e-03 | dt=15.2s
2025-10-03 10:12:23 - INFO - [epoch 4/50] train_loss=1.0632 | val_loss=1.2524 | val_acc=0.5620 | best_val=1.1913@3 | bad=1/10 | lr=1.00e-03 | dt=15.5s
2025-10-03 10:12:53 - INFO - [epoch 5/50] train_loss=1.0011 | val_loss=1.0216 | val_acc=0.6302 | best_val=1.0216@5 | bad=0/10 | lr=1.00e-03 | dt=29.5s
2025-10-03 10:13:07 - INFO - [epoch 6/50] train_loss=0.9492 | val_loss=1.1434 | val_acc=0.6102 | best_val=1.0216@5 | bad=1/10 | lr=1.00e-03 | dt=14.7s
2025-10-03 10:13:22 - INFO - [epoch 7/50] train_loss=0.9049 | val_loss=0.9745 | val_acc=0.6618 | best_val=0.9745@7 | bad=0/10 | lr=1.00e-03 | dt=14.8s
2025-10-03 10:13:52 - INFO - [epoch 8/50] train_loss=0.8630 | val_loss=1.0550 | val_acc=0.6260 | best_val=0.9745@7 | bad=1/10 | lr=1.00e-03 | dt=30.1s
2025-10-03 10:14:07 - INFO - [epoch 9/50] train_loss=0.8318 | val_loss=1.0270 | val_acc=0.6382 | best_val=0.9745@7 | bad=2/10 | lr=1.00e-03 | dt=14.8s
2025-10-03 10:14:22 - INFO - [epoch 10/50] train_loss=0.7985 | val_loss=0.9092 | val_acc=0.6868 | best_val=0.9092@10 | bad=0/10 | lr=1.00e-03 | dt=14.9s
2025-10-03 10:14:37 - INFO - [epoch 11/50] train_loss=0.7765 | val_loss=0.8862 | val_acc=0.6920 | best_val=0.8862@11 | bad=0/10 | lr=1.00e-03 | dt=15.0s
2025-10-03 10:14:52 - INFO - [epoch 12/50] train_loss=0.7522 | val_loss=0.8786 | val_acc=0.6952 | best_val=0.8786@12 | bad=0/10 | lr=1.00e-03 | dt=14.9s
2025-10-03 10:15:07 - INFO - [epoch 13/50] train_loss=0.7335 | val_loss=0.7872 | val_acc=0.7288 | best_val=0.7872@13 | bad=0/10 | lr=1.00e-03 | dt=15.0s
2025-10-03 10:15:22 - INFO - [epoch 14/50] train_loss=0.7128 | val_loss=0.9661 | val_acc=0.6808 | best_val=0.7872@13 | bad=1/10 | lr=1.00e-03 | dt=15.1s
2025-10-03 10:15:37 - INFO - [epoch 15/50] train_loss=0.6973 | val_loss=0.8640 | val_acc=0.7082 | best_val=0.7872@13 | bad=2/10 | lr=1.00e-03 | dt=15.0s
2025-10-03 10:15:52 - INFO - [epoch 16/50] train_loss=0.6789 | val_loss=0.8535 | val_acc=0.7056 | best_val=0.7872@13 | bad=3/10 | lr=1.00e-03 | dt=14.8s
2025-10-03 10:16:07 - INFO - [epoch 17/50] train_loss=0.6655 | val_loss=0.9218 | val_acc=0.6938 | best_val=0.7872@13 | bad=4/10 | lr=1.00e-03 | dt=14.7s
2025-10-03 10:16:21 - INFO - [epoch 18/50] train_loss=0.6516 | val_loss=0.9738 | val_acc=0.6800 | best_val=0.7872@13 | bad=5/10 | lr=1.00e-03 | dt=14.8s
2025-10-03 10:16:36 - INFO - [epoch 19/50] train_loss=0.6409 | val_loss=0.8133 | val_acc=0.7308 | best_val=0.7872@13 | bad=6/10 | lr=1.00e-03 | dt=14.8s
2025-10-03 10:16:51 - INFO - [epoch 20/50] train_loss=0.6266 | val_loss=0.7227 | val_acc=0.7578 | best_val=0.7227@20 | bad=0/10 | lr=1.00e-03 | dt=14.7s
2025-10-03 10:17:06 - INFO - [epoch 21/50] train_loss=0.6202 | val_loss=0.7738 | val_acc=0.7388 | best_val=0.7227@20 | bad=1/10 | lr=1.00e-03 | dt=14.7s
2025-10-03 10:17:20 - INFO - [epoch 22/50] train_loss=0.6085 | val_loss=0.8397 | val_acc=0.7172 | best_val=0.7227@20 | bad=2/10 | lr=1.00e-03 | dt=14.8s
2025-10-03 10:17:35 - INFO - [epoch 23/50] train_loss=0.6006 | val_loss=0.6494 | val_acc=0.7800 | best_val=0.6494@23 | bad=0/10 | lr=1.00e-03 | dt=14.8s
2025-10-03 10:17:50 - INFO - [epoch 24/50] train_loss=0.5872 | val_loss=0.6880 | val_acc=0.7702 | best_val=0.6494@23 | bad=1/10 | lr=1.00e-03 | dt=14.9s
2025-10-03 10:18:05 - INFO - [epoch 25/50] train_loss=0.5809 | val_loss=0.7555 | val_acc=0.7522 | best_val=0.6494@23 | bad=2/10 | lr=1.00e-03 | dt=15.1s
2025-10-03 10:18:20 - INFO - [epoch 26/50] train_loss=0.5681 | val_loss=0.7066 | val_acc=0.7586 | best_val=0.6494@23 | bad=3/10 | lr=1.00e-03 | dt=15.3s
2025-10-03 10:18:36 - INFO - [epoch 27/50] train_loss=0.5631 | val_loss=0.7535 | val_acc=0.7524 | best_val=0.6494@23 | bad=4/10 | lr=1.00e-03 | dt=15.2s
2025-10-03 10:18:51 - INFO - [epoch 28/50] train_loss=0.5563 | val_loss=0.9839 | val_acc=0.6962 | best_val=0.6494@23 | bad=5/10 | lr=1.00e-03 | dt=15.1s
2025-10-03 10:19:06 - INFO - [epoch 29/50] train_loss=0.5503 | val_loss=0.8316 | val_acc=0.7338 | best_val=0.6494@23 | bad=6/10 | lr=1.00e-03 | dt=15.3s
2025-10-03 10:19:21 - INFO - [epoch 30/50] train_loss=0.5398 | val_loss=0.6401 | val_acc=0.7828 | best_val=0.6401@30 | bad=0/10 | lr=1.00e-03 | dt=15.1s
2025-10-03 10:19:36 - INFO - [epoch 31/50] train_loss=0.5394 | val_loss=0.6727 | val_acc=0.7738 | best_val=0.6401@30 | bad=1/10 | lr=1.00e-03 | dt=15.1s
2025-10-03 10:19:51 - INFO - [epoch 32/50] train_loss=0.5358 | val_loss=0.8508 | val_acc=0.7314 | best_val=0.6401@30 | bad=2/10 | lr=1.00e-03 | dt=15.1s
2025-10-03 10:20:06 - INFO - [epoch 33/50] train_loss=0.5289 | val_loss=0.6179 | val_acc=0.7932 | best_val=0.6179@33 | bad=0/10 | lr=1.00e-03 | dt=15.0s
2025-10-03 10:20:21 - INFO - [epoch 34/50] train_loss=0.5157 | val_loss=0.7032 | val_acc=0.7648 | best_val=0.6179@33 | bad=1/10 | lr=1.00e-03 | dt=15.3s
2025-10-03 10:20:37 - INFO - [epoch 35/50] train_loss=0.5164 | val_loss=0.6885 | val_acc=0.7750 | best_val=0.6179@33 | bad=2/10 | lr=1.00e-03 | dt=15.2s
2025-10-03 10:20:52 - INFO - [epoch 36/50] train_loss=0.5068 | val_loss=0.5624 | val_acc=0.8076 | best_val=0.5624@36 | bad=0/10 | lr=1.00e-03 | dt=15.1s
2025-10-03 10:21:07 - INFO - [epoch 37/50] train_loss=0.5061 | val_loss=0.6168 | val_acc=0.7924 | best_val=0.5624@36 | bad=1/10 | lr=1.00e-03 | dt=15.2s
2025-10-03 10:21:22 - INFO - [epoch 38/50] train_loss=0.5011 | val_loss=0.7221 | val_acc=0.7552 | best_val=0.5624@36 | bad=2/10 | lr=1.00e-03 | dt=15.0s
2025-10-03 10:21:37 - INFO - [epoch 39/50] train_loss=0.4952 | val_loss=0.8263 | val_acc=0.7296 | best_val=0.5624@36 | bad=3/10 | lr=1.00e-03 | dt=15.3s
2025-10-03 10:21:52 - INFO - [epoch 40/50] train_loss=0.4907 | val_loss=0.6974 | val_acc=0.7658 | best_val=0.5624@36 | bad=4/10 | lr=1.00e-03 | dt=15.0s
2025-10-03 10:22:07 - INFO - [epoch 41/50] train_loss=0.4871 | val_loss=0.7185 | val_acc=0.7546 | best_val=0.5624@36 | bad=5/10 | lr=1.00e-03 | dt=15.0s
2025-10-03 10:22:23 - INFO - [epoch 42/50] train_loss=0.4857 | val_loss=0.6948 | val_acc=0.7826 | best_val=0.5624@36 | bad=6/10 | lr=1.00e-03 | dt=15.3s
2025-10-03 10:22:38 - INFO - [epoch 43/50] train_loss=0.4780 | val_loss=0.6811 | val_acc=0.7792 | best_val=0.5624@36 | bad=7/10 | lr=1.00e-03 | dt=15.3s
2025-10-03 10:22:53 - INFO - [epoch 44/50] train_loss=0.4768 | val_loss=0.5999 | val_acc=0.7926 | best_val=0.5624@36 | bad=8/10 | lr=1.00e-03 | dt=15.2s
2025-10-03 10:23:08 - INFO - [epoch 45/50] train_loss=0.4716 | val_loss=0.6147 | val_acc=0.7924 | best_val=0.5624@36 | bad=9/10 | lr=1.00e-03 | dt=15.0s
2025-10-03 10:23:23 - INFO - [epoch 46/50] train_loss=0.4633 | val_loss=0.5946 | val_acc=0.8008 | best_val=0.5624@36 | bad=10/10 | lr=1.00e-03 | dt=15.2s
2025-10-03 10:23:23 - INFO - Early stopping: no improvement for 10 epochs (best=0.5624 @ epoch 36)
2025-10-03 10:23:24 - INFO - Run finished in 721.5s | best_val_loss=0.5624 @epoch 36 | best_val_acc=0.8076
2025-10-03 10:23:25 - INFO - Test: loss=0.6023 acc=0.8006
2025-10-03 10:23:25 - INFO - ======== [End Run 12/200] width=120 depth=3 | best_val=0.5624 | test_acc=0.8006 ========

2025-10-03 10:23:25 - INFO - ======== [Run 13/200] width=130 depth=3 ========
2025-10-03 10:23:25 - INFO - Device=cuda | dataset=cifar10 | batch=64 | max_epochs=50 | patience=10 | lr=1.00e-03 | wd=1.0e-04
2025-10-03 10:23:25 - INFO - Model params=309800 | neurons=520 | pooling=[1, 3]
