2025-10-04 09:53:57 - INFO - ======== [Run 51/140] width=110 depth=6 ========
2025-10-04 09:53:57 - INFO - Device=cuda | dataset=cifar10 | batch=64 | max_epochs=50 | patience=10 | lr=1.00e-03 | wd=1.0e-04
2025-10-04 09:53:57 - INFO - Model params=549900 | neurons=770 | pooling=[1, 3]
2025-10-04 09:54:19 - INFO - [epoch 1/50] train_loss=1.4433 | val_loss=1.1736 | val_acc=0.5718 | best_val=1.1736@1 | bad=0/10 | lr=1.00e-03 | dt=22.0s
2025-10-04 09:54:40 - INFO - [epoch 2/50] train_loss=1.0229 | val_loss=1.0014 | val_acc=0.6420 | best_val=1.0014@2 | bad=0/10 | lr=1.00e-03 | dt=21.1s
2025-10-04 09:55:01 - INFO - [epoch 3/50] train_loss=0.8440 | val_loss=0.8154 | val_acc=0.7108 | best_val=0.8154@3 | bad=0/10 | lr=1.00e-03 | dt=21.0s
2025-10-04 09:55:23 - INFO - [epoch 4/50] train_loss=0.7227 | val_loss=0.9113 | val_acc=0.7062 | best_val=0.8154@3 | bad=1/10 | lr=1.00e-03 | dt=21.2s
2025-10-04 09:55:43 - INFO - [epoch 5/50] train_loss=0.6480 | val_loss=0.7473 | val_acc=0.7432 | best_val=0.7473@5 | bad=0/10 | lr=1.00e-03 | dt=20.8s
2025-10-04 09:56:04 - INFO - [epoch 6/50] train_loss=0.5875 | val_loss=0.6332 | val_acc=0.7774 | best_val=0.6332@6 | bad=0/10 | lr=1.00e-03 | dt=21.1s
2025-10-04 09:56:25 - INFO - [epoch 7/50] train_loss=0.5411 | val_loss=0.5498 | val_acc=0.8160 | best_val=0.5498@7 | bad=0/10 | lr=1.00e-03 | dt=20.8s
2025-10-04 09:56:46 - INFO - [epoch 8/50] train_loss=0.5020 | val_loss=0.6207 | val_acc=0.7938 | best_val=0.5498@7 | bad=1/10 | lr=1.00e-03 | dt=21.1s
2025-10-04 09:57:08 - INFO - [epoch 9/50] train_loss=0.4731 | val_loss=0.5675 | val_acc=0.8038 | best_val=0.5498@7 | bad=2/10 | lr=1.00e-03 | dt=21.9s
2025-10-04 09:57:30 - INFO - [epoch 10/50] train_loss=0.4512 | val_loss=0.5239 | val_acc=0.8198 | best_val=0.5239@10 | bad=0/10 | lr=1.00e-03 | dt=21.3s
2025-10-04 09:57:51 - INFO - [epoch 11/50] train_loss=0.4258 | val_loss=0.4955 | val_acc=0.8320 | best_val=0.4955@11 | bad=0/10 | lr=1.00e-03 | dt=21.6s
2025-10-04 09:58:13 - INFO - [epoch 12/50] train_loss=0.4104 | val_loss=0.4907 | val_acc=0.8366 | best_val=0.4907@12 | bad=0/10 | lr=1.00e-03 | dt=21.9s
2025-10-04 09:58:36 - INFO - [epoch 13/50] train_loss=0.3913 | val_loss=0.4887 | val_acc=0.8380 | best_val=0.4887@13 | bad=0/10 | lr=1.00e-03 | dt=23.1s
2025-10-04 09:59:00 - INFO - [epoch 14/50] train_loss=0.3719 | val_loss=0.5296 | val_acc=0.8252 | best_val=0.4887@13 | bad=1/10 | lr=1.00e-03 | dt=23.6s
2025-10-04 09:59:24 - INFO - [epoch 15/50] train_loss=0.3664 | val_loss=0.5071 | val_acc=0.8362 | best_val=0.4887@13 | bad=2/10 | lr=1.00e-03 | dt=24.3s
2025-10-04 09:59:46 - INFO - [epoch 16/50] train_loss=0.3489 | val_loss=0.4659 | val_acc=0.8428 | best_val=0.4659@16 | bad=0/10 | lr=1.00e-03 | dt=22.0s
2025-10-04 10:00:08 - INFO - [epoch 17/50] train_loss=0.3369 | val_loss=0.4548 | val_acc=0.8504 | best_val=0.4548@17 | bad=0/10 | lr=1.00e-03 | dt=21.6s
2025-10-04 10:00:29 - INFO - [epoch 18/50] train_loss=0.3283 | val_loss=0.4300 | val_acc=0.8582 | best_val=0.4300@18 | bad=0/10 | lr=1.00e-03 | dt=21.7s
2025-10-04 10:00:50 - INFO - [epoch 19/50] train_loss=0.3204 | val_loss=0.4196 | val_acc=0.8584 | best_val=0.4196@19 | bad=0/10 | lr=1.00e-03 | dt=20.9s
2025-10-04 10:01:12 - INFO - [epoch 20/50] train_loss=0.3079 | val_loss=0.4321 | val_acc=0.8538 | best_val=0.4196@19 | bad=1/10 | lr=1.00e-03 | dt=21.5s
2025-10-04 10:01:33 - INFO - [epoch 21/50] train_loss=0.2960 | val_loss=0.4919 | val_acc=0.8454 | best_val=0.4196@19 | bad=2/10 | lr=1.00e-03 | dt=21.3s
2025-10-04 10:01:54 - INFO - [epoch 22/50] train_loss=0.2941 | val_loss=0.4419 | val_acc=0.8506 | best_val=0.4196@19 | bad=3/10 | lr=1.00e-03 | dt=21.1s
2025-10-04 10:02:16 - INFO - [epoch 23/50] train_loss=0.2884 | val_loss=0.3988 | val_acc=0.8658 | best_val=0.3988@23 | bad=0/10 | lr=1.00e-03 | dt=22.2s
2025-10-04 10:02:39 - INFO - [epoch 24/50] train_loss=0.2758 | val_loss=0.3847 | val_acc=0.8714 | best_val=0.3847@24 | bad=0/10 | lr=1.00e-03 | dt=22.3s
2025-10-04 10:03:00 - INFO - [epoch 25/50] train_loss=0.2691 | val_loss=0.4140 | val_acc=0.8616 | best_val=0.3847@24 | bad=1/10 | lr=1.00e-03 | dt=21.2s
2025-10-04 10:03:22 - INFO - [epoch 26/50] train_loss=0.2658 | val_loss=0.4580 | val_acc=0.8604 | best_val=0.3847@24 | bad=2/10 | lr=1.00e-03 | dt=22.6s
2025-10-04 10:03:46 - INFO - [epoch 27/50] train_loss=0.2665 | val_loss=0.4218 | val_acc=0.8668 | best_val=0.3847@24 | bad=3/10 | lr=1.00e-03 | dt=23.6s
2025-10-04 10:04:09 - INFO - [epoch 28/50] train_loss=0.2514 | val_loss=0.4221 | val_acc=0.8674 | best_val=0.3847@24 | bad=4/10 | lr=1.00e-03 | dt=22.8s
2025-10-04 10:04:33 - INFO - [epoch 29/50] train_loss=0.2520 | val_loss=0.4390 | val_acc=0.8558 | best_val=0.3847@24 | bad=5/10 | lr=1.00e-03 | dt=23.7s
2025-10-04 10:04:56 - INFO - [epoch 30/50] train_loss=0.2489 | val_loss=0.3945 | val_acc=0.8722 | best_val=0.3847@24 | bad=6/10 | lr=1.00e-03 | dt=23.7s
2025-10-04 10:05:19 - INFO - [epoch 31/50] train_loss=0.2473 | val_loss=0.4234 | val_acc=0.8706 | best_val=0.3847@24 | bad=7/10 | lr=1.00e-03 | dt=23.1s
2025-10-04 10:05:41 - INFO - [epoch 32/50] train_loss=0.2365 | val_loss=0.4444 | val_acc=0.8646 | best_val=0.3847@24 | bad=8/10 | lr=1.00e-03 | dt=21.2s
2025-10-04 10:06:03 - INFO - [epoch 33/50] train_loss=0.2297 | val_loss=0.4534 | val_acc=0.8608 | best_val=0.3847@24 | bad=9/10 | lr=1.00e-03 | dt=22.1s
2025-10-04 10:06:24 - INFO - [epoch 34/50] train_loss=0.2328 | val_loss=0.4395 | val_acc=0.8594 | best_val=0.3847@24 | bad=10/10 | lr=1.00e-03 | dt=21.7s
2025-10-04 10:06:24 - INFO - Early stopping: no improvement for 10 epochs (best=0.3847 @ epoch 24)
2025-10-04 10:06:25 - INFO - Run finished in 747.8s | best_val_loss=0.3847 @epoch 24 | best_val_acc=0.8714
2025-10-04 10:06:27 - INFO - Test: loss=0.4566 acc=0.8604
2025-10-04 10:06:27 - INFO - ======== [End Run 51/140] width=110 depth=6 | best_val=0.3847 | test_acc=0.8604 ========

