2025-10-03 02:58:21 - INFO - ======== [Run 23/250] width=230 depth=1 ========
2025-10-03 02:58:21 - INFO - Device=cuda | dataset=cifar10 | batch=64 | max_epochs=50 | patience=10 | lr=1.00e-03 | wd=1.0e-04
2025-10-03 02:58:21 - INFO - Model params=8980 | neurons=460 | pooling=[1, 3]
2025-10-03 02:58:39 - INFO - [epoch 1/50] train_loss=1.9810 | val_loss=1.9021 | val_acc=0.3088 | best_val=1.9021@1 | bad=0/10 | lr=1.00e-03 | dt=18.4s
2025-10-03 02:58:56 - INFO - [epoch 2/50] train_loss=1.8429 | val_loss=1.8523 | val_acc=0.3144 | best_val=1.8523@2 | bad=0/10 | lr=1.00e-03 | dt=17.4s
2025-10-03 02:59:14 - INFO - [epoch 3/50] train_loss=1.7805 | val_loss=1.7847 | val_acc=0.3374 | best_val=1.7847@3 | bad=0/10 | lr=1.00e-03 | dt=17.4s
2025-10-03 02:59:31 - INFO - [epoch 4/50] train_loss=1.7422 | val_loss=1.7384 | val_acc=0.3700 | best_val=1.7384@4 | bad=0/10 | lr=1.00e-03 | dt=17.1s
2025-10-03 02:59:48 - INFO - [epoch 5/50] train_loss=1.7120 | val_loss=1.7972 | val_acc=0.3502 | best_val=1.7384@4 | bad=1/10 | lr=1.00e-03 | dt=17.3s
2025-10-03 03:00:06 - INFO - [epoch 6/50] train_loss=1.6932 | val_loss=1.7602 | val_acc=0.3448 | best_val=1.7384@4 | bad=2/10 | lr=1.00e-03 | dt=17.6s
2025-10-03 03:00:24 - INFO - [epoch 7/50] train_loss=1.6737 | val_loss=1.7294 | val_acc=0.3584 | best_val=1.7294@7 | bad=0/10 | lr=1.00e-03 | dt=17.9s
2025-10-03 03:00:42 - INFO - [epoch 8/50] train_loss=1.6561 | val_loss=1.7511 | val_acc=0.3708 | best_val=1.7294@7 | bad=1/10 | lr=1.00e-03 | dt=17.9s
2025-10-03 03:00:59 - INFO - [epoch 9/50] train_loss=1.6453 | val_loss=1.6777 | val_acc=0.3914 | best_val=1.6777@9 | bad=0/10 | lr=1.00e-03 | dt=17.3s
2025-10-03 03:01:16 - INFO - [epoch 10/50] train_loss=1.6364 | val_loss=1.6909 | val_acc=0.3850 | best_val=1.6777@9 | bad=1/10 | lr=1.00e-03 | dt=17.3s
2025-10-03 03:01:34 - INFO - [epoch 11/50] train_loss=1.6196 | val_loss=1.6584 | val_acc=0.4062 | best_val=1.6584@11 | bad=0/10 | lr=1.00e-03 | dt=17.7s
2025-10-03 03:01:51 - INFO - [epoch 12/50] train_loss=1.6101 | val_loss=1.6545 | val_acc=0.4048 | best_val=1.6545@12 | bad=0/10 | lr=1.00e-03 | dt=17.4s
2025-10-03 03:02:09 - INFO - [epoch 13/50] train_loss=1.6056 | val_loss=1.6795 | val_acc=0.4010 | best_val=1.6545@12 | bad=1/10 | lr=1.00e-03 | dt=17.6s
2025-10-03 03:02:27 - INFO - [epoch 14/50] train_loss=1.5942 | val_loss=1.6657 | val_acc=0.3934 | best_val=1.6545@12 | bad=2/10 | lr=1.00e-03 | dt=17.9s
2025-10-03 03:02:44 - INFO - [epoch 15/50] train_loss=1.5838 | val_loss=1.6529 | val_acc=0.4190 | best_val=1.6529@15 | bad=0/10 | lr=1.00e-03 | dt=17.4s
2025-10-03 03:03:02 - INFO - [epoch 16/50] train_loss=1.5765 | val_loss=1.6236 | val_acc=0.4258 | best_val=1.6236@16 | bad=0/10 | lr=1.00e-03 | dt=17.6s
2025-10-03 03:03:19 - INFO - [epoch 17/50] train_loss=1.5676 | val_loss=1.6467 | val_acc=0.4204 | best_val=1.6236@16 | bad=1/10 | lr=1.00e-03 | dt=17.1s
2025-10-03 03:03:36 - INFO - [epoch 18/50] train_loss=1.5629 | val_loss=1.6455 | val_acc=0.4142 | best_val=1.6236@16 | bad=2/10 | lr=1.00e-03 | dt=17.4s
2025-10-03 03:03:53 - INFO - [epoch 19/50] train_loss=1.5545 | val_loss=1.5836 | val_acc=0.4408 | best_val=1.5836@19 | bad=0/10 | lr=1.00e-03 | dt=17.3s
2025-10-03 03:04:12 - INFO - [epoch 20/50] train_loss=1.5494 | val_loss=1.6107 | val_acc=0.4384 | best_val=1.5836@19 | bad=1/10 | lr=1.00e-03 | dt=18.1s
2025-10-03 03:04:29 - INFO - [epoch 21/50] train_loss=1.5427 | val_loss=1.6056 | val_acc=0.4364 | best_val=1.5836@19 | bad=2/10 | lr=1.00e-03 | dt=17.8s
2025-10-03 03:04:47 - INFO - [epoch 22/50] train_loss=1.5366 | val_loss=1.6003 | val_acc=0.4410 | best_val=1.5836@19 | bad=3/10 | lr=1.00e-03 | dt=17.5s
2025-10-03 03:05:04 - INFO - [epoch 23/50] train_loss=1.5313 | val_loss=1.5906 | val_acc=0.4420 | best_val=1.5836@19 | bad=4/10 | lr=1.00e-03 | dt=17.5s
2025-10-03 03:05:21 - INFO - [epoch 24/50] train_loss=1.5219 | val_loss=1.5410 | val_acc=0.4644 | best_val=1.5410@24 | bad=0/10 | lr=1.00e-03 | dt=17.2s
2025-10-03 03:05:39 - INFO - [epoch 25/50] train_loss=1.5214 | val_loss=1.5713 | val_acc=0.4502 | best_val=1.5410@24 | bad=1/10 | lr=1.00e-03 | dt=17.3s
2025-10-03 03:05:56 - INFO - [epoch 26/50] train_loss=1.5121 | val_loss=1.5477 | val_acc=0.4580 | best_val=1.5410@24 | bad=2/10 | lr=1.00e-03 | dt=17.1s
2025-10-03 03:06:13 - INFO - [epoch 27/50] train_loss=1.5085 | val_loss=1.5631 | val_acc=0.4562 | best_val=1.5410@24 | bad=3/10 | lr=1.00e-03 | dt=17.1s
2025-10-03 03:06:30 - INFO - [epoch 28/50] train_loss=1.4989 | val_loss=1.5449 | val_acc=0.4590 | best_val=1.5410@24 | bad=4/10 | lr=1.00e-03 | dt=17.2s
2025-10-03 03:06:47 - INFO - [epoch 29/50] train_loss=1.4980 | val_loss=1.5142 | val_acc=0.4810 | best_val=1.5142@29 | bad=0/10 | lr=1.00e-03 | dt=16.6s
2025-10-03 03:07:04 - INFO - [epoch 30/50] train_loss=1.4887 | val_loss=1.5439 | val_acc=0.4654 | best_val=1.5142@29 | bad=1/10 | lr=1.00e-03 | dt=17.2s
2025-10-03 03:07:21 - INFO - [epoch 31/50] train_loss=1.4894 | val_loss=1.5632 | val_acc=0.4506 | best_val=1.5142@29 | bad=2/10 | lr=1.00e-03 | dt=16.9s
2025-10-03 03:07:37 - INFO - [epoch 32/50] train_loss=1.4835 | val_loss=1.5407 | val_acc=0.4708 | best_val=1.5142@29 | bad=3/10 | lr=1.00e-03 | dt=16.5s
2025-10-03 03:07:54 - INFO - [epoch 33/50] train_loss=1.4757 | val_loss=1.5259 | val_acc=0.4566 | best_val=1.5142@29 | bad=4/10 | lr=1.00e-03 | dt=16.9s
2025-10-03 03:08:11 - INFO - [epoch 34/50] train_loss=1.4713 | val_loss=1.4832 | val_acc=0.4914 | best_val=1.4832@34 | bad=0/10 | lr=1.00e-03 | dt=16.7s
2025-10-03 03:08:28 - INFO - [epoch 35/50] train_loss=1.4645 | val_loss=1.5089 | val_acc=0.4734 | best_val=1.4832@34 | bad=1/10 | lr=1.00e-03 | dt=17.0s
2025-10-03 03:08:45 - INFO - [epoch 36/50] train_loss=1.4660 | val_loss=1.4982 | val_acc=0.4880 | best_val=1.4832@34 | bad=2/10 | lr=1.00e-03 | dt=17.2s
2025-10-03 03:09:03 - INFO - [epoch 37/50] train_loss=1.4598 | val_loss=1.5000 | val_acc=0.4736 | best_val=1.4832@34 | bad=3/10 | lr=1.00e-03 | dt=18.1s
2025-10-03 03:09:21 - INFO - [epoch 38/50] train_loss=1.4558 | val_loss=1.5292 | val_acc=0.4682 | best_val=1.4832@34 | bad=4/10 | lr=1.00e-03 | dt=17.7s
2025-10-03 03:09:39 - INFO - [epoch 39/50] train_loss=1.4541 | val_loss=1.4913 | val_acc=0.4836 | best_val=1.4832@34 | bad=5/10 | lr=1.00e-03 | dt=17.6s
2025-10-03 03:09:56 - INFO - [epoch 40/50] train_loss=1.4495 | val_loss=1.4868 | val_acc=0.4824 | best_val=1.4832@34 | bad=6/10 | lr=1.00e-03 | dt=17.6s
2025-10-03 03:10:14 - INFO - [epoch 41/50] train_loss=1.4478 | val_loss=1.4779 | val_acc=0.4926 | best_val=1.4779@41 | bad=0/10 | lr=1.00e-03 | dt=17.5s
2025-10-03 03:10:31 - INFO - [epoch 42/50] train_loss=1.4435 | val_loss=1.4739 | val_acc=0.4840 | best_val=1.4739@42 | bad=0/10 | lr=1.00e-03 | dt=17.8s
2025-10-03 03:10:49 - INFO - [epoch 43/50] train_loss=1.4331 | val_loss=1.4888 | val_acc=0.4844 | best_val=1.4739@42 | bad=1/10 | lr=1.00e-03 | dt=17.4s
2025-10-03 03:11:07 - INFO - [epoch 44/50] train_loss=1.4350 | val_loss=1.4666 | val_acc=0.4874 | best_val=1.4666@44 | bad=0/10 | lr=1.00e-03 | dt=17.8s
2025-10-03 03:11:24 - INFO - [epoch 45/50] train_loss=1.4286 | val_loss=1.4566 | val_acc=0.4918 | best_val=1.4566@45 | bad=0/10 | lr=1.00e-03 | dt=17.0s
2025-10-03 03:11:41 - INFO - [epoch 46/50] train_loss=1.4299 | val_loss=1.4468 | val_acc=0.4986 | best_val=1.4468@46 | bad=0/10 | lr=1.00e-03 | dt=17.1s
2025-10-03 03:11:58 - INFO - [epoch 47/50] train_loss=1.4234 | val_loss=1.4440 | val_acc=0.4998 | best_val=1.4440@47 | bad=0/10 | lr=1.00e-03 | dt=16.8s
2025-10-03 03:12:15 - INFO - [epoch 48/50] train_loss=1.4204 | val_loss=1.4568 | val_acc=0.4910 | best_val=1.4440@47 | bad=1/10 | lr=1.00e-03 | dt=17.5s
2025-10-03 03:12:32 - INFO - [epoch 49/50] train_loss=1.4202 | val_loss=1.4681 | val_acc=0.4818 | best_val=1.4440@47 | bad=2/10 | lr=1.00e-03 | dt=17.4s
2025-10-03 03:12:50 - INFO - [epoch 50/50] train_loss=1.4138 | val_loss=1.4481 | val_acc=0.4974 | best_val=1.4440@47 | bad=3/10 | lr=1.00e-03 | dt=17.3s
2025-10-03 03:12:51 - INFO - Run finished in 869.8s | best_val_loss=1.4440 @epoch 47 | best_val_acc=0.4998
2025-10-03 03:12:53 - INFO - Test: loss=1.4436 acc=0.4895
2025-10-03 03:12:53 - INFO - ======== [End Run 23/250] width=230 depth=1 | best_val=1.4440 | test_acc=0.4895 ========

