2025-10-04 10:53:46 - INFO - ======== [Run 55/140] width=150 depth=6 ========
2025-10-04 10:53:46 - INFO - Device=cuda | dataset=cifar10 | batch=64 | max_epochs=50 | patience=10 | lr=1.00e-03 | wd=1.0e-04
2025-10-04 10:53:46 - INFO - Model params=1019860 | neurons=1050 | pooling=[1, 3]
2025-10-04 10:54:17 - INFO - [epoch 1/50] train_loss=1.4293 | val_loss=1.1581 | val_acc=0.5752 | best_val=1.1581@1 | bad=0/10 | lr=1.00e-03 | dt=31.0s
2025-10-04 10:54:47 - INFO - [epoch 2/50] train_loss=1.0159 | val_loss=0.9316 | val_acc=0.6712 | best_val=0.9316@2 | bad=0/10 | lr=1.00e-03 | dt=29.4s
2025-10-04 10:55:16 - INFO - [epoch 3/50] train_loss=0.8356 | val_loss=0.8020 | val_acc=0.7192 | best_val=0.8020@3 | bad=0/10 | lr=1.00e-03 | dt=29.3s
2025-10-04 10:55:45 - INFO - [epoch 4/50] train_loss=0.7130 | val_loss=0.6967 | val_acc=0.7506 | best_val=0.6967@4 | bad=0/10 | lr=1.00e-03 | dt=29.4s
2025-10-04 10:56:14 - INFO - [epoch 5/50] train_loss=0.6244 | val_loss=0.6220 | val_acc=0.7924 | best_val=0.6220@5 | bad=0/10 | lr=1.00e-03 | dt=28.3s
2025-10-04 10:56:43 - INFO - [epoch 6/50] train_loss=0.5675 | val_loss=0.6199 | val_acc=0.7890 | best_val=0.6199@6 | bad=0/10 | lr=1.00e-03 | dt=29.1s
2025-10-04 10:57:12 - INFO - [epoch 7/50] train_loss=0.5204 | val_loss=0.5547 | val_acc=0.8064 | best_val=0.5547@7 | bad=0/10 | lr=1.00e-03 | dt=29.2s
2025-10-04 10:57:41 - INFO - [epoch 8/50] train_loss=0.4943 | val_loss=0.6178 | val_acc=0.7894 | best_val=0.5547@7 | bad=1/10 | lr=1.00e-03 | dt=29.1s
2025-10-04 10:58:10 - INFO - [epoch 9/50] train_loss=0.4553 | val_loss=0.5025 | val_acc=0.8230 | best_val=0.5025@9 | bad=0/10 | lr=1.00e-03 | dt=29.4s
2025-10-04 10:58:39 - INFO - [epoch 10/50] train_loss=0.4352 | val_loss=0.4917 | val_acc=0.8306 | best_val=0.4917@10 | bad=0/10 | lr=1.00e-03 | dt=28.8s
2025-10-04 10:59:07 - INFO - [epoch 11/50] train_loss=0.4107 | val_loss=0.4966 | val_acc=0.8292 | best_val=0.4917@10 | bad=1/10 | lr=1.00e-03 | dt=28.1s
2025-10-04 10:59:34 - INFO - [epoch 12/50] train_loss=0.3854 | val_loss=0.4506 | val_acc=0.8488 | best_val=0.4506@12 | bad=0/10 | lr=1.00e-03 | dt=26.2s
2025-10-04 10:59:56 - INFO - [epoch 13/50] train_loss=0.3679 | val_loss=0.4272 | val_acc=0.8516 | best_val=0.4272@13 | bad=0/10 | lr=1.00e-03 | dt=22.8s
2025-10-04 11:00:19 - INFO - [epoch 14/50] train_loss=0.3534 | val_loss=0.4412 | val_acc=0.8524 | best_val=0.4272@13 | bad=1/10 | lr=1.00e-03 | dt=22.4s
2025-10-04 11:00:41 - INFO - [epoch 15/50] train_loss=0.3410 | val_loss=0.4292 | val_acc=0.8576 | best_val=0.4272@13 | bad=2/10 | lr=1.00e-03 | dt=22.6s
2025-10-04 11:01:04 - INFO - [epoch 16/50] train_loss=0.3239 | val_loss=0.4591 | val_acc=0.8496 | best_val=0.4272@13 | bad=3/10 | lr=1.00e-03 | dt=22.7s
2025-10-04 11:01:27 - INFO - [epoch 17/50] train_loss=0.3112 | val_loss=0.4423 | val_acc=0.8454 | best_val=0.4272@13 | bad=4/10 | lr=1.00e-03 | dt=22.7s
2025-10-04 11:01:49 - INFO - [epoch 18/50] train_loss=0.3056 | val_loss=0.4788 | val_acc=0.8448 | best_val=0.4272@13 | bad=5/10 | lr=1.00e-03 | dt=22.6s
2025-10-04 11:02:12 - INFO - [epoch 19/50] train_loss=0.2942 | val_loss=0.4706 | val_acc=0.8502 | best_val=0.4272@13 | bad=6/10 | lr=1.00e-03 | dt=22.8s
2025-10-04 11:02:35 - INFO - [epoch 20/50] train_loss=0.2850 | val_loss=0.4510 | val_acc=0.8538 | best_val=0.4272@13 | bad=7/10 | lr=1.00e-03 | dt=22.6s
2025-10-04 11:02:58 - INFO - [epoch 21/50] train_loss=0.2798 | val_loss=0.4306 | val_acc=0.8634 | best_val=0.4272@13 | bad=8/10 | lr=1.00e-03 | dt=22.8s
2025-10-04 11:03:20 - INFO - [epoch 22/50] train_loss=0.2689 | val_loss=0.4016 | val_acc=0.8698 | best_val=0.4016@22 | bad=0/10 | lr=1.00e-03 | dt=22.7s
2025-10-04 11:03:43 - INFO - [epoch 23/50] train_loss=0.2576 | val_loss=0.4234 | val_acc=0.8684 | best_val=0.4016@22 | bad=1/10 | lr=1.00e-03 | dt=22.8s
2025-10-04 11:04:06 - INFO - [epoch 24/50] train_loss=0.2541 | val_loss=0.3832 | val_acc=0.8760 | best_val=0.3832@24 | bad=0/10 | lr=1.00e-03 | dt=22.7s
2025-10-04 11:04:29 - INFO - [epoch 25/50] train_loss=0.2525 | val_loss=0.4063 | val_acc=0.8710 | best_val=0.3832@24 | bad=1/10 | lr=1.00e-03 | dt=22.8s
2025-10-04 11:05:14 - INFO - [epoch 26/50] train_loss=0.2437 | val_loss=0.4162 | val_acc=0.8738 | best_val=0.3832@24 | bad=2/10 | lr=1.00e-03 | dt=45.9s
2025-10-04 11:07:09 - INFO - [epoch 27/50] train_loss=0.2424 | val_loss=0.4314 | val_acc=0.8664 | best_val=0.3832@24 | bad=3/10 | lr=1.00e-03 | dt=114.3s
2025-10-04 11:09:11 - INFO - [epoch 28/50] train_loss=0.2326 | val_loss=0.4133 | val_acc=0.8636 | best_val=0.3832@24 | bad=4/10 | lr=1.00e-03 | dt=121.9s
2025-10-04 11:11:10 - INFO - [epoch 29/50] train_loss=0.2365 | val_loss=0.3940 | val_acc=0.8774 | best_val=0.3832@24 | bad=5/10 | lr=1.00e-03 | dt=119.0s
2025-10-04 11:13:13 - INFO - [epoch 30/50] train_loss=0.2244 | val_loss=0.4360 | val_acc=0.8644 | best_val=0.3832@24 | bad=6/10 | lr=1.00e-03 | dt=123.4s
2025-10-04 11:15:12 - INFO - [epoch 31/50] train_loss=0.2247 | val_loss=0.4578 | val_acc=0.8654 | best_val=0.3832@24 | bad=7/10 | lr=1.00e-03 | dt=119.3s
2025-10-04 11:17:12 - INFO - [epoch 32/50] train_loss=0.2150 | val_loss=0.4353 | val_acc=0.8702 | best_val=0.3832@24 | bad=8/10 | lr=1.00e-03 | dt=119.7s
2025-10-04 11:19:12 - INFO - [epoch 33/50] train_loss=0.2180 | val_loss=0.4045 | val_acc=0.8770 | best_val=0.3832@24 | bad=9/10 | lr=1.00e-03 | dt=120.1s
2025-10-04 11:21:12 - INFO - [epoch 34/50] train_loss=0.2117 | val_loss=0.4211 | val_acc=0.8720 | best_val=0.3832@24 | bad=10/10 | lr=1.00e-03 | dt=119.5s
2025-10-04 11:21:12 - INFO - Early stopping: no improvement for 10 epochs (best=0.3832 @ epoch 24)
2025-10-04 11:21:12 - INFO - Run finished in 1646.1s | best_val_loss=0.3832 @epoch 24 | best_val_acc=0.8760
2025-10-04 11:21:21 - INFO - Test: loss=0.4404 acc=0.8707
2025-10-04 11:21:21 - INFO - ======== [End Run 55/140] width=150 depth=6 | best_val=0.3832 | test_acc=0.8707 ========

