2025-10-03 21:16:24 - INFO - ======== [Run 5/14] width=160 depth=2 ========
2025-10-03 21:16:24 - INFO - Device=cuda | dataset=cifar10 | batch=64 | max_epochs=50 | patience=10 | lr=1.00e-03 | wd=1.0e-04
2025-10-03 21:16:24 - INFO - Model params=236970 | neurons=480 | pooling=[1, 3]
2025-10-03 21:16:40 - INFO - [epoch 1/50] train_loss=1.7105 | val_loss=1.5414 | val_acc=0.4338 | best_val=1.5414@1 | bad=0/10 | lr=1.00e-03 | dt=16.5s
2025-10-03 21:16:56 - INFO - [epoch 2/50] train_loss=1.4811 | val_loss=1.5388 | val_acc=0.4490 | best_val=1.5388@2 | bad=0/10 | lr=1.00e-03 | dt=15.6s
2025-10-03 21:17:12 - INFO - [epoch 3/50] train_loss=1.3918 | val_loss=1.4674 | val_acc=0.4716 | best_val=1.4674@3 | bad=0/10 | lr=1.00e-03 | dt=15.8s
2025-10-03 21:17:27 - INFO - [epoch 4/50] train_loss=1.3369 | val_loss=1.4118 | val_acc=0.4990 | best_val=1.4118@4 | bad=0/10 | lr=1.00e-03 | dt=15.8s
2025-10-03 21:17:43 - INFO - [epoch 5/50] train_loss=1.2918 | val_loss=1.4068 | val_acc=0.4968 | best_val=1.4068@5 | bad=0/10 | lr=1.00e-03 | dt=15.8s
2025-10-03 21:17:59 - INFO - [epoch 6/50] train_loss=1.2567 | val_loss=1.3506 | val_acc=0.5204 | best_val=1.3506@6 | bad=0/10 | lr=1.00e-03 | dt=15.6s
2025-10-03 21:18:14 - INFO - [epoch 7/50] train_loss=1.2278 | val_loss=1.3233 | val_acc=0.5382 | best_val=1.3233@7 | bad=0/10 | lr=1.00e-03 | dt=15.5s
2025-10-03 21:18:30 - INFO - [epoch 8/50] train_loss=1.2033 | val_loss=1.2302 | val_acc=0.5624 | best_val=1.2302@8 | bad=0/10 | lr=1.00e-03 | dt=16.1s
2025-10-03 21:18:46 - INFO - [epoch 9/50] train_loss=1.1824 | val_loss=1.2518 | val_acc=0.5502 | best_val=1.2302@8 | bad=1/10 | lr=1.00e-03 | dt=15.8s
2025-10-03 21:19:02 - INFO - [epoch 10/50] train_loss=1.1678 | val_loss=1.2059 | val_acc=0.5852 | best_val=1.2059@10 | bad=0/10 | lr=1.00e-03 | dt=15.5s
2025-10-03 21:19:18 - INFO - [epoch 11/50] train_loss=1.1401 | val_loss=1.2130 | val_acc=0.5806 | best_val=1.2059@10 | bad=1/10 | lr=1.00e-03 | dt=16.0s
2025-10-03 21:19:34 - INFO - [epoch 12/50] train_loss=1.1233 | val_loss=1.3031 | val_acc=0.5442 | best_val=1.2059@10 | bad=2/10 | lr=1.00e-03 | dt=16.4s
2025-10-03 21:19:50 - INFO - [epoch 13/50] train_loss=1.1063 | val_loss=1.2699 | val_acc=0.5642 | best_val=1.2059@10 | bad=3/10 | lr=1.00e-03 | dt=15.6s
2025-10-03 21:20:05 - INFO - [epoch 14/50] train_loss=1.0877 | val_loss=1.1278 | val_acc=0.6068 | best_val=1.1278@14 | bad=0/10 | lr=1.00e-03 | dt=15.6s
2025-10-03 21:20:21 - INFO - [epoch 15/50] train_loss=1.0793 | val_loss=1.1510 | val_acc=0.6042 | best_val=1.1278@14 | bad=1/10 | lr=1.00e-03 | dt=15.6s
2025-10-03 21:20:37 - INFO - [epoch 16/50] train_loss=1.0639 | val_loss=1.0911 | val_acc=0.6100 | best_val=1.0911@16 | bad=0/10 | lr=1.00e-03 | dt=15.9s
2025-10-03 21:20:52 - INFO - [epoch 17/50] train_loss=1.0515 | val_loss=1.2068 | val_acc=0.5954 | best_val=1.0911@16 | bad=1/10 | lr=1.00e-03 | dt=15.4s
2025-10-03 21:21:07 - INFO - [epoch 18/50] train_loss=1.0379 | val_loss=1.0780 | val_acc=0.6194 | best_val=1.0780@18 | bad=0/10 | lr=1.00e-03 | dt=15.5s
2025-10-03 21:21:23 - INFO - [epoch 19/50] train_loss=1.0300 | val_loss=1.2390 | val_acc=0.5658 | best_val=1.0780@18 | bad=1/10 | lr=1.00e-03 | dt=15.5s
2025-10-03 21:21:39 - INFO - [epoch 20/50] train_loss=1.0185 | val_loss=1.4552 | val_acc=0.4956 | best_val=1.0780@18 | bad=2/10 | lr=1.00e-03 | dt=15.9s
2025-10-03 21:21:54 - INFO - [epoch 21/50] train_loss=1.0038 | val_loss=1.1539 | val_acc=0.6064 | best_val=1.0780@18 | bad=3/10 | lr=1.00e-03 | dt=15.4s
2025-10-03 21:22:10 - INFO - [epoch 22/50] train_loss=0.9982 | val_loss=1.1643 | val_acc=0.5908 | best_val=1.0780@18 | bad=4/10 | lr=1.00e-03 | dt=15.4s
2025-10-03 21:22:25 - INFO - [epoch 23/50] train_loss=0.9851 | val_loss=1.1707 | val_acc=0.5890 | best_val=1.0780@18 | bad=5/10 | lr=1.00e-03 | dt=15.6s
2025-10-03 21:22:41 - INFO - [epoch 24/50] train_loss=0.9765 | val_loss=1.1475 | val_acc=0.6100 | best_val=1.0780@18 | bad=6/10 | lr=1.00e-03 | dt=15.7s
2025-10-03 21:22:56 - INFO - [epoch 25/50] train_loss=0.9701 | val_loss=1.1149 | val_acc=0.6104 | best_val=1.0780@18 | bad=7/10 | lr=1.00e-03 | dt=15.4s
2025-10-03 21:23:12 - INFO - [epoch 26/50] train_loss=0.9575 | val_loss=1.0845 | val_acc=0.6292 | best_val=1.0780@18 | bad=8/10 | lr=1.00e-03 | dt=15.7s
2025-10-03 21:23:28 - INFO - [epoch 27/50] train_loss=0.9517 | val_loss=1.3013 | val_acc=0.5698 | best_val=1.0780@18 | bad=9/10 | lr=1.00e-03 | dt=15.4s
2025-10-03 21:23:43 - INFO - [epoch 28/50] train_loss=0.9460 | val_loss=1.2254 | val_acc=0.5876 | best_val=1.0780@18 | bad=10/10 | lr=1.00e-03 | dt=15.9s
2025-10-03 21:23:43 - INFO - Early stopping: no improvement for 10 epochs (best=1.0780 @ epoch 18)
2025-10-03 21:23:44 - INFO - Run finished in 440.0s | best_val_loss=1.0780 @epoch 18 | best_val_acc=0.6194
2025-10-03 21:23:45 - INFO - Test: loss=1.2230 acc=0.5848
2025-10-03 21:23:45 - INFO - ======== [End Run 5/14] width=160 depth=2 | best_val=1.0780 | test_acc=0.5848 ========

