2025-10-03 21:23:46 - INFO - ======== [Run 6/14] width=170 depth=2 ========
2025-10-03 21:23:46 - INFO - Device=cuda | dataset=cifar10 | batch=64 | max_epochs=50 | patience=10 | lr=1.00e-03 | wd=1.0e-04
2025-10-03 21:23:46 - INFO - Model params=267080 | neurons=510 | pooling=[1, 3]
2025-10-03 21:24:04 - INFO - [epoch 1/50] train_loss=1.7103 | val_loss=1.5311 | val_acc=0.4334 | best_val=1.5311@1 | bad=0/10 | lr=1.00e-03 | dt=17.7s
2025-10-03 21:24:20 - INFO - [epoch 2/50] train_loss=1.4773 | val_loss=1.5269 | val_acc=0.4454 | best_val=1.5269@2 | bad=0/10 | lr=1.00e-03 | dt=16.5s
2025-10-03 21:24:37 - INFO - [epoch 3/50] train_loss=1.3840 | val_loss=1.4025 | val_acc=0.4978 | best_val=1.4025@3 | bad=0/10 | lr=1.00e-03 | dt=16.6s
2025-10-03 21:24:54 - INFO - [epoch 4/50] train_loss=1.3330 | val_loss=1.5030 | val_acc=0.4736 | best_val=1.4025@3 | bad=1/10 | lr=1.00e-03 | dt=17.1s
2025-10-03 21:25:11 - INFO - [epoch 5/50] train_loss=1.2849 | val_loss=1.3918 | val_acc=0.5076 | best_val=1.3918@5 | bad=0/10 | lr=1.00e-03 | dt=16.5s
2025-10-03 21:25:27 - INFO - [epoch 6/50] train_loss=1.2535 | val_loss=1.3253 | val_acc=0.5330 | best_val=1.3253@6 | bad=0/10 | lr=1.00e-03 | dt=16.7s
2025-10-03 21:25:44 - INFO - [epoch 7/50] train_loss=1.2231 | val_loss=1.2188 | val_acc=0.5702 | best_val=1.2188@7 | bad=0/10 | lr=1.00e-03 | dt=16.7s
2025-10-03 21:26:01 - INFO - [epoch 8/50] train_loss=1.1973 | val_loss=1.2202 | val_acc=0.5694 | best_val=1.2188@7 | bad=1/10 | lr=1.00e-03 | dt=16.8s
2025-10-03 21:26:17 - INFO - [epoch 9/50] train_loss=1.1778 | val_loss=1.2993 | val_acc=0.5502 | best_val=1.2188@7 | bad=2/10 | lr=1.00e-03 | dt=16.6s
2025-10-03 21:26:34 - INFO - [epoch 10/50] train_loss=1.1516 | val_loss=1.4213 | val_acc=0.5070 | best_val=1.2188@7 | bad=3/10 | lr=1.00e-03 | dt=16.7s
2025-10-03 21:26:51 - INFO - [epoch 11/50] train_loss=1.1402 | val_loss=1.1730 | val_acc=0.5880 | best_val=1.1730@11 | bad=0/10 | lr=1.00e-03 | dt=16.7s
2025-10-03 21:27:07 - INFO - [epoch 12/50] train_loss=1.1218 | val_loss=1.2355 | val_acc=0.5638 | best_val=1.1730@11 | bad=1/10 | lr=1.00e-03 | dt=16.7s
2025-10-03 21:27:24 - INFO - [epoch 13/50] train_loss=1.1008 | val_loss=1.1950 | val_acc=0.5784 | best_val=1.1730@11 | bad=2/10 | lr=1.00e-03 | dt=16.5s
2025-10-03 21:27:41 - INFO - [epoch 14/50] train_loss=1.0871 | val_loss=1.1435 | val_acc=0.5954 | best_val=1.1435@14 | bad=0/10 | lr=1.00e-03 | dt=16.6s
2025-10-03 21:27:57 - INFO - [epoch 15/50] train_loss=1.0780 | val_loss=1.2556 | val_acc=0.5626 | best_val=1.1435@14 | bad=1/10 | lr=1.00e-03 | dt=16.7s
2025-10-03 21:28:14 - INFO - [epoch 16/50] train_loss=1.0622 | val_loss=1.2503 | val_acc=0.5710 | best_val=1.1435@14 | bad=2/10 | lr=1.00e-03 | dt=16.6s
2025-10-03 21:28:30 - INFO - [epoch 17/50] train_loss=1.0489 | val_loss=1.2749 | val_acc=0.5536 | best_val=1.1435@14 | bad=3/10 | lr=1.00e-03 | dt=16.6s
2025-10-03 21:28:47 - INFO - [epoch 18/50] train_loss=1.0383 | val_loss=1.1984 | val_acc=0.5774 | best_val=1.1435@14 | bad=4/10 | lr=1.00e-03 | dt=16.3s
2025-10-03 21:29:04 - INFO - [epoch 19/50] train_loss=1.0245 | val_loss=1.1140 | val_acc=0.6024 | best_val=1.1140@19 | bad=0/10 | lr=1.00e-03 | dt=17.1s
2025-10-03 21:29:20 - INFO - [epoch 20/50] train_loss=1.0175 | val_loss=1.0867 | val_acc=0.6254 | best_val=1.0867@20 | bad=0/10 | lr=1.00e-03 | dt=16.5s
2025-10-03 21:29:37 - INFO - [epoch 21/50] train_loss=1.0058 | val_loss=1.0993 | val_acc=0.6030 | best_val=1.0867@20 | bad=1/10 | lr=1.00e-03 | dt=16.3s
2025-10-03 21:29:53 - INFO - [epoch 22/50] train_loss=0.9911 | val_loss=1.2327 | val_acc=0.5936 | best_val=1.0867@20 | bad=2/10 | lr=1.00e-03 | dt=16.6s
2025-10-03 21:30:10 - INFO - [epoch 23/50] train_loss=0.9866 | val_loss=1.1837 | val_acc=0.5952 | best_val=1.0867@20 | bad=3/10 | lr=1.00e-03 | dt=16.6s
2025-10-03 21:30:26 - INFO - [epoch 24/50] train_loss=0.9785 | val_loss=1.1417 | val_acc=0.6162 | best_val=1.0867@20 | bad=4/10 | lr=1.00e-03 | dt=16.4s
2025-10-03 21:30:43 - INFO - [epoch 25/50] train_loss=0.9714 | val_loss=1.2040 | val_acc=0.5862 | best_val=1.0867@20 | bad=5/10 | lr=1.00e-03 | dt=16.5s
2025-10-03 21:31:00 - INFO - [epoch 26/50] train_loss=0.9601 | val_loss=0.9777 | val_acc=0.6628 | best_val=0.9777@26 | bad=0/10 | lr=1.00e-03 | dt=17.0s
2025-10-03 21:31:16 - INFO - [epoch 27/50] train_loss=0.9467 | val_loss=1.1126 | val_acc=0.6058 | best_val=0.9777@26 | bad=1/10 | lr=1.00e-03 | dt=16.4s
2025-10-03 21:31:37 - INFO - [epoch 28/50] train_loss=0.9417 | val_loss=1.0240 | val_acc=0.6480 | best_val=0.9777@26 | bad=2/10 | lr=1.00e-03 | dt=20.5s
2025-10-03 21:32:01 - INFO - [epoch 29/50] train_loss=0.9374 | val_loss=1.1928 | val_acc=0.5964 | best_val=0.9777@26 | bad=3/10 | lr=1.00e-03 | dt=24.1s
2025-10-03 21:32:24 - INFO - [epoch 30/50] train_loss=0.9254 | val_loss=1.0630 | val_acc=0.6398 | best_val=0.9777@26 | bad=4/10 | lr=1.00e-03 | dt=23.5s
2025-10-03 21:32:46 - INFO - [epoch 31/50] train_loss=0.9243 | val_loss=1.0567 | val_acc=0.6414 | best_val=0.9777@26 | bad=5/10 | lr=1.00e-03 | dt=21.6s
2025-10-03 21:33:08 - INFO - [epoch 32/50] train_loss=0.9164 | val_loss=1.0319 | val_acc=0.6344 | best_val=0.9777@26 | bad=6/10 | lr=1.00e-03 | dt=22.2s
2025-10-03 21:33:30 - INFO - [epoch 33/50] train_loss=0.9091 | val_loss=0.9396 | val_acc=0.6692 | best_val=0.9396@33 | bad=0/10 | lr=1.00e-03 | dt=21.6s
2025-10-03 21:33:51 - INFO - [epoch 34/50] train_loss=0.9021 | val_loss=0.9755 | val_acc=0.6602 | best_val=0.9396@33 | bad=1/10 | lr=1.00e-03 | dt=21.9s
2025-10-03 21:34:14 - INFO - [epoch 35/50] train_loss=0.8954 | val_loss=1.0381 | val_acc=0.6432 | best_val=0.9396@33 | bad=2/10 | lr=1.00e-03 | dt=22.7s
2025-10-03 21:34:38 - INFO - [epoch 36/50] train_loss=0.8897 | val_loss=0.9665 | val_acc=0.6602 | best_val=0.9396@33 | bad=3/10 | lr=1.00e-03 | dt=23.4s
2025-10-03 21:35:01 - INFO - [epoch 37/50] train_loss=0.8863 | val_loss=1.2952 | val_acc=0.5734 | best_val=0.9396@33 | bad=4/10 | lr=1.00e-03 | dt=23.3s
2025-10-03 21:35:25 - INFO - [epoch 38/50] train_loss=0.8791 | val_loss=1.0881 | val_acc=0.6262 | best_val=0.9396@33 | bad=5/10 | lr=1.00e-03 | dt=23.6s
2025-10-03 21:35:47 - INFO - [epoch 39/50] train_loss=0.8782 | val_loss=1.0551 | val_acc=0.6358 | best_val=0.9396@33 | bad=6/10 | lr=1.00e-03 | dt=22.3s
2025-10-03 21:36:08 - INFO - [epoch 40/50] train_loss=0.8697 | val_loss=1.0696 | val_acc=0.6310 | best_val=0.9396@33 | bad=7/10 | lr=1.00e-03 | dt=21.5s
2025-10-03 21:36:29 - INFO - [epoch 41/50] train_loss=0.8653 | val_loss=1.0377 | val_acc=0.6498 | best_val=0.9396@33 | bad=8/10 | lr=1.00e-03 | dt=20.8s
2025-10-03 21:36:52 - INFO - [epoch 42/50] train_loss=0.8573 | val_loss=0.9561 | val_acc=0.6712 | best_val=0.9396@33 | bad=9/10 | lr=1.00e-03 | dt=22.9s
2025-10-03 21:37:14 - INFO - [epoch 43/50] train_loss=0.8544 | val_loss=0.9735 | val_acc=0.6578 | best_val=0.9396@33 | bad=10/10 | lr=1.00e-03 | dt=22.1s
2025-10-03 21:37:14 - INFO - Early stopping: no improvement for 10 epochs (best=0.9396 @ epoch 33)
2025-10-03 21:37:14 - INFO - Run finished in 808.3s | best_val_loss=0.9396 @epoch 33 | best_val_acc=0.6692
2025-10-03 21:37:17 - INFO - Test: loss=0.9637 acc=0.6597
2025-10-03 21:37:17 - INFO - ======== [End Run 6/14] width=170 depth=2 | best_val=0.9396 | test_acc=0.6597 ========

