2025-10-04 06:45:10 - INFO - ======== [Run 38/140] width=180 depth=5 ========
2025-10-04 06:45:10 - INFO - Device=cuda | dataset=cifar10 | batch=64 | max_epochs=50 | patience=10 | lr=1.00e-03 | wd=1.0e-04
2025-10-04 06:45:10 - INFO - Model params=1174870 | neurons=1080 | pooling=[1, 3]
2025-10-04 06:45:37 - INFO - [epoch 1/50] train_loss=1.4002 | val_loss=1.2318 | val_acc=0.5604 | best_val=1.2318@1 | bad=0/10 | lr=1.00e-03 | dt=26.8s
2025-10-04 06:46:04 - INFO - [epoch 2/50] train_loss=1.0199 | val_loss=1.1058 | val_acc=0.6136 | best_val=1.1058@2 | bad=0/10 | lr=1.00e-03 | dt=27.0s
2025-10-04 06:46:30 - INFO - [epoch 3/50] train_loss=0.8530 | val_loss=0.8899 | val_acc=0.6932 | best_val=0.8899@3 | bad=0/10 | lr=1.00e-03 | dt=26.0s
2025-10-04 06:46:56 - INFO - [epoch 4/50] train_loss=0.7311 | val_loss=0.8080 | val_acc=0.7120 | best_val=0.8080@4 | bad=0/10 | lr=1.00e-03 | dt=26.3s
2025-10-04 06:47:23 - INFO - [epoch 5/50] train_loss=0.6368 | val_loss=0.6716 | val_acc=0.7730 | best_val=0.6716@5 | bad=0/10 | lr=1.00e-03 | dt=26.6s
2025-10-04 06:47:49 - INFO - [epoch 6/50] train_loss=0.5822 | val_loss=0.6439 | val_acc=0.7836 | best_val=0.6439@6 | bad=0/10 | lr=1.00e-03 | dt=26.3s
2025-10-04 06:48:15 - INFO - [epoch 7/50] train_loss=0.5292 | val_loss=0.5826 | val_acc=0.8006 | best_val=0.5826@7 | bad=0/10 | lr=1.00e-03 | dt=26.3s
2025-10-04 06:48:42 - INFO - [epoch 8/50] train_loss=0.4995 | val_loss=0.5697 | val_acc=0.8048 | best_val=0.5697@8 | bad=0/10 | lr=1.00e-03 | dt=26.4s
2025-10-04 06:49:08 - INFO - [epoch 9/50] train_loss=0.4627 | val_loss=0.6021 | val_acc=0.8040 | best_val=0.5697@8 | bad=1/10 | lr=1.00e-03 | dt=26.7s
2025-10-04 06:49:35 - INFO - [epoch 10/50] train_loss=0.4411 | val_loss=0.5327 | val_acc=0.8196 | best_val=0.5327@10 | bad=0/10 | lr=1.00e-03 | dt=26.7s
2025-10-04 06:50:01 - INFO - [epoch 11/50] train_loss=0.4182 | val_loss=0.4955 | val_acc=0.8246 | best_val=0.4955@11 | bad=0/10 | lr=1.00e-03 | dt=26.2s
2025-10-04 06:50:28 - INFO - [epoch 12/50] train_loss=0.4010 | val_loss=0.4915 | val_acc=0.8394 | best_val=0.4915@12 | bad=0/10 | lr=1.00e-03 | dt=26.6s
2025-10-04 06:50:54 - INFO - [epoch 13/50] train_loss=0.3815 | val_loss=0.4560 | val_acc=0.8420 | best_val=0.4560@13 | bad=0/10 | lr=1.00e-03 | dt=26.1s
2025-10-04 06:51:20 - INFO - [epoch 14/50] train_loss=0.3661 | val_loss=0.4520 | val_acc=0.8458 | best_val=0.4520@14 | bad=0/10 | lr=1.00e-03 | dt=26.3s
2025-10-04 06:51:47 - INFO - [epoch 15/50] train_loss=0.3501 | val_loss=0.6324 | val_acc=0.8092 | best_val=0.4520@14 | bad=1/10 | lr=1.00e-03 | dt=26.5s
2025-10-04 06:52:13 - INFO - [epoch 16/50] train_loss=0.3425 | val_loss=0.5032 | val_acc=0.8308 | best_val=0.4520@14 | bad=2/10 | lr=1.00e-03 | dt=26.3s
2025-10-04 06:52:39 - INFO - [epoch 17/50] train_loss=0.3289 | val_loss=0.4744 | val_acc=0.8460 | best_val=0.4520@14 | bad=3/10 | lr=1.00e-03 | dt=26.2s
2025-10-04 06:53:06 - INFO - [epoch 18/50] train_loss=0.3162 | val_loss=0.5458 | val_acc=0.8262 | best_val=0.4520@14 | bad=4/10 | lr=1.00e-03 | dt=26.7s
2025-10-04 06:53:33 - INFO - [epoch 19/50] train_loss=0.3083 | val_loss=0.4105 | val_acc=0.8632 | best_val=0.4105@19 | bad=0/10 | lr=1.00e-03 | dt=26.7s
2025-10-04 06:53:59 - INFO - [epoch 20/50] train_loss=0.2970 | val_loss=0.4652 | val_acc=0.8506 | best_val=0.4105@19 | bad=1/10 | lr=1.00e-03 | dt=26.6s
2025-10-04 06:54:26 - INFO - [epoch 21/50] train_loss=0.2878 | val_loss=0.5235 | val_acc=0.8402 | best_val=0.4105@19 | bad=2/10 | lr=1.00e-03 | dt=26.7s
2025-10-04 06:54:52 - INFO - [epoch 22/50] train_loss=0.2776 | val_loss=0.4556 | val_acc=0.8550 | best_val=0.4105@19 | bad=3/10 | lr=1.00e-03 | dt=26.3s
2025-10-04 06:55:19 - INFO - [epoch 23/50] train_loss=0.2664 | val_loss=0.5229 | val_acc=0.8412 | best_val=0.4105@19 | bad=4/10 | lr=1.00e-03 | dt=26.5s
2025-10-04 06:55:45 - INFO - [epoch 24/50] train_loss=0.2707 | val_loss=0.4388 | val_acc=0.8556 | best_val=0.4105@19 | bad=5/10 | lr=1.00e-03 | dt=26.3s
2025-10-04 06:56:11 - INFO - [epoch 25/50] train_loss=0.2547 | val_loss=0.4149 | val_acc=0.8692 | best_val=0.4105@19 | bad=6/10 | lr=1.00e-03 | dt=26.3s
2025-10-04 06:56:38 - INFO - [epoch 26/50] train_loss=0.2613 | val_loss=0.4363 | val_acc=0.8700 | best_val=0.4105@19 | bad=7/10 | lr=1.00e-03 | dt=26.3s
2025-10-04 06:57:04 - INFO - [epoch 27/50] train_loss=0.2455 | val_loss=0.4430 | val_acc=0.8644 | best_val=0.4105@19 | bad=8/10 | lr=1.00e-03 | dt=26.3s
2025-10-04 06:57:31 - INFO - [epoch 28/50] train_loss=0.2463 | val_loss=0.3903 | val_acc=0.8718 | best_val=0.3903@28 | bad=0/10 | lr=1.00e-03 | dt=26.8s
2025-10-04 06:57:57 - INFO - [epoch 29/50] train_loss=0.2393 | val_loss=0.4323 | val_acc=0.8592 | best_val=0.3903@28 | bad=1/10 | lr=1.00e-03 | dt=26.7s
2025-10-04 06:58:24 - INFO - [epoch 30/50] train_loss=0.2350 | val_loss=0.4389 | val_acc=0.8696 | best_val=0.3903@28 | bad=2/10 | lr=1.00e-03 | dt=26.6s
2025-10-04 06:58:51 - INFO - [epoch 31/50] train_loss=0.2315 | val_loss=0.4207 | val_acc=0.8668 | best_val=0.3903@28 | bad=3/10 | lr=1.00e-03 | dt=26.6s
2025-10-04 06:59:17 - INFO - [epoch 32/50] train_loss=0.2340 | val_loss=0.4775 | val_acc=0.8556 | best_val=0.3903@28 | bad=4/10 | lr=1.00e-03 | dt=26.1s
2025-10-04 06:59:43 - INFO - [epoch 33/50] train_loss=0.2180 | val_loss=0.5026 | val_acc=0.8484 | best_val=0.3903@28 | bad=5/10 | lr=1.00e-03 | dt=26.3s
2025-10-04 07:00:09 - INFO - [epoch 34/50] train_loss=0.2205 | val_loss=0.4015 | val_acc=0.8790 | best_val=0.3903@28 | bad=6/10 | lr=1.00e-03 | dt=26.4s
2025-10-04 07:00:36 - INFO - [epoch 35/50] train_loss=0.2131 | val_loss=0.4087 | val_acc=0.8716 | best_val=0.3903@28 | bad=7/10 | lr=1.00e-03 | dt=26.5s
2025-10-04 07:01:03 - INFO - [epoch 36/50] train_loss=0.2137 | val_loss=0.3946 | val_acc=0.8786 | best_val=0.3903@28 | bad=8/10 | lr=1.00e-03 | dt=27.0s
2025-10-04 07:01:30 - INFO - [epoch 37/50] train_loss=0.2126 | val_loss=0.3951 | val_acc=0.8750 | best_val=0.3903@28 | bad=9/10 | lr=1.00e-03 | dt=26.8s
2025-10-04 07:01:56 - INFO - [epoch 38/50] train_loss=0.2103 | val_loss=0.4162 | val_acc=0.8744 | best_val=0.3903@28 | bad=10/10 | lr=1.00e-03 | dt=26.3s
2025-10-04 07:01:56 - INFO - Early stopping: no improvement for 10 epochs (best=0.3903 @ epoch 28)
2025-10-04 07:01:56 - INFO - Run finished in 1006.5s | best_val_loss=0.3903 @epoch 28 | best_val_acc=0.8718
2025-10-04 07:01:59 - INFO - Test: loss=0.4543 acc=0.8688
2025-10-04 07:01:59 - INFO - ======== [End Run 38/140] width=180 depth=5 | best_val=0.3903 | test_acc=0.8688 ========

