2025-10-04 05:44:04 - INFO - ======== [Run 34/140] width=140 depth=5 ========
2025-10-04 05:44:04 - INFO - Device=cuda | dataset=cifar10 | batch=64 | max_epochs=50 | patience=10 | lr=1.00e-03 | wd=1.0e-04
2025-10-04 05:44:04 - INFO - Model params=712190 | neurons=840 | pooling=[1, 3]
2025-10-04 05:44:25 - INFO - [epoch 1/50] train_loss=1.4369 | val_loss=1.4436 | val_acc=0.5120 | best_val=1.4436@1 | bad=0/10 | lr=1.00e-03 | dt=21.5s
2025-10-04 05:44:48 - INFO - [epoch 2/50] train_loss=1.0355 | val_loss=1.0511 | val_acc=0.6352 | best_val=1.0511@2 | bad=0/10 | lr=1.00e-03 | dt=22.3s
2025-10-04 05:45:10 - INFO - [epoch 3/50] train_loss=0.8599 | val_loss=0.8750 | val_acc=0.6908 | best_val=0.8750@3 | bad=0/10 | lr=1.00e-03 | dt=22.2s
2025-10-04 05:45:32 - INFO - [epoch 4/50] train_loss=0.7386 | val_loss=0.7745 | val_acc=0.7238 | best_val=0.7745@4 | bad=0/10 | lr=1.00e-03 | dt=22.1s
2025-10-04 05:45:54 - INFO - [epoch 5/50] train_loss=0.6612 | val_loss=0.8534 | val_acc=0.7174 | best_val=0.7745@4 | bad=1/10 | lr=1.00e-03 | dt=22.5s
2025-10-04 05:46:17 - INFO - [epoch 6/50] train_loss=0.5932 | val_loss=0.8039 | val_acc=0.7194 | best_val=0.7745@4 | bad=2/10 | lr=1.00e-03 | dt=22.2s
2025-10-04 05:46:39 - INFO - [epoch 7/50] train_loss=0.5433 | val_loss=0.6730 | val_acc=0.7664 | best_val=0.6730@7 | bad=0/10 | lr=1.00e-03 | dt=22.1s
2025-10-04 05:47:00 - INFO - [epoch 8/50] train_loss=0.5088 | val_loss=0.6384 | val_acc=0.7866 | best_val=0.6384@8 | bad=0/10 | lr=1.00e-03 | dt=21.7s
2025-10-04 05:47:23 - INFO - [epoch 9/50] train_loss=0.4821 | val_loss=0.5343 | val_acc=0.8156 | best_val=0.5343@9 | bad=0/10 | lr=1.00e-03 | dt=22.2s
2025-10-04 05:47:45 - INFO - [epoch 10/50] train_loss=0.4513 | val_loss=0.6608 | val_acc=0.7754 | best_val=0.5343@9 | bad=1/10 | lr=1.00e-03 | dt=22.0s
2025-10-04 05:48:07 - INFO - [epoch 11/50] train_loss=0.4312 | val_loss=0.4964 | val_acc=0.8360 | best_val=0.4964@11 | bad=0/10 | lr=1.00e-03 | dt=21.9s
2025-10-04 05:48:29 - INFO - [epoch 12/50] train_loss=0.4155 | val_loss=0.4890 | val_acc=0.8382 | best_val=0.4890@12 | bad=0/10 | lr=1.00e-03 | dt=22.1s
2025-10-04 05:48:51 - INFO - [epoch 13/50] train_loss=0.3945 | val_loss=0.5094 | val_acc=0.8344 | best_val=0.4890@12 | bad=1/10 | lr=1.00e-03 | dt=22.1s
2025-10-04 05:49:13 - INFO - [epoch 14/50] train_loss=0.3775 | val_loss=0.4831 | val_acc=0.8342 | best_val=0.4831@14 | bad=0/10 | lr=1.00e-03 | dt=22.5s
2025-10-04 05:49:36 - INFO - [epoch 15/50] train_loss=0.3669 | val_loss=0.4631 | val_acc=0.8484 | best_val=0.4631@15 | bad=0/10 | lr=1.00e-03 | dt=22.3s
2025-10-04 05:49:58 - INFO - [epoch 16/50] train_loss=0.3521 | val_loss=0.4636 | val_acc=0.8524 | best_val=0.4631@15 | bad=1/10 | lr=1.00e-03 | dt=22.4s
2025-10-04 05:50:20 - INFO - [epoch 17/50] train_loss=0.3446 | val_loss=0.4473 | val_acc=0.8480 | best_val=0.4473@17 | bad=0/10 | lr=1.00e-03 | dt=22.3s
2025-10-04 05:50:42 - INFO - [epoch 18/50] train_loss=0.3314 | val_loss=0.4918 | val_acc=0.8446 | best_val=0.4473@17 | bad=1/10 | lr=1.00e-03 | dt=21.9s
2025-10-04 05:51:05 - INFO - [epoch 19/50] train_loss=0.3143 | val_loss=0.4779 | val_acc=0.8450 | best_val=0.4473@17 | bad=2/10 | lr=1.00e-03 | dt=22.5s
2025-10-04 05:51:27 - INFO - [epoch 20/50] train_loss=0.3128 | val_loss=0.4547 | val_acc=0.8462 | best_val=0.4473@17 | bad=3/10 | lr=1.00e-03 | dt=22.2s
2025-10-04 05:51:49 - INFO - [epoch 21/50] train_loss=0.3046 | val_loss=0.5225 | val_acc=0.8362 | best_val=0.4473@17 | bad=4/10 | lr=1.00e-03 | dt=22.2s
2025-10-04 05:52:11 - INFO - [epoch 22/50] train_loss=0.2972 | val_loss=0.4298 | val_acc=0.8596 | best_val=0.4298@22 | bad=0/10 | lr=1.00e-03 | dt=21.9s
2025-10-04 05:52:33 - INFO - [epoch 23/50] train_loss=0.2852 | val_loss=0.5073 | val_acc=0.8348 | best_val=0.4298@22 | bad=1/10 | lr=1.00e-03 | dt=22.0s
2025-10-04 05:52:55 - INFO - [epoch 24/50] train_loss=0.2813 | val_loss=0.4983 | val_acc=0.8476 | best_val=0.4298@22 | bad=2/10 | lr=1.00e-03 | dt=22.4s
2025-10-04 05:53:17 - INFO - [epoch 25/50] train_loss=0.2770 | val_loss=0.4341 | val_acc=0.8574 | best_val=0.4298@22 | bad=3/10 | lr=1.00e-03 | dt=22.3s
2025-10-04 05:53:40 - INFO - [epoch 26/50] train_loss=0.2646 | val_loss=0.4026 | val_acc=0.8744 | best_val=0.4026@26 | bad=0/10 | lr=1.00e-03 | dt=22.2s
2025-10-04 05:54:02 - INFO - [epoch 27/50] train_loss=0.2624 | val_loss=0.4508 | val_acc=0.8538 | best_val=0.4026@26 | bad=1/10 | lr=1.00e-03 | dt=22.5s
2025-10-04 05:54:24 - INFO - [epoch 28/50] train_loss=0.2584 | val_loss=0.4527 | val_acc=0.8588 | best_val=0.4026@26 | bad=2/10 | lr=1.00e-03 | dt=21.8s
2025-10-04 05:54:47 - INFO - [epoch 29/50] train_loss=0.2502 | val_loss=0.4204 | val_acc=0.8584 | best_val=0.4026@26 | bad=3/10 | lr=1.00e-03 | dt=22.7s
2025-10-04 05:55:08 - INFO - [epoch 30/50] train_loss=0.2446 | val_loss=0.4752 | val_acc=0.8592 | best_val=0.4026@26 | bad=4/10 | lr=1.00e-03 | dt=21.8s
2025-10-04 05:55:31 - INFO - [epoch 31/50] train_loss=0.2440 | val_loss=0.4718 | val_acc=0.8542 | best_val=0.4026@26 | bad=5/10 | lr=1.00e-03 | dt=22.4s
2025-10-04 05:55:53 - INFO - [epoch 32/50] train_loss=0.2409 | val_loss=0.4186 | val_acc=0.8708 | best_val=0.4026@26 | bad=6/10 | lr=1.00e-03 | dt=21.9s
2025-10-04 05:56:14 - INFO - [epoch 33/50] train_loss=0.2381 | val_loss=0.4705 | val_acc=0.8568 | best_val=0.4026@26 | bad=7/10 | lr=1.00e-03 | dt=21.7s
2025-10-04 05:56:36 - INFO - [epoch 34/50] train_loss=0.2313 | val_loss=0.4822 | val_acc=0.8516 | best_val=0.4026@26 | bad=8/10 | lr=1.00e-03 | dt=21.9s
2025-10-04 05:56:59 - INFO - [epoch 35/50] train_loss=0.2339 | val_loss=0.4514 | val_acc=0.8596 | best_val=0.4026@26 | bad=9/10 | lr=1.00e-03 | dt=22.5s
2025-10-04 05:57:21 - INFO - [epoch 36/50] train_loss=0.2255 | val_loss=0.4177 | val_acc=0.8758 | best_val=0.4026@26 | bad=10/10 | lr=1.00e-03 | dt=22.1s
2025-10-04 05:57:21 - INFO - Early stopping: no improvement for 10 epochs (best=0.4026 @ epoch 26)
2025-10-04 05:57:21 - INFO - Run finished in 797.5s | best_val_loss=0.4026 @epoch 26 | best_val_acc=0.8744
2025-10-04 05:57:23 - INFO - Test: loss=0.4367 acc=0.8698
2025-10-04 05:57:23 - INFO - ======== [End Run 34/140] width=140 depth=5 | best_val=0.4026 | test_acc=0.8698 ========

