2025-10-04 01:51:38 - INFO - ======== [Run 17/140] width=170 depth=4 ========
2025-10-04 01:51:38 - INFO - Device=cuda | dataset=cifar10 | batch=64 | max_epochs=50 | patience=10 | lr=1.00e-03 | wd=1.0e-04
2025-10-04 01:51:38 - INFO - Model params=787960 | neurons=850 | pooling=[1, 3]
2025-10-04 01:52:04 - INFO - [epoch 1/50] train_loss=1.4239 | val_loss=1.3519 | val_acc=0.5184 | best_val=1.3519@1 | bad=0/10 | lr=1.00e-03 | dt=25.8s
2025-10-04 01:52:29 - INFO - [epoch 2/50] train_loss=1.0686 | val_loss=0.9841 | val_acc=0.6508 | best_val=0.9841@2 | bad=0/10 | lr=1.00e-03 | dt=25.3s
2025-10-04 01:52:54 - INFO - [epoch 3/50] train_loss=0.9266 | val_loss=1.2613 | val_acc=0.5938 | best_val=0.9841@2 | bad=1/10 | lr=1.00e-03 | dt=25.2s
2025-10-04 01:53:20 - INFO - [epoch 4/50] train_loss=0.8230 | val_loss=0.8817 | val_acc=0.6994 | best_val=0.8817@4 | bad=0/10 | lr=1.00e-03 | dt=25.9s
2025-10-04 01:53:46 - INFO - [epoch 5/50] train_loss=0.7459 | val_loss=0.7999 | val_acc=0.7208 | best_val=0.7999@5 | bad=0/10 | lr=1.00e-03 | dt=25.6s
2025-10-04 01:54:12 - INFO - [epoch 6/50] train_loss=0.6776 | val_loss=0.7811 | val_acc=0.7290 | best_val=0.7811@6 | bad=0/10 | lr=1.00e-03 | dt=25.7s
2025-10-04 01:54:37 - INFO - [epoch 7/50] train_loss=0.6258 | val_loss=0.8205 | val_acc=0.7328 | best_val=0.7811@6 | bad=1/10 | lr=1.00e-03 | dt=25.2s
2025-10-04 01:55:02 - INFO - [epoch 8/50] train_loss=0.5905 | val_loss=0.5931 | val_acc=0.7936 | best_val=0.5931@8 | bad=0/10 | lr=1.00e-03 | dt=25.5s
2025-10-04 01:55:28 - INFO - [epoch 9/50] train_loss=0.5594 | val_loss=0.7785 | val_acc=0.7460 | best_val=0.5931@8 | bad=1/10 | lr=1.00e-03 | dt=25.3s
2025-10-04 01:55:53 - INFO - [epoch 10/50] train_loss=0.5345 | val_loss=0.6396 | val_acc=0.7814 | best_val=0.5931@8 | bad=2/10 | lr=1.00e-03 | dt=25.1s
2025-10-04 01:56:18 - INFO - [epoch 11/50] train_loss=0.5028 | val_loss=0.5943 | val_acc=0.7962 | best_val=0.5931@8 | bad=3/10 | lr=1.00e-03 | dt=25.1s
2025-10-04 01:56:43 - INFO - [epoch 12/50] train_loss=0.4816 | val_loss=0.6456 | val_acc=0.7858 | best_val=0.5931@8 | bad=4/10 | lr=1.00e-03 | dt=25.7s
2025-10-04 01:57:09 - INFO - [epoch 13/50] train_loss=0.4671 | val_loss=0.5241 | val_acc=0.8204 | best_val=0.5241@13 | bad=0/10 | lr=1.00e-03 | dt=25.6s
2025-10-04 01:57:34 - INFO - [epoch 14/50] train_loss=0.4439 | val_loss=0.5360 | val_acc=0.8184 | best_val=0.5241@13 | bad=1/10 | lr=1.00e-03 | dt=25.3s
2025-10-04 01:58:00 - INFO - [epoch 15/50] train_loss=0.4274 | val_loss=0.5778 | val_acc=0.8110 | best_val=0.5241@13 | bad=2/10 | lr=1.00e-03 | dt=25.6s
2025-10-04 01:58:25 - INFO - [epoch 16/50] train_loss=0.4169 | val_loss=0.5472 | val_acc=0.8108 | best_val=0.5241@13 | bad=3/10 | lr=1.00e-03 | dt=25.3s
2025-10-04 01:58:50 - INFO - [epoch 17/50] train_loss=0.4051 | val_loss=0.4849 | val_acc=0.8358 | best_val=0.4849@17 | bad=0/10 | lr=1.00e-03 | dt=25.0s
2025-10-04 01:59:16 - INFO - [epoch 18/50] train_loss=0.3894 | val_loss=0.4983 | val_acc=0.8334 | best_val=0.4849@17 | bad=1/10 | lr=1.00e-03 | dt=25.3s
2025-10-04 01:59:41 - INFO - [epoch 19/50] train_loss=0.3744 | val_loss=0.5181 | val_acc=0.8244 | best_val=0.4849@17 | bad=2/10 | lr=1.00e-03 | dt=25.8s
2025-10-04 02:00:07 - INFO - [epoch 20/50] train_loss=0.3680 | val_loss=0.5191 | val_acc=0.8234 | best_val=0.4849@17 | bad=3/10 | lr=1.00e-03 | dt=25.3s
2025-10-04 02:00:32 - INFO - [epoch 21/50] train_loss=0.3565 | val_loss=0.4645 | val_acc=0.8398 | best_val=0.4645@21 | bad=0/10 | lr=1.00e-03 | dt=25.4s
2025-10-04 02:00:57 - INFO - [epoch 22/50] train_loss=0.3498 | val_loss=0.5366 | val_acc=0.8262 | best_val=0.4645@21 | bad=1/10 | lr=1.00e-03 | dt=25.4s
2025-10-04 02:01:23 - INFO - [epoch 23/50] train_loss=0.3369 | val_loss=0.4454 | val_acc=0.8494 | best_val=0.4454@23 | bad=0/10 | lr=1.00e-03 | dt=25.3s
2025-10-04 02:01:48 - INFO - [epoch 24/50] train_loss=0.3363 | val_loss=0.5527 | val_acc=0.8260 | best_val=0.4454@23 | bad=1/10 | lr=1.00e-03 | dt=25.7s
2025-10-04 02:02:14 - INFO - [epoch 25/50] train_loss=0.3276 | val_loss=0.5004 | val_acc=0.8400 | best_val=0.4454@23 | bad=2/10 | lr=1.00e-03 | dt=25.3s
2025-10-04 02:02:39 - INFO - [epoch 26/50] train_loss=0.3196 | val_loss=0.4736 | val_acc=0.8452 | best_val=0.4454@23 | bad=3/10 | lr=1.00e-03 | dt=25.1s
2025-10-04 02:03:05 - INFO - [epoch 27/50] train_loss=0.3140 | val_loss=0.4858 | val_acc=0.8426 | best_val=0.4454@23 | bad=4/10 | lr=1.00e-03 | dt=26.1s
2025-10-04 02:03:31 - INFO - [epoch 28/50] train_loss=0.3049 | val_loss=0.5151 | val_acc=0.8372 | best_val=0.4454@23 | bad=5/10 | lr=1.00e-03 | dt=25.7s
2025-10-04 02:03:56 - INFO - [epoch 29/50] train_loss=0.3013 | val_loss=0.5033 | val_acc=0.8428 | best_val=0.4454@23 | bad=6/10 | lr=1.00e-03 | dt=25.3s
2025-10-04 02:04:21 - INFO - [epoch 30/50] train_loss=0.2942 | val_loss=0.5215 | val_acc=0.8334 | best_val=0.4454@23 | bad=7/10 | lr=1.00e-03 | dt=25.4s
2025-10-04 02:04:48 - INFO - [epoch 31/50] train_loss=0.2907 | val_loss=0.5464 | val_acc=0.8436 | best_val=0.4454@23 | bad=8/10 | lr=1.00e-03 | dt=26.4s
2025-10-04 02:05:13 - INFO - [epoch 32/50] train_loss=0.2862 | val_loss=0.5018 | val_acc=0.8408 | best_val=0.4454@23 | bad=9/10 | lr=1.00e-03 | dt=25.2s
2025-10-04 02:05:38 - INFO - [epoch 33/50] train_loss=0.2844 | val_loss=0.5038 | val_acc=0.8438 | best_val=0.4454@23 | bad=10/10 | lr=1.00e-03 | dt=25.3s
2025-10-04 02:05:38 - INFO - Early stopping: no improvement for 10 epochs (best=0.4454 @ epoch 23)
2025-10-04 02:05:38 - INFO - Run finished in 840.4s | best_val_loss=0.4454 @epoch 23 | best_val_acc=0.8494
2025-10-04 02:05:41 - INFO - Test: loss=0.5328 acc=0.8410
2025-10-04 02:05:41 - INFO - ======== [End Run 17/140] width=170 depth=4 | best_val=0.4454 | test_acc=0.8410 ========

