2025-10-04 04:54:34 - INFO - ======== [Run 30/140] width=100 depth=5 ========
2025-10-04 04:54:34 - INFO - Device=cuda | dataset=cifar10 | batch=64 | max_epochs=50 | patience=10 | lr=1.00e-03 | wd=1.0e-04
2025-10-04 04:54:34 - INFO - Model params=364710 | neurons=600 | pooling=[1, 3]
2025-10-04 04:54:52 - INFO - [epoch 1/50] train_loss=1.4684 | val_loss=1.1593 | val_acc=0.5790 | best_val=1.1593@1 | bad=0/10 | lr=1.00e-03 | dt=18.2s
2025-10-04 04:55:10 - INFO - [epoch 2/50] train_loss=1.0453 | val_loss=0.9617 | val_acc=0.6562 | best_val=0.9617@2 | bad=0/10 | lr=1.00e-03 | dt=17.5s
2025-10-04 04:55:27 - INFO - [epoch 3/50] train_loss=0.8849 | val_loss=0.8920 | val_acc=0.6844 | best_val=0.8920@3 | bad=0/10 | lr=1.00e-03 | dt=17.8s
2025-10-04 04:55:45 - INFO - [epoch 4/50] train_loss=0.7752 | val_loss=0.8966 | val_acc=0.6914 | best_val=0.8920@3 | bad=1/10 | lr=1.00e-03 | dt=17.8s
2025-10-04 04:56:03 - INFO - [epoch 5/50] train_loss=0.6847 | val_loss=0.7314 | val_acc=0.7396 | best_val=0.7314@5 | bad=0/10 | lr=1.00e-03 | dt=17.8s
2025-10-04 04:56:21 - INFO - [epoch 6/50] train_loss=0.6272 | val_loss=0.7629 | val_acc=0.7482 | best_val=0.7314@5 | bad=1/10 | lr=1.00e-03 | dt=17.6s
2025-10-04 04:56:38 - INFO - [epoch 7/50] train_loss=0.5761 | val_loss=0.7000 | val_acc=0.7576 | best_val=0.7000@7 | bad=0/10 | lr=1.00e-03 | dt=17.9s
2025-10-04 04:56:57 - INFO - [epoch 8/50] train_loss=0.5393 | val_loss=0.6647 | val_acc=0.7692 | best_val=0.6647@8 | bad=0/10 | lr=1.00e-03 | dt=18.6s
2025-10-04 04:57:15 - INFO - [epoch 9/50] train_loss=0.5081 | val_loss=0.5836 | val_acc=0.8016 | best_val=0.5836@9 | bad=0/10 | lr=1.00e-03 | dt=17.7s
2025-10-04 04:57:32 - INFO - [epoch 10/50] train_loss=0.4844 | val_loss=0.4974 | val_acc=0.8248 | best_val=0.4974@10 | bad=0/10 | lr=1.00e-03 | dt=17.6s
2025-10-04 04:57:50 - INFO - [epoch 11/50] train_loss=0.4606 | val_loss=0.5895 | val_acc=0.8018 | best_val=0.4974@10 | bad=1/10 | lr=1.00e-03 | dt=17.8s
2025-10-04 04:58:09 - INFO - [epoch 12/50] train_loss=0.4429 | val_loss=0.5472 | val_acc=0.8080 | best_val=0.4974@10 | bad=2/10 | lr=1.00e-03 | dt=18.4s
2025-10-04 04:58:27 - INFO - [epoch 13/50] train_loss=0.4242 | val_loss=0.5022 | val_acc=0.8264 | best_val=0.4974@10 | bad=3/10 | lr=1.00e-03 | dt=18.0s
2025-10-04 04:58:44 - INFO - [epoch 14/50] train_loss=0.4098 | val_loss=0.5199 | val_acc=0.8268 | best_val=0.4974@10 | bad=4/10 | lr=1.00e-03 | dt=17.4s
2025-10-04 04:59:02 - INFO - [epoch 15/50] train_loss=0.3948 | val_loss=0.5334 | val_acc=0.8284 | best_val=0.4974@10 | bad=5/10 | lr=1.00e-03 | dt=18.3s
2025-10-04 04:59:20 - INFO - [epoch 16/50] train_loss=0.3769 | val_loss=0.4451 | val_acc=0.8468 | best_val=0.4451@16 | bad=0/10 | lr=1.00e-03 | dt=17.6s
2025-10-04 04:59:37 - INFO - [epoch 17/50] train_loss=0.3713 | val_loss=0.4681 | val_acc=0.8378 | best_val=0.4451@16 | bad=1/10 | lr=1.00e-03 | dt=17.6s
2025-10-04 04:59:55 - INFO - [epoch 18/50] train_loss=0.3587 | val_loss=0.4625 | val_acc=0.8482 | best_val=0.4451@16 | bad=2/10 | lr=1.00e-03 | dt=17.4s
2025-10-04 05:00:13 - INFO - [epoch 19/50] train_loss=0.3480 | val_loss=0.4772 | val_acc=0.8360 | best_val=0.4451@16 | bad=3/10 | lr=1.00e-03 | dt=17.9s
2025-10-04 05:00:31 - INFO - [epoch 20/50] train_loss=0.3411 | val_loss=0.4716 | val_acc=0.8478 | best_val=0.4451@16 | bad=4/10 | lr=1.00e-03 | dt=18.5s
2025-10-04 05:00:49 - INFO - [epoch 21/50] train_loss=0.3295 | val_loss=0.4596 | val_acc=0.8444 | best_val=0.4451@16 | bad=5/10 | lr=1.00e-03 | dt=17.5s
2025-10-04 05:01:07 - INFO - [epoch 22/50] train_loss=0.3259 | val_loss=0.4585 | val_acc=0.8470 | best_val=0.4451@16 | bad=6/10 | lr=1.00e-03 | dt=17.8s
2025-10-04 05:01:24 - INFO - [epoch 23/50] train_loss=0.3141 | val_loss=0.4380 | val_acc=0.8534 | best_val=0.4380@23 | bad=0/10 | lr=1.00e-03 | dt=17.6s
2025-10-04 05:01:42 - INFO - [epoch 24/50] train_loss=0.3106 | val_loss=0.4475 | val_acc=0.8466 | best_val=0.4380@23 | bad=1/10 | lr=1.00e-03 | dt=17.8s
2025-10-04 05:02:00 - INFO - [epoch 25/50] train_loss=0.3037 | val_loss=0.4629 | val_acc=0.8528 | best_val=0.4380@23 | bad=2/10 | lr=1.00e-03 | dt=18.3s
2025-10-04 05:02:18 - INFO - [epoch 26/50] train_loss=0.2974 | val_loss=0.4708 | val_acc=0.8428 | best_val=0.4380@23 | bad=3/10 | lr=1.00e-03 | dt=17.7s
2025-10-04 05:02:36 - INFO - [epoch 27/50] train_loss=0.2890 | val_loss=0.4895 | val_acc=0.8472 | best_val=0.4380@23 | bad=4/10 | lr=1.00e-03 | dt=17.9s
2025-10-04 05:02:53 - INFO - [epoch 28/50] train_loss=0.2865 | val_loss=0.4899 | val_acc=0.8476 | best_val=0.4380@23 | bad=5/10 | lr=1.00e-03 | dt=17.3s
2025-10-04 05:03:10 - INFO - [epoch 29/50] train_loss=0.2844 | val_loss=0.4464 | val_acc=0.8540 | best_val=0.4380@23 | bad=6/10 | lr=1.00e-03 | dt=16.8s
2025-10-04 05:03:28 - INFO - [epoch 30/50] train_loss=0.2801 | val_loss=0.4602 | val_acc=0.8486 | best_val=0.4380@23 | bad=7/10 | lr=1.00e-03 | dt=17.7s
2025-10-04 05:03:45 - INFO - [epoch 31/50] train_loss=0.2700 | val_loss=0.4220 | val_acc=0.8616 | best_val=0.4220@31 | bad=0/10 | lr=1.00e-03 | dt=17.7s
2025-10-04 05:04:02 - INFO - [epoch 32/50] train_loss=0.2711 | val_loss=0.5035 | val_acc=0.8364 | best_val=0.4220@31 | bad=1/10 | lr=1.00e-03 | dt=17.2s
2025-10-04 05:04:21 - INFO - [epoch 33/50] train_loss=0.2670 | val_loss=0.4619 | val_acc=0.8554 | best_val=0.4220@31 | bad=2/10 | lr=1.00e-03 | dt=19.0s
2025-10-04 05:04:40 - INFO - [epoch 34/50] train_loss=0.2614 | val_loss=0.4344 | val_acc=0.8528 | best_val=0.4220@31 | bad=3/10 | lr=1.00e-03 | dt=18.2s
2025-10-04 05:04:58 - INFO - [epoch 35/50] train_loss=0.2588 | val_loss=0.4803 | val_acc=0.8484 | best_val=0.4220@31 | bad=4/10 | lr=1.00e-03 | dt=17.8s
2025-10-04 05:05:15 - INFO - [epoch 36/50] train_loss=0.2555 | val_loss=0.4644 | val_acc=0.8546 | best_val=0.4220@31 | bad=5/10 | lr=1.00e-03 | dt=17.2s
2025-10-04 05:05:32 - INFO - [epoch 37/50] train_loss=0.2523 | val_loss=0.4403 | val_acc=0.8592 | best_val=0.4220@31 | bad=6/10 | lr=1.00e-03 | dt=17.6s
2025-10-04 05:05:50 - INFO - [epoch 38/50] train_loss=0.2517 | val_loss=0.4703 | val_acc=0.8516 | best_val=0.4220@31 | bad=7/10 | lr=1.00e-03 | dt=17.9s
2025-10-04 05:06:07 - INFO - [epoch 39/50] train_loss=0.2418 | val_loss=0.4301 | val_acc=0.8626 | best_val=0.4220@31 | bad=8/10 | lr=1.00e-03 | dt=17.3s
2025-10-04 05:06:25 - INFO - [epoch 40/50] train_loss=0.2425 | val_loss=0.4443 | val_acc=0.8604 | best_val=0.4220@31 | bad=9/10 | lr=1.00e-03 | dt=17.4s
2025-10-04 05:06:42 - INFO - [epoch 41/50] train_loss=0.2373 | val_loss=0.4344 | val_acc=0.8702 | best_val=0.4220@31 | bad=10/10 | lr=1.00e-03 | dt=17.1s
2025-10-04 05:06:42 - INFO - Early stopping: no improvement for 10 epochs (best=0.4220 @ epoch 31)
2025-10-04 05:06:42 - INFO - Run finished in 728.5s | best_val_loss=0.4220 @epoch 31 | best_val_acc=0.8616
2025-10-04 05:06:44 - INFO - Test: loss=0.4946 acc=0.8532
2025-10-04 05:06:44 - INFO - ======== [End Run 30/140] width=100 depth=5 | best_val=0.4220 | test_acc=0.8532 ========

