2025-10-05 10:09:49 - INFO - ======== [Run 34/300] width=40 depth=2 ========
2025-10-05 10:09:49 - INFO - Device=cuda | dataset=cifar100 | batch=2048 | max_epochs=50 | patience=10 | lr=1.00e-03 | wd=1.0e-04
2025-10-05 10:09:49 - INFO - Model params=19740 | neurons=120 | pooling=[1, 3]
2025-10-05 10:10:01 - INFO - [epoch 1/50] train_loss=4.5526 | val_loss=4.4814 | val_acc=0.0372 | best_val=4.4814@1 | bad=0/10 | lr=1.00e-03 | dt=12.4s
2025-10-05 10:10:10 - INFO - [epoch 2/50] train_loss=4.4271 | val_loss=4.3491 | val_acc=0.0392 | best_val=4.3491@2 | bad=0/10 | lr=1.00e-03 | dt=9.0s
2025-10-05 10:10:20 - INFO - [epoch 3/50] train_loss=4.3336 | val_loss=4.2841 | val_acc=0.0468 | best_val=4.2841@3 | bad=0/10 | lr=1.00e-03 | dt=9.2s
2025-10-05 10:10:29 - INFO - [epoch 4/50] train_loss=4.2674 | val_loss=4.2302 | val_acc=0.0560 | best_val=4.2302@4 | bad=0/10 | lr=1.00e-03 | dt=9.0s
2025-10-05 10:10:38 - INFO - [epoch 5/50] train_loss=4.2086 | val_loss=4.1676 | val_acc=0.0638 | best_val=4.1676@5 | bad=0/10 | lr=1.00e-03 | dt=8.9s
2025-10-05 10:10:47 - INFO - [epoch 6/50] train_loss=4.1527 | val_loss=4.1057 | val_acc=0.0764 | best_val=4.1057@6 | bad=0/10 | lr=1.00e-03 | dt=9.1s
2025-10-05 10:10:55 - INFO - [epoch 7/50] train_loss=4.1005 | val_loss=4.0540 | val_acc=0.0884 | best_val=4.0540@7 | bad=0/10 | lr=1.00e-03 | dt=8.9s
2025-10-05 10:11:04 - INFO - [epoch 8/50] train_loss=4.0481 | val_loss=4.0088 | val_acc=0.0966 | best_val=4.0088@8 | bad=0/10 | lr=1.00e-03 | dt=8.7s
2025-10-05 10:11:13 - INFO - [epoch 9/50] train_loss=3.9941 | val_loss=3.9475 | val_acc=0.0988 | best_val=3.9475@9 | bad=0/10 | lr=1.00e-03 | dt=8.5s
2025-10-05 10:11:21 - INFO - [epoch 10/50] train_loss=3.9460 | val_loss=3.9027 | val_acc=0.1110 | best_val=3.9027@10 | bad=0/10 | lr=1.00e-03 | dt=8.8s
2025-10-05 10:11:30 - INFO - [epoch 11/50] train_loss=3.8980 | val_loss=3.8610 | val_acc=0.1176 | best_val=3.8610@11 | bad=0/10 | lr=1.00e-03 | dt=8.5s
2025-10-05 10:11:38 - INFO - [epoch 12/50] train_loss=3.8547 | val_loss=3.8234 | val_acc=0.1240 | best_val=3.8234@12 | bad=0/10 | lr=1.00e-03 | dt=7.9s
2025-10-05 10:11:46 - INFO - [epoch 13/50] train_loss=3.8143 | val_loss=3.7786 | val_acc=0.1308 | best_val=3.7786@13 | bad=0/10 | lr=1.00e-03 | dt=8.2s
2025-10-05 10:11:55 - INFO - [epoch 14/50] train_loss=3.7746 | val_loss=3.7595 | val_acc=0.1320 | best_val=3.7595@14 | bad=0/10 | lr=1.00e-03 | dt=8.5s
2025-10-05 10:12:03 - INFO - [epoch 15/50] train_loss=3.7423 | val_loss=3.6924 | val_acc=0.1462 | best_val=3.6924@15 | bad=0/10 | lr=1.00e-03 | dt=8.6s
2025-10-05 10:12:12 - INFO - [epoch 16/50] train_loss=3.7060 | val_loss=3.6830 | val_acc=0.1422 | best_val=3.6830@16 | bad=0/10 | lr=1.00e-03 | dt=8.5s
2025-10-05 10:12:20 - INFO - [epoch 17/50] train_loss=3.6726 | val_loss=3.6456 | val_acc=0.1478 | best_val=3.6456@17 | bad=0/10 | lr=1.00e-03 | dt=8.5s
2025-10-05 10:12:28 - INFO - [epoch 18/50] train_loss=3.6443 | val_loss=3.6285 | val_acc=0.1524 | best_val=3.6285@18 | bad=0/10 | lr=1.00e-03 | dt=8.0s
2025-10-05 10:12:36 - INFO - [epoch 19/50] train_loss=3.6123 | val_loss=3.5924 | val_acc=0.1556 | best_val=3.5924@19 | bad=0/10 | lr=1.00e-03 | dt=8.2s
2025-10-05 10:12:44 - INFO - [epoch 20/50] train_loss=3.5839 | val_loss=3.5817 | val_acc=0.1560 | best_val=3.5817@20 | bad=0/10 | lr=1.00e-03 | dt=8.2s
2025-10-05 10:12:53 - INFO - [epoch 21/50] train_loss=3.5626 | val_loss=3.5701 | val_acc=0.1604 | best_val=3.5701@21 | bad=0/10 | lr=1.00e-03 | dt=8.1s
2025-10-05 10:13:03 - INFO - [epoch 22/50] train_loss=3.5357 | val_loss=3.5160 | val_acc=0.1668 | best_val=3.5160@22 | bad=0/10 | lr=1.00e-03 | dt=10.6s
2025-10-05 10:13:14 - INFO - [epoch 23/50] train_loss=3.5172 | val_loss=3.5343 | val_acc=0.1584 | best_val=3.5160@22 | bad=1/10 | lr=1.00e-03 | dt=10.5s
2025-10-05 10:13:25 - INFO - [epoch 24/50] train_loss=3.4953 | val_loss=3.5022 | val_acc=0.1648 | best_val=3.5022@24 | bad=0/10 | lr=1.00e-03 | dt=11.0s
2025-10-05 10:13:36 - INFO - [epoch 25/50] train_loss=3.4765 | val_loss=3.4864 | val_acc=0.1730 | best_val=3.4864@25 | bad=0/10 | lr=1.00e-03 | dt=11.2s
2025-10-05 10:13:46 - INFO - [epoch 26/50] train_loss=3.4548 | val_loss=3.4891 | val_acc=0.1716 | best_val=3.4864@25 | bad=1/10 | lr=1.00e-03 | dt=10.2s
2025-10-05 10:13:56 - INFO - [epoch 27/50] train_loss=3.4400 | val_loss=3.4296 | val_acc=0.1878 | best_val=3.4296@27 | bad=0/10 | lr=1.00e-03 | dt=10.2s
2025-10-05 10:14:06 - INFO - [epoch 28/50] train_loss=3.4229 | val_loss=3.4041 | val_acc=0.1852 | best_val=3.4041@28 | bad=0/10 | lr=1.00e-03 | dt=9.4s
2025-10-05 10:14:15 - INFO - [epoch 29/50] train_loss=3.4138 | val_loss=3.4372 | val_acc=0.1782 | best_val=3.4041@28 | bad=1/10 | lr=1.00e-03 | dt=9.6s
2025-10-05 10:14:24 - INFO - [epoch 30/50] train_loss=3.3950 | val_loss=3.4038 | val_acc=0.1898 | best_val=3.4038@30 | bad=0/10 | lr=1.00e-03 | dt=9.1s
2025-10-05 10:14:32 - INFO - [epoch 31/50] train_loss=3.3801 | val_loss=3.3967 | val_acc=0.1916 | best_val=3.3967@31 | bad=0/10 | lr=1.00e-03 | dt=8.0s
2025-10-05 10:14:41 - INFO - [epoch 32/50] train_loss=3.3675 | val_loss=3.3914 | val_acc=0.1938 | best_val=3.3914@32 | bad=0/10 | lr=1.00e-03 | dt=9.0s
2025-10-05 10:14:50 - INFO - [epoch 33/50] train_loss=3.3538 | val_loss=3.4267 | val_acc=0.1848 | best_val=3.3914@32 | bad=1/10 | lr=1.00e-03 | dt=8.6s
2025-10-05 10:14:58 - INFO - [epoch 34/50] train_loss=3.3376 | val_loss=3.3720 | val_acc=0.1910 | best_val=3.3720@34 | bad=0/10 | lr=1.00e-03 | dt=8.4s
2025-10-05 10:15:08 - INFO - [epoch 35/50] train_loss=3.3324 | val_loss=3.3332 | val_acc=0.2004 | best_val=3.3332@35 | bad=0/10 | lr=1.00e-03 | dt=9.4s
2025-10-05 10:15:16 - INFO - [epoch 36/50] train_loss=3.3178 | val_loss=3.3148 | val_acc=0.2064 | best_val=3.3148@36 | bad=0/10 | lr=1.00e-03 | dt=8.6s
2025-10-05 10:15:25 - INFO - [epoch 37/50] train_loss=3.3049 | val_loss=3.3266 | val_acc=0.2018 | best_val=3.3148@36 | bad=1/10 | lr=1.00e-03 | dt=8.6s
2025-10-05 10:15:33 - INFO - [epoch 38/50] train_loss=3.2996 | val_loss=3.3021 | val_acc=0.2048 | best_val=3.3021@38 | bad=0/10 | lr=1.00e-03 | dt=8.3s
2025-10-05 10:15:41 - INFO - [epoch 39/50] train_loss=3.2905 | val_loss=3.3522 | val_acc=0.2012 | best_val=3.3021@38 | bad=1/10 | lr=1.00e-03 | dt=8.1s
2025-10-05 10:15:49 - INFO - [epoch 40/50] train_loss=3.2780 | val_loss=3.3103 | val_acc=0.2058 | best_val=3.3021@38 | bad=2/10 | lr=1.00e-03 | dt=8.0s
2025-10-05 10:15:58 - INFO - [epoch 41/50] train_loss=3.2639 | val_loss=3.3464 | val_acc=0.1920 | best_val=3.3021@38 | bad=3/10 | lr=1.00e-03 | dt=8.5s
2025-10-05 10:16:06 - INFO - [epoch 42/50] train_loss=3.2587 | val_loss=3.2738 | val_acc=0.2086 | best_val=3.2738@42 | bad=0/10 | lr=1.00e-03 | dt=8.6s
2025-10-05 10:16:15 - INFO - [epoch 43/50] train_loss=3.2486 | val_loss=3.2545 | val_acc=0.2118 | best_val=3.2545@43 | bad=0/10 | lr=1.00e-03 | dt=8.3s
2025-10-05 10:16:23 - INFO - [epoch 44/50] train_loss=3.2351 | val_loss=3.2914 | val_acc=0.2058 | best_val=3.2545@43 | bad=1/10 | lr=1.00e-03 | dt=8.4s
2025-10-05 10:16:31 - INFO - [epoch 45/50] train_loss=3.2288 | val_loss=3.2736 | val_acc=0.2098 | best_val=3.2545@43 | bad=2/10 | lr=1.00e-03 | dt=8.2s
2025-10-05 10:16:39 - INFO - [epoch 46/50] train_loss=3.2361 | val_loss=3.2924 | val_acc=0.2060 | best_val=3.2545@43 | bad=3/10 | lr=1.00e-03 | dt=8.0s
2025-10-05 10:16:48 - INFO - [epoch 47/50] train_loss=3.2166 | val_loss=3.2684 | val_acc=0.2108 | best_val=3.2545@43 | bad=4/10 | lr=1.00e-03 | dt=8.5s
2025-10-05 10:16:56 - INFO - [epoch 48/50] train_loss=3.2083 | val_loss=3.2820 | val_acc=0.2072 | best_val=3.2545@43 | bad=5/10 | lr=1.00e-03 | dt=8.2s
2025-10-05 10:17:05 - INFO - [epoch 49/50] train_loss=3.1953 | val_loss=3.2574 | val_acc=0.2156 | best_val=3.2545@43 | bad=6/10 | lr=1.00e-03 | dt=8.9s
2025-10-05 10:17:14 - INFO - [epoch 50/50] train_loss=3.1896 | val_loss=3.2308 | val_acc=0.2180 | best_val=3.2308@50 | bad=0/10 | lr=1.00e-03 | dt=8.9s
2025-10-05 10:17:14 - INFO - Run finished in 444.9s | best_val_loss=3.2308 @epoch 50 | best_val_acc=0.2180
2025-10-05 10:17:15 - INFO - Test: loss=3.2502 acc=0.2111
2025-10-05 10:17:15 - INFO - ======== [End Run 34/300] width=40 depth=2 | best_val=3.2308 | test_acc=0.2111 ========

