2025-10-04 06:12:41 - INFO - ======== [Run 36/140] width=160 depth=5 ========
2025-10-04 06:12:41 - INFO - Device=cuda | dataset=cifar10 | batch=64 | max_epochs=50 | patience=10 | lr=1.00e-03 | wd=1.0e-04
2025-10-04 06:12:41 - INFO - Model params=929130 | neurons=960 | pooling=[1, 3]
2025-10-04 06:13:05 - INFO - [epoch 1/50] train_loss=1.4406 | val_loss=1.2808 | val_acc=0.5422 | best_val=1.2808@1 | bad=0/10 | lr=1.00e-03 | dt=24.7s
2025-10-04 06:13:30 - INFO - [epoch 2/50] train_loss=1.0351 | val_loss=1.0638 | val_acc=0.6208 | best_val=1.0638@2 | bad=0/10 | lr=1.00e-03 | dt=24.5s
2025-10-04 06:13:55 - INFO - [epoch 3/50] train_loss=0.8759 | val_loss=1.0830 | val_acc=0.6330 | best_val=1.0638@2 | bad=1/10 | lr=1.00e-03 | dt=24.7s
2025-10-04 06:14:19 - INFO - [epoch 4/50] train_loss=0.7576 | val_loss=0.7330 | val_acc=0.7516 | best_val=0.7330@4 | bad=0/10 | lr=1.00e-03 | dt=24.6s
2025-10-04 06:14:43 - INFO - [epoch 5/50] train_loss=0.6627 | val_loss=0.7001 | val_acc=0.7668 | best_val=0.7001@5 | bad=0/10 | lr=1.00e-03 | dt=24.1s
2025-10-04 06:15:07 - INFO - [epoch 6/50] train_loss=0.6004 | val_loss=0.6728 | val_acc=0.7748 | best_val=0.6728@6 | bad=0/10 | lr=1.00e-03 | dt=24.0s
2025-10-04 06:15:32 - INFO - [epoch 7/50] train_loss=0.5517 | val_loss=0.5791 | val_acc=0.8030 | best_val=0.5791@7 | bad=0/10 | lr=1.00e-03 | dt=24.4s
2025-10-04 06:15:57 - INFO - [epoch 8/50] train_loss=0.5081 | val_loss=0.5663 | val_acc=0.8044 | best_val=0.5663@8 | bad=0/10 | lr=1.00e-03 | dt=25.2s
2025-10-04 06:16:21 - INFO - [epoch 9/50] train_loss=0.4847 | val_loss=0.5908 | val_acc=0.8008 | best_val=0.5663@8 | bad=1/10 | lr=1.00e-03 | dt=24.4s
2025-10-04 06:16:46 - INFO - [epoch 10/50] train_loss=0.4534 | val_loss=0.6008 | val_acc=0.8032 | best_val=0.5663@8 | bad=2/10 | lr=1.00e-03 | dt=24.7s
2025-10-04 06:17:11 - INFO - [epoch 11/50] train_loss=0.4328 | val_loss=0.5053 | val_acc=0.8246 | best_val=0.5053@11 | bad=0/10 | lr=1.00e-03 | dt=25.1s
2025-10-04 06:17:36 - INFO - [epoch 12/50] train_loss=0.4151 | val_loss=0.6124 | val_acc=0.8072 | best_val=0.5053@11 | bad=1/10 | lr=1.00e-03 | dt=24.3s
2025-10-04 06:18:00 - INFO - [epoch 13/50] train_loss=0.3952 | val_loss=0.4668 | val_acc=0.8434 | best_val=0.4668@13 | bad=0/10 | lr=1.00e-03 | dt=24.3s
2025-10-04 06:18:24 - INFO - [epoch 14/50] train_loss=0.3760 | val_loss=0.4971 | val_acc=0.8384 | best_val=0.4668@13 | bad=1/10 | lr=1.00e-03 | dt=24.5s
2025-10-04 06:18:49 - INFO - [epoch 15/50] train_loss=0.3580 | val_loss=0.4570 | val_acc=0.8496 | best_val=0.4570@15 | bad=0/10 | lr=1.00e-03 | dt=24.7s
2025-10-04 06:19:13 - INFO - [epoch 16/50] train_loss=0.3499 | val_loss=0.4434 | val_acc=0.8564 | best_val=0.4434@16 | bad=0/10 | lr=1.00e-03 | dt=24.3s
2025-10-04 06:19:37 - INFO - [epoch 17/50] train_loss=0.3417 | val_loss=0.4836 | val_acc=0.8464 | best_val=0.4434@16 | bad=1/10 | lr=1.00e-03 | dt=24.2s
2025-10-04 06:20:02 - INFO - [epoch 18/50] train_loss=0.3174 | val_loss=0.5259 | val_acc=0.8364 | best_val=0.4434@16 | bad=2/10 | lr=1.00e-03 | dt=24.4s
2025-10-04 06:20:26 - INFO - [epoch 19/50] train_loss=0.3180 | val_loss=0.4855 | val_acc=0.8420 | best_val=0.4434@16 | bad=3/10 | lr=1.00e-03 | dt=24.3s
2025-10-04 06:20:51 - INFO - [epoch 20/50] train_loss=0.3047 | val_loss=0.4448 | val_acc=0.8632 | best_val=0.4434@16 | bad=4/10 | lr=1.00e-03 | dt=25.3s
2025-10-04 06:21:16 - INFO - [epoch 21/50] train_loss=0.2971 | val_loss=0.4588 | val_acc=0.8494 | best_val=0.4434@16 | bad=5/10 | lr=1.00e-03 | dt=24.4s
2025-10-04 06:21:41 - INFO - [epoch 22/50] train_loss=0.2901 | val_loss=0.4599 | val_acc=0.8590 | best_val=0.4434@16 | bad=6/10 | lr=1.00e-03 | dt=24.8s
2025-10-04 06:22:05 - INFO - [epoch 23/50] train_loss=0.2807 | val_loss=0.4777 | val_acc=0.8444 | best_val=0.4434@16 | bad=7/10 | lr=1.00e-03 | dt=24.2s
2025-10-04 06:22:29 - INFO - [epoch 24/50] train_loss=0.2723 | val_loss=0.4878 | val_acc=0.8478 | best_val=0.4434@16 | bad=8/10 | lr=1.00e-03 | dt=24.4s
2025-10-04 06:22:53 - INFO - [epoch 25/50] train_loss=0.2703 | val_loss=0.4200 | val_acc=0.8624 | best_val=0.4200@25 | bad=0/10 | lr=1.00e-03 | dt=24.2s
2025-10-04 06:23:18 - INFO - [epoch 26/50] train_loss=0.2581 | val_loss=0.4274 | val_acc=0.8644 | best_val=0.4200@25 | bad=1/10 | lr=1.00e-03 | dt=24.4s
2025-10-04 06:23:42 - INFO - [epoch 27/50] train_loss=0.2607 | val_loss=0.4784 | val_acc=0.8534 | best_val=0.4200@25 | bad=2/10 | lr=1.00e-03 | dt=24.4s
2025-10-04 06:24:07 - INFO - [epoch 28/50] train_loss=0.2494 | val_loss=0.4459 | val_acc=0.8578 | best_val=0.4200@25 | bad=3/10 | lr=1.00e-03 | dt=24.5s
2025-10-04 06:24:31 - INFO - [epoch 29/50] train_loss=0.2478 | val_loss=0.4592 | val_acc=0.8538 | best_val=0.4200@25 | bad=4/10 | lr=1.00e-03 | dt=24.6s
2025-10-04 06:24:56 - INFO - [epoch 30/50] train_loss=0.2449 | val_loss=0.5527 | val_acc=0.8420 | best_val=0.4200@25 | bad=5/10 | lr=1.00e-03 | dt=24.6s
2025-10-04 06:25:21 - INFO - [epoch 31/50] train_loss=0.2325 | val_loss=0.4945 | val_acc=0.8492 | best_val=0.4200@25 | bad=6/10 | lr=1.00e-03 | dt=24.6s
2025-10-04 06:25:45 - INFO - [epoch 32/50] train_loss=0.2337 | val_loss=0.4285 | val_acc=0.8640 | best_val=0.4200@25 | bad=7/10 | lr=1.00e-03 | dt=24.6s
2025-10-04 06:26:10 - INFO - [epoch 33/50] train_loss=0.2286 | val_loss=0.4772 | val_acc=0.8532 | best_val=0.4200@25 | bad=8/10 | lr=1.00e-03 | dt=24.7s
2025-10-04 06:26:34 - INFO - [epoch 34/50] train_loss=0.2266 | val_loss=0.4931 | val_acc=0.8534 | best_val=0.4200@25 | bad=9/10 | lr=1.00e-03 | dt=24.1s
2025-10-04 06:26:58 - INFO - [epoch 35/50] train_loss=0.2201 | val_loss=0.4757 | val_acc=0.8596 | best_val=0.4200@25 | bad=10/10 | lr=1.00e-03 | dt=24.4s
2025-10-04 06:26:58 - INFO - Early stopping: no improvement for 10 epochs (best=0.4200 @ epoch 25)
2025-10-04 06:26:59 - INFO - Run finished in 857.9s | best_val_loss=0.4200 @epoch 25 | best_val_acc=0.8624
2025-10-04 06:27:01 - INFO - Test: loss=0.4834 acc=0.8580
2025-10-04 06:27:01 - INFO - ======== [End Run 36/140] width=160 depth=5 | best_val=0.4200 | test_acc=0.8580 ========

