2025-10-04 14:59:00 - INFO - ======== [Run 68/140] width=80 depth=7 ========
2025-10-04 14:59:00 - INFO - Device=cuda | dataset=cifar10 | batch=64 | max_epochs=50 | patience=10 | lr=1.00e-03 | wd=1.0e-04
2025-10-04 14:59:00 - INFO - Model params=349690 | neurons=640 | pooling=[1, 3]
2025-10-04 14:59:22 - INFO - [epoch 1/50] train_loss=1.5056 | val_loss=1.2743 | val_acc=0.5456 | best_val=1.2743@1 | bad=0/10 | lr=1.00e-03 | dt=22.1s
2025-10-04 14:59:45 - INFO - [epoch 2/50] train_loss=1.0498 | val_loss=0.9741 | val_acc=0.6496 | best_val=0.9741@2 | bad=0/10 | lr=1.00e-03 | dt=23.0s
2025-10-04 15:00:07 - INFO - [epoch 3/50] train_loss=0.8590 | val_loss=0.9195 | val_acc=0.6790 | best_val=0.9195@3 | bad=0/10 | lr=1.00e-03 | dt=22.1s
2025-10-04 15:00:29 - INFO - [epoch 4/50] train_loss=0.7411 | val_loss=0.7655 | val_acc=0.7344 | best_val=0.7655@4 | bad=0/10 | lr=1.00e-03 | dt=21.6s
2025-10-04 15:00:52 - INFO - [epoch 5/50] train_loss=0.6626 | val_loss=0.7321 | val_acc=0.7488 | best_val=0.7321@5 | bad=0/10 | lr=1.00e-03 | dt=22.8s
2025-10-04 15:01:15 - INFO - [epoch 6/50] train_loss=0.6137 | val_loss=0.6381 | val_acc=0.7772 | best_val=0.6381@6 | bad=0/10 | lr=1.00e-03 | dt=23.1s
2025-10-04 15:01:39 - INFO - [epoch 7/50] train_loss=0.5633 | val_loss=0.6700 | val_acc=0.7758 | best_val=0.6381@6 | bad=1/10 | lr=1.00e-03 | dt=24.4s
2025-10-04 15:02:02 - INFO - [epoch 8/50] train_loss=0.5296 | val_loss=0.6073 | val_acc=0.7916 | best_val=0.6073@8 | bad=0/10 | lr=1.00e-03 | dt=23.4s
2025-10-04 15:02:26 - INFO - [epoch 9/50] train_loss=0.5002 | val_loss=0.6238 | val_acc=0.7904 | best_val=0.6073@8 | bad=1/10 | lr=1.00e-03 | dt=23.2s
2025-10-04 15:02:49 - INFO - [epoch 10/50] train_loss=0.4747 | val_loss=0.5632 | val_acc=0.8096 | best_val=0.5632@10 | bad=0/10 | lr=1.00e-03 | dt=23.5s
2025-10-04 15:03:12 - INFO - [epoch 11/50] train_loss=0.4538 | val_loss=0.5362 | val_acc=0.8212 | best_val=0.5362@11 | bad=0/10 | lr=1.00e-03 | dt=22.6s
2025-10-04 15:03:34 - INFO - [epoch 12/50] train_loss=0.4375 | val_loss=0.5071 | val_acc=0.8286 | best_val=0.5071@12 | bad=0/10 | lr=1.00e-03 | dt=22.5s
2025-10-04 15:03:56 - INFO - [epoch 13/50] train_loss=0.4214 | val_loss=0.5002 | val_acc=0.8292 | best_val=0.5002@13 | bad=0/10 | lr=1.00e-03 | dt=22.2s
2025-10-04 15:04:19 - INFO - [epoch 14/50] train_loss=0.4103 | val_loss=0.4733 | val_acc=0.8416 | best_val=0.4733@14 | bad=0/10 | lr=1.00e-03 | dt=22.9s
2025-10-04 15:04:44 - INFO - [epoch 15/50] train_loss=0.3943 | val_loss=0.4633 | val_acc=0.8438 | best_val=0.4633@15 | bad=0/10 | lr=1.00e-03 | dt=24.3s
2025-10-04 15:05:06 - INFO - [epoch 16/50] train_loss=0.3785 | val_loss=0.5171 | val_acc=0.8296 | best_val=0.4633@15 | bad=1/10 | lr=1.00e-03 | dt=22.8s
2025-10-04 15:05:29 - INFO - [epoch 17/50] train_loss=0.3680 | val_loss=0.4512 | val_acc=0.8412 | best_val=0.4512@17 | bad=0/10 | lr=1.00e-03 | dt=22.2s
2025-10-04 15:05:56 - INFO - [epoch 18/50] train_loss=0.3591 | val_loss=0.4711 | val_acc=0.8472 | best_val=0.4512@17 | bad=1/10 | lr=1.00e-03 | dt=27.5s
2025-10-04 15:06:25 - INFO - [epoch 19/50] train_loss=0.3457 | val_loss=0.4547 | val_acc=0.8476 | best_val=0.4512@17 | bad=2/10 | lr=1.00e-03 | dt=29.3s
2025-10-04 15:06:53 - INFO - [epoch 20/50] train_loss=0.3374 | val_loss=0.4388 | val_acc=0.8550 | best_val=0.4388@20 | bad=0/10 | lr=1.00e-03 | dt=27.3s
2025-10-04 15:07:19 - INFO - [epoch 21/50] train_loss=0.3320 | val_loss=0.4175 | val_acc=0.8620 | best_val=0.4175@21 | bad=0/10 | lr=1.00e-03 | dt=26.4s
2025-10-04 15:07:45 - INFO - [epoch 22/50] train_loss=0.3225 | val_loss=0.3994 | val_acc=0.8662 | best_val=0.3994@22 | bad=0/10 | lr=1.00e-03 | dt=25.5s
2025-10-04 15:08:10 - INFO - [epoch 23/50] train_loss=0.3147 | val_loss=0.4824 | val_acc=0.8482 | best_val=0.3994@22 | bad=1/10 | lr=1.00e-03 | dt=25.5s
2025-10-04 15:08:34 - INFO - [epoch 24/50] train_loss=0.3071 | val_loss=0.4691 | val_acc=0.8464 | best_val=0.3994@22 | bad=2/10 | lr=1.00e-03 | dt=23.5s
2025-10-04 15:08:55 - INFO - [epoch 25/50] train_loss=0.2987 | val_loss=0.4531 | val_acc=0.8524 | best_val=0.3994@22 | bad=3/10 | lr=1.00e-03 | dt=21.7s
2025-10-04 15:09:18 - INFO - [epoch 26/50] train_loss=0.2952 | val_loss=0.4936 | val_acc=0.8422 | best_val=0.3994@22 | bad=4/10 | lr=1.00e-03 | dt=23.0s
2025-10-04 15:09:41 - INFO - [epoch 27/50] train_loss=0.2924 | val_loss=0.4435 | val_acc=0.8540 | best_val=0.3994@22 | bad=5/10 | lr=1.00e-03 | dt=23.0s
2025-10-04 15:10:05 - INFO - [epoch 28/50] train_loss=0.2857 | val_loss=0.4600 | val_acc=0.8516 | best_val=0.3994@22 | bad=6/10 | lr=1.00e-03 | dt=23.9s
2025-10-04 15:10:32 - INFO - [epoch 29/50] train_loss=0.2829 | val_loss=0.4342 | val_acc=0.8622 | best_val=0.3994@22 | bad=7/10 | lr=1.00e-03 | dt=26.6s
2025-10-04 15:10:55 - INFO - [epoch 30/50] train_loss=0.2791 | val_loss=0.4337 | val_acc=0.8594 | best_val=0.3994@22 | bad=8/10 | lr=1.00e-03 | dt=23.2s
2025-10-04 15:11:19 - INFO - [epoch 31/50] train_loss=0.2726 | val_loss=0.4270 | val_acc=0.8610 | best_val=0.3994@22 | bad=9/10 | lr=1.00e-03 | dt=23.9s
2025-10-04 15:11:44 - INFO - [epoch 32/50] train_loss=0.2683 | val_loss=0.4572 | val_acc=0.8532 | best_val=0.3994@22 | bad=10/10 | lr=1.00e-03 | dt=24.8s
2025-10-04 15:11:44 - INFO - Early stopping: no improvement for 10 epochs (best=0.3994 @ epoch 22)
2025-10-04 15:11:44 - INFO - Run finished in 764.3s | best_val_loss=0.3994 @epoch 22 | best_val_acc=0.8662
2025-10-04 15:11:47 - INFO - Test: loss=0.4582 acc=0.8597
2025-10-04 15:11:47 - INFO - ======== [End Run 68/140] width=80 depth=7 | best_val=0.3994 | test_acc=0.8597 ========

