2025-10-04 12:49:42 - INFO - ======== [Run 60/140] width=200 depth=6 ========
2025-10-04 12:49:42 - INFO - Device=cuda | dataset=cifar10 | batch=64 | max_epochs=50 | patience=10 | lr=1.00e-03 | wd=1.0e-04
2025-10-04 12:49:42 - INFO - Model params=1809810 | neurons=1400 | pooling=[1, 3]
2025-10-04 12:50:20 - INFO - [epoch 1/50] train_loss=1.4251 | val_loss=1.1859 | val_acc=0.5780 | best_val=1.1859@1 | bad=0/10 | lr=1.00e-03 | dt=38.0s
2025-10-04 12:50:58 - INFO - [epoch 2/50] train_loss=1.0220 | val_loss=1.0902 | val_acc=0.6304 | best_val=1.0902@2 | bad=0/10 | lr=1.00e-03 | dt=38.2s
2025-10-04 12:51:36 - INFO - [epoch 3/50] train_loss=0.8286 | val_loss=0.8786 | val_acc=0.7018 | best_val=0.8786@3 | bad=0/10 | lr=1.00e-03 | dt=37.1s
2025-10-04 12:52:13 - INFO - [epoch 4/50] train_loss=0.7059 | val_loss=0.7020 | val_acc=0.7548 | best_val=0.7020@4 | bad=0/10 | lr=1.00e-03 | dt=37.5s
2025-10-04 12:52:50 - INFO - [epoch 5/50] train_loss=0.6247 | val_loss=0.7115 | val_acc=0.7594 | best_val=0.7020@4 | bad=1/10 | lr=1.00e-03 | dt=36.9s
2025-10-04 12:53:26 - INFO - [epoch 6/50] train_loss=0.5681 | val_loss=0.5928 | val_acc=0.8052 | best_val=0.5928@6 | bad=0/10 | lr=1.00e-03 | dt=36.3s
2025-10-04 12:54:03 - INFO - [epoch 7/50] train_loss=0.5179 | val_loss=0.5791 | val_acc=0.7998 | best_val=0.5791@7 | bad=0/10 | lr=1.00e-03 | dt=36.3s
2025-10-04 12:54:39 - INFO - [epoch 8/50] train_loss=0.4889 | val_loss=0.5895 | val_acc=0.8090 | best_val=0.5791@7 | bad=1/10 | lr=1.00e-03 | dt=36.5s
2025-10-04 12:55:16 - INFO - [epoch 9/50] train_loss=0.4522 | val_loss=0.6248 | val_acc=0.8006 | best_val=0.5791@7 | bad=2/10 | lr=1.00e-03 | dt=36.5s
2025-10-04 12:55:52 - INFO - [epoch 10/50] train_loss=0.4271 | val_loss=0.5256 | val_acc=0.8278 | best_val=0.5256@10 | bad=0/10 | lr=1.00e-03 | dt=36.1s
2025-10-04 12:56:27 - INFO - [epoch 11/50] train_loss=0.4042 | val_loss=0.5504 | val_acc=0.8208 | best_val=0.5256@10 | bad=1/10 | lr=1.00e-03 | dt=35.4s
2025-10-04 12:57:02 - INFO - [epoch 12/50] train_loss=0.3842 | val_loss=0.4846 | val_acc=0.8410 | best_val=0.4846@12 | bad=0/10 | lr=1.00e-03 | dt=35.3s
2025-10-04 12:57:39 - INFO - [epoch 13/50] train_loss=0.3681 | val_loss=0.4341 | val_acc=0.8574 | best_val=0.4341@13 | bad=0/10 | lr=1.00e-03 | dt=37.0s
2025-10-04 12:58:17 - INFO - [epoch 14/50] train_loss=0.3540 | val_loss=0.6202 | val_acc=0.8182 | best_val=0.4341@13 | bad=1/10 | lr=1.00e-03 | dt=37.5s
2025-10-04 12:58:54 - INFO - [epoch 15/50] train_loss=0.3351 | val_loss=0.3902 | val_acc=0.8702 | best_val=0.3902@15 | bad=0/10 | lr=1.00e-03 | dt=37.3s
2025-10-04 12:59:32 - INFO - [epoch 16/50] train_loss=0.3142 | val_loss=0.4522 | val_acc=0.8566 | best_val=0.3902@15 | bad=1/10 | lr=1.00e-03 | dt=37.5s
2025-10-04 13:00:09 - INFO - [epoch 17/50] train_loss=0.3079 | val_loss=0.3943 | val_acc=0.8672 | best_val=0.3902@15 | bad=2/10 | lr=1.00e-03 | dt=37.8s
2025-10-04 13:00:46 - INFO - [epoch 18/50] train_loss=0.2962 | val_loss=0.6178 | val_acc=0.8108 | best_val=0.3902@15 | bad=3/10 | lr=1.00e-03 | dt=36.7s
2025-10-04 13:01:23 - INFO - [epoch 19/50] train_loss=0.2877 | val_loss=0.4490 | val_acc=0.8544 | best_val=0.3902@15 | bad=4/10 | lr=1.00e-03 | dt=36.9s
2025-10-04 13:02:00 - INFO - [epoch 20/50] train_loss=0.2772 | val_loss=0.4707 | val_acc=0.8524 | best_val=0.3902@15 | bad=5/10 | lr=1.00e-03 | dt=37.0s
2025-10-04 13:02:37 - INFO - [epoch 21/50] train_loss=0.2729 | val_loss=0.4554 | val_acc=0.8624 | best_val=0.3902@15 | bad=6/10 | lr=1.00e-03 | dt=37.4s
2025-10-04 13:03:15 - INFO - [epoch 22/50] train_loss=0.2623 | val_loss=0.4208 | val_acc=0.8652 | best_val=0.3902@15 | bad=7/10 | lr=1.00e-03 | dt=37.5s
2025-10-04 13:03:52 - INFO - [epoch 23/50] train_loss=0.2493 | val_loss=0.4648 | val_acc=0.8612 | best_val=0.3902@15 | bad=8/10 | lr=1.00e-03 | dt=37.0s
2025-10-04 13:04:29 - INFO - [epoch 24/50] train_loss=0.2466 | val_loss=0.4234 | val_acc=0.8724 | best_val=0.3902@15 | bad=9/10 | lr=1.00e-03 | dt=36.9s
2025-10-04 13:05:05 - INFO - [epoch 25/50] train_loss=0.2413 | val_loss=0.3971 | val_acc=0.8706 | best_val=0.3902@15 | bad=10/10 | lr=1.00e-03 | dt=36.1s
2025-10-04 13:05:05 - INFO - Early stopping: no improvement for 10 epochs (best=0.3902 @ epoch 15)
2025-10-04 13:05:05 - INFO - Run finished in 923.1s | best_val_loss=0.3902 @epoch 15 | best_val_acc=0.8702
2025-10-04 13:05:08 - INFO - Test: loss=0.4075 acc=0.8692
2025-10-04 13:05:08 - INFO - ======== [End Run 60/140] width=200 depth=6 | best_val=0.3902 | test_acc=0.8692 ========

