2025-10-04 09:13:28 - INFO - ======== [Run 48/140] width=80 depth=6 ========
2025-10-04 09:13:28 - INFO - Device=cuda | dataset=cifar10 | batch=64 | max_epochs=50 | patience=10 | lr=1.00e-03 | wd=1.0e-04
2025-10-04 09:13:28 - INFO - Model params=291930 | neurons=560 | pooling=[1, 3]
2025-10-04 09:13:47 - INFO - [epoch 1/50] train_loss=1.4957 | val_loss=1.1868 | val_acc=0.5686 | best_val=1.1868@1 | bad=0/10 | lr=1.00e-03 | dt=18.4s
2025-10-04 09:14:05 - INFO - [epoch 2/50] train_loss=1.0659 | val_loss=1.2498 | val_acc=0.5758 | best_val=1.1868@1 | bad=1/10 | lr=1.00e-03 | dt=18.3s
2025-10-04 09:14:23 - INFO - [epoch 3/50] train_loss=0.8935 | val_loss=0.8479 | val_acc=0.6922 | best_val=0.8479@3 | bad=0/10 | lr=1.00e-03 | dt=17.8s
2025-10-04 09:14:41 - INFO - [epoch 4/50] train_loss=0.7782 | val_loss=0.9280 | val_acc=0.6898 | best_val=0.8479@3 | bad=1/10 | lr=1.00e-03 | dt=18.4s
2025-10-04 09:15:00 - INFO - [epoch 5/50] train_loss=0.6942 | val_loss=0.8117 | val_acc=0.7306 | best_val=0.8117@5 | bad=0/10 | lr=1.00e-03 | dt=18.4s
2025-10-04 09:15:18 - INFO - [epoch 6/50] train_loss=0.6360 | val_loss=0.7499 | val_acc=0.7548 | best_val=0.7499@6 | bad=0/10 | lr=1.00e-03 | dt=18.6s
2025-10-04 09:15:37 - INFO - [epoch 7/50] train_loss=0.5902 | val_loss=0.6395 | val_acc=0.7778 | best_val=0.6395@7 | bad=0/10 | lr=1.00e-03 | dt=18.9s
2025-10-04 09:15:51 - INFO - [epoch 8/50] train_loss=0.5567 | val_loss=0.5740 | val_acc=0.8002 | best_val=0.5740@8 | bad=0/10 | lr=1.00e-03 | dt=14.0s
2025-10-04 09:16:05 - INFO - [epoch 9/50] train_loss=0.5282 | val_loss=0.5494 | val_acc=0.8148 | best_val=0.5494@9 | bad=0/10 | lr=1.00e-03 | dt=14.2s
2025-10-04 09:16:20 - INFO - [epoch 10/50] train_loss=0.4962 | val_loss=0.5790 | val_acc=0.8028 | best_val=0.5494@9 | bad=1/10 | lr=1.00e-03 | dt=14.2s
2025-10-04 09:16:34 - INFO - [epoch 11/50] train_loss=0.4774 | val_loss=0.5502 | val_acc=0.8152 | best_val=0.5494@9 | bad=2/10 | lr=1.00e-03 | dt=14.1s
2025-10-04 09:16:48 - INFO - [epoch 12/50] train_loss=0.4554 | val_loss=0.5206 | val_acc=0.8232 | best_val=0.5206@12 | bad=0/10 | lr=1.00e-03 | dt=14.2s
2025-10-04 09:17:05 - INFO - [epoch 13/50] train_loss=0.4359 | val_loss=0.5009 | val_acc=0.8288 | best_val=0.5009@13 | bad=0/10 | lr=1.00e-03 | dt=16.9s
2025-10-04 09:17:23 - INFO - [epoch 14/50] train_loss=0.4211 | val_loss=0.5181 | val_acc=0.8300 | best_val=0.5009@13 | bad=1/10 | lr=1.00e-03 | dt=17.9s
2025-10-04 09:17:41 - INFO - [epoch 15/50] train_loss=0.4055 | val_loss=0.5317 | val_acc=0.8220 | best_val=0.5009@13 | bad=2/10 | lr=1.00e-03 | dt=18.0s
2025-10-04 09:18:00 - INFO - [epoch 16/50] train_loss=0.3956 | val_loss=0.4669 | val_acc=0.8438 | best_val=0.4669@16 | bad=0/10 | lr=1.00e-03 | dt=19.0s
2025-10-04 09:18:18 - INFO - [epoch 17/50] train_loss=0.3838 | val_loss=0.4980 | val_acc=0.8336 | best_val=0.4669@16 | bad=1/10 | lr=1.00e-03 | dt=18.5s
2025-10-04 09:18:36 - INFO - [epoch 18/50] train_loss=0.3723 | val_loss=0.4599 | val_acc=0.8474 | best_val=0.4599@18 | bad=0/10 | lr=1.00e-03 | dt=17.8s
2025-10-04 09:18:54 - INFO - [epoch 19/50] train_loss=0.3636 | val_loss=0.5385 | val_acc=0.8240 | best_val=0.4599@18 | bad=1/10 | lr=1.00e-03 | dt=18.1s
2025-10-04 09:19:12 - INFO - [epoch 20/50] train_loss=0.3487 | val_loss=0.4866 | val_acc=0.8346 | best_val=0.4599@18 | bad=2/10 | lr=1.00e-03 | dt=17.7s
2025-10-04 09:19:30 - INFO - [epoch 21/50] train_loss=0.3428 | val_loss=0.4783 | val_acc=0.8400 | best_val=0.4599@18 | bad=3/10 | lr=1.00e-03 | dt=18.6s
2025-10-04 09:19:47 - INFO - [epoch 22/50] train_loss=0.3381 | val_loss=0.4476 | val_acc=0.8518 | best_val=0.4476@22 | bad=0/10 | lr=1.00e-03 | dt=16.8s
2025-10-04 09:20:04 - INFO - [epoch 23/50] train_loss=0.3350 | val_loss=0.4911 | val_acc=0.8484 | best_val=0.4476@22 | bad=1/10 | lr=1.00e-03 | dt=16.7s
2025-10-04 09:20:21 - INFO - [epoch 24/50] train_loss=0.3215 | val_loss=0.4921 | val_acc=0.8396 | best_val=0.4476@22 | bad=2/10 | lr=1.00e-03 | dt=17.0s
2025-10-04 09:20:37 - INFO - [epoch 25/50] train_loss=0.3134 | val_loss=0.4569 | val_acc=0.8524 | best_val=0.4476@22 | bad=3/10 | lr=1.00e-03 | dt=16.0s
2025-10-04 09:20:54 - INFO - [epoch 26/50] train_loss=0.3123 | val_loss=0.4849 | val_acc=0.8420 | best_val=0.4476@22 | bad=4/10 | lr=1.00e-03 | dt=17.0s
2025-10-04 09:21:10 - INFO - [epoch 27/50] train_loss=0.3044 | val_loss=0.4547 | val_acc=0.8502 | best_val=0.4476@22 | bad=5/10 | lr=1.00e-03 | dt=16.5s
2025-10-04 09:21:26 - INFO - [epoch 28/50] train_loss=0.2993 | val_loss=0.4513 | val_acc=0.8574 | best_val=0.4476@22 | bad=6/10 | lr=1.00e-03 | dt=16.0s
2025-10-04 09:21:41 - INFO - [epoch 29/50] train_loss=0.2909 | val_loss=0.4659 | val_acc=0.8530 | best_val=0.4476@22 | bad=7/10 | lr=1.00e-03 | dt=15.1s
2025-10-04 09:21:56 - INFO - [epoch 30/50] train_loss=0.2910 | val_loss=0.4396 | val_acc=0.8520 | best_val=0.4396@30 | bad=0/10 | lr=1.00e-03 | dt=14.8s
2025-10-04 09:22:11 - INFO - [epoch 31/50] train_loss=0.2866 | val_loss=0.4615 | val_acc=0.8540 | best_val=0.4396@30 | bad=1/10 | lr=1.00e-03 | dt=14.7s
2025-10-04 09:22:26 - INFO - [epoch 32/50] train_loss=0.2797 | val_loss=0.4330 | val_acc=0.8632 | best_val=0.4330@32 | bad=0/10 | lr=1.00e-03 | dt=14.7s
2025-10-04 09:22:40 - INFO - [epoch 33/50] train_loss=0.2746 | val_loss=0.4457 | val_acc=0.8622 | best_val=0.4330@32 | bad=1/10 | lr=1.00e-03 | dt=14.7s
2025-10-04 09:22:55 - INFO - [epoch 34/50] train_loss=0.2737 | val_loss=0.4625 | val_acc=0.8550 | best_val=0.4330@32 | bad=2/10 | lr=1.00e-03 | dt=15.1s
2025-10-04 09:23:10 - INFO - [epoch 35/50] train_loss=0.2661 | val_loss=0.4518 | val_acc=0.8500 | best_val=0.4330@32 | bad=3/10 | lr=1.00e-03 | dt=14.3s
2025-10-04 09:23:24 - INFO - [epoch 36/50] train_loss=0.2629 | val_loss=0.4319 | val_acc=0.8606 | best_val=0.4319@36 | bad=0/10 | lr=1.00e-03 | dt=14.9s
2025-10-04 09:23:41 - INFO - [epoch 37/50] train_loss=0.2605 | val_loss=0.4489 | val_acc=0.8598 | best_val=0.4319@36 | bad=1/10 | lr=1.00e-03 | dt=16.4s
2025-10-04 09:23:56 - INFO - [epoch 38/50] train_loss=0.2598 | val_loss=0.4088 | val_acc=0.8664 | best_val=0.4088@38 | bad=0/10 | lr=1.00e-03 | dt=15.4s
2025-10-04 09:24:12 - INFO - [epoch 39/50] train_loss=0.2518 | val_loss=0.4241 | val_acc=0.8666 | best_val=0.4088@38 | bad=1/10 | lr=1.00e-03 | dt=15.6s
2025-10-04 09:24:27 - INFO - [epoch 40/50] train_loss=0.2536 | val_loss=0.4316 | val_acc=0.8628 | best_val=0.4088@38 | bad=2/10 | lr=1.00e-03 | dt=15.5s
2025-10-04 09:24:42 - INFO - [epoch 41/50] train_loss=0.2554 | val_loss=0.4310 | val_acc=0.8686 | best_val=0.4088@38 | bad=3/10 | lr=1.00e-03 | dt=14.5s
2025-10-04 09:24:57 - INFO - [epoch 42/50] train_loss=0.2435 | val_loss=0.4247 | val_acc=0.8642 | best_val=0.4088@38 | bad=4/10 | lr=1.00e-03 | dt=15.1s
2025-10-04 09:25:12 - INFO - [epoch 43/50] train_loss=0.2426 | val_loss=0.4371 | val_acc=0.8642 | best_val=0.4088@38 | bad=5/10 | lr=1.00e-03 | dt=15.3s
2025-10-04 09:25:26 - INFO - [epoch 44/50] train_loss=0.2433 | val_loss=0.4621 | val_acc=0.8572 | best_val=0.4088@38 | bad=6/10 | lr=1.00e-03 | dt=13.6s
2025-10-04 09:25:39 - INFO - [epoch 45/50] train_loss=0.2414 | val_loss=0.4423 | val_acc=0.8642 | best_val=0.4088@38 | bad=7/10 | lr=1.00e-03 | dt=13.6s
2025-10-04 09:25:53 - INFO - [epoch 46/50] train_loss=0.2358 | val_loss=0.4272 | val_acc=0.8656 | best_val=0.4088@38 | bad=8/10 | lr=1.00e-03 | dt=13.6s
2025-10-04 09:26:06 - INFO - [epoch 47/50] train_loss=0.2329 | val_loss=0.4341 | val_acc=0.8676 | best_val=0.4088@38 | bad=9/10 | lr=1.00e-03 | dt=13.4s
2025-10-04 09:26:19 - INFO - [epoch 48/50] train_loss=0.2324 | val_loss=0.4761 | val_acc=0.8512 | best_val=0.4088@38 | bad=10/10 | lr=1.00e-03 | dt=12.9s
2025-10-04 09:26:19 - INFO - Early stopping: no improvement for 10 epochs (best=0.4088 @ epoch 38)
2025-10-04 09:26:20 - INFO - Run finished in 771.5s | best_val_loss=0.4088 @epoch 38 | best_val_acc=0.8664
2025-10-04 09:26:21 - INFO - Test: loss=0.4917 acc=0.8567
2025-10-04 09:26:21 - INFO - ======== [End Run 48/140] width=80 depth=6 | best_val=0.4088 | test_acc=0.8567 ========

