2025-10-04 00:55:47 - INFO - ======== [Run 13/140] width=130 depth=4 ========
2025-10-04 00:55:47 - INFO - Device=cuda | dataset=cifar10 | batch=64 | max_epochs=50 | patience=10 | lr=1.00e-03 | wd=1.0e-04
2025-10-04 00:55:47 - INFO - Model params=462160 | neurons=650 | pooling=[1, 3]
2025-10-04 00:56:08 - INFO - [epoch 1/50] train_loss=1.4518 | val_loss=1.2152 | val_acc=0.5596 | best_val=1.2152@1 | bad=0/10 | lr=1.00e-03 | dt=21.8s
2025-10-04 00:56:30 - INFO - [epoch 2/50] train_loss=1.0858 | val_loss=1.0714 | val_acc=0.6176 | best_val=1.0714@2 | bad=0/10 | lr=1.00e-03 | dt=21.6s
2025-10-04 00:56:52 - INFO - [epoch 3/50] train_loss=0.9466 | val_loss=0.9036 | val_acc=0.6752 | best_val=0.9036@3 | bad=0/10 | lr=1.00e-03 | dt=21.9s
2025-10-04 00:57:14 - INFO - [epoch 4/50] train_loss=0.8395 | val_loss=0.9594 | val_acc=0.6650 | best_val=0.9036@3 | bad=1/10 | lr=1.00e-03 | dt=22.1s
2025-10-04 00:57:36 - INFO - [epoch 5/50] train_loss=0.7678 | val_loss=0.7417 | val_acc=0.7322 | best_val=0.7417@5 | bad=0/10 | lr=1.00e-03 | dt=22.2s
2025-10-04 00:57:58 - INFO - [epoch 6/50] train_loss=0.6969 | val_loss=0.8065 | val_acc=0.7164 | best_val=0.7417@5 | bad=1/10 | lr=1.00e-03 | dt=21.9s
2025-10-04 00:58:20 - INFO - [epoch 7/50] train_loss=0.6562 | val_loss=0.7751 | val_acc=0.7436 | best_val=0.7417@5 | bad=2/10 | lr=1.00e-03 | dt=21.8s
2025-10-04 00:58:41 - INFO - [epoch 8/50] train_loss=0.6100 | val_loss=0.8341 | val_acc=0.7284 | best_val=0.7417@5 | bad=3/10 | lr=1.00e-03 | dt=21.5s
2025-10-04 00:59:04 - INFO - [epoch 9/50] train_loss=0.5771 | val_loss=0.6498 | val_acc=0.7772 | best_val=0.6498@9 | bad=0/10 | lr=1.00e-03 | dt=22.6s
2025-10-04 00:59:26 - INFO - [epoch 10/50] train_loss=0.5502 | val_loss=0.7225 | val_acc=0.7562 | best_val=0.6498@9 | bad=1/10 | lr=1.00e-03 | dt=21.8s
2025-10-04 00:59:48 - INFO - [epoch 11/50] train_loss=0.5274 | val_loss=0.5973 | val_acc=0.7956 | best_val=0.5973@11 | bad=0/10 | lr=1.00e-03 | dt=21.9s
2025-10-04 01:00:10 - INFO - [epoch 12/50] train_loss=0.5035 | val_loss=0.6529 | val_acc=0.7836 | best_val=0.5973@11 | bad=1/10 | lr=1.00e-03 | dt=22.0s
2025-10-04 01:00:31 - INFO - [epoch 13/50] train_loss=0.4863 | val_loss=0.5627 | val_acc=0.8070 | best_val=0.5627@13 | bad=0/10 | lr=1.00e-03 | dt=21.7s
2025-10-04 01:00:53 - INFO - [epoch 14/50] train_loss=0.4680 | val_loss=0.5964 | val_acc=0.8000 | best_val=0.5627@13 | bad=1/10 | lr=1.00e-03 | dt=21.9s
2025-10-04 01:01:15 - INFO - [epoch 15/50] train_loss=0.4558 | val_loss=0.5919 | val_acc=0.7976 | best_val=0.5627@13 | bad=2/10 | lr=1.00e-03 | dt=22.0s
2025-10-04 01:01:37 - INFO - [epoch 16/50] train_loss=0.4395 | val_loss=0.5667 | val_acc=0.8072 | best_val=0.5627@13 | bad=3/10 | lr=1.00e-03 | dt=21.6s
2025-10-04 01:01:59 - INFO - [epoch 17/50] train_loss=0.4244 | val_loss=0.5217 | val_acc=0.8288 | best_val=0.5217@17 | bad=0/10 | lr=1.00e-03 | dt=21.6s
2025-10-04 01:02:21 - INFO - [epoch 18/50] train_loss=0.4100 | val_loss=0.5313 | val_acc=0.8234 | best_val=0.5217@17 | bad=1/10 | lr=1.00e-03 | dt=22.0s
2025-10-04 01:02:43 - INFO - [epoch 19/50] train_loss=0.4041 | val_loss=0.5271 | val_acc=0.8246 | best_val=0.5217@17 | bad=2/10 | lr=1.00e-03 | dt=22.0s
2025-10-04 01:03:04 - INFO - [epoch 20/50] train_loss=0.3898 | val_loss=0.5176 | val_acc=0.8240 | best_val=0.5176@20 | bad=0/10 | lr=1.00e-03 | dt=21.7s
2025-10-04 01:03:26 - INFO - [epoch 21/50] train_loss=0.3861 | val_loss=0.5470 | val_acc=0.8158 | best_val=0.5176@20 | bad=1/10 | lr=1.00e-03 | dt=21.7s
2025-10-04 01:03:48 - INFO - [epoch 22/50] train_loss=0.3720 | val_loss=0.5262 | val_acc=0.8208 | best_val=0.5176@20 | bad=2/10 | lr=1.00e-03 | dt=22.1s
2025-10-04 01:04:10 - INFO - [epoch 23/50] train_loss=0.3632 | val_loss=0.5624 | val_acc=0.8122 | best_val=0.5176@20 | bad=3/10 | lr=1.00e-03 | dt=22.3s
2025-10-04 01:04:33 - INFO - [epoch 24/50] train_loss=0.3560 | val_loss=0.4790 | val_acc=0.8412 | best_val=0.4790@24 | bad=0/10 | lr=1.00e-03 | dt=23.2s
2025-10-04 01:04:56 - INFO - [epoch 25/50] train_loss=0.3496 | val_loss=0.6099 | val_acc=0.8034 | best_val=0.4790@24 | bad=1/10 | lr=1.00e-03 | dt=22.2s
2025-10-04 01:05:17 - INFO - [epoch 26/50] train_loss=0.3484 | val_loss=0.6318 | val_acc=0.7984 | best_val=0.4790@24 | bad=2/10 | lr=1.00e-03 | dt=21.5s
2025-10-04 01:05:39 - INFO - [epoch 27/50] train_loss=0.3359 | val_loss=0.4720 | val_acc=0.8416 | best_val=0.4720@27 | bad=0/10 | lr=1.00e-03 | dt=22.0s
2025-10-04 01:06:01 - INFO - [epoch 28/50] train_loss=0.3315 | val_loss=0.4843 | val_acc=0.8440 | best_val=0.4720@27 | bad=1/10 | lr=1.00e-03 | dt=22.0s
2025-10-04 01:06:23 - INFO - [epoch 29/50] train_loss=0.3250 | val_loss=0.5130 | val_acc=0.8280 | best_val=0.4720@27 | bad=2/10 | lr=1.00e-03 | dt=21.9s
2025-10-04 01:06:45 - INFO - [epoch 30/50] train_loss=0.3225 | val_loss=0.5384 | val_acc=0.8274 | best_val=0.4720@27 | bad=3/10 | lr=1.00e-03 | dt=21.8s
2025-10-04 01:07:07 - INFO - [epoch 31/50] train_loss=0.3184 | val_loss=0.4741 | val_acc=0.8380 | best_val=0.4720@27 | bad=4/10 | lr=1.00e-03 | dt=21.7s
2025-10-04 01:07:28 - INFO - [epoch 32/50] train_loss=0.3064 | val_loss=0.4790 | val_acc=0.8434 | best_val=0.4720@27 | bad=5/10 | lr=1.00e-03 | dt=21.8s
2025-10-04 01:07:50 - INFO - [epoch 33/50] train_loss=0.3049 | val_loss=0.5358 | val_acc=0.8280 | best_val=0.4720@27 | bad=6/10 | lr=1.00e-03 | dt=21.7s
2025-10-04 01:08:12 - INFO - [epoch 34/50] train_loss=0.3059 | val_loss=0.5259 | val_acc=0.8372 | best_val=0.4720@27 | bad=7/10 | lr=1.00e-03 | dt=22.2s
2025-10-04 01:08:34 - INFO - [epoch 35/50] train_loss=0.2943 | val_loss=0.5183 | val_acc=0.8264 | best_val=0.4720@27 | bad=8/10 | lr=1.00e-03 | dt=22.1s
2025-10-04 01:08:56 - INFO - [epoch 36/50] train_loss=0.2946 | val_loss=0.4883 | val_acc=0.8398 | best_val=0.4720@27 | bad=9/10 | lr=1.00e-03 | dt=22.1s
2025-10-04 01:09:18 - INFO - [epoch 37/50] train_loss=0.2887 | val_loss=0.5660 | val_acc=0.8266 | best_val=0.4720@27 | bad=10/10 | lr=1.00e-03 | dt=21.8s
2025-10-04 01:09:18 - INFO - Early stopping: no improvement for 10 epochs (best=0.4720 @ epoch 27)
2025-10-04 01:09:19 - INFO - Run finished in 812.0s | best_val_loss=0.4720 @epoch 27 | best_val_acc=0.8416
2025-10-04 01:09:21 - INFO - Test: loss=0.5999 acc=0.8193
2025-10-04 01:09:21 - INFO - ======== [End Run 13/140] width=130 depth=4 | best_val=0.4720 | test_acc=0.8193 ========

