2025-10-03 03:55:14 - INFO - ======== [Run 27/250] width=20 depth=2 ========
2025-10-03 03:55:14 - INFO - Device=cuda | dataset=cifar10 | batch=64 | max_epochs=50 | patience=10 | lr=1.00e-03 | wd=1.0e-04
2025-10-03 03:55:14 - INFO - Model params=4430 | neurons=60 | pooling=[1, 3]
2025-10-03 03:55:30 - INFO - [epoch 1/50] train_loss=1.9502 | val_loss=1.7953 | val_acc=0.3158 | best_val=1.7953@1 | bad=0/10 | lr=1.00e-03 | dt=16.1s
2025-10-03 03:55:46 - INFO - [epoch 2/50] train_loss=1.7065 | val_loss=1.6966 | val_acc=0.3560 | best_val=1.6966@2 | bad=0/10 | lr=1.00e-03 | dt=15.8s
2025-10-03 03:56:02 - INFO - [epoch 3/50] train_loss=1.6291 | val_loss=1.7155 | val_acc=0.3654 | best_val=1.6966@2 | bad=1/10 | lr=1.00e-03 | dt=16.0s
2025-10-03 03:56:18 - INFO - [epoch 4/50] train_loss=1.5727 | val_loss=1.6233 | val_acc=0.4002 | best_val=1.6233@4 | bad=0/10 | lr=1.00e-03 | dt=16.4s
2025-10-03 03:56:35 - INFO - [epoch 5/50] train_loss=1.5358 | val_loss=1.5345 | val_acc=0.4318 | best_val=1.5345@5 | bad=0/10 | lr=1.00e-03 | dt=16.5s
2025-10-03 03:56:52 - INFO - [epoch 6/50] train_loss=1.5084 | val_loss=1.6168 | val_acc=0.4120 | best_val=1.5345@5 | bad=1/10 | lr=1.00e-03 | dt=16.7s
2025-10-03 03:57:08 - INFO - [epoch 7/50] train_loss=1.4854 | val_loss=1.4787 | val_acc=0.4608 | best_val=1.4787@7 | bad=0/10 | lr=1.00e-03 | dt=16.9s
2025-10-03 03:57:26 - INFO - [epoch 8/50] train_loss=1.4641 | val_loss=1.5213 | val_acc=0.4456 | best_val=1.4787@7 | bad=1/10 | lr=1.00e-03 | dt=17.5s
2025-10-03 03:57:43 - INFO - [epoch 9/50] train_loss=1.4519 | val_loss=1.5070 | val_acc=0.4444 | best_val=1.4787@7 | bad=2/10 | lr=1.00e-03 | dt=16.8s
2025-10-03 03:58:00 - INFO - [epoch 10/50] train_loss=1.4301 | val_loss=1.5049 | val_acc=0.4600 | best_val=1.4787@7 | bad=3/10 | lr=1.00e-03 | dt=17.7s
2025-10-03 03:58:17 - INFO - [epoch 11/50] train_loss=1.4192 | val_loss=1.4391 | val_acc=0.4794 | best_val=1.4391@11 | bad=0/10 | lr=1.00e-03 | dt=16.8s
2025-10-03 03:58:34 - INFO - [epoch 12/50] train_loss=1.4049 | val_loss=1.4768 | val_acc=0.4618 | best_val=1.4391@11 | bad=1/10 | lr=1.00e-03 | dt=17.1s
2025-10-03 03:58:52 - INFO - [epoch 13/50] train_loss=1.3902 | val_loss=1.4774 | val_acc=0.4644 | best_val=1.4391@11 | bad=2/10 | lr=1.00e-03 | dt=17.2s
2025-10-03 03:59:10 - INFO - [epoch 14/50] train_loss=1.3776 | val_loss=1.3623 | val_acc=0.5042 | best_val=1.3623@14 | bad=0/10 | lr=1.00e-03 | dt=18.4s
2025-10-03 03:59:27 - INFO - [epoch 15/50] train_loss=1.3697 | val_loss=1.4035 | val_acc=0.4828 | best_val=1.3623@14 | bad=1/10 | lr=1.00e-03 | dt=17.5s
2025-10-03 03:59:44 - INFO - [epoch 16/50] train_loss=1.3601 | val_loss=1.4327 | val_acc=0.4774 | best_val=1.3623@14 | bad=2/10 | lr=1.00e-03 | dt=16.4s
2025-10-03 04:00:01 - INFO - [epoch 17/50] train_loss=1.3477 | val_loss=1.4224 | val_acc=0.4916 | best_val=1.3623@14 | bad=3/10 | lr=1.00e-03 | dt=17.4s
2025-10-03 04:00:18 - INFO - [epoch 18/50] train_loss=1.3409 | val_loss=1.4652 | val_acc=0.4806 | best_val=1.3623@14 | bad=4/10 | lr=1.00e-03 | dt=16.2s
2025-10-03 04:00:35 - INFO - [epoch 19/50] train_loss=1.3315 | val_loss=1.3808 | val_acc=0.5042 | best_val=1.3623@14 | bad=5/10 | lr=1.00e-03 | dt=17.2s
2025-10-03 04:00:53 - INFO - [epoch 20/50] train_loss=1.3264 | val_loss=1.3993 | val_acc=0.4894 | best_val=1.3623@14 | bad=6/10 | lr=1.00e-03 | dt=17.9s
2025-10-03 04:01:11 - INFO - [epoch 21/50] train_loss=1.3182 | val_loss=1.4149 | val_acc=0.4910 | best_val=1.3623@14 | bad=7/10 | lr=1.00e-03 | dt=18.0s
2025-10-03 04:01:29 - INFO - [epoch 22/50] train_loss=1.3144 | val_loss=1.3499 | val_acc=0.5110 | best_val=1.3499@22 | bad=0/10 | lr=1.00e-03 | dt=18.2s
2025-10-03 04:01:46 - INFO - [epoch 23/50] train_loss=1.3085 | val_loss=1.3491 | val_acc=0.5162 | best_val=1.3491@23 | bad=0/10 | lr=1.00e-03 | dt=16.7s
2025-10-03 04:02:03 - INFO - [epoch 24/50] train_loss=1.2986 | val_loss=1.3067 | val_acc=0.5324 | best_val=1.3067@24 | bad=0/10 | lr=1.00e-03 | dt=17.4s
2025-10-03 04:02:21 - INFO - [epoch 25/50] train_loss=1.2964 | val_loss=1.3145 | val_acc=0.5298 | best_val=1.3067@24 | bad=1/10 | lr=1.00e-03 | dt=18.2s
2025-10-03 04:02:38 - INFO - [epoch 26/50] train_loss=1.2910 | val_loss=1.3355 | val_acc=0.5236 | best_val=1.3067@24 | bad=2/10 | lr=1.00e-03 | dt=16.7s
2025-10-03 04:02:57 - INFO - [epoch 27/50] train_loss=1.2809 | val_loss=1.3160 | val_acc=0.5344 | best_val=1.3067@24 | bad=3/10 | lr=1.00e-03 | dt=19.0s
2025-10-03 04:03:15 - INFO - [epoch 28/50] train_loss=1.2776 | val_loss=1.3520 | val_acc=0.5186 | best_val=1.3067@24 | bad=4/10 | lr=1.00e-03 | dt=18.5s
2025-10-03 04:03:33 - INFO - [epoch 29/50] train_loss=1.2714 | val_loss=1.3266 | val_acc=0.5164 | best_val=1.3067@24 | bad=5/10 | lr=1.00e-03 | dt=17.6s
2025-10-03 04:03:50 - INFO - [epoch 30/50] train_loss=1.2661 | val_loss=1.3449 | val_acc=0.5236 | best_val=1.3067@24 | bad=6/10 | lr=1.00e-03 | dt=17.3s
2025-10-03 04:04:09 - INFO - [epoch 31/50] train_loss=1.2627 | val_loss=1.3168 | val_acc=0.5292 | best_val=1.3067@24 | bad=7/10 | lr=1.00e-03 | dt=18.7s
2025-10-03 04:04:26 - INFO - [epoch 32/50] train_loss=1.2608 | val_loss=1.2406 | val_acc=0.5580 | best_val=1.2406@32 | bad=0/10 | lr=1.00e-03 | dt=17.4s
2025-10-03 04:04:45 - INFO - [epoch 33/50] train_loss=1.2518 | val_loss=1.3539 | val_acc=0.5224 | best_val=1.2406@32 | bad=1/10 | lr=1.00e-03 | dt=18.8s
2025-10-03 04:05:03 - INFO - [epoch 34/50] train_loss=1.2494 | val_loss=1.3375 | val_acc=0.5246 | best_val=1.2406@32 | bad=2/10 | lr=1.00e-03 | dt=17.7s
2025-10-03 04:05:20 - INFO - [epoch 35/50] train_loss=1.2433 | val_loss=1.2460 | val_acc=0.5610 | best_val=1.2406@32 | bad=3/10 | lr=1.00e-03 | dt=17.3s
2025-10-03 04:05:38 - INFO - [epoch 36/50] train_loss=1.2374 | val_loss=1.2816 | val_acc=0.5398 | best_val=1.2406@32 | bad=4/10 | lr=1.00e-03 | dt=17.8s
2025-10-03 04:05:56 - INFO - [epoch 37/50] train_loss=1.2363 | val_loss=1.2946 | val_acc=0.5510 | best_val=1.2406@32 | bad=5/10 | lr=1.00e-03 | dt=18.2s
2025-10-03 04:06:13 - INFO - [epoch 38/50] train_loss=1.2300 | val_loss=1.2443 | val_acc=0.5614 | best_val=1.2406@32 | bad=6/10 | lr=1.00e-03 | dt=16.3s
2025-10-03 04:06:28 - INFO - [epoch 39/50] train_loss=1.2294 | val_loss=1.2505 | val_acc=0.5576 | best_val=1.2406@32 | bad=7/10 | lr=1.00e-03 | dt=15.9s
2025-10-03 04:06:45 - INFO - [epoch 40/50] train_loss=1.2254 | val_loss=1.2535 | val_acc=0.5434 | best_val=1.2406@32 | bad=8/10 | lr=1.00e-03 | dt=16.8s
2025-10-03 04:07:01 - INFO - [epoch 41/50] train_loss=1.2223 | val_loss=1.2560 | val_acc=0.5612 | best_val=1.2406@32 | bad=9/10 | lr=1.00e-03 | dt=16.1s
2025-10-03 04:07:20 - INFO - [epoch 42/50] train_loss=1.2196 | val_loss=1.2923 | val_acc=0.5386 | best_val=1.2406@32 | bad=10/10 | lr=1.00e-03 | dt=18.6s
2025-10-03 04:07:20 - INFO - Early stopping: no improvement for 10 epochs (best=1.2406 @ epoch 32)
2025-10-03 04:07:21 - INFO - Run finished in 727.2s | best_val_loss=1.2406 @epoch 32 | best_val_acc=0.5580
2025-10-03 04:07:24 - INFO - Test: loss=1.2905 acc=0.5346
2025-10-03 04:07:24 - INFO - ======== [End Run 27/250] width=20 depth=2 | best_val=1.2406 | test_acc=0.5346 ========

