2025-10-04 12:08:02 - INFO - ======== [Run 58/140] width=180 depth=6 ========
2025-10-04 12:08:02 - INFO - Device=cuda | dataset=cifar10 | batch=64 | max_epochs=50 | patience=10 | lr=1.00e-03 | wd=1.0e-04
2025-10-04 12:08:02 - INFO - Model params=1466830 | neurons=1260 | pooling=[1, 3]
2025-10-04 12:08:36 - INFO - [epoch 1/50] train_loss=1.4155 | val_loss=1.4696 | val_acc=0.5040 | best_val=1.4696@1 | bad=0/10 | lr=1.00e-03 | dt=34.0s
2025-10-04 12:09:11 - INFO - [epoch 2/50] train_loss=1.0130 | val_loss=1.0529 | val_acc=0.6278 | best_val=1.0529@2 | bad=0/10 | lr=1.00e-03 | dt=34.7s
2025-10-04 12:09:46 - INFO - [epoch 3/50] train_loss=0.8339 | val_loss=0.7805 | val_acc=0.7244 | best_val=0.7805@3 | bad=0/10 | lr=1.00e-03 | dt=34.9s
2025-10-04 12:10:21 - INFO - [epoch 4/50] train_loss=0.7052 | val_loss=0.8695 | val_acc=0.7080 | best_val=0.7805@3 | bad=1/10 | lr=1.00e-03 | dt=35.3s
2025-10-04 12:10:56 - INFO - [epoch 5/50] train_loss=0.6234 | val_loss=0.7380 | val_acc=0.7430 | best_val=0.7380@5 | bad=0/10 | lr=1.00e-03 | dt=35.0s
2025-10-04 12:11:31 - INFO - [epoch 6/50] train_loss=0.5666 | val_loss=0.6948 | val_acc=0.7676 | best_val=0.6948@6 | bad=0/10 | lr=1.00e-03 | dt=34.6s
2025-10-04 12:12:04 - INFO - [epoch 7/50] train_loss=0.5256 | val_loss=0.5853 | val_acc=0.8062 | best_val=0.5853@7 | bad=0/10 | lr=1.00e-03 | dt=33.1s
2025-10-04 12:12:38 - INFO - [epoch 8/50] train_loss=0.4871 | val_loss=0.4994 | val_acc=0.8266 | best_val=0.4994@8 | bad=0/10 | lr=1.00e-03 | dt=34.3s
2025-10-04 12:13:11 - INFO - [epoch 9/50] train_loss=0.4512 | val_loss=0.5126 | val_acc=0.8292 | best_val=0.4994@8 | bad=1/10 | lr=1.00e-03 | dt=32.7s
2025-10-04 12:13:51 - INFO - [epoch 10/50] train_loss=0.4336 | val_loss=0.5298 | val_acc=0.8222 | best_val=0.4994@8 | bad=2/10 | lr=1.00e-03 | dt=39.6s
2025-10-04 12:14:29 - INFO - [epoch 11/50] train_loss=0.4113 | val_loss=0.5819 | val_acc=0.8098 | best_val=0.4994@8 | bad=3/10 | lr=1.00e-03 | dt=38.8s
2025-10-04 12:15:04 - INFO - [epoch 12/50] train_loss=0.3856 | val_loss=0.4435 | val_acc=0.8500 | best_val=0.4435@12 | bad=0/10 | lr=1.00e-03 | dt=34.5s
2025-10-04 12:15:39 - INFO - [epoch 13/50] train_loss=0.3687 | val_loss=0.4804 | val_acc=0.8392 | best_val=0.4435@12 | bad=1/10 | lr=1.00e-03 | dt=35.0s
2025-10-04 12:16:13 - INFO - [epoch 14/50] train_loss=0.3586 | val_loss=0.4588 | val_acc=0.8432 | best_val=0.4435@12 | bad=2/10 | lr=1.00e-03 | dt=33.9s
2025-10-04 12:16:48 - INFO - [epoch 15/50] train_loss=0.3409 | val_loss=0.4009 | val_acc=0.8650 | best_val=0.4009@15 | bad=0/10 | lr=1.00e-03 | dt=34.8s
2025-10-04 12:17:23 - INFO - [epoch 16/50] train_loss=0.3243 | val_loss=0.5438 | val_acc=0.8362 | best_val=0.4009@15 | bad=1/10 | lr=1.00e-03 | dt=35.0s
2025-10-04 12:17:58 - INFO - [epoch 17/50] train_loss=0.3092 | val_loss=0.4860 | val_acc=0.8518 | best_val=0.4009@15 | bad=2/10 | lr=1.00e-03 | dt=35.7s
2025-10-04 12:18:31 - INFO - [epoch 18/50] train_loss=0.3058 | val_loss=0.6218 | val_acc=0.8196 | best_val=0.4009@15 | bad=3/10 | lr=1.00e-03 | dt=32.8s
2025-10-04 12:19:06 - INFO - [epoch 19/50] train_loss=0.2898 | val_loss=0.4300 | val_acc=0.8620 | best_val=0.4009@15 | bad=4/10 | lr=1.00e-03 | dt=35.4s
2025-10-04 12:19:41 - INFO - [epoch 20/50] train_loss=0.2820 | val_loss=0.4570 | val_acc=0.8540 | best_val=0.4009@15 | bad=5/10 | lr=1.00e-03 | dt=34.6s
2025-10-04 12:20:15 - INFO - [epoch 21/50] train_loss=0.2761 | val_loss=0.4605 | val_acc=0.8580 | best_val=0.4009@15 | bad=6/10 | lr=1.00e-03 | dt=33.5s
2025-10-04 12:20:49 - INFO - [epoch 22/50] train_loss=0.2687 | val_loss=0.4670 | val_acc=0.8516 | best_val=0.4009@15 | bad=7/10 | lr=1.00e-03 | dt=34.4s
2025-10-04 12:21:24 - INFO - [epoch 23/50] train_loss=0.2626 | val_loss=0.4208 | val_acc=0.8654 | best_val=0.4009@15 | bad=8/10 | lr=1.00e-03 | dt=34.9s
2025-10-04 12:21:58 - INFO - [epoch 24/50] train_loss=0.2523 | val_loss=0.4299 | val_acc=0.8616 | best_val=0.4009@15 | bad=9/10 | lr=1.00e-03 | dt=33.9s
2025-10-04 12:22:32 - INFO - [epoch 25/50] train_loss=0.2481 | val_loss=0.4184 | val_acc=0.8680 | best_val=0.4009@15 | bad=10/10 | lr=1.00e-03 | dt=34.2s
2025-10-04 12:22:32 - INFO - Early stopping: no improvement for 10 epochs (best=0.4009 @ epoch 15)
2025-10-04 12:22:33 - INFO - Run finished in 870.4s | best_val_loss=0.4009 @epoch 15 | best_val_acc=0.8650
2025-10-04 12:22:36 - INFO - Test: loss=0.4576 acc=0.8657
2025-10-04 12:22:36 - INFO - ======== [End Run 58/140] width=180 depth=6 | best_val=0.4009 | test_acc=0.8657 ========

