2025-10-04 00:25:01 - INFO - ======== [Run 10/140] width=100 depth=4 ========
2025-10-04 00:25:01 - INFO - Device=cuda | dataset=cifar10 | batch=64 | max_epochs=50 | patience=10 | lr=1.00e-03 | wd=1.0e-04
2025-10-04 00:25:01 - INFO - Model params=274510 | neurons=500 | pooling=[1, 3]
2025-10-04 00:25:18 - INFO - [epoch 1/50] train_loss=1.4674 | val_loss=1.2151 | val_acc=0.5436 | best_val=1.2151@1 | bad=0/10 | lr=1.00e-03 | dt=17.8s
2025-10-04 00:25:36 - INFO - [epoch 2/50] train_loss=1.0924 | val_loss=1.0504 | val_acc=0.6268 | best_val=1.0504@2 | bad=0/10 | lr=1.00e-03 | dt=17.8s
2025-10-04 00:25:53 - INFO - [epoch 3/50] train_loss=0.9510 | val_loss=1.0984 | val_acc=0.6136 | best_val=1.0504@2 | bad=1/10 | lr=1.00e-03 | dt=17.2s
2025-10-04 00:26:12 - INFO - [epoch 4/50] train_loss=0.8456 | val_loss=0.8455 | val_acc=0.7032 | best_val=0.8455@4 | bad=0/10 | lr=1.00e-03 | dt=18.3s
2025-10-04 00:26:32 - INFO - [epoch 5/50] train_loss=0.7758 | val_loss=0.8993 | val_acc=0.6892 | best_val=0.8455@4 | bad=1/10 | lr=1.00e-03 | dt=20.2s
2025-10-04 00:26:49 - INFO - [epoch 6/50] train_loss=0.7160 | val_loss=0.7464 | val_acc=0.7410 | best_val=0.7464@6 | bad=0/10 | lr=1.00e-03 | dt=17.5s
2025-10-04 00:27:07 - INFO - [epoch 7/50] train_loss=0.6630 | val_loss=0.7481 | val_acc=0.7482 | best_val=0.7464@6 | bad=1/10 | lr=1.00e-03 | dt=17.2s
2025-10-04 00:27:24 - INFO - [epoch 8/50] train_loss=0.6314 | val_loss=0.6946 | val_acc=0.7608 | best_val=0.6946@8 | bad=0/10 | lr=1.00e-03 | dt=17.1s
2025-10-04 00:27:41 - INFO - [epoch 9/50] train_loss=0.5970 | val_loss=0.6834 | val_acc=0.7602 | best_val=0.6834@9 | bad=0/10 | lr=1.00e-03 | dt=17.3s
2025-10-04 00:27:58 - INFO - [epoch 10/50] train_loss=0.5722 | val_loss=0.7647 | val_acc=0.7412 | best_val=0.6834@9 | bad=1/10 | lr=1.00e-03 | dt=16.7s
2025-10-04 00:28:15 - INFO - [epoch 11/50] train_loss=0.5493 | val_loss=0.6758 | val_acc=0.7708 | best_val=0.6758@11 | bad=0/10 | lr=1.00e-03 | dt=17.1s
2025-10-04 00:28:32 - INFO - [epoch 12/50] train_loss=0.5268 | val_loss=0.5942 | val_acc=0.7952 | best_val=0.5942@12 | bad=0/10 | lr=1.00e-03 | dt=17.6s
2025-10-04 00:28:51 - INFO - [epoch 13/50] train_loss=0.5080 | val_loss=0.5859 | val_acc=0.7980 | best_val=0.5859@13 | bad=0/10 | lr=1.00e-03 | dt=18.1s
2025-10-04 00:29:07 - INFO - [epoch 14/50] train_loss=0.4996 | val_loss=0.5510 | val_acc=0.8090 | best_val=0.5510@14 | bad=0/10 | lr=1.00e-03 | dt=16.9s
2025-10-04 00:29:24 - INFO - [epoch 15/50] train_loss=0.4811 | val_loss=0.5815 | val_acc=0.8030 | best_val=0.5510@14 | bad=1/10 | lr=1.00e-03 | dt=17.1s
2025-10-04 00:29:42 - INFO - [epoch 16/50] train_loss=0.4748 | val_loss=0.5764 | val_acc=0.8054 | best_val=0.5510@14 | bad=2/10 | lr=1.00e-03 | dt=17.0s
2025-10-04 00:29:59 - INFO - [epoch 17/50] train_loss=0.4591 | val_loss=0.5897 | val_acc=0.8054 | best_val=0.5510@14 | bad=3/10 | lr=1.00e-03 | dt=17.2s
2025-10-04 00:30:16 - INFO - [epoch 18/50] train_loss=0.4476 | val_loss=0.7030 | val_acc=0.7750 | best_val=0.5510@14 | bad=4/10 | lr=1.00e-03 | dt=17.1s
2025-10-04 00:30:33 - INFO - [epoch 19/50] train_loss=0.4356 | val_loss=0.5101 | val_acc=0.8244 | best_val=0.5101@19 | bad=0/10 | lr=1.00e-03 | dt=17.1s
2025-10-04 00:30:50 - INFO - [epoch 20/50] train_loss=0.4264 | val_loss=0.5149 | val_acc=0.8282 | best_val=0.5101@19 | bad=1/10 | lr=1.00e-03 | dt=16.8s
2025-10-04 00:31:07 - INFO - [epoch 21/50] train_loss=0.4167 | val_loss=0.4545 | val_acc=0.8390 | best_val=0.4545@21 | bad=0/10 | lr=1.00e-03 | dt=17.3s
2025-10-04 00:31:25 - INFO - [epoch 22/50] train_loss=0.4146 | val_loss=0.4991 | val_acc=0.8280 | best_val=0.4545@21 | bad=1/10 | lr=1.00e-03 | dt=17.6s
2025-10-04 00:31:42 - INFO - [epoch 23/50] train_loss=0.4011 | val_loss=0.5142 | val_acc=0.8260 | best_val=0.4545@21 | bad=2/10 | lr=1.00e-03 | dt=16.9s
2025-10-04 00:31:58 - INFO - [epoch 24/50] train_loss=0.3950 | val_loss=0.4992 | val_acc=0.8320 | best_val=0.4545@21 | bad=3/10 | lr=1.00e-03 | dt=16.8s
2025-10-04 00:32:15 - INFO - [epoch 25/50] train_loss=0.3866 | val_loss=0.5678 | val_acc=0.8122 | best_val=0.4545@21 | bad=4/10 | lr=1.00e-03 | dt=17.0s
2025-10-04 00:32:33 - INFO - [epoch 26/50] train_loss=0.3796 | val_loss=0.5309 | val_acc=0.8186 | best_val=0.4545@21 | bad=5/10 | lr=1.00e-03 | dt=17.6s
2025-10-04 00:32:50 - INFO - [epoch 27/50] train_loss=0.3827 | val_loss=0.4493 | val_acc=0.8468 | best_val=0.4493@27 | bad=0/10 | lr=1.00e-03 | dt=17.1s
2025-10-04 00:33:07 - INFO - [epoch 28/50] train_loss=0.3636 | val_loss=0.4742 | val_acc=0.8404 | best_val=0.4493@27 | bad=1/10 | lr=1.00e-03 | dt=17.3s
2025-10-04 00:33:25 - INFO - [epoch 29/50] train_loss=0.3636 | val_loss=0.5232 | val_acc=0.8186 | best_val=0.4493@27 | bad=2/10 | lr=1.00e-03 | dt=17.4s
2025-10-04 00:33:42 - INFO - [epoch 30/50] train_loss=0.3483 | val_loss=0.4764 | val_acc=0.8440 | best_val=0.4493@27 | bad=3/10 | lr=1.00e-03 | dt=17.2s
2025-10-04 00:33:59 - INFO - [epoch 31/50] train_loss=0.3609 | val_loss=0.5152 | val_acc=0.8252 | best_val=0.4493@27 | bad=4/10 | lr=1.00e-03 | dt=17.5s
2025-10-04 00:34:17 - INFO - [epoch 32/50] train_loss=0.3490 | val_loss=0.5300 | val_acc=0.8216 | best_val=0.4493@27 | bad=5/10 | lr=1.00e-03 | dt=17.2s
2025-10-04 00:34:34 - INFO - [epoch 33/50] train_loss=0.3423 | val_loss=0.5090 | val_acc=0.8334 | best_val=0.4493@27 | bad=6/10 | lr=1.00e-03 | dt=17.4s
2025-10-04 00:34:51 - INFO - [epoch 34/50] train_loss=0.3408 | val_loss=0.4642 | val_acc=0.8430 | best_val=0.4493@27 | bad=7/10 | lr=1.00e-03 | dt=17.3s
2025-10-04 00:35:08 - INFO - [epoch 35/50] train_loss=0.3362 | val_loss=0.4963 | val_acc=0.8356 | best_val=0.4493@27 | bad=8/10 | lr=1.00e-03 | dt=16.7s
2025-10-04 00:35:26 - INFO - [epoch 36/50] train_loss=0.3321 | val_loss=0.4648 | val_acc=0.8436 | best_val=0.4493@27 | bad=9/10 | lr=1.00e-03 | dt=17.5s
2025-10-04 00:35:43 - INFO - [epoch 37/50] train_loss=0.3271 | val_loss=0.4698 | val_acc=0.8404 | best_val=0.4493@27 | bad=10/10 | lr=1.00e-03 | dt=17.1s
2025-10-04 00:35:43 - INFO - Early stopping: no improvement for 10 epochs (best=0.4493 @ epoch 27)
2025-10-04 00:35:43 - INFO - Run finished in 642.6s | best_val_loss=0.4493 @epoch 27 | best_val_acc=0.8468
2025-10-04 00:35:45 - INFO - Test: loss=0.4981 acc=0.8425
2025-10-04 00:35:45 - INFO - ======== [End Run 10/140] width=100 depth=4 | best_val=0.4493 | test_acc=0.8425 ========

