2025-10-04 05:06:44 - INFO - ======== [Run 31/140] width=110 depth=5 ========
2025-10-04 05:06:44 - INFO - Device=cuda | dataset=cifar10 | batch=64 | max_epochs=50 | patience=10 | lr=1.00e-03 | wd=1.0e-04
2025-10-04 05:06:44 - INFO - Model params=440780 | neurons=660 | pooling=[1, 3]
2025-10-04 05:07:04 - INFO - [epoch 1/50] train_loss=1.4369 | val_loss=1.5460 | val_acc=0.4968 | best_val=1.5460@1 | bad=0/10 | lr=1.00e-03 | dt=19.4s
2025-10-04 05:07:23 - INFO - [epoch 2/50] train_loss=1.0348 | val_loss=0.9474 | val_acc=0.6522 | best_val=0.9474@2 | bad=0/10 | lr=1.00e-03 | dt=19.6s
2025-10-04 05:07:42 - INFO - [epoch 3/50] train_loss=0.8798 | val_loss=0.8941 | val_acc=0.6790 | best_val=0.8941@3 | bad=0/10 | lr=1.00e-03 | dt=18.4s
2025-10-04 05:08:01 - INFO - [epoch 4/50] train_loss=0.7630 | val_loss=0.8105 | val_acc=0.7132 | best_val=0.8105@4 | bad=0/10 | lr=1.00e-03 | dt=19.4s
2025-10-04 05:08:21 - INFO - [epoch 5/50] train_loss=0.6795 | val_loss=0.6846 | val_acc=0.7646 | best_val=0.6846@5 | bad=0/10 | lr=1.00e-03 | dt=19.6s
2025-10-04 05:08:40 - INFO - [epoch 6/50] train_loss=0.6191 | val_loss=0.7005 | val_acc=0.7606 | best_val=0.6846@5 | bad=1/10 | lr=1.00e-03 | dt=18.8s
2025-10-04 05:08:59 - INFO - [epoch 7/50] train_loss=0.5659 | val_loss=0.6969 | val_acc=0.7626 | best_val=0.6846@5 | bad=2/10 | lr=1.00e-03 | dt=19.2s
2025-10-04 05:09:18 - INFO - [epoch 8/50] train_loss=0.5322 | val_loss=0.6452 | val_acc=0.7784 | best_val=0.6452@8 | bad=0/10 | lr=1.00e-03 | dt=19.1s
2025-10-04 05:09:37 - INFO - [epoch 9/50] train_loss=0.5050 | val_loss=0.5676 | val_acc=0.8060 | best_val=0.5676@9 | bad=0/10 | lr=1.00e-03 | dt=18.9s
2025-10-04 05:09:56 - INFO - [epoch 10/50] train_loss=0.4778 | val_loss=0.6408 | val_acc=0.7890 | best_val=0.5676@9 | bad=1/10 | lr=1.00e-03 | dt=18.9s
2025-10-04 05:10:15 - INFO - [epoch 11/50] train_loss=0.4527 | val_loss=0.5441 | val_acc=0.8206 | best_val=0.5441@11 | bad=0/10 | lr=1.00e-03 | dt=19.3s
2025-10-04 05:10:34 - INFO - [epoch 12/50] train_loss=0.4401 | val_loss=0.5651 | val_acc=0.8100 | best_val=0.5441@11 | bad=1/10 | lr=1.00e-03 | dt=18.6s
2025-10-04 05:10:53 - INFO - [epoch 13/50] train_loss=0.4196 | val_loss=0.5541 | val_acc=0.8162 | best_val=0.5441@11 | bad=2/10 | lr=1.00e-03 | dt=19.0s
2025-10-04 05:11:11 - INFO - [epoch 14/50] train_loss=0.4094 | val_loss=0.5135 | val_acc=0.8310 | best_val=0.5135@14 | bad=0/10 | lr=1.00e-03 | dt=18.8s
2025-10-04 05:11:31 - INFO - [epoch 15/50] train_loss=0.3863 | val_loss=0.4889 | val_acc=0.8372 | best_val=0.4889@15 | bad=0/10 | lr=1.00e-03 | dt=19.2s
2025-10-04 05:11:49 - INFO - [epoch 16/50] train_loss=0.3825 | val_loss=0.4665 | val_acc=0.8432 | best_val=0.4665@16 | bad=0/10 | lr=1.00e-03 | dt=18.9s
2025-10-04 05:12:08 - INFO - [epoch 17/50] train_loss=0.3676 | val_loss=0.4591 | val_acc=0.8446 | best_val=0.4591@17 | bad=0/10 | lr=1.00e-03 | dt=18.9s
2025-10-04 05:12:28 - INFO - [epoch 18/50] train_loss=0.3581 | val_loss=0.5247 | val_acc=0.8228 | best_val=0.4591@17 | bad=1/10 | lr=1.00e-03 | dt=19.2s
2025-10-04 05:12:47 - INFO - [epoch 19/50] train_loss=0.3439 | val_loss=0.4780 | val_acc=0.8476 | best_val=0.4591@17 | bad=2/10 | lr=1.00e-03 | dt=19.6s
2025-10-04 05:13:06 - INFO - [epoch 20/50] train_loss=0.3320 | val_loss=0.4364 | val_acc=0.8548 | best_val=0.4364@20 | bad=0/10 | lr=1.00e-03 | dt=19.1s
2025-10-04 05:13:25 - INFO - [epoch 21/50] train_loss=0.3276 | val_loss=0.4565 | val_acc=0.8476 | best_val=0.4364@20 | bad=1/10 | lr=1.00e-03 | dt=18.8s
2025-10-04 05:13:44 - INFO - [epoch 22/50] train_loss=0.3205 | val_loss=0.4514 | val_acc=0.8508 | best_val=0.4364@20 | bad=2/10 | lr=1.00e-03 | dt=19.2s
2025-10-04 05:14:03 - INFO - [epoch 23/50] train_loss=0.3162 | val_loss=0.3919 | val_acc=0.8634 | best_val=0.3919@23 | bad=0/10 | lr=1.00e-03 | dt=19.1s
2025-10-04 05:14:22 - INFO - [epoch 24/50] train_loss=0.3027 | val_loss=0.4485 | val_acc=0.8494 | best_val=0.3919@23 | bad=1/10 | lr=1.00e-03 | dt=18.8s
2025-10-04 05:14:41 - INFO - [epoch 25/50] train_loss=0.3019 | val_loss=0.4168 | val_acc=0.8590 | best_val=0.3919@23 | bad=2/10 | lr=1.00e-03 | dt=19.2s
2025-10-04 05:15:00 - INFO - [epoch 26/50] train_loss=0.2937 | val_loss=0.4352 | val_acc=0.8584 | best_val=0.3919@23 | bad=3/10 | lr=1.00e-03 | dt=19.1s
2025-10-04 05:15:20 - INFO - [epoch 27/50] train_loss=0.2869 | val_loss=0.4872 | val_acc=0.8416 | best_val=0.3919@23 | bad=4/10 | lr=1.00e-03 | dt=19.3s
2025-10-04 05:15:40 - INFO - [epoch 28/50] train_loss=0.2858 | val_loss=0.4071 | val_acc=0.8636 | best_val=0.3919@23 | bad=5/10 | lr=1.00e-03 | dt=19.9s
2025-10-04 05:15:58 - INFO - [epoch 29/50] train_loss=0.2782 | val_loss=0.4455 | val_acc=0.8506 | best_val=0.3919@23 | bad=6/10 | lr=1.00e-03 | dt=18.8s
2025-10-04 05:16:17 - INFO - [epoch 30/50] train_loss=0.2736 | val_loss=0.4473 | val_acc=0.8572 | best_val=0.3919@23 | bad=7/10 | lr=1.00e-03 | dt=18.8s
2025-10-04 05:16:36 - INFO - [epoch 31/50] train_loss=0.2662 | val_loss=0.4688 | val_acc=0.8556 | best_val=0.3919@23 | bad=8/10 | lr=1.00e-03 | dt=19.3s
2025-10-04 05:16:56 - INFO - [epoch 32/50] train_loss=0.2589 | val_loss=0.4686 | val_acc=0.8524 | best_val=0.3919@23 | bad=9/10 | lr=1.00e-03 | dt=19.2s
2025-10-04 05:17:15 - INFO - [epoch 33/50] train_loss=0.2547 | val_loss=0.4440 | val_acc=0.8596 | best_val=0.3919@23 | bad=10/10 | lr=1.00e-03 | dt=19.5s
2025-10-04 05:17:15 - INFO - Early stopping: no improvement for 10 epochs (best=0.3919 @ epoch 23)
2025-10-04 05:17:15 - INFO - Run finished in 631.0s | best_val_loss=0.3919 @epoch 23 | best_val_acc=0.8634
2025-10-04 05:17:17 - INFO - Test: loss=0.4605 acc=0.8556
2025-10-04 05:17:17 - INFO - ======== [End Run 31/140] width=110 depth=5 | best_val=0.3919 | test_acc=0.8556 ========

