2025-10-04 02:05:41 - INFO - ======== [Run 18/140] width=180 depth=4 ========
2025-10-04 02:05:41 - INFO - Device=cuda | dataset=cifar10 | batch=64 | max_epochs=50 | patience=10 | lr=1.00e-03 | wd=1.0e-04
2025-10-04 02:05:41 - INFO - Model params=882910 | neurons=900 | pooling=[1, 3]
2025-10-04 02:06:09 - INFO - [epoch 1/50] train_loss=1.4406 | val_loss=1.6115 | val_acc=0.4634 | best_val=1.6115@1 | bad=0/10 | lr=1.00e-03 | dt=27.4s
2025-10-04 02:06:35 - INFO - [epoch 2/50] train_loss=1.0696 | val_loss=1.0025 | val_acc=0.6438 | best_val=1.0025@2 | bad=0/10 | lr=1.00e-03 | dt=26.5s
2025-10-04 02:07:01 - INFO - [epoch 3/50] train_loss=0.9216 | val_loss=1.1887 | val_acc=0.6204 | best_val=1.0025@2 | bad=1/10 | lr=1.00e-03 | dt=26.0s
2025-10-04 02:07:28 - INFO - [epoch 4/50] train_loss=0.8156 | val_loss=0.9861 | val_acc=0.6688 | best_val=0.9861@4 | bad=0/10 | lr=1.00e-03 | dt=27.0s
2025-10-04 02:07:55 - INFO - [epoch 5/50] train_loss=0.7335 | val_loss=0.7901 | val_acc=0.7290 | best_val=0.7901@5 | bad=0/10 | lr=1.00e-03 | dt=26.1s
2025-10-04 02:08:20 - INFO - [epoch 6/50] train_loss=0.6667 | val_loss=0.7302 | val_acc=0.7492 | best_val=0.7302@6 | bad=0/10 | lr=1.00e-03 | dt=25.8s
2025-10-04 02:08:48 - INFO - [epoch 7/50] train_loss=0.6122 | val_loss=0.7009 | val_acc=0.7650 | best_val=0.7009@7 | bad=0/10 | lr=1.00e-03 | dt=27.5s
2025-10-04 02:09:14 - INFO - [epoch 8/50] train_loss=0.5756 | val_loss=0.6822 | val_acc=0.7610 | best_val=0.6822@8 | bad=0/10 | lr=1.00e-03 | dt=26.5s
2025-10-04 02:09:41 - INFO - [epoch 9/50] train_loss=0.5436 | val_loss=0.7649 | val_acc=0.7528 | best_val=0.6822@8 | bad=1/10 | lr=1.00e-03 | dt=26.7s
2025-10-04 02:10:08 - INFO - [epoch 10/50] train_loss=0.5189 | val_loss=0.7289 | val_acc=0.7626 | best_val=0.6822@8 | bad=2/10 | lr=1.00e-03 | dt=26.6s
2025-10-04 02:10:34 - INFO - [epoch 11/50] train_loss=0.4946 | val_loss=0.6977 | val_acc=0.7676 | best_val=0.6822@8 | bad=3/10 | lr=1.00e-03 | dt=26.2s
2025-10-04 02:11:01 - INFO - [epoch 12/50] train_loss=0.4658 | val_loss=0.6313 | val_acc=0.7840 | best_val=0.6313@12 | bad=0/10 | lr=1.00e-03 | dt=27.3s
2025-10-04 02:11:28 - INFO - [epoch 13/50] train_loss=0.4533 | val_loss=0.6492 | val_acc=0.7908 | best_val=0.6313@12 | bad=1/10 | lr=1.00e-03 | dt=26.6s
2025-10-04 02:11:55 - INFO - [epoch 14/50] train_loss=0.4338 | val_loss=0.5120 | val_acc=0.8222 | best_val=0.5120@14 | bad=0/10 | lr=1.00e-03 | dt=27.1s
2025-10-04 02:12:21 - INFO - [epoch 15/50] train_loss=0.4220 | val_loss=0.4795 | val_acc=0.8420 | best_val=0.4795@15 | bad=0/10 | lr=1.00e-03 | dt=25.9s
2025-10-04 02:12:46 - INFO - [epoch 16/50] train_loss=0.4035 | val_loss=0.5884 | val_acc=0.8124 | best_val=0.4795@15 | bad=1/10 | lr=1.00e-03 | dt=25.3s
2025-10-04 02:13:12 - INFO - [epoch 17/50] train_loss=0.3930 | val_loss=0.5998 | val_acc=0.8008 | best_val=0.4795@15 | bad=2/10 | lr=1.00e-03 | dt=25.8s
2025-10-04 02:13:37 - INFO - [epoch 18/50] train_loss=0.3820 | val_loss=0.5065 | val_acc=0.8386 | best_val=0.4795@15 | bad=3/10 | lr=1.00e-03 | dt=25.4s
2025-10-04 02:14:03 - INFO - [epoch 19/50] train_loss=0.3756 | val_loss=0.6111 | val_acc=0.8012 | best_val=0.4795@15 | bad=4/10 | lr=1.00e-03 | dt=25.4s
2025-10-04 02:14:29 - INFO - [epoch 20/50] train_loss=0.3590 | val_loss=0.6027 | val_acc=0.8104 | best_val=0.4795@15 | bad=5/10 | lr=1.00e-03 | dt=26.0s
2025-10-04 02:14:54 - INFO - [epoch 21/50] train_loss=0.3509 | val_loss=0.5384 | val_acc=0.8288 | best_val=0.4795@15 | bad=6/10 | lr=1.00e-03 | dt=25.5s
2025-10-04 02:15:19 - INFO - [epoch 22/50] train_loss=0.3471 | val_loss=0.5521 | val_acc=0.8254 | best_val=0.4795@15 | bad=7/10 | lr=1.00e-03 | dt=25.1s
2025-10-04 02:15:45 - INFO - [epoch 23/50] train_loss=0.3363 | val_loss=0.5064 | val_acc=0.8356 | best_val=0.4795@15 | bad=8/10 | lr=1.00e-03 | dt=25.3s
2025-10-04 02:16:10 - INFO - [epoch 24/50] train_loss=0.3289 | val_loss=0.5581 | val_acc=0.8272 | best_val=0.4795@15 | bad=9/10 | lr=1.00e-03 | dt=25.3s
2025-10-04 02:16:35 - INFO - [epoch 25/50] train_loss=0.3267 | val_loss=0.5672 | val_acc=0.8214 | best_val=0.4795@15 | bad=10/10 | lr=1.00e-03 | dt=25.1s
2025-10-04 02:16:35 - INFO - Early stopping: no improvement for 10 epochs (best=0.4795 @ epoch 15)
2025-10-04 02:16:35 - INFO - Run finished in 653.9s | best_val_loss=0.4795 @epoch 15 | best_val_acc=0.8420
2025-10-04 02:16:38 - INFO - Test: loss=0.5984 acc=0.8128
2025-10-04 02:16:38 - INFO - ======== [End Run 18/140] width=180 depth=4 | best_val=0.4795 | test_acc=0.8128 ========

