2025-10-02 22:15:10 - INFO - ======== [Run 1/250] width=10 depth=1 ========
2025-10-02 22:15:10 - INFO - Device=cuda | dataset=cifar10 | batch=64 | max_epochs=50 | patience=10 | lr=1.00e-03 | wd=1.0e-04
2025-10-02 22:15:10 - INFO - Model params=400 | neurons=20 | pooling=[1, 3]
2025-10-02 22:15:24 - INFO - [epoch 1/50] train_loss=2.1198 | val_loss=2.0249 | val_acc=0.2386 | best_val=2.0249@1 | bad=0/10 | lr=1.00e-03 | dt=14.3s
2025-10-02 22:15:33 - INFO - [epoch 2/50] train_loss=2.0156 | val_loss=1.9749 | val_acc=0.2712 | best_val=1.9749@2 | bad=0/10 | lr=1.00e-03 | dt=9.2s
2025-10-02 22:15:42 - INFO - [epoch 3/50] train_loss=1.9747 | val_loss=1.9465 | val_acc=0.2780 | best_val=1.9465@3 | bad=0/10 | lr=1.00e-03 | dt=9.0s
2025-10-02 22:15:51 - INFO - [epoch 4/50] train_loss=1.9441 | val_loss=1.9149 | val_acc=0.2940 | best_val=1.9149@4 | bad=0/10 | lr=1.00e-03 | dt=9.0s
2025-10-02 22:16:00 - INFO - [epoch 5/50] train_loss=1.9173 | val_loss=1.9035 | val_acc=0.2912 | best_val=1.9035@5 | bad=0/10 | lr=1.00e-03 | dt=8.7s
2025-10-02 22:16:09 - INFO - [epoch 6/50] train_loss=1.8919 | val_loss=1.8584 | val_acc=0.3180 | best_val=1.8584@6 | bad=0/10 | lr=1.00e-03 | dt=8.9s
2025-10-02 22:16:18 - INFO - [epoch 7/50] train_loss=1.8683 | val_loss=1.8560 | val_acc=0.3076 | best_val=1.8560@7 | bad=0/10 | lr=1.00e-03 | dt=9.5s
2025-10-02 22:16:28 - INFO - [epoch 8/50] train_loss=1.8558 | val_loss=1.8607 | val_acc=0.3018 | best_val=1.8560@7 | bad=1/10 | lr=1.00e-03 | dt=9.4s
2025-10-02 22:16:37 - INFO - [epoch 9/50] train_loss=1.8409 | val_loss=1.8503 | val_acc=0.3054 | best_val=1.8503@9 | bad=0/10 | lr=1.00e-03 | dt=9.3s
2025-10-02 22:16:46 - INFO - [epoch 10/50] train_loss=1.8320 | val_loss=1.8380 | val_acc=0.3062 | best_val=1.8380@10 | bad=0/10 | lr=1.00e-03 | dt=9.0s
2025-10-02 22:16:55 - INFO - [epoch 11/50] train_loss=1.8249 | val_loss=1.8198 | val_acc=0.3170 | best_val=1.8198@11 | bad=0/10 | lr=1.00e-03 | dt=8.7s
2025-10-02 22:17:06 - INFO - [epoch 12/50] train_loss=1.8120 | val_loss=1.8288 | val_acc=0.3142 | best_val=1.8198@11 | bad=1/10 | lr=1.00e-03 | dt=10.9s
2025-10-02 22:17:19 - INFO - [epoch 13/50] train_loss=1.8057 | val_loss=1.7946 | val_acc=0.3402 | best_val=1.7946@13 | bad=0/10 | lr=1.00e-03 | dt=12.7s
2025-10-02 22:17:35 - INFO - [epoch 14/50] train_loss=1.7962 | val_loss=1.8126 | val_acc=0.3260 | best_val=1.7946@13 | bad=1/10 | lr=1.00e-03 | dt=16.0s
2025-10-02 22:17:53 - INFO - [epoch 15/50] train_loss=1.7886 | val_loss=1.7944 | val_acc=0.3294 | best_val=1.7944@15 | bad=0/10 | lr=1.00e-03 | dt=18.2s
2025-10-02 22:18:13 - INFO - [epoch 16/50] train_loss=1.7845 | val_loss=1.8007 | val_acc=0.3326 | best_val=1.7944@15 | bad=1/10 | lr=1.00e-03 | dt=20.0s
2025-10-02 22:18:32 - INFO - [epoch 17/50] train_loss=1.7793 | val_loss=1.8176 | val_acc=0.3222 | best_val=1.7944@15 | bad=2/10 | lr=1.00e-03 | dt=19.4s
2025-10-02 22:18:45 - INFO - [epoch 18/50] train_loss=1.7757 | val_loss=1.7910 | val_acc=0.3382 | best_val=1.7910@18 | bad=0/10 | lr=1.00e-03 | dt=12.6s
2025-10-02 22:19:04 - INFO - [epoch 19/50] train_loss=1.7720 | val_loss=1.7864 | val_acc=0.3440 | best_val=1.7864@19 | bad=0/10 | lr=1.00e-03 | dt=18.8s
2025-10-02 22:19:22 - INFO - [epoch 20/50] train_loss=1.7671 | val_loss=1.8081 | val_acc=0.3286 | best_val=1.7864@19 | bad=1/10 | lr=1.00e-03 | dt=18.1s
2025-10-02 22:19:40 - INFO - [epoch 21/50] train_loss=1.7631 | val_loss=1.8090 | val_acc=0.3322 | best_val=1.7864@19 | bad=2/10 | lr=1.00e-03 | dt=18.3s
2025-10-02 22:19:49 - INFO - [epoch 22/50] train_loss=1.7603 | val_loss=1.8094 | val_acc=0.3292 | best_val=1.7864@19 | bad=3/10 | lr=1.00e-03 | dt=9.0s
2025-10-02 22:19:59 - INFO - [epoch 23/50] train_loss=1.7585 | val_loss=1.8190 | val_acc=0.3248 | best_val=1.7864@19 | bad=4/10 | lr=1.00e-03 | dt=9.7s
2025-10-02 22:20:08 - INFO - [epoch 24/50] train_loss=1.7559 | val_loss=1.7802 | val_acc=0.3412 | best_val=1.7802@24 | bad=0/10 | lr=1.00e-03 | dt=9.2s
2025-10-02 22:20:17 - INFO - [epoch 25/50] train_loss=1.7535 | val_loss=1.8235 | val_acc=0.3304 | best_val=1.7802@24 | bad=1/10 | lr=1.00e-03 | dt=8.9s
2025-10-02 22:20:26 - INFO - [epoch 26/50] train_loss=1.7501 | val_loss=1.8034 | val_acc=0.3372 | best_val=1.7802@24 | bad=2/10 | lr=1.00e-03 | dt=9.1s
2025-10-02 22:20:34 - INFO - [epoch 27/50] train_loss=1.7483 | val_loss=1.8360 | val_acc=0.3258 | best_val=1.7802@24 | bad=3/10 | lr=1.00e-03 | dt=8.4s
2025-10-02 22:20:43 - INFO - [epoch 28/50] train_loss=1.7468 | val_loss=1.8437 | val_acc=0.3174 | best_val=1.7802@24 | bad=4/10 | lr=1.00e-03 | dt=8.2s
2025-10-02 22:20:51 - INFO - [epoch 29/50] train_loss=1.7448 | val_loss=1.8102 | val_acc=0.3372 | best_val=1.7802@24 | bad=5/10 | lr=1.00e-03 | dt=8.3s
2025-10-02 22:20:59 - INFO - [epoch 30/50] train_loss=1.7387 | val_loss=1.8140 | val_acc=0.3270 | best_val=1.7802@24 | bad=6/10 | lr=1.00e-03 | dt=8.4s
2025-10-02 22:21:08 - INFO - [epoch 31/50] train_loss=1.7375 | val_loss=1.7912 | val_acc=0.3410 | best_val=1.7802@24 | bad=7/10 | lr=1.00e-03 | dt=8.3s
2025-10-02 22:21:16 - INFO - [epoch 32/50] train_loss=1.7369 | val_loss=1.8332 | val_acc=0.3246 | best_val=1.7802@24 | bad=8/10 | lr=1.00e-03 | dt=8.3s
2025-10-02 22:21:24 - INFO - [epoch 33/50] train_loss=1.7398 | val_loss=1.8345 | val_acc=0.3228 | best_val=1.7802@24 | bad=9/10 | lr=1.00e-03 | dt=8.4s
2025-10-02 22:21:32 - INFO - [epoch 34/50] train_loss=1.7334 | val_loss=1.8349 | val_acc=0.3326 | best_val=1.7802@24 | bad=10/10 | lr=1.00e-03 | dt=8.2s
2025-10-02 22:21:32 - INFO - Early stopping: no improvement for 10 epochs (best=1.7802 @ epoch 24)
2025-10-02 22:21:34 - INFO - Run finished in 383.8s | best_val_loss=1.7802 @epoch 24 | best_val_acc=0.3440
2025-10-02 22:21:35 - INFO - Test: loss=1.8306 acc=0.3310
2025-10-02 22:21:35 - INFO - ======== [End Run 1/250] width=10 depth=1 | best_val=1.7802 | test_acc=0.3310 ========

