2025-10-04 05:57:24 - INFO - ======== [Run 35/140] width=150 depth=5 ========
2025-10-04 05:57:24 - INFO - Device=cuda | dataset=cifar10 | batch=64 | max_epochs=50 | patience=10 | lr=1.00e-03 | wd=1.0e-04
2025-10-04 05:57:24 - INFO - Model params=817060 | neurons=900 | pooling=[1, 3]
2025-10-04 05:57:49 - INFO - [epoch 1/50] train_loss=1.4237 | val_loss=1.3815 | val_acc=0.5066 | best_val=1.3815@1 | bad=0/10 | lr=1.00e-03 | dt=24.8s
2025-10-04 05:58:14 - INFO - [epoch 2/50] train_loss=1.0240 | val_loss=1.0097 | val_acc=0.6496 | best_val=1.0097@2 | bad=0/10 | lr=1.00e-03 | dt=25.1s
2025-10-04 05:58:38 - INFO - [epoch 3/50] train_loss=0.8580 | val_loss=0.9448 | val_acc=0.6800 | best_val=0.9448@3 | bad=0/10 | lr=1.00e-03 | dt=24.2s
2025-10-04 05:59:03 - INFO - [epoch 4/50] train_loss=0.7334 | val_loss=0.7414 | val_acc=0.7428 | best_val=0.7414@4 | bad=0/10 | lr=1.00e-03 | dt=24.8s
2025-10-04 05:59:27 - INFO - [epoch 5/50] train_loss=0.6498 | val_loss=0.7039 | val_acc=0.7618 | best_val=0.7039@5 | bad=0/10 | lr=1.00e-03 | dt=24.2s
2025-10-04 05:59:52 - INFO - [epoch 6/50] train_loss=0.5922 | val_loss=0.6834 | val_acc=0.7618 | best_val=0.6834@6 | bad=0/10 | lr=1.00e-03 | dt=24.7s
2025-10-04 06:00:16 - INFO - [epoch 7/50] train_loss=0.5473 | val_loss=0.6044 | val_acc=0.7958 | best_val=0.6044@7 | bad=0/10 | lr=1.00e-03 | dt=24.7s
2025-10-04 06:00:41 - INFO - [epoch 8/50] train_loss=0.5085 | val_loss=0.5571 | val_acc=0.8118 | best_val=0.5571@8 | bad=0/10 | lr=1.00e-03 | dt=25.2s
2025-10-04 06:01:06 - INFO - [epoch 9/50] train_loss=0.4755 | val_loss=0.6771 | val_acc=0.7754 | best_val=0.5571@8 | bad=1/10 | lr=1.00e-03 | dt=24.9s
2025-10-04 06:01:31 - INFO - [epoch 10/50] train_loss=0.4463 | val_loss=0.5243 | val_acc=0.8168 | best_val=0.5243@10 | bad=0/10 | lr=1.00e-03 | dt=24.5s
2025-10-04 06:01:55 - INFO - [epoch 11/50] train_loss=0.4312 | val_loss=0.5243 | val_acc=0.8258 | best_val=0.5243@11 | bad=0/10 | lr=1.00e-03 | dt=24.2s
2025-10-04 06:02:20 - INFO - [epoch 12/50] train_loss=0.4066 | val_loss=0.5167 | val_acc=0.8312 | best_val=0.5167@12 | bad=0/10 | lr=1.00e-03 | dt=24.7s
2025-10-04 06:02:44 - INFO - [epoch 13/50] train_loss=0.3931 | val_loss=0.4704 | val_acc=0.8406 | best_val=0.4704@13 | bad=0/10 | lr=1.00e-03 | dt=24.5s
2025-10-04 06:03:09 - INFO - [epoch 14/50] train_loss=0.3693 | val_loss=0.4938 | val_acc=0.8370 | best_val=0.4704@13 | bad=1/10 | lr=1.00e-03 | dt=24.8s
2025-10-04 06:03:34 - INFO - [epoch 15/50] train_loss=0.3630 | val_loss=0.4520 | val_acc=0.8526 | best_val=0.4520@15 | bad=0/10 | lr=1.00e-03 | dt=24.6s
2025-10-04 06:03:58 - INFO - [epoch 16/50] train_loss=0.3436 | val_loss=0.4822 | val_acc=0.8444 | best_val=0.4520@15 | bad=1/10 | lr=1.00e-03 | dt=24.5s
2025-10-04 06:04:24 - INFO - [epoch 17/50] train_loss=0.3353 | val_loss=0.4826 | val_acc=0.8402 | best_val=0.4520@15 | bad=2/10 | lr=1.00e-03 | dt=25.3s
2025-10-04 06:04:49 - INFO - [epoch 18/50] train_loss=0.3179 | val_loss=0.5222 | val_acc=0.8400 | best_val=0.4520@15 | bad=3/10 | lr=1.00e-03 | dt=25.7s
2025-10-04 06:05:15 - INFO - [epoch 19/50] train_loss=0.3100 | val_loss=0.4264 | val_acc=0.8596 | best_val=0.4264@19 | bad=0/10 | lr=1.00e-03 | dt=25.4s
2025-10-04 06:05:39 - INFO - [epoch 20/50] train_loss=0.3020 | val_loss=0.5806 | val_acc=0.8224 | best_val=0.4264@19 | bad=1/10 | lr=1.00e-03 | dt=24.5s
2025-10-04 06:06:04 - INFO - [epoch 21/50] train_loss=0.2970 | val_loss=0.4349 | val_acc=0.8600 | best_val=0.4264@19 | bad=2/10 | lr=1.00e-03 | dt=24.7s
2025-10-04 06:06:28 - INFO - [epoch 22/50] train_loss=0.2872 | val_loss=0.4303 | val_acc=0.8600 | best_val=0.4264@19 | bad=3/10 | lr=1.00e-03 | dt=24.6s
2025-10-04 06:06:53 - INFO - [epoch 23/50] train_loss=0.2791 | val_loss=0.4530 | val_acc=0.8496 | best_val=0.4264@19 | bad=4/10 | lr=1.00e-03 | dt=24.6s
2025-10-04 06:07:18 - INFO - [epoch 24/50] train_loss=0.2740 | val_loss=0.4173 | val_acc=0.8676 | best_val=0.4173@24 | bad=0/10 | lr=1.00e-03 | dt=24.8s
2025-10-04 06:07:42 - INFO - [epoch 25/50] train_loss=0.2648 | val_loss=0.4179 | val_acc=0.8690 | best_val=0.4173@24 | bad=1/10 | lr=1.00e-03 | dt=24.7s
2025-10-04 06:08:07 - INFO - [epoch 26/50] train_loss=0.2620 | val_loss=0.4284 | val_acc=0.8662 | best_val=0.4173@24 | bad=2/10 | lr=1.00e-03 | dt=24.7s
2025-10-04 06:08:32 - INFO - [epoch 27/50] train_loss=0.2518 | val_loss=0.4029 | val_acc=0.8710 | best_val=0.4029@27 | bad=0/10 | lr=1.00e-03 | dt=24.5s
2025-10-04 06:08:56 - INFO - [epoch 28/50] train_loss=0.2500 | val_loss=0.4598 | val_acc=0.8532 | best_val=0.4029@27 | bad=1/10 | lr=1.00e-03 | dt=24.6s
2025-10-04 06:09:21 - INFO - [epoch 29/50] train_loss=0.2451 | val_loss=0.5151 | val_acc=0.8426 | best_val=0.4029@27 | bad=2/10 | lr=1.00e-03 | dt=24.8s
2025-10-04 06:09:46 - INFO - [epoch 30/50] train_loss=0.2460 | val_loss=0.4317 | val_acc=0.8678 | best_val=0.4029@27 | bad=3/10 | lr=1.00e-03 | dt=25.0s
2025-10-04 06:10:10 - INFO - [epoch 31/50] train_loss=0.2337 | val_loss=0.4375 | val_acc=0.8682 | best_val=0.4029@27 | bad=4/10 | lr=1.00e-03 | dt=24.4s
2025-10-04 06:10:35 - INFO - [epoch 32/50] train_loss=0.2348 | val_loss=0.4527 | val_acc=0.8602 | best_val=0.4029@27 | bad=5/10 | lr=1.00e-03 | dt=24.2s
2025-10-04 06:10:59 - INFO - [epoch 33/50] train_loss=0.2271 | val_loss=0.4257 | val_acc=0.8694 | best_val=0.4029@27 | bad=6/10 | lr=1.00e-03 | dt=24.4s
2025-10-04 06:11:24 - INFO - [epoch 34/50] train_loss=0.2240 | val_loss=0.4926 | val_acc=0.8514 | best_val=0.4029@27 | bad=7/10 | lr=1.00e-03 | dt=24.6s
2025-10-04 06:11:48 - INFO - [epoch 35/50] train_loss=0.2216 | val_loss=0.4121 | val_acc=0.8764 | best_val=0.4029@27 | bad=8/10 | lr=1.00e-03 | dt=24.5s
2025-10-04 06:12:13 - INFO - [epoch 36/50] train_loss=0.2142 | val_loss=0.4251 | val_acc=0.8680 | best_val=0.4029@27 | bad=9/10 | lr=1.00e-03 | dt=25.2s
2025-10-04 06:12:38 - INFO - [epoch 37/50] train_loss=0.2200 | val_loss=0.4439 | val_acc=0.8672 | best_val=0.4029@27 | bad=10/10 | lr=1.00e-03 | dt=24.6s
2025-10-04 06:12:38 - INFO - Early stopping: no improvement for 10 epochs (best=0.4029 @ epoch 27)
2025-10-04 06:12:38 - INFO - Run finished in 914.4s | best_val_loss=0.4029 @epoch 27 | best_val_acc=0.8710
2025-10-04 06:12:40 - INFO - Test: loss=0.4640 acc=0.8645
2025-10-04 06:12:40 - INFO - ======== [End Run 35/140] width=150 depth=5 | best_val=0.4029 | test_acc=0.8645 ========

