2025-10-04 02:16:38 - INFO - ======== [Run 19/140] width=190 depth=4 ========
2025-10-04 02:16:38 - INFO - Device=cuda | dataset=cifar10 | batch=64 | max_epochs=50 | patience=10 | lr=1.00e-03 | wd=1.0e-04
2025-10-04 02:16:38 - INFO - Model params=983260 | neurons=950 | pooling=[1, 3]
2025-10-04 02:17:05 - INFO - [epoch 1/50] train_loss=1.4126 | val_loss=1.1660 | val_acc=0.5820 | best_val=1.1660@1 | bad=0/10 | lr=1.00e-03 | dt=27.1s
2025-10-04 02:17:32 - INFO - [epoch 2/50] train_loss=1.0628 | val_loss=1.1155 | val_acc=0.6138 | best_val=1.1155@2 | bad=0/10 | lr=1.00e-03 | dt=27.1s
2025-10-04 02:17:59 - INFO - [epoch 3/50] train_loss=0.9221 | val_loss=0.9881 | val_acc=0.6542 | best_val=0.9881@3 | bad=0/10 | lr=1.00e-03 | dt=26.9s
2025-10-04 02:18:26 - INFO - [epoch 4/50] train_loss=0.8242 | val_loss=0.8199 | val_acc=0.7124 | best_val=0.8199@4 | bad=0/10 | lr=1.00e-03 | dt=26.9s
2025-10-04 02:18:53 - INFO - [epoch 5/50] train_loss=0.7345 | val_loss=1.0034 | val_acc=0.6622 | best_val=0.8199@4 | bad=1/10 | lr=1.00e-03 | dt=26.5s
2025-10-04 02:19:19 - INFO - [epoch 6/50] train_loss=0.6687 | val_loss=0.9344 | val_acc=0.6840 | best_val=0.8199@4 | bad=2/10 | lr=1.00e-03 | dt=26.6s
2025-10-04 02:19:46 - INFO - [epoch 7/50] train_loss=0.6228 | val_loss=0.6673 | val_acc=0.7710 | best_val=0.6673@7 | bad=0/10 | lr=1.00e-03 | dt=27.2s
2025-10-04 02:20:13 - INFO - [epoch 8/50] train_loss=0.5797 | val_loss=0.6972 | val_acc=0.7646 | best_val=0.6673@7 | bad=1/10 | lr=1.00e-03 | dt=26.8s
2025-10-04 02:20:40 - INFO - [epoch 9/50] train_loss=0.5453 | val_loss=0.7123 | val_acc=0.7614 | best_val=0.6673@7 | bad=2/10 | lr=1.00e-03 | dt=26.9s
2025-10-04 02:21:07 - INFO - [epoch 10/50] train_loss=0.5249 | val_loss=0.6540 | val_acc=0.7784 | best_val=0.6540@10 | bad=0/10 | lr=1.00e-03 | dt=27.2s
2025-10-04 02:21:34 - INFO - [epoch 11/50] train_loss=0.4943 | val_loss=0.6038 | val_acc=0.8004 | best_val=0.6038@11 | bad=0/10 | lr=1.00e-03 | dt=27.1s
2025-10-04 02:22:01 - INFO - [epoch 12/50] train_loss=0.4697 | val_loss=0.8077 | val_acc=0.7516 | best_val=0.6038@11 | bad=1/10 | lr=1.00e-03 | dt=26.8s
2025-10-04 02:22:28 - INFO - [epoch 13/50] train_loss=0.4532 | val_loss=0.5553 | val_acc=0.8102 | best_val=0.5553@13 | bad=0/10 | lr=1.00e-03 | dt=26.8s
2025-10-04 02:22:55 - INFO - [epoch 14/50] train_loss=0.4324 | val_loss=0.4989 | val_acc=0.8306 | best_val=0.4989@14 | bad=0/10 | lr=1.00e-03 | dt=27.0s
2025-10-04 02:23:22 - INFO - [epoch 15/50] train_loss=0.4204 | val_loss=0.6348 | val_acc=0.7988 | best_val=0.4989@14 | bad=1/10 | lr=1.00e-03 | dt=26.8s
2025-10-04 02:23:49 - INFO - [epoch 16/50] train_loss=0.4004 | val_loss=0.5271 | val_acc=0.8282 | best_val=0.4989@14 | bad=2/10 | lr=1.00e-03 | dt=27.1s
2025-10-04 02:24:15 - INFO - [epoch 17/50] train_loss=0.3919 | val_loss=0.5607 | val_acc=0.8176 | best_val=0.4989@14 | bad=3/10 | lr=1.00e-03 | dt=26.4s
2025-10-04 02:24:42 - INFO - [epoch 18/50] train_loss=0.3853 | val_loss=0.5170 | val_acc=0.8294 | best_val=0.4989@14 | bad=4/10 | lr=1.00e-03 | dt=26.6s
2025-10-04 02:25:09 - INFO - [epoch 19/50] train_loss=0.3651 | val_loss=0.5216 | val_acc=0.8152 | best_val=0.4989@14 | bad=5/10 | lr=1.00e-03 | dt=27.2s
2025-10-04 02:25:36 - INFO - [epoch 20/50] train_loss=0.3581 | val_loss=0.4968 | val_acc=0.8326 | best_val=0.4968@20 | bad=0/10 | lr=1.00e-03 | dt=26.7s
2025-10-04 02:26:03 - INFO - [epoch 21/50] train_loss=0.3473 | val_loss=0.5248 | val_acc=0.8286 | best_val=0.4968@20 | bad=1/10 | lr=1.00e-03 | dt=26.7s
2025-10-04 02:26:30 - INFO - [epoch 22/50] train_loss=0.3411 | val_loss=0.5368 | val_acc=0.8274 | best_val=0.4968@20 | bad=2/10 | lr=1.00e-03 | dt=27.0s
2025-10-04 02:26:57 - INFO - [epoch 23/50] train_loss=0.3353 | val_loss=0.4776 | val_acc=0.8438 | best_val=0.4776@23 | bad=0/10 | lr=1.00e-03 | dt=27.0s
2025-10-04 02:27:23 - INFO - [epoch 24/50] train_loss=0.3265 | val_loss=0.4955 | val_acc=0.8414 | best_val=0.4776@23 | bad=1/10 | lr=1.00e-03 | dt=26.5s
2025-10-04 02:27:50 - INFO - [epoch 25/50] train_loss=0.3273 | val_loss=0.5559 | val_acc=0.8160 | best_val=0.4776@23 | bad=2/10 | lr=1.00e-03 | dt=27.1s
2025-10-04 02:28:17 - INFO - [epoch 26/50] train_loss=0.3143 | val_loss=0.4786 | val_acc=0.8412 | best_val=0.4776@23 | bad=3/10 | lr=1.00e-03 | dt=26.5s
2025-10-04 02:28:44 - INFO - [epoch 27/50] train_loss=0.3055 | val_loss=0.5873 | val_acc=0.8194 | best_val=0.4776@23 | bad=4/10 | lr=1.00e-03 | dt=27.1s
2025-10-04 02:29:11 - INFO - [epoch 28/50] train_loss=0.3009 | val_loss=0.5084 | val_acc=0.8384 | best_val=0.4776@23 | bad=5/10 | lr=1.00e-03 | dt=27.1s
2025-10-04 02:29:38 - INFO - [epoch 29/50] train_loss=0.3006 | val_loss=0.4699 | val_acc=0.8468 | best_val=0.4699@29 | bad=0/10 | lr=1.00e-03 | dt=27.4s
2025-10-04 02:30:06 - INFO - [epoch 30/50] train_loss=0.2928 | val_loss=0.5050 | val_acc=0.8358 | best_val=0.4699@29 | bad=1/10 | lr=1.00e-03 | dt=27.2s
2025-10-04 02:30:32 - INFO - [epoch 31/50] train_loss=0.2868 | val_loss=0.5168 | val_acc=0.8378 | best_val=0.4699@29 | bad=2/10 | lr=1.00e-03 | dt=26.7s
2025-10-04 02:30:59 - INFO - [epoch 32/50] train_loss=0.2858 | val_loss=0.5483 | val_acc=0.8316 | best_val=0.4699@29 | bad=3/10 | lr=1.00e-03 | dt=26.9s
2025-10-04 02:31:26 - INFO - [epoch 33/50] train_loss=0.2781 | val_loss=0.4769 | val_acc=0.8534 | best_val=0.4699@29 | bad=4/10 | lr=1.00e-03 | dt=27.0s
2025-10-04 02:31:53 - INFO - [epoch 34/50] train_loss=0.2679 | val_loss=0.4770 | val_acc=0.8470 | best_val=0.4699@29 | bad=5/10 | lr=1.00e-03 | dt=26.7s
2025-10-04 02:32:20 - INFO - [epoch 35/50] train_loss=0.2651 | val_loss=0.5423 | val_acc=0.8322 | best_val=0.4699@29 | bad=6/10 | lr=1.00e-03 | dt=27.2s
2025-10-04 02:32:48 - INFO - [epoch 36/50] train_loss=0.2701 | val_loss=0.5812 | val_acc=0.8246 | best_val=0.4699@29 | bad=7/10 | lr=1.00e-03 | dt=27.3s
2025-10-04 02:33:15 - INFO - [epoch 37/50] train_loss=0.2626 | val_loss=0.5211 | val_acc=0.8364 | best_val=0.4699@29 | bad=8/10 | lr=1.00e-03 | dt=27.2s
2025-10-04 02:33:41 - INFO - [epoch 38/50] train_loss=0.2569 | val_loss=0.5498 | val_acc=0.8346 | best_val=0.4699@29 | bad=9/10 | lr=1.00e-03 | dt=26.6s
2025-10-04 02:34:09 - INFO - [epoch 39/50] train_loss=0.2573 | val_loss=0.4729 | val_acc=0.8512 | best_val=0.4699@29 | bad=10/10 | lr=1.00e-03 | dt=27.3s
2025-10-04 02:34:09 - INFO - Early stopping: no improvement for 10 epochs (best=0.4699 @ epoch 29)
2025-10-04 02:34:09 - INFO - Run finished in 1050.9s | best_val_loss=0.4699 @epoch 29 | best_val_acc=0.8468
2025-10-04 02:34:12 - INFO - Test: loss=0.5153 acc=0.8484
2025-10-04 02:34:12 - INFO - ======== [End Run 19/140] width=190 depth=4 | best_val=0.4699 | test_acc=0.8484 ========

