2025-10-04 10:06:28 - INFO - ======== [Run 52/140] width=120 depth=6 ========
2025-10-04 10:06:28 - INFO - Device=cuda | dataset=cifar10 | batch=64 | max_epochs=50 | patience=10 | lr=1.00e-03 | wd=1.0e-04
2025-10-04 10:06:28 - INFO - Model params=653890 | neurons=840 | pooling=[1, 3]
2025-10-04 10:06:49 - INFO - [epoch 1/50] train_loss=1.4533 | val_loss=1.4130 | val_acc=0.4822 | best_val=1.4130@1 | bad=0/10 | lr=1.00e-03 | dt=21.2s
2025-10-04 10:07:11 - INFO - [epoch 2/50] train_loss=1.0290 | val_loss=0.9741 | val_acc=0.6588 | best_val=0.9741@2 | bad=0/10 | lr=1.00e-03 | dt=21.4s
2025-10-04 10:07:33 - INFO - [epoch 3/50] train_loss=0.8446 | val_loss=0.8538 | val_acc=0.7034 | best_val=0.8538@3 | bad=0/10 | lr=1.00e-03 | dt=22.6s
2025-10-04 10:07:56 - INFO - [epoch 4/50] train_loss=0.7250 | val_loss=0.7460 | val_acc=0.7382 | best_val=0.7460@4 | bad=0/10 | lr=1.00e-03 | dt=22.4s
2025-10-04 10:08:18 - INFO - [epoch 5/50] train_loss=0.6376 | val_loss=0.6958 | val_acc=0.7606 | best_val=0.6958@5 | bad=0/10 | lr=1.00e-03 | dt=22.5s
2025-10-04 10:08:40 - INFO - [epoch 6/50] train_loss=0.5849 | val_loss=0.8506 | val_acc=0.7276 | best_val=0.6958@5 | bad=1/10 | lr=1.00e-03 | dt=21.8s
2025-10-04 10:09:01 - INFO - [epoch 7/50] train_loss=0.5332 | val_loss=0.5407 | val_acc=0.8126 | best_val=0.5407@7 | bad=0/10 | lr=1.00e-03 | dt=20.6s
2025-10-04 10:09:21 - INFO - [epoch 8/50] train_loss=0.5004 | val_loss=0.5456 | val_acc=0.8120 | best_val=0.5407@7 | bad=1/10 | lr=1.00e-03 | dt=20.7s
2025-10-04 10:09:44 - INFO - [epoch 9/50] train_loss=0.4715 | val_loss=0.5145 | val_acc=0.8184 | best_val=0.5145@9 | bad=0/10 | lr=1.00e-03 | dt=22.3s
2025-10-04 10:10:04 - INFO - [epoch 10/50] train_loss=0.4365 | val_loss=0.5008 | val_acc=0.8310 | best_val=0.5008@10 | bad=0/10 | lr=1.00e-03 | dt=20.8s
2025-10-04 10:10:25 - INFO - [epoch 11/50] train_loss=0.4220 | val_loss=0.4967 | val_acc=0.8358 | best_val=0.4967@11 | bad=0/10 | lr=1.00e-03 | dt=20.8s
2025-10-04 10:10:46 - INFO - [epoch 12/50] train_loss=0.4011 | val_loss=0.5841 | val_acc=0.8060 | best_val=0.4967@11 | bad=1/10 | lr=1.00e-03 | dt=21.0s
2025-10-04 10:11:10 - INFO - [epoch 13/50] train_loss=0.3803 | val_loss=0.5041 | val_acc=0.8260 | best_val=0.4967@11 | bad=2/10 | lr=1.00e-03 | dt=23.5s
2025-10-04 10:11:33 - INFO - [epoch 14/50] train_loss=0.3697 | val_loss=0.4641 | val_acc=0.8420 | best_val=0.4641@14 | bad=0/10 | lr=1.00e-03 | dt=23.4s
2025-10-04 10:11:57 - INFO - [epoch 15/50] train_loss=0.3562 | val_loss=0.4206 | val_acc=0.8578 | best_val=0.4206@15 | bad=0/10 | lr=1.00e-03 | dt=23.9s
2025-10-04 10:12:20 - INFO - [epoch 16/50] train_loss=0.3380 | val_loss=0.4488 | val_acc=0.8504 | best_val=0.4206@15 | bad=1/10 | lr=1.00e-03 | dt=23.0s
2025-10-04 10:12:43 - INFO - [epoch 17/50] train_loss=0.3313 | val_loss=0.4467 | val_acc=0.8566 | best_val=0.4206@15 | bad=2/10 | lr=1.00e-03 | dt=23.0s
2025-10-04 10:13:05 - INFO - [epoch 18/50] train_loss=0.3196 | val_loss=0.4155 | val_acc=0.8640 | best_val=0.4155@18 | bad=0/10 | lr=1.00e-03 | dt=22.0s
2025-10-04 10:13:26 - INFO - [epoch 19/50] train_loss=0.3064 | val_loss=0.4314 | val_acc=0.8548 | best_val=0.4155@18 | bad=1/10 | lr=1.00e-03 | dt=21.4s
2025-10-04 10:13:48 - INFO - [epoch 20/50] train_loss=0.2965 | val_loss=0.4225 | val_acc=0.8634 | best_val=0.4155@18 | bad=2/10 | lr=1.00e-03 | dt=21.6s
2025-10-04 10:14:09 - INFO - [epoch 21/50] train_loss=0.2897 | val_loss=0.4379 | val_acc=0.8570 | best_val=0.4155@18 | bad=3/10 | lr=1.00e-03 | dt=21.3s
2025-10-04 10:14:32 - INFO - [epoch 22/50] train_loss=0.2834 | val_loss=0.4627 | val_acc=0.8500 | best_val=0.4155@18 | bad=4/10 | lr=1.00e-03 | dt=22.8s
2025-10-04 10:14:55 - INFO - [epoch 23/50] train_loss=0.2772 | val_loss=0.4439 | val_acc=0.8572 | best_val=0.4155@18 | bad=5/10 | lr=1.00e-03 | dt=23.0s
2025-10-04 10:15:18 - INFO - [epoch 24/50] train_loss=0.2693 | val_loss=0.4641 | val_acc=0.8588 | best_val=0.4155@18 | bad=6/10 | lr=1.00e-03 | dt=23.0s
2025-10-04 10:15:40 - INFO - [epoch 25/50] train_loss=0.2610 | val_loss=0.4074 | val_acc=0.8688 | best_val=0.4074@25 | bad=0/10 | lr=1.00e-03 | dt=21.7s
2025-10-04 10:16:02 - INFO - [epoch 26/50] train_loss=0.2574 | val_loss=0.4147 | val_acc=0.8736 | best_val=0.4074@25 | bad=1/10 | lr=1.00e-03 | dt=22.3s
2025-10-04 10:16:24 - INFO - [epoch 27/50] train_loss=0.2490 | val_loss=0.4681 | val_acc=0.8564 | best_val=0.4074@25 | bad=2/10 | lr=1.00e-03 | dt=21.9s
2025-10-04 10:16:45 - INFO - [epoch 28/50] train_loss=0.2486 | val_loss=0.4320 | val_acc=0.8710 | best_val=0.4074@25 | bad=3/10 | lr=1.00e-03 | dt=20.6s
2025-10-04 10:17:05 - INFO - [epoch 29/50] train_loss=0.2373 | val_loss=0.4901 | val_acc=0.8444 | best_val=0.4074@25 | bad=4/10 | lr=1.00e-03 | dt=20.5s
2025-10-04 10:17:26 - INFO - [epoch 30/50] train_loss=0.2410 | val_loss=0.3980 | val_acc=0.8756 | best_val=0.3980@30 | bad=0/10 | lr=1.00e-03 | dt=20.8s
2025-10-04 10:17:48 - INFO - [epoch 31/50] train_loss=0.2283 | val_loss=0.3863 | val_acc=0.8730 | best_val=0.3863@31 | bad=0/10 | lr=1.00e-03 | dt=22.1s
2025-10-04 10:18:12 - INFO - [epoch 32/50] train_loss=0.2228 | val_loss=0.3881 | val_acc=0.8770 | best_val=0.3863@31 | bad=1/10 | lr=1.00e-03 | dt=23.9s
2025-10-04 10:18:35 - INFO - [epoch 33/50] train_loss=0.2267 | val_loss=0.4332 | val_acc=0.8686 | best_val=0.3863@31 | bad=2/10 | lr=1.00e-03 | dt=22.9s
2025-10-04 10:18:58 - INFO - [epoch 34/50] train_loss=0.2263 | val_loss=0.4495 | val_acc=0.8606 | best_val=0.3863@31 | bad=3/10 | lr=1.00e-03 | dt=23.2s
2025-10-04 10:19:21 - INFO - [epoch 35/50] train_loss=0.2191 | val_loss=0.4001 | val_acc=0.8770 | best_val=0.3863@31 | bad=4/10 | lr=1.00e-03 | dt=22.8s
2025-10-04 10:19:43 - INFO - [epoch 36/50] train_loss=0.2123 | val_loss=0.4369 | val_acc=0.8694 | best_val=0.3863@31 | bad=5/10 | lr=1.00e-03 | dt=21.8s
2025-10-04 10:20:04 - INFO - [epoch 37/50] train_loss=0.2092 | val_loss=0.3924 | val_acc=0.8778 | best_val=0.3863@31 | bad=6/10 | lr=1.00e-03 | dt=21.5s
2025-10-04 10:20:25 - INFO - [epoch 38/50] train_loss=0.2080 | val_loss=0.4397 | val_acc=0.8614 | best_val=0.3863@31 | bad=7/10 | lr=1.00e-03 | dt=20.4s
2025-10-04 10:20:45 - INFO - [epoch 39/50] train_loss=0.2022 | val_loss=0.4289 | val_acc=0.8668 | best_val=0.3863@31 | bad=8/10 | lr=1.00e-03 | dt=20.6s
2025-10-04 10:21:08 - INFO - [epoch 40/50] train_loss=0.2092 | val_loss=0.4050 | val_acc=0.8766 | best_val=0.3863@31 | bad=9/10 | lr=1.00e-03 | dt=23.0s
2025-10-04 10:21:31 - INFO - [epoch 41/50] train_loss=0.1972 | val_loss=0.4238 | val_acc=0.8714 | best_val=0.3863@31 | bad=10/10 | lr=1.00e-03 | dt=22.4s
2025-10-04 10:21:31 - INFO - Early stopping: no improvement for 10 epochs (best=0.3863 @ epoch 31)
2025-10-04 10:21:31 - INFO - Run finished in 902.9s | best_val_loss=0.3863 @epoch 31 | best_val_acc=0.8756
2025-10-04 10:21:33 - INFO - Test: loss=0.4778 acc=0.8632
2025-10-04 10:21:33 - INFO - ======== [End Run 52/140] width=120 depth=6 | best_val=0.3863 | test_acc=0.8632 ========

