2025-10-04 00:14:23 - INFO - ======== [Run 9/140] width=90 depth=4 ========
2025-10-04 00:14:23 - INFO - Device=cuda | dataset=cifar10 | batch=64 | max_epochs=50 | patience=10 | lr=1.00e-03 | wd=1.0e-04
2025-10-04 00:14:23 - INFO - Model params=222760 | neurons=450 | pooling=[1, 3]
2025-10-04 00:14:41 - INFO - [epoch 1/50] train_loss=1.4908 | val_loss=1.2510 | val_acc=0.5578 | best_val=1.2510@1 | bad=0/10 | lr=1.00e-03 | dt=17.1s
2025-10-04 00:14:57 - INFO - [epoch 2/50] train_loss=1.1172 | val_loss=1.1148 | val_acc=0.6042 | best_val=1.1148@2 | bad=0/10 | lr=1.00e-03 | dt=17.0s
2025-10-04 00:15:15 - INFO - [epoch 3/50] train_loss=0.9808 | val_loss=1.0300 | val_acc=0.6408 | best_val=1.0300@3 | bad=0/10 | lr=1.00e-03 | dt=17.2s
2025-10-04 00:15:32 - INFO - [epoch 4/50] train_loss=0.8817 | val_loss=0.9268 | val_acc=0.6702 | best_val=0.9268@4 | bad=0/10 | lr=1.00e-03 | dt=17.2s
2025-10-04 00:15:48 - INFO - [epoch 5/50] train_loss=0.8020 | val_loss=0.9576 | val_acc=0.6614 | best_val=0.9268@4 | bad=1/10 | lr=1.00e-03 | dt=16.6s
2025-10-04 00:16:05 - INFO - [epoch 6/50] train_loss=0.7467 | val_loss=0.8393 | val_acc=0.7082 | best_val=0.8393@6 | bad=0/10 | lr=1.00e-03 | dt=16.8s
2025-10-04 00:16:22 - INFO - [epoch 7/50] train_loss=0.6989 | val_loss=0.7514 | val_acc=0.7374 | best_val=0.7514@7 | bad=0/10 | lr=1.00e-03 | dt=16.8s
2025-10-04 00:16:40 - INFO - [epoch 8/50] train_loss=0.6584 | val_loss=0.7975 | val_acc=0.7298 | best_val=0.7514@7 | bad=1/10 | lr=1.00e-03 | dt=17.9s
2025-10-04 00:16:57 - INFO - [epoch 9/50] train_loss=0.6243 | val_loss=0.8206 | val_acc=0.7288 | best_val=0.7514@7 | bad=2/10 | lr=1.00e-03 | dt=17.4s
2025-10-04 00:17:14 - INFO - [epoch 10/50] train_loss=0.5964 | val_loss=0.7710 | val_acc=0.7392 | best_val=0.7514@7 | bad=3/10 | lr=1.00e-03 | dt=17.2s
2025-10-04 00:17:31 - INFO - [epoch 11/50] train_loss=0.5803 | val_loss=0.6892 | val_acc=0.7604 | best_val=0.6892@11 | bad=0/10 | lr=1.00e-03 | dt=17.0s
2025-10-04 00:17:48 - INFO - [epoch 12/50] train_loss=0.5583 | val_loss=0.5947 | val_acc=0.7952 | best_val=0.5947@12 | bad=0/10 | lr=1.00e-03 | dt=17.0s
2025-10-04 00:18:05 - INFO - [epoch 13/50] train_loss=0.5365 | val_loss=0.6000 | val_acc=0.7920 | best_val=0.5947@12 | bad=1/10 | lr=1.00e-03 | dt=16.8s
2025-10-04 00:18:22 - INFO - [epoch 14/50] train_loss=0.5163 | val_loss=0.6718 | val_acc=0.7720 | best_val=0.5947@12 | bad=2/10 | lr=1.00e-03 | dt=16.9s
2025-10-04 00:18:39 - INFO - [epoch 15/50] train_loss=0.5060 | val_loss=0.5418 | val_acc=0.8124 | best_val=0.5418@15 | bad=0/10 | lr=1.00e-03 | dt=17.3s
2025-10-04 00:18:56 - INFO - [epoch 16/50] train_loss=0.4975 | val_loss=0.5687 | val_acc=0.8044 | best_val=0.5418@15 | bad=1/10 | lr=1.00e-03 | dt=16.9s
2025-10-04 00:19:13 - INFO - [epoch 17/50] train_loss=0.4785 | val_loss=0.5872 | val_acc=0.7936 | best_val=0.5418@15 | bad=2/10 | lr=1.00e-03 | dt=16.9s
2025-10-04 00:19:30 - INFO - [epoch 18/50] train_loss=0.4699 | val_loss=0.5930 | val_acc=0.7994 | best_val=0.5418@15 | bad=3/10 | lr=1.00e-03 | dt=17.1s
2025-10-04 00:19:48 - INFO - [epoch 19/50] train_loss=0.4539 | val_loss=0.5046 | val_acc=0.8286 | best_val=0.5046@19 | bad=0/10 | lr=1.00e-03 | dt=17.2s
2025-10-04 00:20:05 - INFO - [epoch 20/50] train_loss=0.4467 | val_loss=0.5675 | val_acc=0.8112 | best_val=0.5046@19 | bad=1/10 | lr=1.00e-03 | dt=17.1s
2025-10-04 00:20:22 - INFO - [epoch 21/50] train_loss=0.4331 | val_loss=0.5218 | val_acc=0.8226 | best_val=0.5046@19 | bad=2/10 | lr=1.00e-03 | dt=17.2s
2025-10-04 00:20:39 - INFO - [epoch 22/50] train_loss=0.4315 | val_loss=0.5821 | val_acc=0.8074 | best_val=0.5046@19 | bad=3/10 | lr=1.00e-03 | dt=17.0s
2025-10-04 00:20:56 - INFO - [epoch 23/50] train_loss=0.4257 | val_loss=0.5597 | val_acc=0.8052 | best_val=0.5046@19 | bad=4/10 | lr=1.00e-03 | dt=17.6s
2025-10-04 00:21:14 - INFO - [epoch 24/50] train_loss=0.4135 | val_loss=0.5145 | val_acc=0.8172 | best_val=0.5046@19 | bad=5/10 | lr=1.00e-03 | dt=17.6s
2025-10-04 00:21:31 - INFO - [epoch 25/50] train_loss=0.4092 | val_loss=0.5046 | val_acc=0.8278 | best_val=0.5046@25 | bad=0/10 | lr=1.00e-03 | dt=17.3s
2025-10-04 00:21:48 - INFO - [epoch 26/50] train_loss=0.3970 | val_loss=0.5531 | val_acc=0.8148 | best_val=0.5046@25 | bad=1/10 | lr=1.00e-03 | dt=17.0s
2025-10-04 00:22:06 - INFO - [epoch 27/50] train_loss=0.3956 | val_loss=0.4741 | val_acc=0.8388 | best_val=0.4741@27 | bad=0/10 | lr=1.00e-03 | dt=17.7s
2025-10-04 00:22:23 - INFO - [epoch 28/50] train_loss=0.3861 | val_loss=0.5681 | val_acc=0.8178 | best_val=0.4741@27 | bad=1/10 | lr=1.00e-03 | dt=17.4s
2025-10-04 00:22:40 - INFO - [epoch 29/50] train_loss=0.3862 | val_loss=0.4827 | val_acc=0.8394 | best_val=0.4741@27 | bad=2/10 | lr=1.00e-03 | dt=17.0s
2025-10-04 00:22:58 - INFO - [epoch 30/50] train_loss=0.3733 | val_loss=0.4916 | val_acc=0.8366 | best_val=0.4741@27 | bad=3/10 | lr=1.00e-03 | dt=17.2s
2025-10-04 00:23:15 - INFO - [epoch 31/50] train_loss=0.3724 | val_loss=0.5633 | val_acc=0.8150 | best_val=0.4741@27 | bad=4/10 | lr=1.00e-03 | dt=17.0s
2025-10-04 00:23:32 - INFO - [epoch 32/50] train_loss=0.3690 | val_loss=0.5375 | val_acc=0.8232 | best_val=0.4741@27 | bad=5/10 | lr=1.00e-03 | dt=17.2s
2025-10-04 00:23:49 - INFO - [epoch 33/50] train_loss=0.3600 | val_loss=0.5243 | val_acc=0.8270 | best_val=0.4741@27 | bad=6/10 | lr=1.00e-03 | dt=16.8s
2025-10-04 00:24:06 - INFO - [epoch 34/50] train_loss=0.3582 | val_loss=0.5337 | val_acc=0.8248 | best_val=0.4741@27 | bad=7/10 | lr=1.00e-03 | dt=17.2s
2025-10-04 00:24:23 - INFO - [epoch 35/50] train_loss=0.3524 | val_loss=0.5248 | val_acc=0.8296 | best_val=0.4741@27 | bad=8/10 | lr=1.00e-03 | dt=16.9s
2025-10-04 00:24:40 - INFO - [epoch 36/50] train_loss=0.3465 | val_loss=0.5911 | val_acc=0.8082 | best_val=0.4741@27 | bad=9/10 | lr=1.00e-03 | dt=17.1s
2025-10-04 00:24:58 - INFO - [epoch 37/50] train_loss=0.3495 | val_loss=0.5115 | val_acc=0.8318 | best_val=0.4741@27 | bad=10/10 | lr=1.00e-03 | dt=18.1s
2025-10-04 00:24:58 - INFO - Early stopping: no improvement for 10 epochs (best=0.4741 @ epoch 27)
2025-10-04 00:24:58 - INFO - Run finished in 634.9s | best_val_loss=0.4741 @epoch 27 | best_val_acc=0.8388
2025-10-04 00:25:00 - INFO - Test: loss=0.5506 acc=0.8253
2025-10-04 00:25:00 - INFO - ======== [End Run 9/140] width=90 depth=4 | best_val=0.4741 | test_acc=0.8253 ========

