2025-10-04 13:50:24 - INFO - ======== [Run 64/140] width=40 depth=7 ========
2025-10-04 13:50:24 - INFO - Device=cuda | dataset=cifar10 | batch=64 | max_epochs=50 | patience=10 | lr=1.00e-03 | wd=1.0e-04
2025-10-04 13:50:24 - INFO - Model params=88450 | neurons=320 | pooling=[1, 3]
2025-10-04 13:50:43 - INFO - [epoch 1/50] train_loss=1.5233 | val_loss=1.4537 | val_acc=0.4896 | best_val=1.4537@1 | bad=0/10 | lr=1.00e-03 | dt=19.0s
2025-10-04 13:51:03 - INFO - [epoch 2/50] train_loss=1.1133 | val_loss=1.0296 | val_acc=0.6454 | best_val=1.0296@2 | bad=0/10 | lr=1.00e-03 | dt=20.5s
2025-10-04 13:51:23 - INFO - [epoch 3/50] train_loss=0.9559 | val_loss=0.9261 | val_acc=0.6676 | best_val=0.9261@3 | bad=0/10 | lr=1.00e-03 | dt=19.6s
2025-10-04 13:51:43 - INFO - [epoch 4/50] train_loss=0.8516 | val_loss=0.7946 | val_acc=0.7166 | best_val=0.7946@4 | bad=0/10 | lr=1.00e-03 | dt=19.8s
2025-10-04 13:52:01 - INFO - [epoch 5/50] train_loss=0.7770 | val_loss=0.7478 | val_acc=0.7374 | best_val=0.7478@5 | bad=0/10 | lr=1.00e-03 | dt=18.5s
2025-10-04 13:52:23 - INFO - [epoch 6/50] train_loss=0.7198 | val_loss=0.7099 | val_acc=0.7476 | best_val=0.7099@6 | bad=0/10 | lr=1.00e-03 | dt=21.3s
2025-10-04 13:52:43 - INFO - [epoch 7/50] train_loss=0.6788 | val_loss=0.7657 | val_acc=0.7318 | best_val=0.7099@6 | bad=1/10 | lr=1.00e-03 | dt=20.6s
2025-10-04 13:53:04 - INFO - [epoch 8/50] train_loss=0.6420 | val_loss=0.7039 | val_acc=0.7574 | best_val=0.7039@8 | bad=0/10 | lr=1.00e-03 | dt=20.7s
2025-10-04 13:53:23 - INFO - [epoch 9/50] train_loss=0.6189 | val_loss=0.6335 | val_acc=0.7782 | best_val=0.6335@9 | bad=0/10 | lr=1.00e-03 | dt=19.0s
2025-10-04 13:53:44 - INFO - [epoch 10/50] train_loss=0.5962 | val_loss=0.6255 | val_acc=0.7866 | best_val=0.6255@10 | bad=0/10 | lr=1.00e-03 | dt=21.2s
2025-10-04 13:54:05 - INFO - [epoch 11/50] train_loss=0.5739 | val_loss=0.5862 | val_acc=0.7990 | best_val=0.5862@11 | bad=0/10 | lr=1.00e-03 | dt=21.3s
2025-10-04 13:54:25 - INFO - [epoch 12/50] train_loss=0.5584 | val_loss=0.6541 | val_acc=0.7716 | best_val=0.5862@11 | bad=1/10 | lr=1.00e-03 | dt=20.1s
2025-10-04 13:54:46 - INFO - [epoch 13/50] train_loss=0.5417 | val_loss=0.5877 | val_acc=0.7996 | best_val=0.5862@11 | bad=2/10 | lr=1.00e-03 | dt=21.0s
2025-10-04 13:55:08 - INFO - [epoch 14/50] train_loss=0.5267 | val_loss=0.5480 | val_acc=0.8102 | best_val=0.5480@14 | bad=0/10 | lr=1.00e-03 | dt=21.9s
2025-10-04 13:55:31 - INFO - [epoch 15/50] train_loss=0.5155 | val_loss=0.6145 | val_acc=0.7942 | best_val=0.5480@14 | bad=1/10 | lr=1.00e-03 | dt=22.4s
2025-10-04 13:55:52 - INFO - [epoch 16/50] train_loss=0.5078 | val_loss=0.5385 | val_acc=0.8184 | best_val=0.5385@16 | bad=0/10 | lr=1.00e-03 | dt=20.9s
2025-10-04 13:56:13 - INFO - [epoch 17/50] train_loss=0.5000 | val_loss=0.5281 | val_acc=0.8190 | best_val=0.5281@17 | bad=0/10 | lr=1.00e-03 | dt=21.7s
2025-10-04 13:56:34 - INFO - [epoch 18/50] train_loss=0.4808 | val_loss=0.5385 | val_acc=0.8196 | best_val=0.5281@17 | bad=1/10 | lr=1.00e-03 | dt=20.8s
2025-10-04 13:56:53 - INFO - [epoch 19/50] train_loss=0.4785 | val_loss=0.5673 | val_acc=0.8094 | best_val=0.5281@17 | bad=2/10 | lr=1.00e-03 | dt=19.1s
2025-10-04 13:57:12 - INFO - [epoch 20/50] train_loss=0.4682 | val_loss=0.5690 | val_acc=0.8152 | best_val=0.5281@17 | bad=3/10 | lr=1.00e-03 | dt=18.9s
2025-10-04 13:57:33 - INFO - [epoch 21/50] train_loss=0.4635 | val_loss=0.5463 | val_acc=0.8124 | best_val=0.5281@17 | bad=4/10 | lr=1.00e-03 | dt=21.2s
2025-10-04 13:57:57 - INFO - [epoch 22/50] train_loss=0.4499 | val_loss=0.4955 | val_acc=0.8290 | best_val=0.4955@22 | bad=0/10 | lr=1.00e-03 | dt=23.5s
2025-10-04 13:58:19 - INFO - [epoch 23/50] train_loss=0.4435 | val_loss=0.5777 | val_acc=0.7998 | best_val=0.4955@22 | bad=1/10 | lr=1.00e-03 | dt=21.9s
2025-10-04 13:58:40 - INFO - [epoch 24/50] train_loss=0.4455 | val_loss=0.5293 | val_acc=0.8174 | best_val=0.4955@22 | bad=2/10 | lr=1.00e-03 | dt=21.2s
2025-10-04 13:59:01 - INFO - [epoch 25/50] train_loss=0.4342 | val_loss=0.5161 | val_acc=0.8294 | best_val=0.4955@22 | bad=3/10 | lr=1.00e-03 | dt=21.5s
2025-10-04 13:59:25 - INFO - [epoch 26/50] train_loss=0.4364 | val_loss=0.5007 | val_acc=0.8290 | best_val=0.4955@22 | bad=4/10 | lr=1.00e-03 | dt=23.4s
2025-10-04 13:59:46 - INFO - [epoch 27/50] train_loss=0.4245 | val_loss=0.4955 | val_acc=0.8324 | best_val=0.4955@22 | bad=5/10 | lr=1.00e-03 | dt=21.1s
2025-10-04 14:00:05 - INFO - [epoch 28/50] train_loss=0.4185 | val_loss=0.4864 | val_acc=0.8310 | best_val=0.4864@28 | bad=0/10 | lr=1.00e-03 | dt=18.8s
2025-10-04 14:00:24 - INFO - [epoch 29/50] train_loss=0.4147 | val_loss=0.4800 | val_acc=0.8378 | best_val=0.4800@29 | bad=0/10 | lr=1.00e-03 | dt=19.5s
2025-10-04 14:00:45 - INFO - [epoch 30/50] train_loss=0.4118 | val_loss=0.4883 | val_acc=0.8372 | best_val=0.4800@29 | bad=1/10 | lr=1.00e-03 | dt=20.8s
2025-10-04 14:01:06 - INFO - [epoch 31/50] train_loss=0.4075 | val_loss=0.4686 | val_acc=0.8424 | best_val=0.4686@31 | bad=0/10 | lr=1.00e-03 | dt=20.7s
2025-10-04 14:01:26 - INFO - [epoch 32/50] train_loss=0.4056 | val_loss=0.4766 | val_acc=0.8394 | best_val=0.4686@31 | bad=1/10 | lr=1.00e-03 | dt=19.9s
2025-10-04 14:01:48 - INFO - [epoch 33/50] train_loss=0.3973 | val_loss=0.4911 | val_acc=0.8352 | best_val=0.4686@31 | bad=2/10 | lr=1.00e-03 | dt=22.2s
2025-10-04 14:02:11 - INFO - [epoch 34/50] train_loss=0.4019 | val_loss=0.5064 | val_acc=0.8298 | best_val=0.4686@31 | bad=3/10 | lr=1.00e-03 | dt=22.8s
2025-10-04 14:02:31 - INFO - [epoch 35/50] train_loss=0.3930 | val_loss=0.4986 | val_acc=0.8310 | best_val=0.4686@31 | bad=4/10 | lr=1.00e-03 | dt=21.0s
2025-10-04 14:02:52 - INFO - [epoch 36/50] train_loss=0.3877 | val_loss=0.5060 | val_acc=0.8356 | best_val=0.4686@31 | bad=5/10 | lr=1.00e-03 | dt=20.1s
2025-10-04 14:03:13 - INFO - [epoch 37/50] train_loss=0.3791 | val_loss=0.5176 | val_acc=0.8298 | best_val=0.4686@31 | bad=6/10 | lr=1.00e-03 | dt=21.3s
2025-10-04 14:03:27 - INFO - [epoch 38/50] train_loss=0.3831 | val_loss=0.4780 | val_acc=0.8410 | best_val=0.4686@31 | bad=7/10 | lr=1.00e-03 | dt=13.8s
2025-10-04 14:03:49 - INFO - [epoch 39/50] train_loss=0.3808 | val_loss=0.4773 | val_acc=0.8406 | best_val=0.4686@31 | bad=8/10 | lr=1.00e-03 | dt=22.1s
2025-10-04 14:04:09 - INFO - [epoch 40/50] train_loss=0.3764 | val_loss=0.4738 | val_acc=0.8484 | best_val=0.4686@31 | bad=9/10 | lr=1.00e-03 | dt=20.0s
2025-10-04 14:04:30 - INFO - [epoch 41/50] train_loss=0.3712 | val_loss=0.4848 | val_acc=0.8406 | best_val=0.4686@31 | bad=10/10 | lr=1.00e-03 | dt=21.2s
2025-10-04 14:04:30 - INFO - Early stopping: no improvement for 10 epochs (best=0.4686 @ epoch 31)
2025-10-04 14:04:31 - INFO - Run finished in 846.6s | best_val_loss=0.4686 @epoch 31 | best_val_acc=0.8424
2025-10-04 14:04:32 - INFO - Test: loss=0.5113 acc=0.8371
2025-10-04 14:04:32 - INFO - ======== [End Run 64/140] width=40 depth=7 | best_val=0.4686 | test_acc=0.8371 ========

