2025-10-04 10:21:34 - INFO - ======== [Run 53/140] width=130 depth=6 ========
2025-10-04 10:21:34 - INFO - Device=cuda | dataset=cifar10 | batch=64 | max_epochs=50 | patience=10 | lr=1.00e-03 | wd=1.0e-04
2025-10-04 10:21:34 - INFO - Model params=766880 | neurons=910 | pooling=[1, 3]
2025-10-04 10:22:02 - INFO - [epoch 1/50] train_loss=1.4513 | val_loss=1.1563 | val_acc=0.5786 | best_val=1.1563@1 | bad=0/10 | lr=1.00e-03 | dt=27.5s
2025-10-04 10:22:27 - INFO - [epoch 2/50] train_loss=1.0254 | val_loss=0.9622 | val_acc=0.6614 | best_val=0.9622@2 | bad=0/10 | lr=1.00e-03 | dt=25.1s
2025-10-04 10:22:53 - INFO - [epoch 3/50] train_loss=0.8377 | val_loss=0.7459 | val_acc=0.7296 | best_val=0.7459@3 | bad=0/10 | lr=1.00e-03 | dt=25.7s
2025-10-04 10:23:20 - INFO - [epoch 4/50] train_loss=0.7157 | val_loss=0.7631 | val_acc=0.7312 | best_val=0.7459@3 | bad=1/10 | lr=1.00e-03 | dt=27.3s
2025-10-04 10:23:47 - INFO - [epoch 5/50] train_loss=0.6404 | val_loss=0.6396 | val_acc=0.7782 | best_val=0.6396@5 | bad=0/10 | lr=1.00e-03 | dt=27.0s
2025-10-04 10:24:14 - INFO - [epoch 6/50] train_loss=0.5805 | val_loss=0.6538 | val_acc=0.7748 | best_val=0.6396@5 | bad=1/10 | lr=1.00e-03 | dt=26.9s
2025-10-04 10:24:40 - INFO - [epoch 7/50] train_loss=0.5365 | val_loss=0.5972 | val_acc=0.7976 | best_val=0.5972@7 | bad=0/10 | lr=1.00e-03 | dt=26.4s
2025-10-04 10:25:07 - INFO - [epoch 8/50] train_loss=0.5030 | val_loss=0.6163 | val_acc=0.7934 | best_val=0.5972@7 | bad=1/10 | lr=1.00e-03 | dt=26.2s
2025-10-04 10:25:33 - INFO - [epoch 9/50] train_loss=0.4756 | val_loss=0.5210 | val_acc=0.8202 | best_val=0.5210@9 | bad=0/10 | lr=1.00e-03 | dt=26.1s
2025-10-04 10:25:56 - INFO - [epoch 10/50] train_loss=0.4418 | val_loss=0.5776 | val_acc=0.8064 | best_val=0.5210@9 | bad=1/10 | lr=1.00e-03 | dt=23.1s
2025-10-04 10:26:22 - INFO - [epoch 11/50] train_loss=0.4251 | val_loss=0.5153 | val_acc=0.8254 | best_val=0.5153@11 | bad=0/10 | lr=1.00e-03 | dt=26.0s
2025-10-04 10:26:49 - INFO - [epoch 12/50] train_loss=0.3993 | val_loss=0.4788 | val_acc=0.8484 | best_val=0.4788@12 | bad=0/10 | lr=1.00e-03 | dt=27.2s
2025-10-04 10:27:15 - INFO - [epoch 13/50] train_loss=0.3857 | val_loss=0.4802 | val_acc=0.8420 | best_val=0.4788@12 | bad=1/10 | lr=1.00e-03 | dt=26.1s
2025-10-04 10:27:41 - INFO - [epoch 14/50] train_loss=0.3702 | val_loss=0.4499 | val_acc=0.8488 | best_val=0.4499@14 | bad=0/10 | lr=1.00e-03 | dt=26.2s
2025-10-04 10:28:08 - INFO - [epoch 15/50] train_loss=0.3570 | val_loss=0.4117 | val_acc=0.8594 | best_val=0.4117@15 | bad=0/10 | lr=1.00e-03 | dt=26.9s
2025-10-04 10:28:34 - INFO - [epoch 16/50] train_loss=0.3397 | val_loss=0.5085 | val_acc=0.8306 | best_val=0.4117@15 | bad=1/10 | lr=1.00e-03 | dt=25.7s
2025-10-04 10:29:00 - INFO - [epoch 17/50] train_loss=0.3267 | val_loss=0.4485 | val_acc=0.8502 | best_val=0.4117@15 | bad=2/10 | lr=1.00e-03 | dt=25.9s
2025-10-04 10:29:26 - INFO - [epoch 18/50] train_loss=0.3230 | val_loss=0.4600 | val_acc=0.8554 | best_val=0.4117@15 | bad=3/10 | lr=1.00e-03 | dt=26.0s
2025-10-04 10:29:53 - INFO - [epoch 19/50] train_loss=0.3073 | val_loss=0.4907 | val_acc=0.8430 | best_val=0.4117@15 | bad=4/10 | lr=1.00e-03 | dt=27.0s
2025-10-04 10:30:19 - INFO - [epoch 20/50] train_loss=0.2985 | val_loss=0.3797 | val_acc=0.8732 | best_val=0.3797@20 | bad=0/10 | lr=1.00e-03 | dt=25.8s
2025-10-04 10:30:45 - INFO - [epoch 21/50] train_loss=0.2873 | val_loss=0.4401 | val_acc=0.8568 | best_val=0.3797@20 | bad=1/10 | lr=1.00e-03 | dt=26.3s
2025-10-04 10:31:13 - INFO - [epoch 22/50] train_loss=0.2811 | val_loss=0.4790 | val_acc=0.8478 | best_val=0.3797@20 | bad=2/10 | lr=1.00e-03 | dt=28.3s
2025-10-04 10:31:43 - INFO - [epoch 23/50] train_loss=0.2750 | val_loss=0.4094 | val_acc=0.8676 | best_val=0.3797@20 | bad=3/10 | lr=1.00e-03 | dt=29.4s
2025-10-04 10:32:12 - INFO - [epoch 24/50] train_loss=0.2643 | val_loss=0.4009 | val_acc=0.8702 | best_val=0.3797@20 | bad=4/10 | lr=1.00e-03 | dt=29.3s
2025-10-04 10:32:40 - INFO - [epoch 25/50] train_loss=0.2654 | val_loss=0.4295 | val_acc=0.8630 | best_val=0.3797@20 | bad=5/10 | lr=1.00e-03 | dt=27.8s
2025-10-04 10:33:09 - INFO - [epoch 26/50] train_loss=0.2542 | val_loss=0.4294 | val_acc=0.8682 | best_val=0.3797@20 | bad=6/10 | lr=1.00e-03 | dt=29.5s
2025-10-04 10:33:38 - INFO - [epoch 27/50] train_loss=0.2544 | val_loss=0.4673 | val_acc=0.8522 | best_val=0.3797@20 | bad=7/10 | lr=1.00e-03 | dt=29.0s
2025-10-04 10:34:07 - INFO - [epoch 28/50] train_loss=0.2431 | val_loss=0.4436 | val_acc=0.8630 | best_val=0.3797@20 | bad=8/10 | lr=1.00e-03 | dt=29.2s
2025-10-04 10:34:35 - INFO - [epoch 29/50] train_loss=0.2413 | val_loss=0.4911 | val_acc=0.8530 | best_val=0.3797@20 | bad=9/10 | lr=1.00e-03 | dt=28.0s
2025-10-04 10:35:04 - INFO - [epoch 30/50] train_loss=0.2368 | val_loss=0.4260 | val_acc=0.8630 | best_val=0.3797@20 | bad=10/10 | lr=1.00e-03 | dt=28.7s
2025-10-04 10:35:04 - INFO - Early stopping: no improvement for 10 epochs (best=0.3797 @ epoch 20)
2025-10-04 10:35:05 - INFO - Run finished in 810.3s | best_val_loss=0.3797 @epoch 20 | best_val_acc=0.8732
2025-10-04 10:35:07 - INFO - Test: loss=0.4503 acc=0.8594
2025-10-04 10:35:07 - INFO - ======== [End Run 53/140] width=130 depth=6 | best_val=0.3797 | test_acc=0.8594 ========

