2025-10-04 06:27:01 - INFO - ======== [Run 37/140] width=170 depth=5 ========
2025-10-04 06:27:01 - INFO - Device=cuda | dataset=cifar10 | batch=64 | max_epochs=50 | patience=10 | lr=1.00e-03 | wd=1.0e-04
2025-10-04 06:27:01 - INFO - Model params=1048400 | neurons=1020 | pooling=[1, 3]
2025-10-04 06:27:27 - INFO - [epoch 1/50] train_loss=1.4233 | val_loss=1.2778 | val_acc=0.5448 | best_val=1.2778@1 | bad=0/10 | lr=1.00e-03 | dt=25.8s
2025-10-04 06:27:53 - INFO - [epoch 2/50] train_loss=1.0325 | val_loss=1.0486 | val_acc=0.6342 | best_val=1.0486@2 | bad=0/10 | lr=1.00e-03 | dt=26.3s
2025-10-04 06:28:19 - INFO - [epoch 3/50] train_loss=0.8752 | val_loss=0.9302 | val_acc=0.6702 | best_val=0.9302@3 | bad=0/10 | lr=1.00e-03 | dt=26.2s
2025-10-04 06:28:46 - INFO - [epoch 4/50] train_loss=0.7527 | val_loss=0.7636 | val_acc=0.7382 | best_val=0.7636@4 | bad=0/10 | lr=1.00e-03 | dt=26.7s
2025-10-04 06:29:13 - INFO - [epoch 5/50] train_loss=0.6532 | val_loss=0.7044 | val_acc=0.7550 | best_val=0.7044@5 | bad=0/10 | lr=1.00e-03 | dt=26.4s
2025-10-04 06:29:39 - INFO - [epoch 6/50] train_loss=0.5925 | val_loss=0.6002 | val_acc=0.7918 | best_val=0.6002@6 | bad=0/10 | lr=1.00e-03 | dt=26.7s
2025-10-04 06:30:06 - INFO - [epoch 7/50] train_loss=0.5451 | val_loss=0.6419 | val_acc=0.7772 | best_val=0.6002@6 | bad=1/10 | lr=1.00e-03 | dt=26.3s
2025-10-04 06:30:32 - INFO - [epoch 8/50] train_loss=0.5039 | val_loss=0.5822 | val_acc=0.8044 | best_val=0.5822@8 | bad=0/10 | lr=1.00e-03 | dt=26.3s
2025-10-04 06:30:59 - INFO - [epoch 9/50] train_loss=0.4765 | val_loss=0.5342 | val_acc=0.8124 | best_val=0.5342@9 | bad=0/10 | lr=1.00e-03 | dt=27.0s
2025-10-04 06:31:25 - INFO - [epoch 10/50] train_loss=0.4498 | val_loss=0.5707 | val_acc=0.8024 | best_val=0.5342@9 | bad=1/10 | lr=1.00e-03 | dt=26.4s
2025-10-04 06:31:52 - INFO - [epoch 11/50] train_loss=0.4303 | val_loss=0.5873 | val_acc=0.8042 | best_val=0.5342@9 | bad=2/10 | lr=1.00e-03 | dt=26.4s
2025-10-04 06:32:18 - INFO - [epoch 12/50] train_loss=0.4039 | val_loss=0.4825 | val_acc=0.8366 | best_val=0.4825@12 | bad=0/10 | lr=1.00e-03 | dt=26.8s
2025-10-04 06:32:45 - INFO - [epoch 13/50] train_loss=0.3898 | val_loss=0.4864 | val_acc=0.8260 | best_val=0.4825@12 | bad=1/10 | lr=1.00e-03 | dt=26.6s
2025-10-04 06:33:12 - INFO - [epoch 14/50] train_loss=0.3651 | val_loss=0.4851 | val_acc=0.8384 | best_val=0.4825@12 | bad=2/10 | lr=1.00e-03 | dt=26.8s
2025-10-04 06:33:38 - INFO - [epoch 15/50] train_loss=0.3597 | val_loss=0.6106 | val_acc=0.8054 | best_val=0.4825@12 | bad=3/10 | lr=1.00e-03 | dt=26.2s
2025-10-04 06:34:05 - INFO - [epoch 16/50] train_loss=0.3478 | val_loss=0.5685 | val_acc=0.8238 | best_val=0.4825@12 | bad=4/10 | lr=1.00e-03 | dt=26.6s
2025-10-04 06:34:31 - INFO - [epoch 17/50] train_loss=0.3326 | val_loss=0.4412 | val_acc=0.8566 | best_val=0.4412@17 | bad=0/10 | lr=1.00e-03 | dt=26.3s
2025-10-04 06:34:57 - INFO - [epoch 18/50] train_loss=0.3176 | val_loss=0.4626 | val_acc=0.8464 | best_val=0.4412@17 | bad=1/10 | lr=1.00e-03 | dt=26.3s
2025-10-04 06:35:24 - INFO - [epoch 19/50] train_loss=0.3151 | val_loss=0.4213 | val_acc=0.8580 | best_val=0.4213@19 | bad=0/10 | lr=1.00e-03 | dt=26.7s
2025-10-04 06:35:50 - INFO - [epoch 20/50] train_loss=0.3021 | val_loss=0.4143 | val_acc=0.8612 | best_val=0.4143@20 | bad=0/10 | lr=1.00e-03 | dt=26.3s
2025-10-04 06:36:17 - INFO - [epoch 21/50] train_loss=0.2901 | val_loss=0.4615 | val_acc=0.8530 | best_val=0.4143@20 | bad=1/10 | lr=1.00e-03 | dt=26.4s
2025-10-04 06:36:43 - INFO - [epoch 22/50] train_loss=0.2870 | val_loss=0.4197 | val_acc=0.8662 | best_val=0.4143@20 | bad=2/10 | lr=1.00e-03 | dt=26.2s
2025-10-04 06:37:09 - INFO - [epoch 23/50] train_loss=0.2842 | val_loss=0.4465 | val_acc=0.8570 | best_val=0.4143@20 | bad=3/10 | lr=1.00e-03 | dt=26.7s
2025-10-04 06:37:36 - INFO - [epoch 24/50] train_loss=0.2653 | val_loss=0.4696 | val_acc=0.8494 | best_val=0.4143@20 | bad=4/10 | lr=1.00e-03 | dt=26.6s
2025-10-04 06:38:03 - INFO - [epoch 25/50] train_loss=0.2621 | val_loss=0.3802 | val_acc=0.8746 | best_val=0.3802@25 | bad=0/10 | lr=1.00e-03 | dt=26.5s
2025-10-04 06:38:29 - INFO - [epoch 26/50] train_loss=0.2544 | val_loss=0.5126 | val_acc=0.8420 | best_val=0.3802@25 | bad=1/10 | lr=1.00e-03 | dt=26.1s
2025-10-04 06:38:55 - INFO - [epoch 27/50] train_loss=0.2525 | val_loss=0.6527 | val_acc=0.8078 | best_val=0.3802@25 | bad=2/10 | lr=1.00e-03 | dt=26.4s
2025-10-04 06:39:21 - INFO - [epoch 28/50] train_loss=0.2526 | val_loss=0.3798 | val_acc=0.8782 | best_val=0.3798@28 | bad=0/10 | lr=1.00e-03 | dt=26.1s
2025-10-04 06:39:47 - INFO - [epoch 29/50] train_loss=0.2417 | val_loss=0.4213 | val_acc=0.8644 | best_val=0.3798@28 | bad=1/10 | lr=1.00e-03 | dt=26.3s
2025-10-04 06:40:14 - INFO - [epoch 30/50] train_loss=0.2365 | val_loss=0.3944 | val_acc=0.8728 | best_val=0.3798@28 | bad=2/10 | lr=1.00e-03 | dt=26.7s
2025-10-04 06:40:41 - INFO - [epoch 31/50] train_loss=0.2382 | val_loss=0.3763 | val_acc=0.8746 | best_val=0.3763@31 | bad=0/10 | lr=1.00e-03 | dt=26.7s
2025-10-04 06:41:08 - INFO - [epoch 32/50] train_loss=0.2253 | val_loss=0.4735 | val_acc=0.8574 | best_val=0.3763@31 | bad=1/10 | lr=1.00e-03 | dt=26.8s
2025-10-04 06:41:35 - INFO - [epoch 33/50] train_loss=0.2304 | val_loss=0.4189 | val_acc=0.8682 | best_val=0.3763@31 | bad=2/10 | lr=1.00e-03 | dt=27.0s
2025-10-04 06:42:01 - INFO - [epoch 34/50] train_loss=0.2222 | val_loss=0.4023 | val_acc=0.8680 | best_val=0.3763@31 | bad=3/10 | lr=1.00e-03 | dt=26.6s
2025-10-04 06:42:28 - INFO - [epoch 35/50] train_loss=0.2197 | val_loss=0.3949 | val_acc=0.8752 | best_val=0.3763@31 | bad=4/10 | lr=1.00e-03 | dt=26.4s
2025-10-04 06:42:54 - INFO - [epoch 36/50] train_loss=0.2130 | val_loss=0.4161 | val_acc=0.8694 | best_val=0.3763@31 | bad=5/10 | lr=1.00e-03 | dt=26.1s
2025-10-04 06:43:20 - INFO - [epoch 37/50] train_loss=0.2126 | val_loss=0.4110 | val_acc=0.8696 | best_val=0.3763@31 | bad=6/10 | lr=1.00e-03 | dt=26.3s
2025-10-04 06:43:47 - INFO - [epoch 38/50] train_loss=0.2115 | val_loss=0.4516 | val_acc=0.8644 | best_val=0.3763@31 | bad=7/10 | lr=1.00e-03 | dt=26.4s
2025-10-04 06:44:13 - INFO - [epoch 39/50] train_loss=0.2114 | val_loss=0.4139 | val_acc=0.8696 | best_val=0.3763@31 | bad=8/10 | lr=1.00e-03 | dt=26.4s
2025-10-04 06:44:40 - INFO - [epoch 40/50] train_loss=0.2041 | val_loss=0.4154 | val_acc=0.8750 | best_val=0.3763@31 | bad=9/10 | lr=1.00e-03 | dt=26.6s
2025-10-04 06:45:06 - INFO - [epoch 41/50] train_loss=0.2001 | val_loss=0.4270 | val_acc=0.8700 | best_val=0.3763@31 | bad=10/10 | lr=1.00e-03 | dt=26.9s
2025-10-04 06:45:06 - INFO - Early stopping: no improvement for 10 epochs (best=0.3763 @ epoch 31)
2025-10-04 06:45:07 - INFO - Run finished in 1085.8s | best_val_loss=0.3763 @epoch 31 | best_val_acc=0.8782
2025-10-04 06:45:09 - INFO - Test: loss=0.4433 acc=0.8714
2025-10-04 06:45:09 - INFO - ======== [End Run 37/140] width=170 depth=5 | best_val=0.3763 | test_acc=0.8714 ========

