2025-10-05 10:17:16 - INFO - ======== [Run 35/300] width=50 depth=2 ========
2025-10-05 10:17:16 - INFO - Device=cuda | dataset=cifar100 | batch=2048 | max_epochs=50 | patience=10 | lr=1.00e-03 | wd=1.0e-04
2025-10-05 10:17:16 - INFO - Model params=29150 | neurons=150 | pooling=[1, 3]
2025-10-05 10:17:27 - INFO - [epoch 1/50] train_loss=4.5402 | val_loss=4.4525 | val_acc=0.0432 | best_val=4.4525@1 | bad=0/10 | lr=1.00e-03 | dt=11.0s
2025-10-05 10:17:36 - INFO - [epoch 2/50] train_loss=4.3895 | val_loss=4.3021 | val_acc=0.0474 | best_val=4.3021@2 | bad=0/10 | lr=1.00e-03 | dt=9.2s
2025-10-05 10:17:45 - INFO - [epoch 3/50] train_loss=4.2824 | val_loss=4.2267 | val_acc=0.0612 | best_val=4.2267@3 | bad=0/10 | lr=1.00e-03 | dt=9.0s
2025-10-05 10:17:54 - INFO - [epoch 4/50] train_loss=4.2058 | val_loss=4.1528 | val_acc=0.0704 | best_val=4.1528@4 | bad=0/10 | lr=1.00e-03 | dt=9.0s
2025-10-05 10:18:03 - INFO - [epoch 5/50] train_loss=4.1378 | val_loss=4.0950 | val_acc=0.0878 | best_val=4.0950@5 | bad=0/10 | lr=1.00e-03 | dt=8.9s
2025-10-05 10:18:12 - INFO - [epoch 6/50] train_loss=4.0733 | val_loss=4.0362 | val_acc=0.0898 | best_val=4.0362@6 | bad=0/10 | lr=1.00e-03 | dt=8.9s
2025-10-05 10:18:21 - INFO - [epoch 7/50] train_loss=4.0091 | val_loss=3.9872 | val_acc=0.1034 | best_val=3.9872@7 | bad=0/10 | lr=1.00e-03 | dt=9.0s
2025-10-05 10:18:30 - INFO - [epoch 8/50] train_loss=3.9502 | val_loss=3.9090 | val_acc=0.1116 | best_val=3.9090@8 | bad=0/10 | lr=1.00e-03 | dt=9.2s
2025-10-05 10:18:39 - INFO - [epoch 9/50] train_loss=3.8967 | val_loss=3.8528 | val_acc=0.1210 | best_val=3.8528@9 | bad=0/10 | lr=1.00e-03 | dt=8.9s
2025-10-05 10:18:48 - INFO - [epoch 10/50] train_loss=3.8433 | val_loss=3.8166 | val_acc=0.1240 | best_val=3.8166@10 | bad=0/10 | lr=1.00e-03 | dt=9.2s
2025-10-05 10:18:57 - INFO - [epoch 11/50] train_loss=3.7969 | val_loss=3.7666 | val_acc=0.1336 | best_val=3.7666@11 | bad=0/10 | lr=1.00e-03 | dt=8.8s
2025-10-05 10:19:05 - INFO - [epoch 12/50] train_loss=3.7552 | val_loss=3.7205 | val_acc=0.1400 | best_val=3.7205@12 | bad=0/10 | lr=1.00e-03 | dt=8.5s
2025-10-05 10:19:14 - INFO - [epoch 13/50] train_loss=3.7141 | val_loss=3.6821 | val_acc=0.1456 | best_val=3.6821@13 | bad=0/10 | lr=1.00e-03 | dt=8.7s
2025-10-05 10:19:23 - INFO - [epoch 14/50] train_loss=3.6722 | val_loss=3.6465 | val_acc=0.1488 | best_val=3.6465@14 | bad=0/10 | lr=1.00e-03 | dt=8.7s
2025-10-05 10:19:32 - INFO - [epoch 15/50] train_loss=3.6361 | val_loss=3.6115 | val_acc=0.1548 | best_val=3.6115@15 | bad=0/10 | lr=1.00e-03 | dt=9.0s
2025-10-05 10:19:41 - INFO - [epoch 16/50] train_loss=3.6043 | val_loss=3.5754 | val_acc=0.1590 | best_val=3.5754@16 | bad=0/10 | lr=1.00e-03 | dt=9.1s
2025-10-05 10:19:50 - INFO - [epoch 17/50] train_loss=3.5753 | val_loss=3.5522 | val_acc=0.1606 | best_val=3.5522@17 | bad=0/10 | lr=1.00e-03 | dt=8.9s
2025-10-05 10:19:58 - INFO - [epoch 18/50] train_loss=3.5427 | val_loss=3.5387 | val_acc=0.1672 | best_val=3.5387@18 | bad=0/10 | lr=1.00e-03 | dt=8.5s
2025-10-05 10:20:07 - INFO - [epoch 19/50] train_loss=3.5146 | val_loss=3.5061 | val_acc=0.1674 | best_val=3.5061@19 | bad=0/10 | lr=1.00e-03 | dt=8.8s
2025-10-05 10:20:16 - INFO - [epoch 20/50] train_loss=3.4891 | val_loss=3.4749 | val_acc=0.1788 | best_val=3.4749@20 | bad=0/10 | lr=1.00e-03 | dt=8.5s
2025-10-05 10:20:25 - INFO - [epoch 21/50] train_loss=3.4687 | val_loss=3.4640 | val_acc=0.1728 | best_val=3.4640@21 | bad=0/10 | lr=1.00e-03 | dt=9.1s
2025-10-05 10:20:34 - INFO - [epoch 22/50] train_loss=3.4487 | val_loss=3.4456 | val_acc=0.1802 | best_val=3.4456@22 | bad=0/10 | lr=1.00e-03 | dt=9.1s
2025-10-05 10:20:43 - INFO - [epoch 23/50] train_loss=3.4301 | val_loss=3.4689 | val_acc=0.1782 | best_val=3.4456@22 | bad=1/10 | lr=1.00e-03 | dt=8.9s
2025-10-05 10:20:52 - INFO - [epoch 24/50] train_loss=3.4111 | val_loss=3.4190 | val_acc=0.1844 | best_val=3.4190@24 | bad=0/10 | lr=1.00e-03 | dt=8.8s
2025-10-05 10:21:00 - INFO - [epoch 25/50] train_loss=3.3908 | val_loss=3.4388 | val_acc=0.1802 | best_val=3.4190@24 | bad=1/10 | lr=1.00e-03 | dt=8.7s
2025-10-05 10:21:09 - INFO - [epoch 26/50] train_loss=3.3738 | val_loss=3.4138 | val_acc=0.1838 | best_val=3.4138@26 | bad=0/10 | lr=1.00e-03 | dt=8.7s
2025-10-05 10:21:18 - INFO - [epoch 27/50] train_loss=3.3592 | val_loss=3.3517 | val_acc=0.1948 | best_val=3.3517@27 | bad=0/10 | lr=1.00e-03 | dt=8.8s
2025-10-05 10:21:27 - INFO - [epoch 28/50] train_loss=3.3415 | val_loss=3.3661 | val_acc=0.1902 | best_val=3.3517@27 | bad=1/10 | lr=1.00e-03 | dt=9.3s
2025-10-05 10:21:37 - INFO - [epoch 29/50] train_loss=3.3257 | val_loss=3.3220 | val_acc=0.2084 | best_val=3.3220@29 | bad=0/10 | lr=1.00e-03 | dt=9.4s
2025-10-05 10:21:46 - INFO - [epoch 30/50] train_loss=3.3128 | val_loss=3.3143 | val_acc=0.2034 | best_val=3.3143@30 | bad=0/10 | lr=1.00e-03 | dt=8.9s
2025-10-05 10:21:54 - INFO - [epoch 31/50] train_loss=3.3057 | val_loss=3.3277 | val_acc=0.2046 | best_val=3.3143@30 | bad=1/10 | lr=1.00e-03 | dt=8.5s
2025-10-05 10:22:02 - INFO - [epoch 32/50] train_loss=3.2849 | val_loss=3.3050 | val_acc=0.2012 | best_val=3.3050@32 | bad=0/10 | lr=1.00e-03 | dt=8.4s
2025-10-05 10:22:11 - INFO - [epoch 33/50] train_loss=3.2718 | val_loss=3.3322 | val_acc=0.1984 | best_val=3.3050@32 | bad=1/10 | lr=1.00e-03 | dt=8.7s
2025-10-05 10:22:19 - INFO - [epoch 34/50] train_loss=3.2591 | val_loss=3.2671 | val_acc=0.2100 | best_val=3.2671@34 | bad=0/10 | lr=1.00e-03 | dt=8.3s
2025-10-05 10:22:28 - INFO - [epoch 35/50] train_loss=3.2527 | val_loss=3.2736 | val_acc=0.2104 | best_val=3.2671@34 | bad=1/10 | lr=1.00e-03 | dt=8.9s
2025-10-05 10:22:38 - INFO - [epoch 36/50] train_loss=3.2456 | val_loss=3.3319 | val_acc=0.2006 | best_val=3.2671@34 | bad=2/10 | lr=1.00e-03 | dt=9.3s
2025-10-05 10:22:47 - INFO - [epoch 37/50] train_loss=3.2265 | val_loss=3.2674 | val_acc=0.2148 | best_val=3.2671@34 | bad=3/10 | lr=1.00e-03 | dt=8.9s
2025-10-05 10:22:56 - INFO - [epoch 38/50] train_loss=3.2211 | val_loss=3.2351 | val_acc=0.2098 | best_val=3.2351@38 | bad=0/10 | lr=1.00e-03 | dt=9.2s
2025-10-05 10:23:04 - INFO - [epoch 39/50] train_loss=3.2087 | val_loss=3.2160 | val_acc=0.2192 | best_val=3.2160@39 | bad=0/10 | lr=1.00e-03 | dt=8.6s
2025-10-05 10:23:12 - INFO - [epoch 40/50] train_loss=3.1989 | val_loss=3.2638 | val_acc=0.2072 | best_val=3.2160@39 | bad=1/10 | lr=1.00e-03 | dt=8.2s
2025-10-05 10:23:22 - INFO - [epoch 41/50] train_loss=3.1901 | val_loss=3.2841 | val_acc=0.1992 | best_val=3.2160@39 | bad=2/10 | lr=1.00e-03 | dt=9.3s
2025-10-05 10:23:30 - INFO - [epoch 42/50] train_loss=3.1781 | val_loss=3.1863 | val_acc=0.2316 | best_val=3.1863@42 | bad=0/10 | lr=1.00e-03 | dt=8.7s
2025-10-05 10:23:39 - INFO - [epoch 43/50] train_loss=3.1716 | val_loss=3.2303 | val_acc=0.2256 | best_val=3.1863@42 | bad=1/10 | lr=1.00e-03 | dt=9.0s
2025-10-05 10:23:49 - INFO - [epoch 44/50] train_loss=3.1595 | val_loss=3.1821 | val_acc=0.2320 | best_val=3.1821@44 | bad=0/10 | lr=1.00e-03 | dt=9.1s
2025-10-05 10:23:57 - INFO - [epoch 45/50] train_loss=3.1535 | val_loss=3.1647 | val_acc=0.2318 | best_val=3.1647@45 | bad=0/10 | lr=1.00e-03 | dt=8.3s
2025-10-05 10:24:06 - INFO - [epoch 46/50] train_loss=3.1472 | val_loss=3.1635 | val_acc=0.2388 | best_val=3.1635@46 | bad=0/10 | lr=1.00e-03 | dt=8.7s
2025-10-05 10:24:14 - INFO - [epoch 47/50] train_loss=3.1461 | val_loss=3.1521 | val_acc=0.2288 | best_val=3.1521@47 | bad=0/10 | lr=1.00e-03 | dt=8.7s
2025-10-05 10:24:23 - INFO - [epoch 48/50] train_loss=3.1382 | val_loss=3.2239 | val_acc=0.2120 | best_val=3.1521@47 | bad=1/10 | lr=1.00e-03 | dt=8.4s
2025-10-05 10:24:32 - INFO - [epoch 49/50] train_loss=3.1272 | val_loss=3.1300 | val_acc=0.2380 | best_val=3.1300@49 | bad=0/10 | lr=1.00e-03 | dt=9.2s
2025-10-05 10:24:41 - INFO - [epoch 50/50] train_loss=3.1133 | val_loss=3.1860 | val_acc=0.2234 | best_val=3.1300@49 | bad=1/10 | lr=1.00e-03 | dt=9.3s
2025-10-05 10:24:42 - INFO - Run finished in 445.7s | best_val_loss=3.1300 @epoch 49 | best_val_acc=0.2388
2025-10-05 10:24:43 - INFO - Test: loss=3.2113 acc=0.2161
2025-10-05 10:24:43 - INFO - ======== [End Run 35/300] width=50 depth=2 | best_val=3.1300 | test_acc=0.2161 ========

