usage: run_stl_ablation.py [-h] [--data-dir DATA_DIR]
                           [--results-dir RESULTS_DIR] [--run-root RUN_ROOT]
                           [--source-run-root SOURCE_RUN_ROOT]
                           [--tasks TASKS [TASKS ...]]
                           [--batch-size BATCH_SIZE]
                           [--num-workers NUM_WORKERS] [--seed SEED]
                           [--patience PATIENCE] [--delta DELTA]
                           [--max-epochs MAX_EPOCHS] [--lr LR]
                           [--weight-decay WEIGHT_DECAY]
                           [--grad-clip GRAD_CLIP] [--max-width MAX_WIDTH]
                           [--max-depth MAX_DEPTH] [--max-neurons MAX_NEURONS]
                           [--width-stage-margin-patience WIDTH_STAGE_MARGIN_PATIENCE]
                           [--width-stage-min-improve-pct WIDTH_STAGE_MIN_IMPROVE_PCT]
                           [--min-width MIN_WIDTH] [--width-step WIDTH_STEP]
                           [--width-count-per-depth WIDTH_COUNT_PER_DEPTH]
                           [--min-depth MIN_DEPTH]
                           [--param-band PARAM_EXP_START PARAM_EXP_END]
                           [--repeat-count REPEAT_COUNT]
                           [--repeat-index REPEAT_INDEX]
                           [--stl-width STL_WIDTH] [--stl-depth STL_DEPTH]
                           [--metrics-every METRICS_EVERY] [--pin-memory]
                           [--no-pin-memory] [--use-bn] [--no-bn]
                           [--widths WIDTHS] [--depths DEPTHS]
                           [--architecture ARCHITECTURE]
                           [--legacy-architecture-grid]
run_stl_ablation.py: error: unrecognized arguments: --device cuda
usage: run_stl_ablation.py [-h] [--data-dir DATA_DIR]
                           [--results-dir RESULTS_DIR] [--run-root RUN_ROOT]
                           [--source-run-root SOURCE_RUN_ROOT]
                           [--tasks TASKS [TASKS ...]]
                           [--batch-size BATCH_SIZE]
                           [--num-workers NUM_WORKERS] [--seed SEED]
                           [--patience PATIENCE] [--delta DELTA]
                           [--max-epochs MAX_EPOCHS] [--lr LR]
                           [--weight-decay WEIGHT_DECAY]
                           [--grad-clip GRAD_CLIP] [--max-width MAX_WIDTH]
                           [--max-depth MAX_DEPTH] [--max-neurons MAX_NEURONS]
                           [--width-stage-margin-patience WIDTH_STAGE_MARGIN_PATIENCE]
                           [--width-stage-min-improve-pct WIDTH_STAGE_MIN_IMPROVE_PCT]
                           [--min-width MIN_WIDTH] [--width-step WIDTH_STEP]
                           [--width-count-per-depth WIDTH_COUNT_PER_DEPTH]
                           [--min-depth MIN_DEPTH]
                           [--param-band PARAM_EXP_START PARAM_EXP_END]
                           [--repeat-count REPEAT_COUNT]
                           [--repeat-index REPEAT_INDEX]
                           [--stl-width STL_WIDTH] [--stl-depth STL_DEPTH]
                           [--metrics-every METRICS_EVERY] [--pin-memory]
                           [--no-pin-memory] [--use-bn] [--no-bn]
                           [--widths WIDTHS] [--depths DEPTHS]
                           [--architecture ARCHITECTURE]
                           [--legacy-architecture-grid]
run_stl_ablation.py: error: unrecognized arguments: --device cuda
usage: run_stl_ablation.py [-h] [--data-dir DATA_DIR]
                           [--results-dir RESULTS_DIR] [--run-root RUN_ROOT]
                           [--source-run-root SOURCE_RUN_ROOT]
                           [--tasks TASKS [TASKS ...]]
                           [--batch-size BATCH_SIZE]
                           [--num-workers NUM_WORKERS] [--seed SEED]
                           [--patience PATIENCE] [--delta DELTA]
                           [--max-epochs MAX_EPOCHS] [--lr LR]
                           [--weight-decay WEIGHT_DECAY]
                           [--grad-clip GRAD_CLIP] [--max-width MAX_WIDTH]
                           [--max-depth MAX_DEPTH] [--max-neurons MAX_NEURONS]
                           [--width-stage-margin-patience WIDTH_STAGE_MARGIN_PATIENCE]
                           [--width-stage-min-improve-pct WIDTH_STAGE_MIN_IMPROVE_PCT]
                           [--min-width MIN_WIDTH] [--width-step WIDTH_STEP]
                           [--width-count-per-depth WIDTH_COUNT_PER_DEPTH]
                           [--min-depth MIN_DEPTH]
                           [--param-band PARAM_EXP_START PARAM_EXP_END]
                           [--repeat-count REPEAT_COUNT]
                           [--repeat-index REPEAT_INDEX]
                           [--stl-width STL_WIDTH] [--stl-depth STL_DEPTH]
                           [--metrics-every METRICS_EVERY] [--pin-memory]
                           [--no-pin-memory] [--use-bn] [--no-bn]
                           [--widths WIDTHS] [--depths DEPTHS]
                           [--architecture ARCHITECTURE]
                           [--legacy-architecture-grid]
run_stl_ablation.py: error: unrecognized arguments: --device cuda
usage: run_stl_ablation.py [-h] [--data-dir DATA_DIR]
                           [--results-dir RESULTS_DIR] [--run-root RUN_ROOT]
                           [--source-run-root SOURCE_RUN_ROOT]
                           [--tasks TASKS [TASKS ...]]
                           [--batch-size BATCH_SIZE]
                           [--num-workers NUM_WORKERS] [--seed SEED]
                           [--patience PATIENCE] [--delta DELTA]
                           [--max-epochs MAX_EPOCHS] [--lr LR]
                           [--weight-decay WEIGHT_DECAY]
                           [--grad-clip GRAD_CLIP] [--max-width MAX_WIDTH]
                           [--max-depth MAX_DEPTH] [--max-neurons MAX_NEURONS]
                           [--width-stage-margin-patience WIDTH_STAGE_MARGIN_PATIENCE]
                           [--width-stage-min-improve-pct WIDTH_STAGE_MIN_IMPROVE_PCT]
                           [--min-width MIN_WIDTH] [--width-step WIDTH_STEP]
                           [--width-count-per-depth WIDTH_COUNT_PER_DEPTH]
                           [--min-depth MIN_DEPTH]
                           [--param-band PARAM_EXP_START PARAM_EXP_END]
                           [--repeat-count REPEAT_COUNT]
                           [--repeat-index REPEAT_INDEX]
                           [--stl-width STL_WIDTH] [--stl-depth STL_DEPTH]
                           [--metrics-every METRICS_EVERY] [--pin-memory]
                           [--no-pin-memory] [--use-bn] [--no-bn]
                           [--widths WIDTHS] [--depths DEPTHS]
                           [--architecture ARCHITECTURE]
                           [--legacy-architecture-grid]
run_stl_ablation.py: error: unrecognized arguments: --device cuda
usage: run_stl_ablation.py [-h] [--data-dir DATA_DIR]
                           [--results-dir RESULTS_DIR] [--run-root RUN_ROOT]
                           [--source-run-root SOURCE_RUN_ROOT]
                           [--tasks TASKS [TASKS ...]]
                           [--batch-size BATCH_SIZE]
                           [--num-workers NUM_WORKERS] [--seed SEED]
                           [--patience PATIENCE] [--delta DELTA]
                           [--max-epochs MAX_EPOCHS] [--lr LR]
                           [--weight-decay WEIGHT_DECAY]
                           [--grad-clip GRAD_CLIP] [--max-width MAX_WIDTH]
                           [--max-depth MAX_DEPTH] [--max-neurons MAX_NEURONS]
                           [--width-stage-margin-patience WIDTH_STAGE_MARGIN_PATIENCE]
                           [--width-stage-min-improve-pct WIDTH_STAGE_MIN_IMPROVE_PCT]
                           [--min-width MIN_WIDTH] [--width-step WIDTH_STEP]
                           [--width-count-per-depth WIDTH_COUNT_PER_DEPTH]
                           [--min-depth MIN_DEPTH]
                           [--param-band PARAM_EXP_START PARAM_EXP_END]
                           [--repeat-count REPEAT_COUNT]
                           [--repeat-index REPEAT_INDEX]
                           [--stl-width STL_WIDTH] [--stl-depth STL_DEPTH]
                           [--metrics-every METRICS_EVERY] [--pin-memory]
                           [--no-pin-memory] [--use-bn] [--no-bn]
                           [--widths WIDTHS] [--depths DEPTHS]
                           [--architecture ARCHITECTURE]
                           [--legacy-architecture-grid]
run_stl_ablation.py: error: unrecognized arguments: --device cuda
usage: run_stl_ablation.py [-h] [--data-dir DATA_DIR]
                           [--results-dir RESULTS_DIR] [--run-root RUN_ROOT]
                           [--source-run-root SOURCE_RUN_ROOT]
                           [--tasks TASKS [TASKS ...]]
                           [--batch-size BATCH_SIZE]
                           [--num-workers NUM_WORKERS] [--seed SEED]
                           [--patience PATIENCE] [--delta DELTA]
                           [--max-epochs MAX_EPOCHS] [--lr LR]
                           [--weight-decay WEIGHT_DECAY]
                           [--grad-clip GRAD_CLIP] [--max-width MAX_WIDTH]
                           [--max-depth MAX_DEPTH] [--max-neurons MAX_NEURONS]
                           [--width-stage-margin-patience WIDTH_STAGE_MARGIN_PATIENCE]
                           [--width-stage-min-improve-pct WIDTH_STAGE_MIN_IMPROVE_PCT]
                           [--min-width MIN_WIDTH] [--width-step WIDTH_STEP]
                           [--width-count-per-depth WIDTH_COUNT_PER_DEPTH]
                           [--min-depth MIN_DEPTH]
                           [--param-band PARAM_EXP_START PARAM_EXP_END]
                           [--repeat-count REPEAT_COUNT]
                           [--repeat-index REPEAT_INDEX]
                           [--stl-width STL_WIDTH] [--stl-depth STL_DEPTH]
                           [--metrics-every METRICS_EVERY] [--pin-memory]
                           [--no-pin-memory] [--use-bn] [--no-bn]
                           [--widths WIDTHS] [--depths DEPTHS]
                           [--architecture ARCHITECTURE]
                           [--legacy-architecture-grid]
run_stl_ablation.py: error: unrecognized arguments: --device cuda
usage: run_stl_ablation.py [-h] [--data-dir DATA_DIR]
                           [--results-dir RESULTS_DIR] [--run-root RUN_ROOT]
                           [--source-run-root SOURCE_RUN_ROOT]
                           [--tasks TASKS [TASKS ...]]
                           [--batch-size BATCH_SIZE]
                           [--num-workers NUM_WORKERS] [--seed SEED]
                           [--patience PATIENCE] [--delta DELTA]
                           [--max-epochs MAX_EPOCHS] [--lr LR]
                           [--weight-decay WEIGHT_DECAY]
                           [--grad-clip GRAD_CLIP] [--max-width MAX_WIDTH]
                           [--max-depth MAX_DEPTH] [--max-neurons MAX_NEURONS]
                           [--width-stage-margin-patience WIDTH_STAGE_MARGIN_PATIENCE]
                           [--width-stage-min-improve-pct WIDTH_STAGE_MIN_IMPROVE_PCT]
                           [--min-width MIN_WIDTH] [--width-step WIDTH_STEP]
                           [--width-count-per-depth WIDTH_COUNT_PER_DEPTH]
                           [--min-depth MIN_DEPTH]
                           [--param-band PARAM_EXP_START PARAM_EXP_END]
                           [--repeat-count REPEAT_COUNT]
                           [--repeat-index REPEAT_INDEX]
                           [--stl-width STL_WIDTH] [--stl-depth STL_DEPTH]
                           [--metrics-every METRICS_EVERY] [--pin-memory]
                           [--no-pin-memory] [--use-bn] [--no-bn]
                           [--widths WIDTHS] [--depths DEPTHS]
                           [--architecture ARCHITECTURE]
                           [--legacy-architecture-grid]
run_stl_ablation.py: error: unrecognized arguments: --device cuda
usage: run_stl_ablation.py [-h] [--data-dir DATA_DIR]
                           [--results-dir RESULTS_DIR] [--run-root RUN_ROOT]
                           [--source-run-root SOURCE_RUN_ROOT]
                           [--tasks TASKS [TASKS ...]]
                           [--batch-size BATCH_SIZE]
                           [--num-workers NUM_WORKERS] [--seed SEED]
                           [--patience PATIENCE] [--delta DELTA]
                           [--max-epochs MAX_EPOCHS] [--lr LR]
                           [--weight-decay WEIGHT_DECAY]
                           [--grad-clip GRAD_CLIP] [--max-width MAX_WIDTH]
                           [--max-depth MAX_DEPTH] [--max-neurons MAX_NEURONS]
                           [--width-stage-margin-patience WIDTH_STAGE_MARGIN_PATIENCE]
                           [--width-stage-min-improve-pct WIDTH_STAGE_MIN_IMPROVE_PCT]
                           [--min-width MIN_WIDTH] [--width-step WIDTH_STEP]
                           [--width-count-per-depth WIDTH_COUNT_PER_DEPTH]
                           [--min-depth MIN_DEPTH]
                           [--param-band PARAM_EXP_START PARAM_EXP_END]
                           [--repeat-count REPEAT_COUNT]
                           [--repeat-index REPEAT_INDEX]
                           [--stl-width STL_WIDTH] [--stl-depth STL_DEPTH]
                           [--metrics-every METRICS_EVERY] [--pin-memory]
                           [--no-pin-memory] [--use-bn] [--no-bn]
                           [--widths WIDTHS] [--depths DEPTHS]
                           [--architecture ARCHITECTURE]
                           [--legacy-architecture-grid]
run_stl_ablation.py: error: unrecognized arguments: --device cuda
usage: run_stl_ablation.py [-h] [--data-dir DATA_DIR]
                           [--results-dir RESULTS_DIR] [--run-root RUN_ROOT]
                           [--source-run-root SOURCE_RUN_ROOT]
                           [--tasks TASKS [TASKS ...]]
                           [--batch-size BATCH_SIZE]
                           [--num-workers NUM_WORKERS] [--seed SEED]
                           [--patience PATIENCE] [--delta DELTA]
                           [--max-epochs MAX_EPOCHS] [--lr LR]
                           [--weight-decay WEIGHT_DECAY]
                           [--grad-clip GRAD_CLIP] [--max-width MAX_WIDTH]
                           [--max-depth MAX_DEPTH] [--max-neurons MAX_NEURONS]
                           [--width-stage-margin-patience WIDTH_STAGE_MARGIN_PATIENCE]
                           [--width-stage-min-improve-pct WIDTH_STAGE_MIN_IMPROVE_PCT]
                           [--min-width MIN_WIDTH] [--width-step WIDTH_STEP]
                           [--width-count-per-depth WIDTH_COUNT_PER_DEPTH]
                           [--min-depth MIN_DEPTH]
                           [--param-band PARAM_EXP_START PARAM_EXP_END]
                           [--repeat-count REPEAT_COUNT]
                           [--repeat-index REPEAT_INDEX]
                           [--stl-width STL_WIDTH] [--stl-depth STL_DEPTH]
                           [--metrics-every METRICS_EVERY] [--pin-memory]
                           [--no-pin-memory] [--use-bn] [--no-bn]
                           [--widths WIDTHS] [--depths DEPTHS]
                           [--architecture ARCHITECTURE]
                           [--legacy-architecture-grid]
run_stl_ablation.py: error: unrecognized arguments: --device cuda
[2026-06-15 19:27:29] Initialized ContinuousLogger for stl_ablation (Mode: stl_ablation)
[2026-06-15 19:27:29] Logs: MLPS/tabular/shared/dae_dnn/results/stl/ablation/parammatched_decade_v1_param_10pow04_07/classification/_children/stl_ablation_r01_d01_parammatched/classification/stl_ablation_r01_d156_parammatched/training_log.txt
[2026-06-15 19:27:29] CSV: MLPS/tabular/shared/dae_dnn/results/stl/ablation/parammatched_decade_v1_param_10pow04_07/classification/_children/stl_ablation_r01_d01_parammatched/classification/stl_ablation_r01_d156_parammatched/training_stats.csv
[2026-06-15 19:27:29] Run root: MLPS/tabular/shared/dae_dnn/results/stl/ablation/parammatched_decade_v1_param_10pow04_07/classification/_children/stl_ablation_r01_d01_parammatched/classification/stl_ablation_r01_d156_parammatched
[2026-06-15 19:27:29] Tasks: ['classification']
[2026-06-15 19:27:29] Architectures: ['[156]']
[2026-06-15 19:27:29] Parameter decade band: [4, 7]
[2026-06-15 19:27:29] Repeat count: 5
[2026-06-15 19:27:29] Source run root: MLPS/tabular/shared/dae_dnn/results/goliath_w2d_staged_current
[2026-06-15 19:27:29] Device: cuda
[2026-06-15 19:27:29] Git commit: e2843ea06d1e745a02f5cfb6200c5d09cec9c9f8
[2026-06-15 19:27:33] [ABLATION:classification] GPU VRAM samples=[] avg_mib=None
