[2026-06-19 12:44:25] Initialized ContinuousLogger for goliath (Mode: sequential)
[2026-06-19 12:44:25] Logs: MLPS/tabular/shared/dae_dnn/results/recovery/missing_width_stl_v1/width_only/simulation/repeat_02/d01/training_log.txt
[2026-06-19 12:44:25] CSV: MLPS/tabular/shared/dae_dnn/results/recovery/missing_width_stl_v1/width_only/simulation/repeat_02/d01/training_stats.csv
[2026-06-19 12:44:25] Run root: MLPS/tabular/shared/dae_dnn/results/recovery/missing_width_stl_v1/width_only/simulation/repeat_02/d01
[2026-06-19 12:44:25] Tasks: ['simulation']
[2026-06-19 12:44:25] Phases: ['ae_width_only']
[2026-06-19 12:44:25] Device: cpu
[2026-06-19 12:44:25] Git commit: 9f22e4cdcfaf7c59177aa6b44a4ebe49638a4df0
[2026-06-19 12:44:25] === Task start: simulation ===
[2026-06-19 12:44:25] [TASK] start simulation
[2026-06-19 12:44:25] [TASK:simulation] ADP phase start: ae_width_only
[2026-06-19 12:44:25] Initialized ContinuousLogger for simulation_ae_width_only (Mode: ae_width_only)
[2026-06-19 12:44:25] Logs: MLPS/tabular/shared/dae_dnn/results/recovery/missing_width_stl_v1/width_only/simulation/repeat_02/d01/simulation/ae_width_only/cand_000_d1_w1/training_log.txt
[2026-06-19 12:44:25] CSV: MLPS/tabular/shared/dae_dnn/results/recovery/missing_width_stl_v1/width_only/simulation/repeat_02/d01/simulation/ae_width_only/cand_000_d1_w1/training_stats.csv
[2026-06-19 12:44:25] [CANDIDATE] task=simulation phase=ae_width_only index=0 search_phase=width architecture=[1]
[2026-06-19 12:44:27] [CKPT] task=simulation phase=ae_width_only candidate=cand_000_d1_w1 epoch=1 batch=1/1 start path=checkpoint_last.pt
[2026-06-19 12:44:27] [CKPT] task=simulation phase=ae_width_only candidate=cand_000_d1_w1 epoch=1 batch=1/1 done gpu_used_mib=15 host_available_mib=3831
[2026-06-19 12:44:27] [BATCH] task=simulation phase=ae_width_only candidate=cand_000_d1_w1 epoch=1 batch=1/1 batch_size=16512 running_batches=1 batch_loss=1.140097 running_loss=1.140097
[2026-06-19 12:44:27] [VAL] task=simulation phase=ae_width_only candidate=cand_000_d1_w1 epoch=1 starting validation
[2026-06-19 12:44:27] [VAL] task=simulation phase=ae_width_only candidate=cand_000_d1_w1 epoch=1 finished validation val_loss=1.158786
[2026-06-19 12:44:28] [CKPT] task=simulation phase=ae_width_only candidate=cand_000_d1_w1 epoch=1 done path=checkpoint_last.pt gpu_used_mib=15 host_available_mib=3028
[2026-06-19 12:44:28] [simulation][ae_width_only][cand_000_d1_w1] epoch=1 architecture=[1] train_loss=1.140097 val_loss=1.158786 candidate_best=1.158786 global_best=1.158786 es=0/10
[2026-06-19 12:44:29] [CKPT] task=simulation phase=ae_width_only candidate=cand_000_d1_w1 epoch=2 batch=1/1 start path=checkpoint_last.pt
[2026-06-19 12:44:29] [CKPT] task=simulation phase=ae_width_only candidate=cand_000_d1_w1 epoch=2 batch=1/1 done gpu_used_mib=15 host_available_mib=1609
[2026-06-19 12:44:29] [BATCH] task=simulation phase=ae_width_only candidate=cand_000_d1_w1 epoch=2 batch=1/1 batch_size=16512 running_batches=1 batch_loss=1.138041 running_loss=1.138041
[2026-06-19 12:44:29] [VAL] task=simulation phase=ae_width_only candidate=cand_000_d1_w1 epoch=2 starting validation
[2026-06-19 12:44:29] [VAL] task=simulation phase=ae_width_only candidate=cand_000_d1_w1 epoch=2 finished validation val_loss=1.158179
[2026-06-19 12:44:30] [CKPT] task=simulation phase=ae_width_only candidate=cand_000_d1_w1 epoch=2 done path=checkpoint_last.pt gpu_used_mib=15 host_available_mib=1511
[2026-06-19 12:44:30] [simulation][ae_width_only][cand_000_d1_w1] epoch=2 architecture=[1] train_loss=1.138041 val_loss=1.158179 candidate_best=1.158179 global_best=1.158179 es=0/10
[2026-06-19 12:44:31] [CKPT] task=simulation phase=ae_width_only candidate=cand_000_d1_w1 epoch=3 batch=1/1 start path=checkpoint_last.pt
[2026-06-19 12:44:31] [CKPT] task=simulation phase=ae_width_only candidate=cand_000_d1_w1 epoch=3 batch=1/1 done gpu_used_mib=15 host_available_mib=1872
[2026-06-19 12:44:31] [BATCH] task=simulation phase=ae_width_only candidate=cand_000_d1_w1 epoch=3 batch=1/1 batch_size=16512 running_batches=1 batch_loss=1.137400 running_loss=1.137400
[2026-06-19 12:44:31] [VAL] task=simulation phase=ae_width_only candidate=cand_000_d1_w1 epoch=3 starting validation
[2026-06-19 12:44:31] [VAL] task=simulation phase=ae_width_only candidate=cand_000_d1_w1 epoch=3 finished validation val_loss=1.157585
[2026-06-19 12:44:31] [CKPT] task=simulation phase=ae_width_only candidate=cand_000_d1_w1 epoch=3 done path=checkpoint_last.pt gpu_used_mib=15 host_available_mib=2113
[2026-06-19 12:44:31] [simulation][ae_width_only][cand_000_d1_w1] epoch=3 architecture=[1] train_loss=1.137400 val_loss=1.157585 candidate_best=1.157585 global_best=1.157585 es=0/10
[2026-06-19 12:44:33] [CKPT] task=simulation phase=ae_width_only candidate=cand_000_d1_w1 epoch=4 batch=1/1 start path=checkpoint_last.pt
[2026-06-19 12:44:33] [CKPT] task=simulation phase=ae_width_only candidate=cand_000_d1_w1 epoch=4 batch=1/1 done gpu_used_mib=15 host_available_mib=3593
[2026-06-19 12:44:33] [BATCH] task=simulation phase=ae_width_only candidate=cand_000_d1_w1 epoch=4 batch=1/1 batch_size=16512 running_batches=1 batch_loss=1.136762 running_loss=1.136762
[2026-06-19 12:44:33] [VAL] task=simulation phase=ae_width_only candidate=cand_000_d1_w1 epoch=4 starting validation
[2026-06-19 12:44:33] [VAL] task=simulation phase=ae_width_only candidate=cand_000_d1_w1 epoch=4 finished validation val_loss=1.156998
[2026-06-19 12:44:33] [CKPT] task=simulation phase=ae_width_only candidate=cand_000_d1_w1 epoch=4 done path=checkpoint_last.pt gpu_used_mib=15 host_available_mib=3678
[2026-06-19 12:44:33] [simulation][ae_width_only][cand_000_d1_w1] epoch=4 architecture=[1] train_loss=1.136762 val_loss=1.156998 candidate_best=1.156998 global_best=1.156998 es=0/10
[2026-06-19 12:44:35] [CKPT] task=simulation phase=ae_width_only candidate=cand_000_d1_w1 epoch=5 batch=1/1 start path=checkpoint_last.pt
[2026-06-19 12:44:35] [CKPT] task=simulation phase=ae_width_only candidate=cand_000_d1_w1 epoch=5 batch=1/1 done gpu_used_mib=15 host_available_mib=4548
[2026-06-19 12:44:35] [BATCH] task=simulation phase=ae_width_only candidate=cand_000_d1_w1 epoch=5 batch=1/1 batch_size=16512 running_batches=1 batch_loss=1.136131 running_loss=1.136131
[2026-06-19 12:44:35] [VAL] task=simulation phase=ae_width_only candidate=cand_000_d1_w1 epoch=5 starting validation
[2026-06-19 12:44:35] [VAL] task=simulation phase=ae_width_only candidate=cand_000_d1_w1 epoch=5 finished validation val_loss=1.156417
[2026-06-19 12:44:35] [CKPT] task=simulation phase=ae_width_only candidate=cand_000_d1_w1 epoch=5 done path=checkpoint_last.pt gpu_used_mib=15 host_available_mib=4608
[2026-06-19 12:44:35] [simulation][ae_width_only][cand_000_d1_w1] epoch=5 architecture=[1] train_loss=1.136131 val_loss=1.156417 candidate_best=1.156417 global_best=1.156417 es=0/10
[2026-06-19 12:44:37] [CKPT] task=simulation phase=ae_width_only candidate=cand_000_d1_w1 epoch=6 batch=1/1 start path=checkpoint_last.pt
[2026-06-19 12:44:37] [CKPT] task=simulation phase=ae_width_only candidate=cand_000_d1_w1 epoch=6 batch=1/1 done gpu_used_mib=15 host_available_mib=4412
[2026-06-19 12:44:37] [BATCH] task=simulation phase=ae_width_only candidate=cand_000_d1_w1 epoch=6 batch=1/1 batch_size=16512 running_batches=1 batch_loss=1.135504 running_loss=1.135504
[2026-06-19 12:44:37] [VAL] task=simulation phase=ae_width_only candidate=cand_000_d1_w1 epoch=6 starting validation
[2026-06-19 12:44:38] [VAL] task=simulation phase=ae_width_only candidate=cand_000_d1_w1 epoch=6 finished validation val_loss=1.155846
[2026-06-19 12:44:38] [CKPT] task=simulation phase=ae_width_only candidate=cand_000_d1_w1 epoch=6 done path=checkpoint_last.pt gpu_used_mib=15 host_available_mib=4356
[2026-06-19 12:44:38] [simulation][ae_width_only][cand_000_d1_w1] epoch=6 architecture=[1] train_loss=1.135504 val_loss=1.155846 candidate_best=1.155846 global_best=1.155846 es=0/10
[2026-06-19 12:44:40] [CKPT] task=simulation phase=ae_width_only candidate=cand_000_d1_w1 epoch=7 batch=1/1 start path=checkpoint_last.pt
[2026-06-19 12:44:40] [CKPT] task=simulation phase=ae_width_only candidate=cand_000_d1_w1 epoch=7 batch=1/1 done gpu_used_mib=15 host_available_mib=4752
[2026-06-19 12:44:40] [BATCH] task=simulation phase=ae_width_only candidate=cand_000_d1_w1 epoch=7 batch=1/1 batch_size=16512 running_batches=1 batch_loss=1.134886 running_loss=1.134886
[2026-06-19 12:44:40] [VAL] task=simulation phase=ae_width_only candidate=cand_000_d1_w1 epoch=7 starting validation
[2026-06-19 12:44:40] [VAL] task=simulation phase=ae_width_only candidate=cand_000_d1_w1 epoch=7 finished validation val_loss=1.155282
[2026-06-19 12:44:40] [CKPT] task=simulation phase=ae_width_only candidate=cand_000_d1_w1 epoch=7 done path=checkpoint_last.pt gpu_used_mib=15 host_available_mib=4733
[2026-06-19 12:44:40] [simulation][ae_width_only][cand_000_d1_w1] epoch=7 architecture=[1] train_loss=1.134886 val_loss=1.155282 candidate_best=1.155282 global_best=1.155282 es=0/10
[2026-06-19 12:44:42] [CKPT] task=simulation phase=ae_width_only candidate=cand_000_d1_w1 epoch=8 batch=1/1 start path=checkpoint_last.pt
[2026-06-19 12:44:42] [CKPT] task=simulation phase=ae_width_only candidate=cand_000_d1_w1 epoch=8 batch=1/1 done gpu_used_mib=15 host_available_mib=4571
[2026-06-19 12:44:42] [BATCH] task=simulation phase=ae_width_only candidate=cand_000_d1_w1 epoch=8 batch=1/1 batch_size=16512 running_batches=1 batch_loss=1.134275 running_loss=1.134275
[2026-06-19 12:44:42] [VAL] task=simulation phase=ae_width_only candidate=cand_000_d1_w1 epoch=8 starting validation
[2026-06-19 12:44:42] [VAL] task=simulation phase=ae_width_only candidate=cand_000_d1_w1 epoch=8 finished validation val_loss=1.154724
[2026-06-19 12:44:42] [CKPT] task=simulation phase=ae_width_only candidate=cand_000_d1_w1 epoch=8 done path=checkpoint_last.pt gpu_used_mib=15 host_available_mib=4528
[2026-06-19 12:44:42] [simulation][ae_width_only][cand_000_d1_w1] epoch=8 architecture=[1] train_loss=1.134275 val_loss=1.154724 candidate_best=1.154724 global_best=1.154724 es=0/10
[2026-06-19 12:44:43] [CKPT] task=simulation phase=ae_width_only candidate=cand_000_d1_w1 epoch=9 batch=1/1 start path=checkpoint_last.pt
[2026-06-19 12:44:44] [CKPT] task=simulation phase=ae_width_only candidate=cand_000_d1_w1 epoch=9 batch=1/1 done gpu_used_mib=15 host_available_mib=4126
[2026-06-19 12:44:44] [BATCH] task=simulation phase=ae_width_only candidate=cand_000_d1_w1 epoch=9 batch=1/1 batch_size=16512 running_batches=1 batch_loss=1.133671 running_loss=1.133671
[2026-06-19 12:44:44] [VAL] task=simulation phase=ae_width_only candidate=cand_000_d1_w1 epoch=9 starting validation
[2026-06-19 12:44:44] [VAL] task=simulation phase=ae_width_only candidate=cand_000_d1_w1 epoch=9 finished validation val_loss=1.154172
[2026-06-19 12:44:44] [CKPT] task=simulation phase=ae_width_only candidate=cand_000_d1_w1 epoch=9 done path=checkpoint_last.pt gpu_used_mib=15 host_available_mib=4022
[2026-06-19 12:44:44] [simulation][ae_width_only][cand_000_d1_w1] epoch=9 architecture=[1] train_loss=1.133671 val_loss=1.154172 candidate_best=1.154172 global_best=1.154172 es=0/10
[2026-06-19 12:44:46] [CKPT] task=simulation phase=ae_width_only candidate=cand_000_d1_w1 epoch=10 batch=1/1 start path=checkpoint_last.pt
[2026-06-19 12:44:46] [CKPT] task=simulation phase=ae_width_only candidate=cand_000_d1_w1 epoch=10 batch=1/1 done gpu_used_mib=15 host_available_mib=2590
[2026-06-19 12:44:46] [BATCH] task=simulation phase=ae_width_only candidate=cand_000_d1_w1 epoch=10 batch=1/1 batch_size=16512 running_batches=1 batch_loss=1.133077 running_loss=1.133077
[2026-06-19 12:44:46] [VAL] task=simulation phase=ae_width_only candidate=cand_000_d1_w1 epoch=10 starting validation
[2026-06-19 12:44:46] [VAL] task=simulation phase=ae_width_only candidate=cand_000_d1_w1 epoch=10 finished validation val_loss=1.153631
[2026-06-19 12:44:46] [CKPT] task=simulation phase=ae_width_only candidate=cand_000_d1_w1 epoch=10 done path=checkpoint_last.pt gpu_used_mib=15 host_available_mib=2475
[2026-06-19 12:44:46] [simulation][ae_width_only][cand_000_d1_w1] epoch=10 architecture=[1] train_loss=1.133077 val_loss=1.153631 candidate_best=1.153631 global_best=1.153631 es=0/10
[2026-06-19 12:44:48] [CKPT] task=simulation phase=ae_width_only candidate=cand_000_d1_w1 epoch=11 batch=1/1 start path=checkpoint_last.pt
[2026-06-19 12:44:48] [CKPT] task=simulation phase=ae_width_only candidate=cand_000_d1_w1 epoch=11 batch=1/1 done gpu_used_mib=15 host_available_mib=2624
[2026-06-19 12:44:48] [BATCH] task=simulation phase=ae_width_only candidate=cand_000_d1_w1 epoch=11 batch=1/1 batch_size=16512 running_batches=1 batch_loss=1.132490 running_loss=1.132490
[2026-06-19 12:44:48] [VAL] task=simulation phase=ae_width_only candidate=cand_000_d1_w1 epoch=11 starting validation
[2026-06-19 12:44:48] [VAL] task=simulation phase=ae_width_only candidate=cand_000_d1_w1 epoch=11 finished validation val_loss=1.153098
[2026-06-19 12:44:48] [CKPT] task=simulation phase=ae_width_only candidate=cand_000_d1_w1 epoch=11 done path=checkpoint_last.pt gpu_used_mib=15 host_available_mib=2698
[2026-06-19 12:44:48] [simulation][ae_width_only][cand_000_d1_w1] epoch=11 architecture=[1] train_loss=1.132490 val_loss=1.153098 candidate_best=1.153098 global_best=1.153098 es=0/10
[2026-06-19 12:44:50] [CKPT] task=simulation phase=ae_width_only candidate=cand_000_d1_w1 epoch=12 batch=1/1 start path=checkpoint_last.pt
[2026-06-19 12:44:50] [CKPT] task=simulation phase=ae_width_only candidate=cand_000_d1_w1 epoch=12 batch=1/1 done gpu_used_mib=15 host_available_mib=2513
[2026-06-19 12:44:50] [BATCH] task=simulation phase=ae_width_only candidate=cand_000_d1_w1 epoch=12 batch=1/1 batch_size=16512 running_batches=1 batch_loss=1.131914 running_loss=1.131914
[2026-06-19 12:44:50] [VAL] task=simulation phase=ae_width_only candidate=cand_000_d1_w1 epoch=12 starting validation
[2026-06-19 12:44:50] [VAL] task=simulation phase=ae_width_only candidate=cand_000_d1_w1 epoch=12 finished validation val_loss=1.152575
[2026-06-19 12:44:50] [CKPT] task=simulation phase=ae_width_only candidate=cand_000_d1_w1 epoch=12 done path=checkpoint_last.pt gpu_used_mib=15 host_available_mib=2548
[2026-06-19 12:44:50] [simulation][ae_width_only][cand_000_d1_w1] epoch=12 architecture=[1] train_loss=1.131914 val_loss=1.152575 candidate_best=1.152575 global_best=1.152575 es=0/10
[2026-06-19 12:44:52] [CKPT] task=simulation phase=ae_width_only candidate=cand_000_d1_w1 epoch=13 batch=1/1 start path=checkpoint_last.pt
[2026-06-19 12:44:52] [CKPT] task=simulation phase=ae_width_only candidate=cand_000_d1_w1 epoch=13 batch=1/1 done gpu_used_mib=15 host_available_mib=2525
[2026-06-19 12:44:52] [BATCH] task=simulation phase=ae_width_only candidate=cand_000_d1_w1 epoch=13 batch=1/1 batch_size=16512 running_batches=1 batch_loss=1.131346 running_loss=1.131346
[2026-06-19 12:44:52] [VAL] task=simulation phase=ae_width_only candidate=cand_000_d1_w1 epoch=13 starting validation
[2026-06-19 12:44:52] [VAL] task=simulation phase=ae_width_only candidate=cand_000_d1_w1 epoch=13 finished validation val_loss=1.152061
[2026-06-19 12:44:52] [CKPT] task=simulation phase=ae_width_only candidate=cand_000_d1_w1 epoch=13 done path=checkpoint_last.pt gpu_used_mib=15 host_available_mib=2602
[2026-06-19 12:44:52] [simulation][ae_width_only][cand_000_d1_w1] epoch=13 architecture=[1] train_loss=1.131346 val_loss=1.152061 candidate_best=1.152061 global_best=1.152061 es=0/10
[2026-06-19 12:44:54] [CKPT] task=simulation phase=ae_width_only candidate=cand_000_d1_w1 epoch=14 batch=1/1 start path=checkpoint_last.pt
[2026-06-19 12:44:54] [CKPT] task=simulation phase=ae_width_only candidate=cand_000_d1_w1 epoch=14 batch=1/1 done gpu_used_mib=15 host_available_mib=3292
[2026-06-19 12:44:54] [BATCH] task=simulation phase=ae_width_only candidate=cand_000_d1_w1 epoch=14 batch=1/1 batch_size=16512 running_batches=1 batch_loss=1.130786 running_loss=1.130786
[2026-06-19 12:44:54] [VAL] task=simulation phase=ae_width_only candidate=cand_000_d1_w1 epoch=14 starting validation
[2026-06-19 12:44:54] [VAL] task=simulation phase=ae_width_only candidate=cand_000_d1_w1 epoch=14 finished validation val_loss=1.151556
[2026-06-19 12:44:54] [CKPT] task=simulation phase=ae_width_only candidate=cand_000_d1_w1 epoch=14 done path=checkpoint_last.pt gpu_used_mib=15 host_available_mib=3274
[2026-06-19 12:44:54] [simulation][ae_width_only][cand_000_d1_w1] epoch=14 architecture=[1] train_loss=1.130786 val_loss=1.151556 candidate_best=1.151556 global_best=1.151556 es=0/10
[2026-06-19 12:44:56] [CKPT] task=simulation phase=ae_width_only candidate=cand_000_d1_w1 epoch=15 batch=1/1 start path=checkpoint_last.pt
[2026-06-19 12:44:56] [CKPT] task=simulation phase=ae_width_only candidate=cand_000_d1_w1 epoch=15 batch=1/1 done gpu_used_mib=15 host_available_mib=3420
[2026-06-19 12:44:56] [BATCH] task=simulation phase=ae_width_only candidate=cand_000_d1_w1 epoch=15 batch=1/1 batch_size=16512 running_batches=1 batch_loss=1.130232 running_loss=1.130232
[2026-06-19 12:44:56] [VAL] task=simulation phase=ae_width_only candidate=cand_000_d1_w1 epoch=15 starting validation
[2026-06-19 12:44:56] [VAL] task=simulation phase=ae_width_only candidate=cand_000_d1_w1 epoch=15 finished validation val_loss=1.151062
[2026-06-19 12:44:56] [CKPT] task=simulation phase=ae_width_only candidate=cand_000_d1_w1 epoch=15 done path=checkpoint_last.pt gpu_used_mib=15 host_available_mib=3401
[2026-06-19 12:44:56] [simulation][ae_width_only][cand_000_d1_w1] epoch=15 architecture=[1] train_loss=1.130232 val_loss=1.151062 candidate_best=1.151062 global_best=1.151062 es=0/10
[2026-06-19 12:44:59] [CKPT] task=simulation phase=ae_width_only candidate=cand_000_d1_w1 epoch=16 batch=1/1 start path=checkpoint_last.pt
[2026-06-19 12:44:59] [CKPT] task=simulation phase=ae_width_only candidate=cand_000_d1_w1 epoch=16 batch=1/1 done gpu_used_mib=15 host_available_mib=3542
[2026-06-19 12:44:59] [BATCH] task=simulation phase=ae_width_only candidate=cand_000_d1_w1 epoch=16 batch=1/1 batch_size=16512 running_batches=1 batch_loss=1.129686 running_loss=1.129686
[2026-06-19 12:44:59] [VAL] task=simulation phase=ae_width_only candidate=cand_000_d1_w1 epoch=16 starting validation
[2026-06-19 12:44:59] [VAL] task=simulation phase=ae_width_only candidate=cand_000_d1_w1 epoch=16 finished validation val_loss=1.150576
[2026-06-19 12:44:59] [CKPT] task=simulation phase=ae_width_only candidate=cand_000_d1_w1 epoch=16 done path=checkpoint_last.pt gpu_used_mib=15 host_available_mib=3510
[2026-06-19 12:44:59] [simulation][ae_width_only][cand_000_d1_w1] epoch=16 architecture=[1] train_loss=1.129686 val_loss=1.150576 candidate_best=1.150576 global_best=1.150576 es=0/10
[2026-06-19 12:45:01] [CKPT] task=simulation phase=ae_width_only candidate=cand_000_d1_w1 epoch=17 batch=1/1 start path=checkpoint_last.pt
[2026-06-19 12:45:01] [CKPT] task=simulation phase=ae_width_only candidate=cand_000_d1_w1 epoch=17 batch=1/1 done gpu_used_mib=15 host_available_mib=2555
[2026-06-19 12:45:01] [BATCH] task=simulation phase=ae_width_only candidate=cand_000_d1_w1 epoch=17 batch=1/1 batch_size=16512 running_batches=1 batch_loss=1.129149 running_loss=1.129149
[2026-06-19 12:45:01] [VAL] task=simulation phase=ae_width_only candidate=cand_000_d1_w1 epoch=17 starting validation
[2026-06-19 12:45:01] [VAL] task=simulation phase=ae_width_only candidate=cand_000_d1_w1 epoch=17 finished validation val_loss=1.150097
[2026-06-19 12:45:01] [CKPT] task=simulation phase=ae_width_only candidate=cand_000_d1_w1 epoch=17 done path=checkpoint_last.pt gpu_used_mib=15 host_available_mib=2380
[2026-06-19 12:45:01] [simulation][ae_width_only][cand_000_d1_w1] epoch=17 architecture=[1] train_loss=1.129149 val_loss=1.150097 candidate_best=1.150097 global_best=1.150097 es=0/10
[2026-06-19 12:45:03] [CKPT] task=simulation phase=ae_width_only candidate=cand_000_d1_w1 epoch=18 batch=1/1 start path=checkpoint_last.pt
[2026-06-19 12:45:03] [CKPT] task=simulation phase=ae_width_only candidate=cand_000_d1_w1 epoch=18 batch=1/1 done gpu_used_mib=15 host_available_mib=2659
[2026-06-19 12:45:03] [BATCH] task=simulation phase=ae_width_only candidate=cand_000_d1_w1 epoch=18 batch=1/1 batch_size=16512 running_batches=1 batch_loss=1.128622 running_loss=1.128622
[2026-06-19 12:45:03] [VAL] task=simulation phase=ae_width_only candidate=cand_000_d1_w1 epoch=18 starting validation
[2026-06-19 12:45:03] [VAL] task=simulation phase=ae_width_only candidate=cand_000_d1_w1 epoch=18 finished validation val_loss=1.149629
[2026-06-19 12:45:03] [CKPT] task=simulation phase=ae_width_only candidate=cand_000_d1_w1 epoch=18 done path=checkpoint_last.pt gpu_used_mib=15 host_available_mib=2762
[2026-06-19 12:45:03] [simulation][ae_width_only][cand_000_d1_w1] epoch=18 architecture=[1] train_loss=1.128622 val_loss=1.149629 candidate_best=1.149629 global_best=1.149629 es=0/10
[2026-06-19 12:45:05] [CKPT] task=simulation phase=ae_width_only candidate=cand_000_d1_w1 epoch=19 batch=1/1 start path=checkpoint_last.pt
[2026-06-19 12:45:06] [CKPT] task=simulation phase=ae_width_only candidate=cand_000_d1_w1 epoch=19 batch=1/1 done gpu_used_mib=15 host_available_mib=2890
[2026-06-19 12:45:06] [BATCH] task=simulation phase=ae_width_only candidate=cand_000_d1_w1 epoch=19 batch=1/1 batch_size=16512 running_batches=1 batch_loss=1.128105 running_loss=1.128105
[2026-06-19 12:45:06] [VAL] task=simulation phase=ae_width_only candidate=cand_000_d1_w1 epoch=19 starting validation
[2026-06-19 12:45:06] [VAL] task=simulation phase=ae_width_only candidate=cand_000_d1_w1 epoch=19 finished validation val_loss=1.149171
[2026-06-19 12:45:06] [CKPT] task=simulation phase=ae_width_only candidate=cand_000_d1_w1 epoch=19 done path=checkpoint_last.pt gpu_used_mib=15 host_available_mib=2991
[2026-06-19 12:45:06] [simulation][ae_width_only][cand_000_d1_w1] epoch=19 architecture=[1] train_loss=1.128105 val_loss=1.149171 candidate_best=1.149171 global_best=1.149171 es=0/10
[2026-06-19 12:45:08] [CKPT] task=simulation phase=ae_width_only candidate=cand_000_d1_w1 epoch=20 batch=1/1 start path=checkpoint_last.pt
[2026-06-19 12:45:08] [CKPT] task=simulation phase=ae_width_only candidate=cand_000_d1_w1 epoch=20 batch=1/1 done gpu_used_mib=15 host_available_mib=2547
[2026-06-19 12:45:08] [BATCH] task=simulation phase=ae_width_only candidate=cand_000_d1_w1 epoch=20 batch=1/1 batch_size=16512 running_batches=1 batch_loss=1.127598 running_loss=1.127598
[2026-06-19 12:45:08] [VAL] task=simulation phase=ae_width_only candidate=cand_000_d1_w1 epoch=20 starting validation
[2026-06-19 12:45:08] [VAL] task=simulation phase=ae_width_only candidate=cand_000_d1_w1 epoch=20 finished validation val_loss=1.148722
[2026-06-19 12:45:08] [CKPT] task=simulation phase=ae_width_only candidate=cand_000_d1_w1 epoch=20 done path=checkpoint_last.pt gpu_used_mib=15 host_available_mib=2457
[2026-06-19 12:45:08] [simulation][ae_width_only][cand_000_d1_w1] epoch=20 architecture=[1] train_loss=1.127598 val_loss=1.148722 candidate_best=1.148722 global_best=1.148722 es=0/10
[2026-06-19 12:45:10] [CKPT] task=simulation phase=ae_width_only candidate=cand_000_d1_w1 epoch=21 batch=1/1 start path=checkpoint_last.pt
[2026-06-19 12:45:11] [CKPT] task=simulation phase=ae_width_only candidate=cand_000_d1_w1 epoch=21 batch=1/1 done gpu_used_mib=15 host_available_mib=1775
[2026-06-19 12:45:11] [BATCH] task=simulation phase=ae_width_only candidate=cand_000_d1_w1 epoch=21 batch=1/1 batch_size=16512 running_batches=1 batch_loss=1.127099 running_loss=1.127099
[2026-06-19 12:45:11] [VAL] task=simulation phase=ae_width_only candidate=cand_000_d1_w1 epoch=21 starting validation
[2026-06-19 12:45:11] [VAL] task=simulation phase=ae_width_only candidate=cand_000_d1_w1 epoch=21 finished validation val_loss=1.148282
[2026-06-19 12:45:11] [CKPT] task=simulation phase=ae_width_only candidate=cand_000_d1_w1 epoch=21 done path=checkpoint_last.pt gpu_used_mib=15 host_available_mib=1749
[2026-06-19 12:45:11] [simulation][ae_width_only][cand_000_d1_w1] epoch=21 architecture=[1] train_loss=1.127099 val_loss=1.148282 candidate_best=1.148282 global_best=1.148282 es=0/10
[2026-06-19 12:45:13] [CKPT] task=simulation phase=ae_width_only candidate=cand_000_d1_w1 epoch=22 batch=1/1 start path=checkpoint_last.pt
[2026-06-19 12:45:13] [CKPT] task=simulation phase=ae_width_only candidate=cand_000_d1_w1 epoch=22 batch=1/1 done gpu_used_mib=15 host_available_mib=2130
[2026-06-19 12:45:13] [BATCH] task=simulation phase=ae_width_only candidate=cand_000_d1_w1 epoch=22 batch=1/1 batch_size=16512 running_batches=1 batch_loss=1.126607 running_loss=1.126607
[2026-06-19 12:45:13] [VAL] task=simulation phase=ae_width_only candidate=cand_000_d1_w1 epoch=22 starting validation
[2026-06-19 12:45:14] [VAL] task=simulation phase=ae_width_only candidate=cand_000_d1_w1 epoch=22 finished validation val_loss=1.147858
[2026-06-19 12:45:14] [CKPT] task=simulation phase=ae_width_only candidate=cand_000_d1_w1 epoch=22 done path=checkpoint_last.pt gpu_used_mib=15 host_available_mib=2139
[2026-06-19 12:45:14] [simulation][ae_width_only][cand_000_d1_w1] epoch=22 architecture=[1] train_loss=1.126607 val_loss=1.147858 candidate_best=1.147858 global_best=1.147858 es=0/10
[2026-06-19 12:45:15] [CKPT] task=simulation phase=ae_width_only candidate=cand_000_d1_w1 epoch=23 batch=1/1 start path=checkpoint_last.pt
[2026-06-19 12:45:15] [CKPT] task=simulation phase=ae_width_only candidate=cand_000_d1_w1 epoch=23 batch=1/1 done gpu_used_mib=15 host_available_mib=2344
[2026-06-19 12:45:15] [BATCH] task=simulation phase=ae_width_only candidate=cand_000_d1_w1 epoch=23 batch=1/1 batch_size=16512 running_batches=1 batch_loss=1.126128 running_loss=1.126128
[2026-06-19 12:45:15] [VAL] task=simulation phase=ae_width_only candidate=cand_000_d1_w1 epoch=23 starting validation
[2026-06-19 12:45:16] [VAL] task=simulation phase=ae_width_only candidate=cand_000_d1_w1 epoch=23 finished validation val_loss=1.147443
[2026-06-19 12:45:16] [CKPT] task=simulation phase=ae_width_only candidate=cand_000_d1_w1 epoch=23 done path=checkpoint_last.pt gpu_used_mib=15 host_available_mib=2326
[2026-06-19 12:45:16] [simulation][ae_width_only][cand_000_d1_w1] epoch=23 architecture=[1] train_loss=1.126128 val_loss=1.147443 candidate_best=1.147443 global_best=1.147443 es=0/10
[2026-06-19 12:45:18] [CKPT] task=simulation phase=ae_width_only candidate=cand_000_d1_w1 epoch=24 batch=1/1 start path=checkpoint_last.pt
[2026-06-19 12:45:18] [CKPT] task=simulation phase=ae_width_only candidate=cand_000_d1_w1 epoch=24 batch=1/1 done gpu_used_mib=15 host_available_mib=3228
[2026-06-19 12:45:18] [BATCH] task=simulation phase=ae_width_only candidate=cand_000_d1_w1 epoch=24 batch=1/1 batch_size=16512 running_batches=1 batch_loss=1.125661 running_loss=1.125661
[2026-06-19 12:45:18] [VAL] task=simulation phase=ae_width_only candidate=cand_000_d1_w1 epoch=24 starting validation
[2026-06-19 12:45:18] [VAL] task=simulation phase=ae_width_only candidate=cand_000_d1_w1 epoch=24 finished validation val_loss=1.147036
[2026-06-19 12:45:18] [CKPT] task=simulation phase=ae_width_only candidate=cand_000_d1_w1 epoch=24 done path=checkpoint_last.pt gpu_used_mib=15 host_available_mib=3151
[2026-06-19 12:45:18] [simulation][ae_width_only][cand_000_d1_w1] epoch=24 architecture=[1] train_loss=1.125661 val_loss=1.147036 candidate_best=1.147036 global_best=1.147036 es=0/10
[2026-06-19 12:45:20] [CKPT] task=simulation phase=ae_width_only candidate=cand_000_d1_w1 epoch=25 batch=1/1 start path=checkpoint_last.pt
[2026-06-19 12:45:20] [CKPT] task=simulation phase=ae_width_only candidate=cand_000_d1_w1 epoch=25 batch=1/1 done gpu_used_mib=15 host_available_mib=2852
[2026-06-19 12:45:20] [BATCH] task=simulation phase=ae_width_only candidate=cand_000_d1_w1 epoch=25 batch=1/1 batch_size=16512 running_batches=1 batch_loss=1.125203 running_loss=1.125203
[2026-06-19 12:45:20] [VAL] task=simulation phase=ae_width_only candidate=cand_000_d1_w1 epoch=25 starting validation
[2026-06-19 12:45:20] [VAL] task=simulation phase=ae_width_only candidate=cand_000_d1_w1 epoch=25 finished validation val_loss=1.146637
[2026-06-19 12:45:21] [CKPT] task=simulation phase=ae_width_only candidate=cand_000_d1_w1 epoch=25 done path=checkpoint_last.pt gpu_used_mib=15 host_available_mib=2519
[2026-06-19 12:45:21] [simulation][ae_width_only][cand_000_d1_w1] epoch=25 architecture=[1] train_loss=1.125203 val_loss=1.146637 candidate_best=1.146637 global_best=1.146637 es=0/10
[2026-06-19 12:45:22] [CKPT] task=simulation phase=ae_width_only candidate=cand_000_d1_w1 epoch=26 batch=1/1 start path=checkpoint_last.pt
[2026-06-19 12:45:23] [CKPT] task=simulation phase=ae_width_only candidate=cand_000_d1_w1 epoch=26 batch=1/1 done gpu_used_mib=15 host_available_mib=1211
[2026-06-19 12:45:23] [BATCH] task=simulation phase=ae_width_only candidate=cand_000_d1_w1 epoch=26 batch=1/1 batch_size=16512 running_batches=1 batch_loss=1.124755 running_loss=1.124755
[2026-06-19 12:45:23] [VAL] task=simulation phase=ae_width_only candidate=cand_000_d1_w1 epoch=26 starting validation
[2026-06-19 12:45:23] [VAL] task=simulation phase=ae_width_only candidate=cand_000_d1_w1 epoch=26 finished validation val_loss=1.146249
[2026-06-19 12:45:23] [CKPT] task=simulation phase=ae_width_only candidate=cand_000_d1_w1 epoch=26 done path=checkpoint_last.pt gpu_used_mib=15 host_available_mib=1023
[2026-06-19 12:45:23] [simulation][ae_width_only][cand_000_d1_w1] epoch=26 architecture=[1] train_loss=1.124755 val_loss=1.146249 candidate_best=1.146249 global_best=1.146249 es=0/10
[2026-06-19 12:45:25] [CKPT] task=simulation phase=ae_width_only candidate=cand_000_d1_w1 epoch=27 batch=1/1 start path=checkpoint_last.pt
[2026-06-19 12:45:25] [CKPT] task=simulation phase=ae_width_only candidate=cand_000_d1_w1 epoch=27 batch=1/1 done gpu_used_mib=15 host_available_mib=1048
[2026-06-19 12:45:25] [BATCH] task=simulation phase=ae_width_only candidate=cand_000_d1_w1 epoch=27 batch=1/1 batch_size=16512 running_batches=1 batch_loss=1.124317 running_loss=1.124317
[2026-06-19 12:45:25] [VAL] task=simulation phase=ae_width_only candidate=cand_000_d1_w1 epoch=27 starting validation
[2026-06-19 12:45:25] [VAL] task=simulation phase=ae_width_only candidate=cand_000_d1_w1 epoch=27 finished validation val_loss=1.145870
[2026-06-19 12:45:25] [CKPT] task=simulation phase=ae_width_only candidate=cand_000_d1_w1 epoch=27 done path=checkpoint_last.pt gpu_used_mib=15 host_available_mib=2423
[2026-06-19 12:45:25] [simulation][ae_width_only][cand_000_d1_w1] epoch=27 architecture=[1] train_loss=1.124317 val_loss=1.145870 candidate_best=1.145870 global_best=1.145870 es=0/10
[2026-06-19 12:45:27] [CKPT] task=simulation phase=ae_width_only candidate=cand_000_d1_w1 epoch=28 batch=1/1 start path=checkpoint_last.pt
[2026-06-19 12:45:28] [CKPT] task=simulation phase=ae_width_only candidate=cand_000_d1_w1 epoch=28 batch=1/1 done gpu_used_mib=15 host_available_mib=3746
[2026-06-19 12:45:28] [BATCH] task=simulation phase=ae_width_only candidate=cand_000_d1_w1 epoch=28 batch=1/1 batch_size=16512 running_batches=1 batch_loss=1.123892 running_loss=1.123892
[2026-06-19 12:45:28] [VAL] task=simulation phase=ae_width_only candidate=cand_000_d1_w1 epoch=28 starting validation
[2026-06-19 12:45:28] [VAL] task=simulation phase=ae_width_only candidate=cand_000_d1_w1 epoch=28 finished validation val_loss=1.145508
[2026-06-19 12:45:28] [CKPT] task=simulation phase=ae_width_only candidate=cand_000_d1_w1 epoch=28 done path=checkpoint_last.pt gpu_used_mib=15 host_available_mib=3642
[2026-06-19 12:45:28] [simulation][ae_width_only][cand_000_d1_w1] epoch=28 architecture=[1] train_loss=1.123892 val_loss=1.145508 candidate_best=1.145508 global_best=1.145508 es=0/10
[2026-06-19 12:45:29] [CKPT] task=simulation phase=ae_width_only candidate=cand_000_d1_w1 epoch=29 batch=1/1 start path=checkpoint_last.pt
[2026-06-19 12:45:30] [CKPT] task=simulation phase=ae_width_only candidate=cand_000_d1_w1 epoch=29 batch=1/1 done gpu_used_mib=15 host_available_mib=4091
[2026-06-19 12:45:30] [BATCH] task=simulation phase=ae_width_only candidate=cand_000_d1_w1 epoch=29 batch=1/1 batch_size=16512 running_batches=1 batch_loss=1.123478 running_loss=1.123478
[2026-06-19 12:45:30] [VAL] task=simulation phase=ae_width_only candidate=cand_000_d1_w1 epoch=29 starting validation
[2026-06-19 12:45:30] [VAL] task=simulation phase=ae_width_only candidate=cand_000_d1_w1 epoch=29 finished validation val_loss=1.145175
[2026-06-19 12:45:30] [CKPT] task=simulation phase=ae_width_only candidate=cand_000_d1_w1 epoch=29 done path=checkpoint_last.pt gpu_used_mib=15 host_available_mib=4316
[2026-06-19 12:45:30] [simulation][ae_width_only][cand_000_d1_w1] epoch=29 architecture=[1] train_loss=1.123478 val_loss=1.145175 candidate_best=1.145175 global_best=1.145175 es=0/10
[2026-06-19 12:45:32] [CKPT] task=simulation phase=ae_width_only candidate=cand_000_d1_w1 epoch=30 batch=1/1 start path=checkpoint_last.pt
[2026-06-19 12:45:32] [CKPT] task=simulation phase=ae_width_only candidate=cand_000_d1_w1 epoch=30 batch=1/1 done gpu_used_mib=15 host_available_mib=4590
[2026-06-19 12:45:32] [BATCH] task=simulation phase=ae_width_only candidate=cand_000_d1_w1 epoch=30 batch=1/1 batch_size=16512 running_batches=1 batch_loss=1.123077 running_loss=1.123077
[2026-06-19 12:45:32] [VAL] task=simulation phase=ae_width_only candidate=cand_000_d1_w1 epoch=30 starting validation
[2026-06-19 12:45:32] [VAL] task=simulation phase=ae_width_only candidate=cand_000_d1_w1 epoch=30 finished validation val_loss=1.144852
[2026-06-19 12:45:32] [CKPT] task=simulation phase=ae_width_only candidate=cand_000_d1_w1 epoch=30 done path=checkpoint_last.pt gpu_used_mib=15 host_available_mib=4663
[2026-06-19 12:45:32] [simulation][ae_width_only][cand_000_d1_w1] epoch=30 architecture=[1] train_loss=1.123077 val_loss=1.144852 candidate_best=1.144852 global_best=1.144852 es=0/10
[2026-06-19 12:45:35] [CKPT] task=simulation phase=ae_width_only candidate=cand_000_d1_w1 epoch=31 batch=1/1 start path=checkpoint_last.pt
[2026-06-19 12:45:35] [CKPT] task=simulation phase=ae_width_only candidate=cand_000_d1_w1 epoch=31 batch=1/1 done gpu_used_mib=15 host_available_mib=5269
[2026-06-19 12:45:35] [BATCH] task=simulation phase=ae_width_only candidate=cand_000_d1_w1 epoch=31 batch=1/1 batch_size=16512 running_batches=1 batch_loss=1.122687 running_loss=1.122687
[2026-06-19 12:45:35] [VAL] task=simulation phase=ae_width_only candidate=cand_000_d1_w1 epoch=31 starting validation
[2026-06-19 12:45:35] [VAL] task=simulation phase=ae_width_only candidate=cand_000_d1_w1 epoch=31 finished validation val_loss=1.144537
[2026-06-19 12:45:35] [CKPT] task=simulation phase=ae_width_only candidate=cand_000_d1_w1 epoch=31 done path=checkpoint_last.pt gpu_used_mib=15 host_available_mib=5078
[2026-06-19 12:45:35] [simulation][ae_width_only][cand_000_d1_w1] epoch=31 architecture=[1] train_loss=1.122687 val_loss=1.144537 candidate_best=1.144537 global_best=1.144537 es=0/10
[2026-06-19 12:45:37] [CKPT] task=simulation phase=ae_width_only candidate=cand_000_d1_w1 epoch=32 batch=1/1 start path=checkpoint_last.pt
[2026-06-19 12:45:37] [CKPT] task=simulation phase=ae_width_only candidate=cand_000_d1_w1 epoch=32 batch=1/1 done gpu_used_mib=15 host_available_mib=3783
[2026-06-19 12:45:37] [BATCH] task=simulation phase=ae_width_only candidate=cand_000_d1_w1 epoch=32 batch=1/1 batch_size=16512 running_batches=1 batch_loss=1.122308 running_loss=1.122308
[2026-06-19 12:45:37] [VAL] task=simulation phase=ae_width_only candidate=cand_000_d1_w1 epoch=32 starting validation
[2026-06-19 12:45:38] [VAL] task=simulation phase=ae_width_only candidate=cand_000_d1_w1 epoch=32 finished validation val_loss=1.144231
[2026-06-19 12:45:38] [CKPT] task=simulation phase=ae_width_only candidate=cand_000_d1_w1 epoch=32 done path=checkpoint_last.pt gpu_used_mib=15 host_available_mib=3610
[2026-06-19 12:45:38] [simulation][ae_width_only][cand_000_d1_w1] epoch=32 architecture=[1] train_loss=1.122308 val_loss=1.144231 candidate_best=1.144231 global_best=1.144231 es=0/10
[2026-06-19 12:45:40] [CKPT] task=simulation phase=ae_width_only candidate=cand_000_d1_w1 epoch=33 batch=1/1 start path=checkpoint_last.pt
[2026-06-19 12:45:40] [CKPT] task=simulation phase=ae_width_only candidate=cand_000_d1_w1 epoch=33 batch=1/1 done gpu_used_mib=15 host_available_mib=3968
[2026-06-19 12:45:40] [BATCH] task=simulation phase=ae_width_only candidate=cand_000_d1_w1 epoch=33 batch=1/1 batch_size=16512 running_batches=1 batch_loss=1.121936 running_loss=1.121936
[2026-06-19 12:45:40] [VAL] task=simulation phase=ae_width_only candidate=cand_000_d1_w1 epoch=33 starting validation
[2026-06-19 12:45:40] [VAL] task=simulation phase=ae_width_only candidate=cand_000_d1_w1 epoch=33 finished validation val_loss=1.143937
[2026-06-19 12:45:40] [CKPT] task=simulation phase=ae_width_only candidate=cand_000_d1_w1 epoch=33 done path=checkpoint_last.pt gpu_used_mib=15 host_available_mib=3898
[2026-06-19 12:45:40] [simulation][ae_width_only][cand_000_d1_w1] epoch=33 architecture=[1] train_loss=1.121936 val_loss=1.143937 candidate_best=1.143937 global_best=1.143937 es=0/10
[2026-06-19 12:45:42] [CKPT] task=simulation phase=ae_width_only candidate=cand_000_d1_w1 epoch=34 batch=1/1 start path=checkpoint_last.pt
[2026-06-19 12:45:43] [CKPT] task=simulation phase=ae_width_only candidate=cand_000_d1_w1 epoch=34 batch=1/1 done gpu_used_mib=15 host_available_mib=4305
[2026-06-19 12:45:43] [BATCH] task=simulation phase=ae_width_only candidate=cand_000_d1_w1 epoch=34 batch=1/1 batch_size=16512 running_batches=1 batch_loss=1.121574 running_loss=1.121574
[2026-06-19 12:45:43] [VAL] task=simulation phase=ae_width_only candidate=cand_000_d1_w1 epoch=34 starting validation
[2026-06-19 12:45:43] [VAL] task=simulation phase=ae_width_only candidate=cand_000_d1_w1 epoch=34 finished validation val_loss=1.143654
[2026-06-19 12:45:43] [CKPT] task=simulation phase=ae_width_only candidate=cand_000_d1_w1 epoch=34 done path=checkpoint_last.pt gpu_used_mib=15 host_available_mib=4372
[2026-06-19 12:45:43] [simulation][ae_width_only][cand_000_d1_w1] epoch=34 architecture=[1] train_loss=1.121574 val_loss=1.143654 candidate_best=1.143654 global_best=1.143654 es=0/10
[2026-06-19 12:45:45] [CKPT] task=simulation phase=ae_width_only candidate=cand_000_d1_w1 epoch=35 batch=1/1 start path=checkpoint_last.pt
[2026-06-19 12:45:45] [CKPT] task=simulation phase=ae_width_only candidate=cand_000_d1_w1 epoch=35 batch=1/1 done gpu_used_mib=15 host_available_mib=4802
[2026-06-19 12:45:45] [BATCH] task=simulation phase=ae_width_only candidate=cand_000_d1_w1 epoch=35 batch=1/1 batch_size=16512 running_batches=1 batch_loss=1.121220 running_loss=1.121220
[2026-06-19 12:45:45] [VAL] task=simulation phase=ae_width_only candidate=cand_000_d1_w1 epoch=35 starting validation
[2026-06-19 12:45:45] [VAL] task=simulation phase=ae_width_only candidate=cand_000_d1_w1 epoch=35 finished validation val_loss=1.143378
[2026-06-19 12:45:45] [CKPT] task=simulation phase=ae_width_only candidate=cand_000_d1_w1 epoch=35 done path=checkpoint_last.pt gpu_used_mib=15 host_available_mib=4783
[2026-06-19 12:45:45] [simulation][ae_width_only][cand_000_d1_w1] epoch=35 architecture=[1] train_loss=1.121220 val_loss=1.143378 candidate_best=1.143378 global_best=1.143378 es=0/10
[2026-06-19 12:45:47] [CKPT] task=simulation phase=ae_width_only candidate=cand_000_d1_w1 epoch=36 batch=1/1 start path=checkpoint_last.pt
[2026-06-19 12:45:47] [CKPT] task=simulation phase=ae_width_only candidate=cand_000_d1_w1 epoch=36 batch=1/1 done gpu_used_mib=15 host_available_mib=4686
[2026-06-19 12:45:47] [BATCH] task=simulation phase=ae_width_only candidate=cand_000_d1_w1 epoch=36 batch=1/1 batch_size=16512 running_batches=1 batch_loss=1.120874 running_loss=1.120874
[2026-06-19 12:45:47] [VAL] task=simulation phase=ae_width_only candidate=cand_000_d1_w1 epoch=36 starting validation
[2026-06-19 12:45:48] [VAL] task=simulation phase=ae_width_only candidate=cand_000_d1_w1 epoch=36 finished validation val_loss=1.143115
[2026-06-19 12:45:48] [CKPT] task=simulation phase=ae_width_only candidate=cand_000_d1_w1 epoch=36 done path=checkpoint_last.pt gpu_used_mib=15 host_available_mib=4046
[2026-06-19 12:45:48] [simulation][ae_width_only][cand_000_d1_w1] epoch=36 architecture=[1] train_loss=1.120874 val_loss=1.143115 candidate_best=1.143115 global_best=1.143115 es=0/10
[2026-06-19 12:45:50] [CKPT] task=simulation phase=ae_width_only candidate=cand_000_d1_w1 epoch=37 batch=1/1 start path=checkpoint_last.pt
[2026-06-19 12:45:50] [CKPT] task=simulation phase=ae_width_only candidate=cand_000_d1_w1 epoch=37 batch=1/1 done gpu_used_mib=15 host_available_mib=4428
[2026-06-19 12:45:50] [BATCH] task=simulation phase=ae_width_only candidate=cand_000_d1_w1 epoch=37 batch=1/1 batch_size=16512 running_batches=1 batch_loss=1.120537 running_loss=1.120537
[2026-06-19 12:45:50] [VAL] task=simulation phase=ae_width_only candidate=cand_000_d1_w1 epoch=37 starting validation
[2026-06-19 12:45:50] [VAL] task=simulation phase=ae_width_only candidate=cand_000_d1_w1 epoch=37 finished validation val_loss=1.142866
[2026-06-19 12:45:51] [CKPT] task=simulation phase=ae_width_only candidate=cand_000_d1_w1 epoch=37 done path=checkpoint_last.pt gpu_used_mib=15 host_available_mib=4728
[2026-06-19 12:45:51] [simulation][ae_width_only][cand_000_d1_w1] epoch=37 architecture=[1] train_loss=1.120537 val_loss=1.142866 candidate_best=1.142866 global_best=1.142866 es=0/10
[2026-06-19 12:45:52] [CKPT] task=simulation phase=ae_width_only candidate=cand_000_d1_w1 epoch=38 batch=1/1 start path=checkpoint_last.pt
[2026-06-19 12:45:53] [CKPT] task=simulation phase=ae_width_only candidate=cand_000_d1_w1 epoch=38 batch=1/1 done gpu_used_mib=15 host_available_mib=4668
[2026-06-19 12:45:53] [BATCH] task=simulation phase=ae_width_only candidate=cand_000_d1_w1 epoch=38 batch=1/1 batch_size=16512 running_batches=1 batch_loss=1.120207 running_loss=1.120207
[2026-06-19 12:45:53] [VAL] task=simulation phase=ae_width_only candidate=cand_000_d1_w1 epoch=38 starting validation
[2026-06-19 12:45:53] [VAL] task=simulation phase=ae_width_only candidate=cand_000_d1_w1 epoch=38 finished validation val_loss=1.142624
[2026-06-19 12:45:53] [CKPT] task=simulation phase=ae_width_only candidate=cand_000_d1_w1 epoch=38 done path=checkpoint_last.pt gpu_used_mib=15 host_available_mib=4860
[2026-06-19 12:45:53] [simulation][ae_width_only][cand_000_d1_w1] epoch=38 architecture=[1] train_loss=1.120207 val_loss=1.142624 candidate_best=1.142624 global_best=1.142624 es=0/10
[2026-06-19 12:45:54] [CKPT] task=simulation phase=ae_width_only candidate=cand_000_d1_w1 epoch=39 batch=1/1 start path=checkpoint_last.pt
[2026-06-19 12:45:55] [CKPT] task=simulation phase=ae_width_only candidate=cand_000_d1_w1 epoch=39 batch=1/1 done gpu_used_mib=15 host_available_mib=5090
[2026-06-19 12:45:55] [BATCH] task=simulation phase=ae_width_only candidate=cand_000_d1_w1 epoch=39 batch=1/1 batch_size=16512 running_batches=1 batch_loss=1.119887 running_loss=1.119887
[2026-06-19 12:45:55] [VAL] task=simulation phase=ae_width_only candidate=cand_000_d1_w1 epoch=39 starting validation
[2026-06-19 12:45:55] [VAL] task=simulation phase=ae_width_only candidate=cand_000_d1_w1 epoch=39 finished validation val_loss=1.142390
[2026-06-19 12:45:55] [CKPT] task=simulation phase=ae_width_only candidate=cand_000_d1_w1 epoch=39 done path=checkpoint_last.pt gpu_used_mib=15 host_available_mib=5185
[2026-06-19 12:45:55] [simulation][ae_width_only][cand_000_d1_w1] epoch=39 architecture=[1] train_loss=1.119887 val_loss=1.142390 candidate_best=1.142390 global_best=1.142390 es=0/10
[2026-06-19 12:45:57] [CKPT] task=simulation phase=ae_width_only candidate=cand_000_d1_w1 epoch=40 batch=1/1 start path=checkpoint_last.pt
[2026-06-19 12:45:57] [CKPT] task=simulation phase=ae_width_only candidate=cand_000_d1_w1 epoch=40 batch=1/1 done gpu_used_mib=15 host_available_mib=5274
[2026-06-19 12:45:57] [BATCH] task=simulation phase=ae_width_only candidate=cand_000_d1_w1 epoch=40 batch=1/1 batch_size=16512 running_batches=1 batch_loss=1.119578 running_loss=1.119578
[2026-06-19 12:45:57] [VAL] task=simulation phase=ae_width_only candidate=cand_000_d1_w1 epoch=40 starting validation
[2026-06-19 12:45:57] [VAL] task=simulation phase=ae_width_only candidate=cand_000_d1_w1 epoch=40 finished validation val_loss=1.142164
[2026-06-19 12:45:57] [CKPT] task=simulation phase=ae_width_only candidate=cand_000_d1_w1 epoch=40 done path=checkpoint_last.pt gpu_used_mib=15 host_available_mib=5257
[2026-06-19 12:45:57] [simulation][ae_width_only][cand_000_d1_w1] epoch=40 architecture=[1] train_loss=1.119578 val_loss=1.142164 candidate_best=1.142164 global_best=1.142164 es=0/10
[2026-06-19 16:10:06] Initialized ContinuousLogger for goliath (Mode: sequential)
[2026-06-19 16:10:06] Logs: MLPS/tabular/shared/dae_dnn/results/recovery/missing_width_stl_v1/width_only/simulation/repeat_02/d01/training_log.txt
[2026-06-19 16:10:06] CSV: MLPS/tabular/shared/dae_dnn/results/recovery/missing_width_stl_v1/width_only/simulation/repeat_02/d01/training_stats.csv
[2026-06-19 16:10:06] Run root: MLPS/tabular/shared/dae_dnn/results/recovery/missing_width_stl_v1/width_only/simulation/repeat_02/d01
[2026-06-19 16:10:06] Tasks: ['simulation']
[2026-06-19 16:10:06] Phases: ['ae_width_only']
[2026-06-19 16:10:06] Device: cpu
[2026-06-19 16:10:06] Git commit: 3d584b8e76021d99ecc34528ec95fdcd8c6e8e07
[2026-06-19 16:10:06] === Task start: simulation ===
[2026-06-19 16:10:06] [TASK] start simulation
[2026-06-19 16:10:06] [TASK:simulation] ADP phase start: ae_width_only
[2026-06-19 16:10:06] Initialized ContinuousLogger for simulation_ae_width_only (Mode: ae_width_only)
[2026-06-19 16:10:06] Logs: MLPS/tabular/shared/dae_dnn/results/recovery/missing_width_stl_v1/width_only/simulation/repeat_02/d01/simulation/ae_width_only/cand_000_d1_w1/training_log.txt
[2026-06-19 16:10:06] CSV: MLPS/tabular/shared/dae_dnn/results/recovery/missing_width_stl_v1/width_only/simulation/repeat_02/d01/simulation/ae_width_only/cand_000_d1_w1/training_stats.csv
[2026-06-19 16:10:10] [CKPT] task=simulation phase=ae_width_only candidate=cand_000_d1_w1 epoch=41 batch=1/1 start path=checkpoint_last.pt
[2026-06-19 16:10:10] [CKPT] task=simulation phase=ae_width_only candidate=cand_000_d1_w1 epoch=41 batch=1/1 done gpu_used_mib=15 host_available_mib=4703
[2026-06-19 16:10:10] [BATCH] task=simulation phase=ae_width_only candidate=cand_000_d1_w1 epoch=41 batch=1/1 batch_size=16512 running_batches=1 batch_loss=1.120234 running_loss=1.120234
[2026-06-19 16:10:10] [VAL] task=simulation phase=ae_width_only candidate=cand_000_d1_w1 epoch=41 starting validation
[2026-06-19 16:10:11] [VAL] task=simulation phase=ae_width_only candidate=cand_000_d1_w1 epoch=41 finished validation val_loss=1.142134
[2026-06-19 16:10:11] [CKPT] task=simulation phase=ae_width_only candidate=cand_000_d1_w1 epoch=41 done path=checkpoint_last.pt gpu_used_mib=15 host_available_mib=4567
[2026-06-19 16:10:11] [simulation][ae_width_only][cand_000_d1_w1] epoch=41 architecture=[1] train_loss=1.120234 val_loss=1.142134 candidate_best=1.142164 global_best=1.142164 es=1/10
[2026-06-19 16:10:14] [CKPT] task=simulation phase=ae_width_only candidate=cand_000_d1_w1 epoch=42 batch=1/1 start path=checkpoint_last.pt
[2026-06-19 16:10:14] [CKPT] task=simulation phase=ae_width_only candidate=cand_000_d1_w1 epoch=42 batch=1/1 done gpu_used_mib=15 host_available_mib=4309
[2026-06-19 16:10:14] [BATCH] task=simulation phase=ae_width_only candidate=cand_000_d1_w1 epoch=42 batch=1/1 batch_size=16512 running_batches=1 batch_loss=1.118960 running_loss=1.118960
[2026-06-19 16:10:14] [VAL] task=simulation phase=ae_width_only candidate=cand_000_d1_w1 epoch=42 starting validation
[2026-06-19 16:10:14] [VAL] task=simulation phase=ae_width_only candidate=cand_000_d1_w1 epoch=42 finished validation val_loss=1.141903
[2026-06-19 16:10:15] [CKPT] task=simulation phase=ae_width_only candidate=cand_000_d1_w1 epoch=42 done path=checkpoint_last.pt gpu_used_mib=15 host_available_mib=4040
[2026-06-19 16:10:15] [simulation][ae_width_only][cand_000_d1_w1] epoch=42 architecture=[1] train_loss=1.118960 val_loss=1.141903 candidate_best=1.141903 global_best=1.141903 es=0/10
[2026-06-19 16:10:17] [CKPT] task=simulation phase=ae_width_only candidate=cand_000_d1_w1 epoch=43 batch=1/1 start path=checkpoint_last.pt
[2026-06-19 16:10:18] [CKPT] task=simulation phase=ae_width_only candidate=cand_000_d1_w1 epoch=43 batch=1/1 done gpu_used_mib=15 host_available_mib=4010
[2026-06-19 16:10:18] [BATCH] task=simulation phase=ae_width_only candidate=cand_000_d1_w1 epoch=43 batch=1/1 batch_size=16512 running_batches=1 batch_loss=1.118682 running_loss=1.118682
[2026-06-19 16:10:18] [VAL] task=simulation phase=ae_width_only candidate=cand_000_d1_w1 epoch=43 starting validation
[2026-06-19 16:10:18] [VAL] task=simulation phase=ae_width_only candidate=cand_000_d1_w1 epoch=43 finished validation val_loss=1.141678
[2026-06-19 16:10:18] [CKPT] task=simulation phase=ae_width_only candidate=cand_000_d1_w1 epoch=43 done path=checkpoint_last.pt gpu_used_mib=15 host_available_mib=4028
[2026-06-19 16:10:18] [simulation][ae_width_only][cand_000_d1_w1] epoch=43 architecture=[1] train_loss=1.118682 val_loss=1.141678 candidate_best=1.141678 global_best=1.141678 es=0/10
[2026-06-19 16:10:21] [CKPT] task=simulation phase=ae_width_only candidate=cand_000_d1_w1 epoch=44 batch=1/1 start path=checkpoint_last.pt
[2026-06-19 16:10:21] [CKPT] task=simulation phase=ae_width_only candidate=cand_000_d1_w1 epoch=44 batch=1/1 done gpu_used_mib=15 host_available_mib=4719
[2026-06-19 16:10:21] [BATCH] task=simulation phase=ae_width_only candidate=cand_000_d1_w1 epoch=44 batch=1/1 batch_size=16512 running_batches=1 batch_loss=1.118411 running_loss=1.118411
[2026-06-19 16:10:21] [VAL] task=simulation phase=ae_width_only candidate=cand_000_d1_w1 epoch=44 starting validation
[2026-06-19 16:10:21] [VAL] task=simulation phase=ae_width_only candidate=cand_000_d1_w1 epoch=44 finished validation val_loss=1.141462
[2026-06-19 16:10:22] [CKPT] task=simulation phase=ae_width_only candidate=cand_000_d1_w1 epoch=44 done path=checkpoint_last.pt gpu_used_mib=15 host_available_mib=4648
[2026-06-19 16:10:22] [simulation][ae_width_only][cand_000_d1_w1] epoch=44 architecture=[1] train_loss=1.118411 val_loss=1.141462 candidate_best=1.141462 global_best=1.141462 es=0/10
[2026-06-19 16:10:25] [CKPT] task=simulation phase=ae_width_only candidate=cand_000_d1_w1 epoch=45 batch=1/1 start path=checkpoint_last.pt
[2026-06-19 16:10:26] [CKPT] task=simulation phase=ae_width_only candidate=cand_000_d1_w1 epoch=45 batch=1/1 done gpu_used_mib=15 host_available_mib=4982
[2026-06-19 16:10:26] [BATCH] task=simulation phase=ae_width_only candidate=cand_000_d1_w1 epoch=45 batch=1/1 batch_size=16512 running_batches=1 batch_loss=1.118145 running_loss=1.118145
[2026-06-19 16:10:26] [VAL] task=simulation phase=ae_width_only candidate=cand_000_d1_w1 epoch=45 starting validation
[2026-06-19 16:10:26] [VAL] task=simulation phase=ae_width_only candidate=cand_000_d1_w1 epoch=45 finished validation val_loss=1.141257
[2026-06-19 16:10:26] [CKPT] task=simulation phase=ae_width_only candidate=cand_000_d1_w1 epoch=45 done path=checkpoint_last.pt gpu_used_mib=15 host_available_mib=4954
[2026-06-19 16:10:26] [simulation][ae_width_only][cand_000_d1_w1] epoch=45 architecture=[1] train_loss=1.118145 val_loss=1.141257 candidate_best=1.141257 global_best=1.141257 es=0/10
[2026-06-19 16:10:29] [CKPT] task=simulation phase=ae_width_only candidate=cand_000_d1_w1 epoch=46 batch=1/1 start path=checkpoint_last.pt
[2026-06-19 16:10:30] [CKPT] task=simulation phase=ae_width_only candidate=cand_000_d1_w1 epoch=46 batch=1/1 done gpu_used_mib=15 host_available_mib=4725
[2026-06-19 16:10:30] [BATCH] task=simulation phase=ae_width_only candidate=cand_000_d1_w1 epoch=46 batch=1/1 batch_size=16512 running_batches=1 batch_loss=1.117891 running_loss=1.117891
[2026-06-19 16:10:30] [VAL] task=simulation phase=ae_width_only candidate=cand_000_d1_w1 epoch=46 starting validation
[2026-06-19 16:10:30] [VAL] task=simulation phase=ae_width_only candidate=cand_000_d1_w1 epoch=46 finished validation val_loss=1.141062
[2026-06-19 16:10:30] [CKPT] task=simulation phase=ae_width_only candidate=cand_000_d1_w1 epoch=46 done path=checkpoint_last.pt gpu_used_mib=15 host_available_mib=4781
[2026-06-19 16:10:30] [simulation][ae_width_only][cand_000_d1_w1] epoch=46 architecture=[1] train_loss=1.117891 val_loss=1.141062 candidate_best=1.141062 global_best=1.141062 es=0/10
[2026-06-19 16:10:33] [CKPT] task=simulation phase=ae_width_only candidate=cand_000_d1_w1 epoch=47 batch=1/1 start path=checkpoint_last.pt
[2026-06-19 16:10:33] [CKPT] task=simulation phase=ae_width_only candidate=cand_000_d1_w1 epoch=47 batch=1/1 done gpu_used_mib=15 host_available_mib=5173
[2026-06-19 16:10:33] [BATCH] task=simulation phase=ae_width_only candidate=cand_000_d1_w1 epoch=47 batch=1/1 batch_size=16512 running_batches=1 batch_loss=1.117644 running_loss=1.117644
[2026-06-19 16:10:33] [VAL] task=simulation phase=ae_width_only candidate=cand_000_d1_w1 epoch=47 starting validation
[2026-06-19 16:10:33] [VAL] task=simulation phase=ae_width_only candidate=cand_000_d1_w1 epoch=47 finished validation val_loss=1.140875
[2026-06-19 16:10:33] [CKPT] task=simulation phase=ae_width_only candidate=cand_000_d1_w1 epoch=47 done path=checkpoint_last.pt gpu_used_mib=15 host_available_mib=5109
[2026-06-19 16:10:33] [simulation][ae_width_only][cand_000_d1_w1] epoch=47 architecture=[1] train_loss=1.117644 val_loss=1.140875 candidate_best=1.140875 global_best=1.140875 es=0/10
[2026-06-19 16:10:36] [CKPT] task=simulation phase=ae_width_only candidate=cand_000_d1_w1 epoch=48 batch=1/1 start path=checkpoint_last.pt
[2026-06-19 16:10:36] [CKPT] task=simulation phase=ae_width_only candidate=cand_000_d1_w1 epoch=48 batch=1/1 done gpu_used_mib=15 host_available_mib=4823
[2026-06-19 16:10:36] [BATCH] task=simulation phase=ae_width_only candidate=cand_000_d1_w1 epoch=48 batch=1/1 batch_size=16512 running_batches=1 batch_loss=1.117404 running_loss=1.117404
[2026-06-19 16:10:36] [VAL] task=simulation phase=ae_width_only candidate=cand_000_d1_w1 epoch=48 starting validation
[2026-06-19 16:10:36] [VAL] task=simulation phase=ae_width_only candidate=cand_000_d1_w1 epoch=48 finished validation val_loss=1.140692
[2026-06-19 16:10:36] [CKPT] task=simulation phase=ae_width_only candidate=cand_000_d1_w1 epoch=48 done path=checkpoint_last.pt gpu_used_mib=15 host_available_mib=4740
[2026-06-19 16:10:36] [simulation][ae_width_only][cand_000_d1_w1] epoch=48 architecture=[1] train_loss=1.117404 val_loss=1.140692 candidate_best=1.140692 global_best=1.140692 es=0/10
[2026-06-19 16:10:39] [CKPT] task=simulation phase=ae_width_only candidate=cand_000_d1_w1 epoch=49 batch=1/1 start path=checkpoint_last.pt
[2026-06-19 16:10:39] [CKPT] task=simulation phase=ae_width_only candidate=cand_000_d1_w1 epoch=49 batch=1/1 done gpu_used_mib=15 host_available_mib=4606
[2026-06-19 16:10:39] [BATCH] task=simulation phase=ae_width_only candidate=cand_000_d1_w1 epoch=49 batch=1/1 batch_size=16512 running_batches=1 batch_loss=1.117169 running_loss=1.117169
[2026-06-19 16:10:39] [VAL] task=simulation phase=ae_width_only candidate=cand_000_d1_w1 epoch=49 starting validation
[2026-06-19 16:10:39] [VAL] task=simulation phase=ae_width_only candidate=cand_000_d1_w1 epoch=49 finished validation val_loss=1.140517
[2026-06-19 16:10:40] [CKPT] task=simulation phase=ae_width_only candidate=cand_000_d1_w1 epoch=49 done path=checkpoint_last.pt gpu_used_mib=15 host_available_mib=4586
[2026-06-19 16:10:40] [simulation][ae_width_only][cand_000_d1_w1] epoch=49 architecture=[1] train_loss=1.117169 val_loss=1.140517 candidate_best=1.140517 global_best=1.140517 es=0/10
[2026-06-19 16:10:42] [CKPT] task=simulation phase=ae_width_only candidate=cand_000_d1_w1 epoch=50 batch=1/1 start path=checkpoint_last.pt
[2026-06-19 16:10:42] [CKPT] task=simulation phase=ae_width_only candidate=cand_000_d1_w1 epoch=50 batch=1/1 done gpu_used_mib=15 host_available_mib=3665
[2026-06-19 16:10:42] [BATCH] task=simulation phase=ae_width_only candidate=cand_000_d1_w1 epoch=50 batch=1/1 batch_size=16512 running_batches=1 batch_loss=1.116941 running_loss=1.116941
[2026-06-19 16:10:42] [VAL] task=simulation phase=ae_width_only candidate=cand_000_d1_w1 epoch=50 starting validation
[2026-06-19 16:10:43] [VAL] task=simulation phase=ae_width_only candidate=cand_000_d1_w1 epoch=50 finished validation val_loss=1.140347
[2026-06-19 16:10:43] [CKPT] task=simulation phase=ae_width_only candidate=cand_000_d1_w1 epoch=50 done path=checkpoint_last.pt gpu_used_mib=15 host_available_mib=3515
[2026-06-19 16:10:43] [simulation][ae_width_only][cand_000_d1_w1] epoch=50 architecture=[1] train_loss=1.116941 val_loss=1.140347 candidate_best=1.140347 global_best=1.140347 es=0/10
[2026-06-19 16:10:47] [CKPT] task=simulation phase=ae_width_only candidate=cand_000_d1_w1 epoch=51 batch=1/1 start path=checkpoint_last.pt
[2026-06-19 16:10:47] [CKPT] task=simulation phase=ae_width_only candidate=cand_000_d1_w1 epoch=51 batch=1/1 done gpu_used_mib=15 host_available_mib=2762
[2026-06-19 16:10:47] [BATCH] task=simulation phase=ae_width_only candidate=cand_000_d1_w1 epoch=51 batch=1/1 batch_size=16512 running_batches=1 batch_loss=1.116717 running_loss=1.116717
[2026-06-19 16:10:47] [VAL] task=simulation phase=ae_width_only candidate=cand_000_d1_w1 epoch=51 starting validation
[2026-06-19 16:10:47] [VAL] task=simulation phase=ae_width_only candidate=cand_000_d1_w1 epoch=51 finished validation val_loss=1.140184
[2026-06-19 16:10:48] [CKPT] task=simulation phase=ae_width_only candidate=cand_000_d1_w1 epoch=51 done path=checkpoint_last.pt gpu_used_mib=15 host_available_mib=2649
[2026-06-19 16:10:48] [simulation][ae_width_only][cand_000_d1_w1] epoch=51 architecture=[1] train_loss=1.116717 val_loss=1.140184 candidate_best=1.140184 global_best=1.140184 es=0/10
[2026-06-19 16:10:52] [CKPT] task=simulation phase=ae_width_only candidate=cand_000_d1_w1 epoch=52 batch=1/1 start path=checkpoint_last.pt
[2026-06-19 16:10:52] [CKPT] task=simulation phase=ae_width_only candidate=cand_000_d1_w1 epoch=52 batch=1/1 done gpu_used_mib=15 host_available_mib=1970
[2026-06-19 16:10:52] [BATCH] task=simulation phase=ae_width_only candidate=cand_000_d1_w1 epoch=52 batch=1/1 batch_size=16512 running_batches=1 batch_loss=1.116498 running_loss=1.116498
[2026-06-19 16:10:52] [VAL] task=simulation phase=ae_width_only candidate=cand_000_d1_w1 epoch=52 starting validation
[2026-06-19 16:10:53] [VAL] task=simulation phase=ae_width_only candidate=cand_000_d1_w1 epoch=52 finished validation val_loss=1.140029
[2026-06-19 16:10:53] [CKPT] task=simulation phase=ae_width_only candidate=cand_000_d1_w1 epoch=52 done path=checkpoint_last.pt gpu_used_mib=15 host_available_mib=1883
[2026-06-19 16:10:53] [simulation][ae_width_only][cand_000_d1_w1] epoch=52 architecture=[1] train_loss=1.116498 val_loss=1.140029 candidate_best=1.140029 global_best=1.140029 es=0/10
[2026-06-19 16:10:56] [CKPT] task=simulation phase=ae_width_only candidate=cand_000_d1_w1 epoch=53 batch=1/1 start path=checkpoint_last.pt
[2026-06-19 16:10:57] [CKPT] task=simulation phase=ae_width_only candidate=cand_000_d1_w1 epoch=53 batch=1/1 done gpu_used_mib=15 host_available_mib=1506
[2026-06-19 16:10:57] [BATCH] task=simulation phase=ae_width_only candidate=cand_000_d1_w1 epoch=53 batch=1/1 batch_size=16512 running_batches=1 batch_loss=1.116285 running_loss=1.116285
[2026-06-19 16:10:57] [VAL] task=simulation phase=ae_width_only candidate=cand_000_d1_w1 epoch=53 starting validation
[2026-06-19 16:10:57] [VAL] task=simulation phase=ae_width_only candidate=cand_000_d1_w1 epoch=53 finished validation val_loss=1.139880
[2026-06-19 16:10:57] [CKPT] task=simulation phase=ae_width_only candidate=cand_000_d1_w1 epoch=53 done path=checkpoint_last.pt gpu_used_mib=15 host_available_mib=1435
[2026-06-19 16:10:57] [simulation][ae_width_only][cand_000_d1_w1] epoch=53 architecture=[1] train_loss=1.116285 val_loss=1.139880 candidate_best=1.139880 global_best=1.139880 es=0/10
[2026-06-19 16:11:00] [CKPT] task=simulation phase=ae_width_only candidate=cand_000_d1_w1 epoch=54 batch=1/1 start path=checkpoint_last.pt
[2026-06-19 16:11:01] [CKPT] task=simulation phase=ae_width_only candidate=cand_000_d1_w1 epoch=54 batch=1/1 done gpu_used_mib=15 host_available_mib=2474
[2026-06-19 16:11:01] [BATCH] task=simulation phase=ae_width_only candidate=cand_000_d1_w1 epoch=54 batch=1/1 batch_size=16512 running_batches=1 batch_loss=1.116075 running_loss=1.116075
[2026-06-19 16:11:01] [VAL] task=simulation phase=ae_width_only candidate=cand_000_d1_w1 epoch=54 starting validation
[2026-06-19 16:11:01] [VAL] task=simulation phase=ae_width_only candidate=cand_000_d1_w1 epoch=54 finished validation val_loss=1.139737
[2026-06-19 16:11:01] [CKPT] task=simulation phase=ae_width_only candidate=cand_000_d1_w1 epoch=54 done path=checkpoint_last.pt gpu_used_mib=15 host_available_mib=2726
[2026-06-19 16:11:01] [simulation][ae_width_only][cand_000_d1_w1] epoch=54 architecture=[1] train_loss=1.116075 val_loss=1.139737 candidate_best=1.139737 global_best=1.139737 es=0/10
[2026-06-19 16:11:04] [CKPT] task=simulation phase=ae_width_only candidate=cand_000_d1_w1 epoch=55 batch=1/1 start path=checkpoint_last.pt
[2026-06-19 16:11:04] [CKPT] task=simulation phase=ae_width_only candidate=cand_000_d1_w1 epoch=55 batch=1/1 done gpu_used_mib=15 host_available_mib=3544
[2026-06-19 16:11:04] [BATCH] task=simulation phase=ae_width_only candidate=cand_000_d1_w1 epoch=55 batch=1/1 batch_size=16512 running_batches=1 batch_loss=1.115871 running_loss=1.115871
[2026-06-19 16:11:04] [VAL] task=simulation phase=ae_width_only candidate=cand_000_d1_w1 epoch=55 starting validation
[2026-06-19 16:11:04] [VAL] task=simulation phase=ae_width_only candidate=cand_000_d1_w1 epoch=55 finished validation val_loss=1.139599
[2026-06-19 16:11:05] [CKPT] task=simulation phase=ae_width_only candidate=cand_000_d1_w1 epoch=55 done path=checkpoint_last.pt gpu_used_mib=15 host_available_mib=3553
[2026-06-19 16:11:05] [simulation][ae_width_only][cand_000_d1_w1] epoch=55 architecture=[1] train_loss=1.115871 val_loss=1.139599 candidate_best=1.139599 global_best=1.139599 es=0/10
[2026-06-19 16:11:08] [CKPT] task=simulation phase=ae_width_only candidate=cand_000_d1_w1 epoch=56 batch=1/1 start path=checkpoint_last.pt
[2026-06-19 16:11:09] [CKPT] task=simulation phase=ae_width_only candidate=cand_000_d1_w1 epoch=56 batch=1/1 done gpu_used_mib=15 host_available_mib=4061
[2026-06-19 16:11:09] [BATCH] task=simulation phase=ae_width_only candidate=cand_000_d1_w1 epoch=56 batch=1/1 batch_size=16512 running_batches=1 batch_loss=1.115671 running_loss=1.115671
[2026-06-19 16:11:09] [VAL] task=simulation phase=ae_width_only candidate=cand_000_d1_w1 epoch=56 starting validation
[2026-06-19 16:11:09] [VAL] task=simulation phase=ae_width_only candidate=cand_000_d1_w1 epoch=56 finished validation val_loss=1.139466
[2026-06-19 16:11:09] [CKPT] task=simulation phase=ae_width_only candidate=cand_000_d1_w1 epoch=56 done path=checkpoint_last.pt gpu_used_mib=15 host_available_mib=4006
[2026-06-19 16:11:09] [simulation][ae_width_only][cand_000_d1_w1] epoch=56 architecture=[1] train_loss=1.115671 val_loss=1.139466 candidate_best=1.139466 global_best=1.139466 es=0/10
[2026-06-19 16:11:12] [CKPT] task=simulation phase=ae_width_only candidate=cand_000_d1_w1 epoch=57 batch=1/1 start path=checkpoint_last.pt
[2026-06-19 16:11:12] [CKPT] task=simulation phase=ae_width_only candidate=cand_000_d1_w1 epoch=57 batch=1/1 done gpu_used_mib=15 host_available_mib=3760
[2026-06-19 16:11:12] [BATCH] task=simulation phase=ae_width_only candidate=cand_000_d1_w1 epoch=57 batch=1/1 batch_size=16512 running_batches=1 batch_loss=1.115476 running_loss=1.115476
[2026-06-19 16:11:12] [VAL] task=simulation phase=ae_width_only candidate=cand_000_d1_w1 epoch=57 starting validation
[2026-06-19 16:11:13] [VAL] task=simulation phase=ae_width_only candidate=cand_000_d1_w1 epoch=57 finished validation val_loss=1.139336
[2026-06-19 16:11:13] [CKPT] task=simulation phase=ae_width_only candidate=cand_000_d1_w1 epoch=57 done path=checkpoint_last.pt gpu_used_mib=15 host_available_mib=3848
[2026-06-19 16:11:13] [simulation][ae_width_only][cand_000_d1_w1] epoch=57 architecture=[1] train_loss=1.115476 val_loss=1.139336 candidate_best=1.139336 global_best=1.139336 es=0/10
[2026-06-19 16:11:16] [CKPT] task=simulation phase=ae_width_only candidate=cand_000_d1_w1 epoch=58 batch=1/1 start path=checkpoint_last.pt
[2026-06-19 16:11:16] [CKPT] task=simulation phase=ae_width_only candidate=cand_000_d1_w1 epoch=58 batch=1/1 done gpu_used_mib=15 host_available_mib=4514
[2026-06-19 16:11:16] [BATCH] task=simulation phase=ae_width_only candidate=cand_000_d1_w1 epoch=58 batch=1/1 batch_size=16512 running_batches=1 batch_loss=1.115285 running_loss=1.115285
[2026-06-19 16:11:16] [VAL] task=simulation phase=ae_width_only candidate=cand_000_d1_w1 epoch=58 starting validation
[2026-06-19 16:11:17] [VAL] task=simulation phase=ae_width_only candidate=cand_000_d1_w1 epoch=58 finished validation val_loss=1.139208
[2026-06-19 16:11:17] [CKPT] task=simulation phase=ae_width_only candidate=cand_000_d1_w1 epoch=58 done path=checkpoint_last.pt gpu_used_mib=15 host_available_mib=4807
[2026-06-19 16:11:17] [simulation][ae_width_only][cand_000_d1_w1] epoch=58 architecture=[1] train_loss=1.115285 val_loss=1.139208 candidate_best=1.139208 global_best=1.139208 es=0/10
[2026-06-19 16:11:20] [CKPT] task=simulation phase=ae_width_only candidate=cand_000_d1_w1 epoch=59 batch=1/1 start path=checkpoint_last.pt
[2026-06-19 16:11:20] [CKPT] task=simulation phase=ae_width_only candidate=cand_000_d1_w1 epoch=59 batch=1/1 done gpu_used_mib=15 host_available_mib=4222
[2026-06-19 16:11:20] [BATCH] task=simulation phase=ae_width_only candidate=cand_000_d1_w1 epoch=59 batch=1/1 batch_size=16512 running_batches=1 batch_loss=1.115100 running_loss=1.115100
[2026-06-19 16:11:20] [VAL] task=simulation phase=ae_width_only candidate=cand_000_d1_w1 epoch=59 starting validation
[2026-06-19 16:11:21] [VAL] task=simulation phase=ae_width_only candidate=cand_000_d1_w1 epoch=59 finished validation val_loss=1.139083
[2026-06-19 16:11:21] [CKPT] task=simulation phase=ae_width_only candidate=cand_000_d1_w1 epoch=59 done path=checkpoint_last.pt gpu_used_mib=15 host_available_mib=4077
[2026-06-19 16:11:21] [simulation][ae_width_only][cand_000_d1_w1] epoch=59 architecture=[1] train_loss=1.115100 val_loss=1.139083 candidate_best=1.139083 global_best=1.139083 es=0/10
[2026-06-19 16:11:24] [CKPT] task=simulation phase=ae_width_only candidate=cand_000_d1_w1 epoch=60 batch=1/1 start path=checkpoint_last.pt
[2026-06-19 16:11:25] [CKPT] task=simulation phase=ae_width_only candidate=cand_000_d1_w1 epoch=60 batch=1/1 done gpu_used_mib=15 host_available_mib=3812
[2026-06-19 16:11:25] [BATCH] task=simulation phase=ae_width_only candidate=cand_000_d1_w1 epoch=60 batch=1/1 batch_size=16512 running_batches=1 batch_loss=1.114919 running_loss=1.114919
[2026-06-19 16:11:25] [VAL] task=simulation phase=ae_width_only candidate=cand_000_d1_w1 epoch=60 starting validation
[2026-06-19 16:11:25] [VAL] task=simulation phase=ae_width_only candidate=cand_000_d1_w1 epoch=60 finished validation val_loss=1.138961
[2026-06-19 16:11:25] [CKPT] task=simulation phase=ae_width_only candidate=cand_000_d1_w1 epoch=60 done path=checkpoint_last.pt gpu_used_mib=15 host_available_mib=3711
[2026-06-19 16:11:25] [simulation][ae_width_only][cand_000_d1_w1] epoch=60 architecture=[1] train_loss=1.114919 val_loss=1.138961 candidate_best=1.138961 global_best=1.138961 es=0/10
[2026-06-19 16:11:29] [CKPT] task=simulation phase=ae_width_only candidate=cand_000_d1_w1 epoch=61 batch=1/1 start path=checkpoint_last.pt
[2026-06-19 16:11:30] [CKPT] task=simulation phase=ae_width_only candidate=cand_000_d1_w1 epoch=61 batch=1/1 done gpu_used_mib=15 host_available_mib=4112
[2026-06-19 16:11:30] [BATCH] task=simulation phase=ae_width_only candidate=cand_000_d1_w1 epoch=61 batch=1/1 batch_size=16512 running_batches=1 batch_loss=1.114742 running_loss=1.114742
[2026-06-19 16:11:30] [VAL] task=simulation phase=ae_width_only candidate=cand_000_d1_w1 epoch=61 starting validation
[2026-06-19 16:11:30] [VAL] task=simulation phase=ae_width_only candidate=cand_000_d1_w1 epoch=61 finished validation val_loss=1.138841
[2026-06-19 16:11:30] [CKPT] task=simulation phase=ae_width_only candidate=cand_000_d1_w1 epoch=61 done path=checkpoint_last.pt gpu_used_mib=15 host_available_mib=4088
[2026-06-19 16:11:30] [simulation][ae_width_only][cand_000_d1_w1] epoch=61 architecture=[1] train_loss=1.114742 val_loss=1.138841 candidate_best=1.138841 global_best=1.138841 es=0/10
[2026-06-19 16:11:34] [CKPT] task=simulation phase=ae_width_only candidate=cand_000_d1_w1 epoch=62 batch=1/1 start path=checkpoint_last.pt
[2026-06-19 16:11:34] [CKPT] task=simulation phase=ae_width_only candidate=cand_000_d1_w1 epoch=62 batch=1/1 done gpu_used_mib=15 host_available_mib=3787
[2026-06-19 16:11:34] [BATCH] task=simulation phase=ae_width_only candidate=cand_000_d1_w1 epoch=62 batch=1/1 batch_size=16512 running_batches=1 batch_loss=1.114571 running_loss=1.114571
[2026-06-19 16:11:34] [VAL] task=simulation phase=ae_width_only candidate=cand_000_d1_w1 epoch=62 starting validation
[2026-06-19 16:11:34] [VAL] task=simulation phase=ae_width_only candidate=cand_000_d1_w1 epoch=62 finished validation val_loss=1.138720
[2026-06-19 16:11:34] [CKPT] task=simulation phase=ae_width_only candidate=cand_000_d1_w1 epoch=62 done path=checkpoint_last.pt gpu_used_mib=15 host_available_mib=3800
[2026-06-19 16:11:34] [simulation][ae_width_only][cand_000_d1_w1] epoch=62 architecture=[1] train_loss=1.114571 val_loss=1.138720 candidate_best=1.138720 global_best=1.138720 es=0/10
[2026-06-19 16:11:38] [CKPT] task=simulation phase=ae_width_only candidate=cand_000_d1_w1 epoch=63 batch=1/1 start path=checkpoint_last.pt
[2026-06-19 16:11:38] [CKPT] task=simulation phase=ae_width_only candidate=cand_000_d1_w1 epoch=63 batch=1/1 done gpu_used_mib=15 host_available_mib=3561
[2026-06-19 16:11:38] [BATCH] task=simulation phase=ae_width_only candidate=cand_000_d1_w1 epoch=63 batch=1/1 batch_size=16512 running_batches=1 batch_loss=1.114403 running_loss=1.114403
[2026-06-19 16:11:38] [VAL] task=simulation phase=ae_width_only candidate=cand_000_d1_w1 epoch=63 starting validation
[2026-06-19 16:11:38] [VAL] task=simulation phase=ae_width_only candidate=cand_000_d1_w1 epoch=63 finished validation val_loss=1.138609
[2026-06-19 16:11:39] [CKPT] task=simulation phase=ae_width_only candidate=cand_000_d1_w1 epoch=63 done path=checkpoint_last.pt gpu_used_mib=15 host_available_mib=3743
[2026-06-19 16:11:39] [simulation][ae_width_only][cand_000_d1_w1] epoch=63 architecture=[1] train_loss=1.114403 val_loss=1.138609 candidate_best=1.138609 global_best=1.138609 es=0/10
[2026-06-19 16:11:41] [CKPT] task=simulation phase=ae_width_only candidate=cand_000_d1_w1 epoch=64 batch=1/1 start path=checkpoint_last.pt
[2026-06-19 16:11:42] [CKPT] task=simulation phase=ae_width_only candidate=cand_000_d1_w1 epoch=64 batch=1/1 done gpu_used_mib=15 host_available_mib=2708
[2026-06-19 16:11:42] [BATCH] task=simulation phase=ae_width_only candidate=cand_000_d1_w1 epoch=64 batch=1/1 batch_size=16512 running_batches=1 batch_loss=1.114239 running_loss=1.114239
[2026-06-19 16:11:42] [VAL] task=simulation phase=ae_width_only candidate=cand_000_d1_w1 epoch=64 starting validation
[2026-06-19 16:11:42] [VAL] task=simulation phase=ae_width_only candidate=cand_000_d1_w1 epoch=64 finished validation val_loss=1.138500
[2026-06-19 16:11:42] [CKPT] task=simulation phase=ae_width_only candidate=cand_000_d1_w1 epoch=64 done path=checkpoint_last.pt gpu_used_mib=15 host_available_mib=2514
[2026-06-19 16:11:42] [simulation][ae_width_only][cand_000_d1_w1] epoch=64 architecture=[1] train_loss=1.114239 val_loss=1.138500 candidate_best=1.138500 global_best=1.138500 es=0/10
[2026-06-19 16:11:45] [CKPT] task=simulation phase=ae_width_only candidate=cand_000_d1_w1 epoch=65 batch=1/1 start path=checkpoint_last.pt
[2026-06-19 16:11:46] [CKPT] task=simulation phase=ae_width_only candidate=cand_000_d1_w1 epoch=65 batch=1/1 done gpu_used_mib=15 host_available_mib=2018
[2026-06-19 16:11:46] [BATCH] task=simulation phase=ae_width_only candidate=cand_000_d1_w1 epoch=65 batch=1/1 batch_size=16512 running_batches=1 batch_loss=1.114079 running_loss=1.114079
[2026-06-19 16:11:46] [VAL] task=simulation phase=ae_width_only candidate=cand_000_d1_w1 epoch=65 starting validation
[2026-06-19 16:11:46] [VAL] task=simulation phase=ae_width_only candidate=cand_000_d1_w1 epoch=65 finished validation val_loss=1.138392
[2026-06-19 16:11:46] [CKPT] task=simulation phase=ae_width_only candidate=cand_000_d1_w1 epoch=65 done path=checkpoint_last.pt gpu_used_mib=15 host_available_mib=1934
[2026-06-19 16:11:46] [simulation][ae_width_only][cand_000_d1_w1] epoch=65 architecture=[1] train_loss=1.114079 val_loss=1.138392 candidate_best=1.138392 global_best=1.138392 es=0/10
[2026-06-19 16:11:49] [CKPT] task=simulation phase=ae_width_only candidate=cand_000_d1_w1 epoch=66 batch=1/1 start path=checkpoint_last.pt
[2026-06-19 16:11:49] [CKPT] task=simulation phase=ae_width_only candidate=cand_000_d1_w1 epoch=66 batch=1/1 done gpu_used_mib=15 host_available_mib=1349
[2026-06-19 16:11:49] [BATCH] task=simulation phase=ae_width_only candidate=cand_000_d1_w1 epoch=66 batch=1/1 batch_size=16512 running_batches=1 batch_loss=1.113922 running_loss=1.113922
[2026-06-19 16:11:49] [VAL] task=simulation phase=ae_width_only candidate=cand_000_d1_w1 epoch=66 starting validation
[2026-06-19 16:11:50] [VAL] task=simulation phase=ae_width_only candidate=cand_000_d1_w1 epoch=66 finished validation val_loss=1.138282
[2026-06-19 16:11:50] [CKPT] task=simulation phase=ae_width_only candidate=cand_000_d1_w1 epoch=66 done path=checkpoint_last.pt gpu_used_mib=15 host_available_mib=1729
[2026-06-19 16:11:50] [simulation][ae_width_only][cand_000_d1_w1] epoch=66 architecture=[1] train_loss=1.113922 val_loss=1.138282 candidate_best=1.138282 global_best=1.138282 es=0/10
[2026-06-19 16:11:53] [CKPT] task=simulation phase=ae_width_only candidate=cand_000_d1_w1 epoch=67 batch=1/1 start path=checkpoint_last.pt
[2026-06-19 16:11:53] [CKPT] task=simulation phase=ae_width_only candidate=cand_000_d1_w1 epoch=67 batch=1/1 done gpu_used_mib=15 host_available_mib=1483
[2026-06-19 16:11:53] [BATCH] task=simulation phase=ae_width_only candidate=cand_000_d1_w1 epoch=67 batch=1/1 batch_size=16512 running_batches=1 batch_loss=1.113768 running_loss=1.113768
[2026-06-19 16:11:53] [VAL] task=simulation phase=ae_width_only candidate=cand_000_d1_w1 epoch=67 starting validation
[2026-06-19 16:11:54] [VAL] task=simulation phase=ae_width_only candidate=cand_000_d1_w1 epoch=67 finished validation val_loss=1.138169
[2026-06-19 16:11:54] [CKPT] task=simulation phase=ae_width_only candidate=cand_000_d1_w1 epoch=67 done path=checkpoint_last.pt gpu_used_mib=15 host_available_mib=1403
[2026-06-19 16:11:54] [simulation][ae_width_only][cand_000_d1_w1] epoch=67 architecture=[1] train_loss=1.113768 val_loss=1.138169 candidate_best=1.138169 global_best=1.138169 es=0/10
[2026-06-19 16:11:57] [CKPT] task=simulation phase=ae_width_only candidate=cand_000_d1_w1 epoch=68 batch=1/1 start path=checkpoint_last.pt
[2026-06-19 16:11:58] [CKPT] task=simulation phase=ae_width_only candidate=cand_000_d1_w1 epoch=68 batch=1/1 done gpu_used_mib=15 host_available_mib=2426
[2026-06-19 16:11:58] [BATCH] task=simulation phase=ae_width_only candidate=cand_000_d1_w1 epoch=68 batch=1/1 batch_size=16512 running_batches=1 batch_loss=1.113617 running_loss=1.113617
[2026-06-19 16:11:58] [VAL] task=simulation phase=ae_width_only candidate=cand_000_d1_w1 epoch=68 starting validation
[2026-06-19 16:11:58] [VAL] task=simulation phase=ae_width_only candidate=cand_000_d1_w1 epoch=68 finished validation val_loss=1.138063
[2026-06-19 16:11:58] [CKPT] task=simulation phase=ae_width_only candidate=cand_000_d1_w1 epoch=68 done path=checkpoint_last.pt gpu_used_mib=15 host_available_mib=2471
[2026-06-19 16:11:58] [simulation][ae_width_only][cand_000_d1_w1] epoch=68 architecture=[1] train_loss=1.113617 val_loss=1.138063 candidate_best=1.138063 global_best=1.138063 es=0/10
[2026-06-19 16:12:02] [CKPT] task=simulation phase=ae_width_only candidate=cand_000_d1_w1 epoch=69 batch=1/1 start path=checkpoint_last.pt
[2026-06-19 16:12:02] [CKPT] task=simulation phase=ae_width_only candidate=cand_000_d1_w1 epoch=69 batch=1/1 done gpu_used_mib=15 host_available_mib=3487
[2026-06-19 16:12:02] [BATCH] task=simulation phase=ae_width_only candidate=cand_000_d1_w1 epoch=69 batch=1/1 batch_size=16512 running_batches=1 batch_loss=1.113467 running_loss=1.113467
[2026-06-19 16:12:02] [VAL] task=simulation phase=ae_width_only candidate=cand_000_d1_w1 epoch=69 starting validation
[2026-06-19 16:12:02] [VAL] task=simulation phase=ae_width_only candidate=cand_000_d1_w1 epoch=69 finished validation val_loss=1.137960
[2026-06-19 16:12:02] [CKPT] task=simulation phase=ae_width_only candidate=cand_000_d1_w1 epoch=69 done path=checkpoint_last.pt gpu_used_mib=15 host_available_mib=3533
[2026-06-19 16:12:02] [simulation][ae_width_only][cand_000_d1_w1] epoch=69 architecture=[1] train_loss=1.113467 val_loss=1.137960 candidate_best=1.137960 global_best=1.137960 es=0/10
[2026-06-19 16:12:06] [CKPT] task=simulation phase=ae_width_only candidate=cand_000_d1_w1 epoch=70 batch=1/1 start path=checkpoint_last.pt
[2026-06-19 16:12:06] [CKPT] task=simulation phase=ae_width_only candidate=cand_000_d1_w1 epoch=70 batch=1/1 done gpu_used_mib=15 host_available_mib=4190
[2026-06-19 16:12:06] [BATCH] task=simulation phase=ae_width_only candidate=cand_000_d1_w1 epoch=70 batch=1/1 batch_size=16512 running_batches=1 batch_loss=1.113321 running_loss=1.113321
[2026-06-19 16:12:06] [VAL] task=simulation phase=ae_width_only candidate=cand_000_d1_w1 epoch=70 starting validation
[2026-06-19 16:12:06] [VAL] task=simulation phase=ae_width_only candidate=cand_000_d1_w1 epoch=70 finished validation val_loss=1.137857
[2026-06-19 16:12:06] [CKPT] task=simulation phase=ae_width_only candidate=cand_000_d1_w1 epoch=70 done path=checkpoint_last.pt gpu_used_mib=15 host_available_mib=4426
[2026-06-19 16:12:06] [simulation][ae_width_only][cand_000_d1_w1] epoch=70 architecture=[1] train_loss=1.113321 val_loss=1.137857 candidate_best=1.137857 global_best=1.137857 es=0/10
[2026-06-19 16:12:10] [CKPT] task=simulation phase=ae_width_only candidate=cand_000_d1_w1 epoch=71 batch=1/1 start path=checkpoint_last.pt
[2026-06-19 16:12:10] [CKPT] task=simulation phase=ae_width_only candidate=cand_000_d1_w1 epoch=71 batch=1/1 done gpu_used_mib=15 host_available_mib=4716
[2026-06-19 16:12:10] [BATCH] task=simulation phase=ae_width_only candidate=cand_000_d1_w1 epoch=71 batch=1/1 batch_size=16512 running_batches=1 batch_loss=1.113176 running_loss=1.113176
[2026-06-19 16:12:10] [VAL] task=simulation phase=ae_width_only candidate=cand_000_d1_w1 epoch=71 starting validation
[2026-06-19 16:12:10] [VAL] task=simulation phase=ae_width_only candidate=cand_000_d1_w1 epoch=71 finished validation val_loss=1.137756
[2026-06-19 16:12:11] [CKPT] task=simulation phase=ae_width_only candidate=cand_000_d1_w1 epoch=71 done path=checkpoint_last.pt gpu_used_mib=15 host_available_mib=4607
[2026-06-19 16:12:11] [simulation][ae_width_only][cand_000_d1_w1] epoch=71 architecture=[1] train_loss=1.113176 val_loss=1.137756 candidate_best=1.137756 global_best=1.137756 es=0/10
