[2026-06-18 15:23:52] Initialized ContinuousLogger for goliath (Mode: sequential)
[2026-06-18 15:23:52] Logs: MLPS/tabular/shared/dae_dnn/results/recovery/missing_width_stl_v1/width_only/autoencoding/repeat_02/d01/training_log.txt
[2026-06-18 15:23:52] CSV: MLPS/tabular/shared/dae_dnn/results/recovery/missing_width_stl_v1/width_only/autoencoding/repeat_02/d01/training_stats.csv
[2026-06-18 15:23:52] Run root: MLPS/tabular/shared/dae_dnn/results/recovery/missing_width_stl_v1/width_only/autoencoding/repeat_02/d01
[2026-06-18 15:23:52] Tasks: ['autoencoding']
[2026-06-18 15:23:52] Phases: ['ae_width_only']
[2026-06-18 15:23:52] Device: cuda
[2026-06-18 15:23:52] Git commit: 7a7eec4fba7b5cbec9304163585cc61beea979e4
[2026-06-18 15:24:09] Initialized ContinuousLogger for goliath (Mode: sequential)
[2026-06-18 15:24:09] Logs: MLPS/tabular/shared/dae_dnn/results/recovery/missing_width_stl_v1/width_only/autoencoding/repeat_02/d01/training_log.txt
[2026-06-18 15:24:09] CSV: MLPS/tabular/shared/dae_dnn/results/recovery/missing_width_stl_v1/width_only/autoencoding/repeat_02/d01/training_stats.csv
[2026-06-18 15:24:09] Run root: MLPS/tabular/shared/dae_dnn/results/recovery/missing_width_stl_v1/width_only/autoencoding/repeat_02/d01
[2026-06-18 15:24:09] Tasks: ['autoencoding']
[2026-06-18 15:24:09] Phases: ['ae_width_only']
[2026-06-18 15:24:09] Device: cuda
[2026-06-18 15:24:09] Git commit: 7a7eec4fba7b5cbec9304163585cc61beea979e4
[2026-06-18 15:24:10] === Task start: autoencoding ===
[2026-06-18 15:24:10] [TASK] start autoencoding
[2026-06-18 15:24:10] [TASK:autoencoding] ADP phase start: ae_width_only
[2026-06-18 15:24:10] Initialized ContinuousLogger for autoencoding_ae_width_only (Mode: ae_width_only)
[2026-06-18 15:24:10] Logs: MLPS/tabular/shared/dae_dnn/results/recovery/missing_width_stl_v1/width_only/autoencoding/repeat_02/d01/autoencoding/ae_width_only/cand_000_d1_w1/training_log.txt
[2026-06-18 15:24:10] CSV: MLPS/tabular/shared/dae_dnn/results/recovery/missing_width_stl_v1/width_only/autoencoding/repeat_02/d01/autoencoding/ae_width_only/cand_000_d1_w1/training_stats.csv
[2026-06-18 15:24:10] [CANDIDATE] task=autoencoding phase=ae_width_only index=0 search_phase=width architecture=[1]
[2026-06-18 15:24:11] [CKPT] task=autoencoding phase=ae_width_only candidate=cand_000_d1_w1 epoch=1 batch=1/50 start path=checkpoint_last.pt
[2026-06-18 15:24:11] [CKPT] task=autoencoding phase=ae_width_only candidate=cand_000_d1_w1 epoch=1 batch=1/50 done gpu_used_mib=1481 host_available_mib=1157
[2026-06-18 15:24:11] [BATCH] task=autoencoding phase=ae_width_only candidate=cand_000_d1_w1 epoch=1 batch=1/50 batch_size=9312 running_batches=1 batch_loss=1.436902 running_loss=1.436902
[2026-06-18 15:24:11] [CKPT] task=autoencoding phase=ae_width_only candidate=cand_000_d1_w1 epoch=1 batch=2/50 start path=checkpoint_last.pt
[2026-06-18 15:24:11] [CKPT] task=autoencoding phase=ae_width_only candidate=cand_000_d1_w1 epoch=1 batch=2/50 done gpu_used_mib=1555 host_available_mib=1207
[2026-06-18 15:24:11] [BATCH] task=autoencoding phase=ae_width_only candidate=cand_000_d1_w1 epoch=1 batch=2/50 batch_size=9312 running_batches=2 batch_loss=1.440657 running_loss=1.438780
[2026-06-18 15:24:12] [CKPT] task=autoencoding phase=ae_width_only candidate=cand_000_d1_w1 epoch=1 batch=3/50 start path=checkpoint_last.pt
[2026-06-18 15:24:12] [CKPT] task=autoencoding phase=ae_width_only candidate=cand_000_d1_w1 epoch=1 batch=3/50 done gpu_used_mib=1466 host_available_mib=1649
[2026-06-18 15:24:12] [BATCH] task=autoencoding phase=ae_width_only candidate=cand_000_d1_w1 epoch=1 batch=3/50 batch_size=9312 running_batches=3 batch_loss=1.411157 running_loss=1.429572
[2026-06-18 15:24:12] [CKPT] task=autoencoding phase=ae_width_only candidate=cand_000_d1_w1 epoch=1 batch=4/50 start path=checkpoint_last.pt
[2026-06-18 15:24:12] [CKPT] task=autoencoding phase=ae_width_only candidate=cand_000_d1_w1 epoch=1 batch=4/50 done gpu_used_mib=1466 host_available_mib=1634
[2026-06-18 15:24:12] [BATCH] task=autoencoding phase=ae_width_only candidate=cand_000_d1_w1 epoch=1 batch=4/50 batch_size=9312 running_batches=4 batch_loss=1.431643 running_loss=1.430090
[2026-06-18 15:24:12] [CKPT] task=autoencoding phase=ae_width_only candidate=cand_000_d1_w1 epoch=1 batch=5/50 start path=checkpoint_last.pt
[2026-06-18 15:24:12] [CKPT] task=autoencoding phase=ae_width_only candidate=cand_000_d1_w1 epoch=1 batch=5/50 done gpu_used_mib=1466 host_available_mib=1587
[2026-06-18 15:24:12] [BATCH] task=autoencoding phase=ae_width_only candidate=cand_000_d1_w1 epoch=1 batch=5/50 batch_size=9312 running_batches=5 batch_loss=1.420778 running_loss=1.428227
[2026-06-18 15:24:12] [CKPT] task=autoencoding phase=ae_width_only candidate=cand_000_d1_w1 epoch=1 batch=6/50 start path=checkpoint_last.pt
[2026-06-18 15:24:12] [CKPT] task=autoencoding phase=ae_width_only candidate=cand_000_d1_w1 epoch=1 batch=6/50 done gpu_used_mib=1466 host_available_mib=1559
[2026-06-18 15:24:12] [BATCH] task=autoencoding phase=ae_width_only candidate=cand_000_d1_w1 epoch=1 batch=6/50 batch_size=9312 running_batches=6 batch_loss=1.848873 running_loss=1.498335
[2026-06-18 15:24:12] [CKPT] task=autoencoding phase=ae_width_only candidate=cand_000_d1_w1 epoch=1 batch=7/50 start path=checkpoint_last.pt
[2026-06-18 15:24:12] [CKPT] task=autoencoding phase=ae_width_only candidate=cand_000_d1_w1 epoch=1 batch=7/50 done gpu_used_mib=1466 host_available_mib=1502
[2026-06-18 15:24:12] [BATCH] task=autoencoding phase=ae_width_only candidate=cand_000_d1_w1 epoch=1 batch=7/50 batch_size=9312 running_batches=7 batch_loss=1.450860 running_loss=1.491553
