2025-10-04 01:21:49 - INFO - ======== [Run 15/140] width=150 depth=4 ========
2025-10-04 01:21:49 - INFO - Device=cuda | dataset=cifar10 | batch=64 | max_epochs=50 | patience=10 | lr=1.00e-03 | wd=1.0e-04
2025-10-04 01:21:49 - INFO - Model params=614260 | neurons=750 | pooling=[1, 3]
2025-10-04 01:22:13 - INFO - [epoch 1/50] train_loss=1.4400 | val_loss=1.2530 | val_acc=0.5336 | best_val=1.2530@1 | bad=0/10 | lr=1.00e-03 | dt=24.1s
2025-10-04 01:22:36 - INFO - [epoch 2/50] train_loss=1.0778 | val_loss=1.1585 | val_acc=0.5900 | best_val=1.1585@2 | bad=0/10 | lr=1.00e-03 | dt=22.9s
2025-10-04 01:22:59 - INFO - [epoch 3/50] train_loss=0.9424 | val_loss=1.0194 | val_acc=0.6396 | best_val=1.0194@3 | bad=0/10 | lr=1.00e-03 | dt=23.3s
2025-10-04 01:23:23 - INFO - [epoch 4/50] train_loss=0.8374 | val_loss=0.9885 | val_acc=0.6466 | best_val=0.9885@4 | bad=0/10 | lr=1.00e-03 | dt=23.4s
2025-10-04 01:23:46 - INFO - [epoch 5/50] train_loss=0.7589 | val_loss=0.7734 | val_acc=0.7334 | best_val=0.7734@5 | bad=0/10 | lr=1.00e-03 | dt=23.6s
2025-10-04 01:24:10 - INFO - [epoch 6/50] train_loss=0.6869 | val_loss=0.7239 | val_acc=0.7452 | best_val=0.7239@6 | bad=0/10 | lr=1.00e-03 | dt=23.3s
2025-10-04 01:24:33 - INFO - [epoch 7/50] train_loss=0.6377 | val_loss=0.7355 | val_acc=0.7482 | best_val=0.7239@6 | bad=1/10 | lr=1.00e-03 | dt=23.6s
2025-10-04 01:24:57 - INFO - [epoch 8/50] train_loss=0.5994 | val_loss=0.6853 | val_acc=0.7728 | best_val=0.6853@8 | bad=0/10 | lr=1.00e-03 | dt=23.6s
2025-10-04 01:25:20 - INFO - [epoch 9/50] train_loss=0.5639 | val_loss=0.5998 | val_acc=0.7950 | best_val=0.5998@9 | bad=0/10 | lr=1.00e-03 | dt=23.2s
2025-10-04 01:25:44 - INFO - [epoch 10/50] train_loss=0.5351 | val_loss=0.6342 | val_acc=0.7778 | best_val=0.5998@9 | bad=1/10 | lr=1.00e-03 | dt=23.7s
2025-10-04 01:26:07 - INFO - [epoch 11/50] train_loss=0.5082 | val_loss=0.6082 | val_acc=0.7924 | best_val=0.5998@9 | bad=2/10 | lr=1.00e-03 | dt=23.8s
2025-10-04 01:26:31 - INFO - [epoch 12/50] train_loss=0.4849 | val_loss=0.6059 | val_acc=0.7942 | best_val=0.5998@9 | bad=3/10 | lr=1.00e-03 | dt=23.8s
2025-10-04 01:26:56 - INFO - [epoch 13/50] train_loss=0.4762 | val_loss=0.5858 | val_acc=0.8018 | best_val=0.5858@13 | bad=0/10 | lr=1.00e-03 | dt=24.5s
2025-10-04 01:27:19 - INFO - [epoch 14/50] train_loss=0.4572 | val_loss=0.6036 | val_acc=0.7980 | best_val=0.5858@13 | bad=1/10 | lr=1.00e-03 | dt=23.8s
2025-10-04 01:27:43 - INFO - [epoch 15/50] train_loss=0.4347 | val_loss=0.6215 | val_acc=0.7962 | best_val=0.5858@13 | bad=2/10 | lr=1.00e-03 | dt=23.4s
2025-10-04 01:28:07 - INFO - [epoch 16/50] train_loss=0.4215 | val_loss=0.5559 | val_acc=0.8208 | best_val=0.5559@16 | bad=0/10 | lr=1.00e-03 | dt=23.7s
2025-10-04 01:28:30 - INFO - [epoch 17/50] train_loss=0.4102 | val_loss=0.5139 | val_acc=0.8272 | best_val=0.5139@17 | bad=0/10 | lr=1.00e-03 | dt=23.2s
2025-10-04 01:28:53 - INFO - [epoch 18/50] train_loss=0.3948 | val_loss=0.5135 | val_acc=0.8294 | best_val=0.5135@18 | bad=0/10 | lr=1.00e-03 | dt=23.7s
2025-10-04 01:29:17 - INFO - [epoch 19/50] train_loss=0.3892 | val_loss=0.5354 | val_acc=0.8224 | best_val=0.5135@18 | bad=1/10 | lr=1.00e-03 | dt=23.9s
2025-10-04 01:29:41 - INFO - [epoch 20/50] train_loss=0.3753 | val_loss=0.5553 | val_acc=0.8162 | best_val=0.5135@18 | bad=2/10 | lr=1.00e-03 | dt=23.7s
2025-10-04 01:30:05 - INFO - [epoch 21/50] train_loss=0.3663 | val_loss=0.5413 | val_acc=0.8228 | best_val=0.5135@18 | bad=3/10 | lr=1.00e-03 | dt=23.7s
2025-10-04 01:30:28 - INFO - [epoch 22/50] train_loss=0.3576 | val_loss=0.5320 | val_acc=0.8266 | best_val=0.5135@18 | bad=4/10 | lr=1.00e-03 | dt=23.3s
2025-10-04 01:30:51 - INFO - [epoch 23/50] train_loss=0.3534 | val_loss=0.5463 | val_acc=0.8248 | best_val=0.5135@18 | bad=5/10 | lr=1.00e-03 | dt=23.2s
2025-10-04 01:31:15 - INFO - [epoch 24/50] train_loss=0.3416 | val_loss=0.4968 | val_acc=0.8368 | best_val=0.4968@24 | bad=0/10 | lr=1.00e-03 | dt=23.3s
2025-10-04 01:31:38 - INFO - [epoch 25/50] train_loss=0.3327 | val_loss=0.4961 | val_acc=0.8302 | best_val=0.4961@25 | bad=0/10 | lr=1.00e-03 | dt=23.0s
2025-10-04 01:32:01 - INFO - [epoch 26/50] train_loss=0.3273 | val_loss=0.4859 | val_acc=0.8368 | best_val=0.4859@26 | bad=0/10 | lr=1.00e-03 | dt=23.3s
2025-10-04 01:32:24 - INFO - [epoch 27/50] train_loss=0.3221 | val_loss=0.5140 | val_acc=0.8352 | best_val=0.4859@26 | bad=1/10 | lr=1.00e-03 | dt=23.4s
2025-10-04 01:32:48 - INFO - [epoch 28/50] train_loss=0.3154 | val_loss=0.4537 | val_acc=0.8518 | best_val=0.4537@28 | bad=0/10 | lr=1.00e-03 | dt=23.7s
2025-10-04 01:33:12 - INFO - [epoch 29/50] train_loss=0.3130 | val_loss=0.5228 | val_acc=0.8284 | best_val=0.4537@28 | bad=1/10 | lr=1.00e-03 | dt=23.5s
2025-10-04 01:33:35 - INFO - [epoch 30/50] train_loss=0.3097 | val_loss=0.5789 | val_acc=0.8184 | best_val=0.4537@28 | bad=2/10 | lr=1.00e-03 | dt=23.3s
2025-10-04 01:33:58 - INFO - [epoch 31/50] train_loss=0.2966 | val_loss=0.5447 | val_acc=0.8302 | best_val=0.4537@28 | bad=3/10 | lr=1.00e-03 | dt=23.5s
2025-10-04 01:34:22 - INFO - [epoch 32/50] train_loss=0.2945 | val_loss=0.5635 | val_acc=0.8174 | best_val=0.4537@28 | bad=4/10 | lr=1.00e-03 | dt=23.3s
2025-10-04 01:34:45 - INFO - [epoch 33/50] train_loss=0.2920 | val_loss=0.5235 | val_acc=0.8390 | best_val=0.4537@28 | bad=5/10 | lr=1.00e-03 | dt=23.7s
2025-10-04 01:35:09 - INFO - [epoch 34/50] train_loss=0.2856 | val_loss=0.4564 | val_acc=0.8506 | best_val=0.4537@28 | bad=6/10 | lr=1.00e-03 | dt=23.2s
2025-10-04 01:35:32 - INFO - [epoch 35/50] train_loss=0.2837 | val_loss=0.5157 | val_acc=0.8362 | best_val=0.4537@28 | bad=7/10 | lr=1.00e-03 | dt=23.3s
2025-10-04 01:35:55 - INFO - [epoch 36/50] train_loss=0.2836 | val_loss=0.5104 | val_acc=0.8368 | best_val=0.4537@28 | bad=8/10 | lr=1.00e-03 | dt=23.3s
2025-10-04 01:36:18 - INFO - [epoch 37/50] train_loss=0.2744 | val_loss=0.5198 | val_acc=0.8358 | best_val=0.4537@28 | bad=9/10 | lr=1.00e-03 | dt=23.3s
2025-10-04 01:36:43 - INFO - [epoch 38/50] train_loss=0.2683 | val_loss=0.5125 | val_acc=0.8406 | best_val=0.4537@28 | bad=10/10 | lr=1.00e-03 | dt=24.0s
2025-10-04 01:36:43 - INFO - Early stopping: no improvement for 10 epochs (best=0.4537 @ epoch 28)
2025-10-04 01:36:43 - INFO - Run finished in 894.1s | best_val_loss=0.4537 @epoch 28 | best_val_acc=0.8518
2025-10-04 01:36:45 - INFO - Test: loss=0.5111 acc=0.8401
2025-10-04 01:36:45 - INFO - ======== [End Run 15/140] width=150 depth=4 | best_val=0.4537 | test_acc=0.8401 ========

