2025-10-04 14:22:09 - INFO - ======== [Run 66/140] width=60 depth=7 ========
2025-10-04 14:22:09 - INFO - Device=cuda | dataset=cifar10 | batch=64 | max_epochs=50 | patience=10 | lr=1.00e-03 | wd=1.0e-04
2025-10-04 14:22:09 - INFO - Model params=197470 | neurons=480 | pooling=[1, 3]
2025-10-04 14:22:37 - INFO - [epoch 1/50] train_loss=1.5056 | val_loss=1.2381 | val_acc=0.5534 | best_val=1.2381@1 | bad=0/10 | lr=1.00e-03 | dt=27.8s
2025-10-04 14:23:06 - INFO - [epoch 2/50] train_loss=1.0613 | val_loss=1.1290 | val_acc=0.6270 | best_val=1.1290@2 | bad=0/10 | lr=1.00e-03 | dt=29.6s
2025-10-04 14:23:39 - INFO - [epoch 3/50] train_loss=0.8865 | val_loss=0.8429 | val_acc=0.7004 | best_val=0.8429@3 | bad=0/10 | lr=1.00e-03 | dt=33.3s
2025-10-04 14:24:06 - INFO - [epoch 4/50] train_loss=0.7741 | val_loss=0.9026 | val_acc=0.6990 | best_val=0.8429@3 | bad=1/10 | lr=1.00e-03 | dt=26.2s
2025-10-04 14:24:35 - INFO - [epoch 5/50] train_loss=0.6937 | val_loss=0.6413 | val_acc=0.7824 | best_val=0.6413@5 | bad=0/10 | lr=1.00e-03 | dt=29.6s
2025-10-04 14:24:57 - INFO - [epoch 6/50] train_loss=0.6416 | val_loss=0.7531 | val_acc=0.7424 | best_val=0.6413@5 | bad=1/10 | lr=1.00e-03 | dt=21.4s
2025-10-04 14:25:25 - INFO - [epoch 7/50] train_loss=0.5991 | val_loss=0.6048 | val_acc=0.7908 | best_val=0.6048@7 | bad=0/10 | lr=1.00e-03 | dt=27.9s
2025-10-04 14:25:48 - INFO - [epoch 8/50] train_loss=0.5659 | val_loss=0.6639 | val_acc=0.7754 | best_val=0.6048@7 | bad=1/10 | lr=1.00e-03 | dt=23.4s
2025-10-04 14:26:12 - INFO - [epoch 9/50] train_loss=0.5411 | val_loss=0.6354 | val_acc=0.7796 | best_val=0.6048@7 | bad=2/10 | lr=1.00e-03 | dt=23.8s
2025-10-04 14:26:34 - INFO - [epoch 10/50] train_loss=0.5148 | val_loss=0.5698 | val_acc=0.8050 | best_val=0.5698@10 | bad=0/10 | lr=1.00e-03 | dt=21.8s
2025-10-04 14:27:00 - INFO - [epoch 11/50] train_loss=0.4944 | val_loss=0.6192 | val_acc=0.7980 | best_val=0.5698@10 | bad=1/10 | lr=1.00e-03 | dt=26.3s
2025-10-04 14:27:22 - INFO - [epoch 12/50] train_loss=0.4745 | val_loss=0.5572 | val_acc=0.8112 | best_val=0.5572@12 | bad=0/10 | lr=1.00e-03 | dt=22.2s
2025-10-04 14:27:43 - INFO - [epoch 13/50] train_loss=0.4588 | val_loss=0.5008 | val_acc=0.8290 | best_val=0.5008@13 | bad=0/10 | lr=1.00e-03 | dt=21.4s
2025-10-04 14:28:07 - INFO - [epoch 14/50] train_loss=0.4469 | val_loss=0.5048 | val_acc=0.8266 | best_val=0.5008@13 | bad=1/10 | lr=1.00e-03 | dt=23.3s
2025-10-04 14:28:32 - INFO - [epoch 15/50] train_loss=0.4291 | val_loss=0.4664 | val_acc=0.8390 | best_val=0.4664@15 | bad=0/10 | lr=1.00e-03 | dt=25.0s
2025-10-04 14:28:58 - INFO - [epoch 16/50] train_loss=0.4210 | val_loss=0.4773 | val_acc=0.8370 | best_val=0.4664@15 | bad=1/10 | lr=1.00e-03 | dt=26.5s
2025-10-04 14:29:24 - INFO - [epoch 17/50] train_loss=0.4054 | val_loss=0.5064 | val_acc=0.8284 | best_val=0.4664@15 | bad=2/10 | lr=1.00e-03 | dt=25.7s
2025-10-04 14:29:49 - INFO - [epoch 18/50] train_loss=0.3974 | val_loss=0.4545 | val_acc=0.8458 | best_val=0.4545@18 | bad=0/10 | lr=1.00e-03 | dt=25.4s
2025-10-04 14:30:18 - INFO - [epoch 19/50] train_loss=0.3892 | val_loss=0.4983 | val_acc=0.8344 | best_val=0.4545@18 | bad=1/10 | lr=1.00e-03 | dt=28.3s
2025-10-04 14:30:48 - INFO - [epoch 20/50] train_loss=0.3822 | val_loss=0.4800 | val_acc=0.8404 | best_val=0.4545@18 | bad=2/10 | lr=1.00e-03 | dt=29.8s
2025-10-04 14:31:17 - INFO - [epoch 21/50] train_loss=0.3728 | val_loss=0.4392 | val_acc=0.8530 | best_val=0.4392@21 | bad=0/10 | lr=1.00e-03 | dt=29.6s
2025-10-04 14:31:42 - INFO - [epoch 22/50] train_loss=0.3651 | val_loss=0.4577 | val_acc=0.8484 | best_val=0.4392@21 | bad=1/10 | lr=1.00e-03 | dt=24.9s
2025-10-04 14:32:09 - INFO - [epoch 23/50] train_loss=0.3569 | val_loss=0.4733 | val_acc=0.8400 | best_val=0.4392@21 | bad=2/10 | lr=1.00e-03 | dt=26.6s
2025-10-04 14:32:33 - INFO - [epoch 24/50] train_loss=0.3513 | val_loss=0.4574 | val_acc=0.8498 | best_val=0.4392@21 | bad=3/10 | lr=1.00e-03 | dt=24.6s
2025-10-04 14:32:58 - INFO - [epoch 25/50] train_loss=0.3464 | val_loss=0.4800 | val_acc=0.8382 | best_val=0.4392@21 | bad=4/10 | lr=1.00e-03 | dt=25.0s
2025-10-04 14:33:21 - INFO - [epoch 26/50] train_loss=0.3381 | val_loss=0.5026 | val_acc=0.8326 | best_val=0.4392@21 | bad=5/10 | lr=1.00e-03 | dt=22.5s
2025-10-04 14:33:45 - INFO - [epoch 27/50] train_loss=0.3312 | val_loss=0.4444 | val_acc=0.8550 | best_val=0.4392@21 | bad=6/10 | lr=1.00e-03 | dt=24.4s
2025-10-04 14:34:10 - INFO - [epoch 28/50] train_loss=0.3283 | val_loss=0.4350 | val_acc=0.8548 | best_val=0.4350@28 | bad=0/10 | lr=1.00e-03 | dt=24.9s
2025-10-04 14:34:36 - INFO - [epoch 29/50] train_loss=0.3303 | val_loss=0.4639 | val_acc=0.8456 | best_val=0.4350@28 | bad=1/10 | lr=1.00e-03 | dt=25.4s
2025-10-04 14:34:58 - INFO - [epoch 30/50] train_loss=0.3189 | val_loss=0.5349 | val_acc=0.8366 | best_val=0.4350@28 | bad=2/10 | lr=1.00e-03 | dt=22.3s
2025-10-04 14:35:22 - INFO - [epoch 31/50] train_loss=0.3114 | val_loss=0.4459 | val_acc=0.8570 | best_val=0.4350@28 | bad=3/10 | lr=1.00e-03 | dt=24.1s
2025-10-04 14:35:47 - INFO - [epoch 32/50] train_loss=0.3076 | val_loss=0.4683 | val_acc=0.8530 | best_val=0.4350@28 | bad=4/10 | lr=1.00e-03 | dt=24.9s
2025-10-04 14:36:11 - INFO - [epoch 33/50] train_loss=0.3073 | val_loss=0.4712 | val_acc=0.8502 | best_val=0.4350@28 | bad=5/10 | lr=1.00e-03 | dt=24.0s
2025-10-04 14:36:38 - INFO - [epoch 34/50] train_loss=0.3045 | val_loss=0.4676 | val_acc=0.8462 | best_val=0.4350@28 | bad=6/10 | lr=1.00e-03 | dt=26.5s
2025-10-04 14:37:06 - INFO - [epoch 35/50] train_loss=0.2981 | val_loss=0.4462 | val_acc=0.8564 | best_val=0.4350@28 | bad=7/10 | lr=1.00e-03 | dt=28.8s
2025-10-04 14:37:29 - INFO - [epoch 36/50] train_loss=0.2996 | val_loss=0.4121 | val_acc=0.8624 | best_val=0.4121@36 | bad=0/10 | lr=1.00e-03 | dt=23.1s
2025-10-04 14:37:54 - INFO - [epoch 37/50] train_loss=0.2921 | val_loss=0.4580 | val_acc=0.8524 | best_val=0.4121@36 | bad=1/10 | lr=1.00e-03 | dt=24.2s
2025-10-04 14:38:16 - INFO - [epoch 38/50] train_loss=0.2910 | val_loss=0.4357 | val_acc=0.8630 | best_val=0.4121@36 | bad=2/10 | lr=1.00e-03 | dt=22.1s
2025-10-04 14:38:39 - INFO - [epoch 39/50] train_loss=0.2886 | val_loss=0.4206 | val_acc=0.8656 | best_val=0.4121@36 | bad=3/10 | lr=1.00e-03 | dt=23.4s
2025-10-04 14:39:01 - INFO - [epoch 40/50] train_loss=0.2797 | val_loss=0.4203 | val_acc=0.8614 | best_val=0.4121@36 | bad=4/10 | lr=1.00e-03 | dt=22.3s
2025-10-04 14:39:23 - INFO - [epoch 41/50] train_loss=0.2762 | val_loss=0.4089 | val_acc=0.8680 | best_val=0.4089@41 | bad=0/10 | lr=1.00e-03 | dt=21.5s
2025-10-04 14:39:43 - INFO - [epoch 42/50] train_loss=0.2764 | val_loss=0.4431 | val_acc=0.8588 | best_val=0.4089@41 | bad=1/10 | lr=1.00e-03 | dt=19.9s
2025-10-04 14:40:01 - INFO - [epoch 43/50] train_loss=0.2773 | val_loss=0.4351 | val_acc=0.8588 | best_val=0.4089@41 | bad=2/10 | lr=1.00e-03 | dt=18.4s
2025-10-04 14:40:22 - INFO - [epoch 44/50] train_loss=0.2741 | val_loss=0.4477 | val_acc=0.8596 | best_val=0.4089@41 | bad=3/10 | lr=1.00e-03 | dt=21.0s
2025-10-04 14:40:43 - INFO - [epoch 45/50] train_loss=0.2673 | val_loss=0.4411 | val_acc=0.8590 | best_val=0.4089@41 | bad=4/10 | lr=1.00e-03 | dt=20.7s
2025-10-04 14:41:04 - INFO - [epoch 46/50] train_loss=0.2684 | val_loss=0.4179 | val_acc=0.8704 | best_val=0.4089@41 | bad=5/10 | lr=1.00e-03 | dt=20.7s
2025-10-04 14:41:50 - INFO - [epoch 47/50] train_loss=0.2689 | val_loss=0.4008 | val_acc=0.8706 | best_val=0.4008@47 | bad=0/10 | lr=1.00e-03 | dt=46.4s
2025-10-04 14:42:38 - INFO - [epoch 48/50] train_loss=0.2621 | val_loss=0.4157 | val_acc=0.8676 | best_val=0.4008@47 | bad=1/10 | lr=1.00e-03 | dt=47.5s
2025-10-04 14:43:26 - INFO - [epoch 49/50] train_loss=0.2652 | val_loss=0.4874 | val_acc=0.8524 | best_val=0.4008@47 | bad=2/10 | lr=1.00e-03 | dt=48.6s
2025-10-04 14:44:13 - INFO - [epoch 50/50] train_loss=0.2596 | val_loss=0.4181 | val_acc=0.8696 | best_val=0.4008@47 | bad=3/10 | lr=1.00e-03 | dt=47.3s
2025-10-04 14:44:14 - INFO - Run finished in 1325.3s | best_val_loss=0.4008 @epoch 47 | best_val_acc=0.8706
2025-10-04 14:44:19 - INFO - Test: loss=0.4417 acc=0.8623
2025-10-04 14:44:19 - INFO - ======== [End Run 66/140] width=60 depth=7 | best_val=0.4008 | test_acc=0.8623 ========

