2025-10-04 07:01:59 - INFO - ======== [Run 39/140] width=190 depth=5 ========
2025-10-04 07:01:59 - INFO - Device=cuda | dataset=cifar10 | batch=64 | max_epochs=50 | patience=10 | lr=1.00e-03 | wd=1.0e-04
2025-10-04 07:01:59 - INFO - Model params=1308540 | neurons=1140 | pooling=[1, 3]
2025-10-04 07:02:29 - INFO - [epoch 1/50] train_loss=1.4208 | val_loss=1.1956 | val_acc=0.5734 | best_val=1.1956@1 | bad=0/10 | lr=1.00e-03 | dt=29.9s
2025-10-04 07:02:59 - INFO - [epoch 2/50] train_loss=1.0229 | val_loss=1.0707 | val_acc=0.6208 | best_val=1.0707@2 | bad=0/10 | lr=1.00e-03 | dt=30.0s
2025-10-04 07:03:29 - INFO - [epoch 3/50] train_loss=0.8521 | val_loss=0.9021 | val_acc=0.6918 | best_val=0.9021@3 | bad=0/10 | lr=1.00e-03 | dt=29.7s
2025-10-04 07:03:58 - INFO - [epoch 4/50] train_loss=0.7239 | val_loss=0.7673 | val_acc=0.7286 | best_val=0.7673@4 | bad=0/10 | lr=1.00e-03 | dt=29.3s
2025-10-04 07:04:30 - INFO - [epoch 5/50] train_loss=0.6404 | val_loss=0.6738 | val_acc=0.7720 | best_val=0.6738@5 | bad=0/10 | lr=1.00e-03 | dt=31.2s
2025-10-04 07:05:00 - INFO - [epoch 6/50] train_loss=0.5806 | val_loss=0.6676 | val_acc=0.7734 | best_val=0.6676@6 | bad=0/10 | lr=1.00e-03 | dt=30.7s
2025-10-04 07:05:31 - INFO - [epoch 7/50] train_loss=0.5357 | val_loss=0.5645 | val_acc=0.8130 | best_val=0.5645@7 | bad=0/10 | lr=1.00e-03 | dt=30.5s
2025-10-04 07:06:01 - INFO - [epoch 8/50] train_loss=0.4959 | val_loss=0.5612 | val_acc=0.8082 | best_val=0.5612@8 | bad=0/10 | lr=1.00e-03 | dt=30.1s
2025-10-04 07:06:31 - INFO - [epoch 9/50] train_loss=0.4710 | val_loss=0.5850 | val_acc=0.8026 | best_val=0.5612@8 | bad=1/10 | lr=1.00e-03 | dt=29.7s
2025-10-04 07:06:59 - INFO - [epoch 10/50] train_loss=0.4393 | val_loss=0.5338 | val_acc=0.8182 | best_val=0.5338@10 | bad=0/10 | lr=1.00e-03 | dt=28.5s
2025-10-04 07:07:27 - INFO - [epoch 11/50] train_loss=0.4192 | val_loss=0.5731 | val_acc=0.8100 | best_val=0.5338@10 | bad=1/10 | lr=1.00e-03 | dt=27.9s
2025-10-04 07:07:56 - INFO - [epoch 12/50] train_loss=0.3988 | val_loss=0.5447 | val_acc=0.8210 | best_val=0.5338@10 | bad=2/10 | lr=1.00e-03 | dt=28.7s
2025-10-04 07:08:24 - INFO - [epoch 13/50] train_loss=0.3769 | val_loss=0.5147 | val_acc=0.8276 | best_val=0.5147@13 | bad=0/10 | lr=1.00e-03 | dt=28.3s
2025-10-04 07:08:52 - INFO - [epoch 14/50] train_loss=0.3636 | val_loss=0.4894 | val_acc=0.8368 | best_val=0.4894@14 | bad=0/10 | lr=1.00e-03 | dt=28.5s
2025-10-04 07:09:21 - INFO - [epoch 15/50] train_loss=0.3490 | val_loss=0.4453 | val_acc=0.8516 | best_val=0.4453@15 | bad=0/10 | lr=1.00e-03 | dt=28.7s
2025-10-04 07:09:50 - INFO - [epoch 16/50] train_loss=0.3376 | val_loss=0.4912 | val_acc=0.8446 | best_val=0.4453@15 | bad=1/10 | lr=1.00e-03 | dt=29.1s
2025-10-04 07:10:18 - INFO - [epoch 17/50] train_loss=0.3239 | val_loss=0.4455 | val_acc=0.8558 | best_val=0.4453@15 | bad=2/10 | lr=1.00e-03 | dt=28.1s
2025-10-04 07:10:46 - INFO - [epoch 18/50] train_loss=0.3163 | val_loss=0.4253 | val_acc=0.8560 | best_val=0.4253@18 | bad=0/10 | lr=1.00e-03 | dt=28.1s
2025-10-04 07:11:15 - INFO - [epoch 19/50] train_loss=0.3075 | val_loss=0.4697 | val_acc=0.8446 | best_val=0.4253@18 | bad=1/10 | lr=1.00e-03 | dt=28.5s
2025-10-04 07:11:43 - INFO - [epoch 20/50] train_loss=0.2964 | val_loss=0.4411 | val_acc=0.8594 | best_val=0.4253@18 | bad=2/10 | lr=1.00e-03 | dt=28.5s
2025-10-04 07:12:12 - INFO - [epoch 21/50] train_loss=0.2894 | val_loss=0.4029 | val_acc=0.8684 | best_val=0.4029@21 | bad=0/10 | lr=1.00e-03 | dt=28.5s
2025-10-04 07:12:40 - INFO - [epoch 22/50] train_loss=0.2780 | val_loss=0.4146 | val_acc=0.8618 | best_val=0.4029@21 | bad=1/10 | lr=1.00e-03 | dt=28.6s
2025-10-04 07:13:09 - INFO - [epoch 23/50] train_loss=0.2723 | val_loss=0.4451 | val_acc=0.8612 | best_val=0.4029@21 | bad=2/10 | lr=1.00e-03 | dt=28.8s
2025-10-04 07:13:38 - INFO - [epoch 24/50] train_loss=0.2610 | val_loss=0.4290 | val_acc=0.8622 | best_val=0.4029@21 | bad=3/10 | lr=1.00e-03 | dt=28.9s
2025-10-04 07:14:07 - INFO - [epoch 25/50] train_loss=0.2574 | val_loss=0.3875 | val_acc=0.8708 | best_val=0.3875@25 | bad=0/10 | lr=1.00e-03 | dt=28.7s
2025-10-04 07:14:35 - INFO - [epoch 26/50] train_loss=0.2516 | val_loss=0.4368 | val_acc=0.8644 | best_val=0.3875@25 | bad=1/10 | lr=1.00e-03 | dt=28.4s
2025-10-04 07:15:03 - INFO - [epoch 27/50] train_loss=0.2466 | val_loss=0.4153 | val_acc=0.8728 | best_val=0.3875@25 | bad=2/10 | lr=1.00e-03 | dt=28.1s
2025-10-04 07:15:32 - INFO - [epoch 28/50] train_loss=0.2410 | val_loss=0.4303 | val_acc=0.8644 | best_val=0.3875@25 | bad=3/10 | lr=1.00e-03 | dt=28.5s
2025-10-04 07:16:00 - INFO - [epoch 29/50] train_loss=0.2396 | val_loss=0.3958 | val_acc=0.8726 | best_val=0.3875@25 | bad=4/10 | lr=1.00e-03 | dt=28.0s
2025-10-04 07:16:29 - INFO - [epoch 30/50] train_loss=0.2336 | val_loss=0.4245 | val_acc=0.8630 | best_val=0.3875@25 | bad=5/10 | lr=1.00e-03 | dt=29.4s
2025-10-04 07:16:58 - INFO - [epoch 31/50] train_loss=0.2315 | val_loss=0.4044 | val_acc=0.8686 | best_val=0.3875@25 | bad=6/10 | lr=1.00e-03 | dt=28.4s
2025-10-04 07:17:27 - INFO - [epoch 32/50] train_loss=0.2212 | val_loss=0.4479 | val_acc=0.8616 | best_val=0.3875@25 | bad=7/10 | lr=1.00e-03 | dt=28.9s
2025-10-04 07:17:55 - INFO - [epoch 33/50] train_loss=0.2212 | val_loss=0.4560 | val_acc=0.8586 | best_val=0.3875@25 | bad=8/10 | lr=1.00e-03 | dt=28.1s
2025-10-04 07:18:23 - INFO - [epoch 34/50] train_loss=0.2147 | val_loss=0.4614 | val_acc=0.8644 | best_val=0.3875@25 | bad=9/10 | lr=1.00e-03 | dt=28.6s
2025-10-04 07:18:52 - INFO - [epoch 35/50] train_loss=0.2142 | val_loss=0.4192 | val_acc=0.8720 | best_val=0.3875@25 | bad=10/10 | lr=1.00e-03 | dt=28.3s
2025-10-04 07:18:52 - INFO - Early stopping: no improvement for 10 epochs (best=0.3875 @ epoch 25)
2025-10-04 07:18:52 - INFO - Run finished in 1012.4s | best_val_loss=0.3875 @epoch 25 | best_val_acc=0.8708
2025-10-04 07:18:54 - INFO - Test: loss=0.4476 acc=0.8630
2025-10-04 07:18:54 - INFO - ======== [End Run 39/140] width=190 depth=5 | best_val=0.3875 | test_acc=0.8630 ========

