2025-10-03 12:49:39 - INFO - ======== [Run 21/200] width=210 depth=3 ========
2025-10-03 12:49:39 - INFO - Device=cuda | dataset=cifar10 | batch=64 | max_epochs=50 | patience=10 | lr=1.00e-03 | wd=1.0e-04
2025-10-03 12:49:39 - INFO - Model params=802840 | neurons=840 | pooling=[1, 3]
2025-10-03 12:51:44 - INFO - [epoch 1/50] train_loss=1.5148 | val_loss=1.3823 | val_acc=0.4990 | best_val=1.3823@1 | bad=0/10 | lr=1.00e-03 | dt=124.7s
2025-10-03 12:53:09 - INFO - [epoch 2/50] train_loss=1.2227 | val_loss=1.3450 | val_acc=0.5290 | best_val=1.3450@2 | bad=0/10 | lr=1.00e-03 | dt=84.9s
2025-10-03 12:53:34 - INFO - [epoch 3/50] train_loss=1.1100 | val_loss=1.2752 | val_acc=0.5496 | best_val=1.2752@3 | bad=0/10 | lr=1.00e-03 | dt=25.5s
2025-10-03 12:54:00 - INFO - [epoch 4/50] train_loss=1.0287 | val_loss=1.1642 | val_acc=0.6068 | best_val=1.1642@4 | bad=0/10 | lr=1.00e-03 | dt=25.5s
2025-10-03 12:54:26 - INFO - [epoch 5/50] train_loss=0.9560 | val_loss=1.0812 | val_acc=0.6298 | best_val=1.0812@5 | bad=0/10 | lr=1.00e-03 | dt=25.5s
2025-10-03 12:54:51 - INFO - [epoch 6/50] train_loss=0.8994 | val_loss=1.1378 | val_acc=0.5956 | best_val=1.0812@5 | bad=1/10 | lr=1.00e-03 | dt=25.6s
2025-10-03 12:55:17 - INFO - [epoch 7/50] train_loss=0.8472 | val_loss=1.0490 | val_acc=0.6480 | best_val=1.0490@7 | bad=0/10 | lr=1.00e-03 | dt=26.1s
2025-10-03 12:55:43 - INFO - [epoch 8/50] train_loss=0.8081 | val_loss=1.1736 | val_acc=0.6016 | best_val=1.0490@7 | bad=1/10 | lr=1.00e-03 | dt=25.7s
2025-10-03 12:56:09 - INFO - [epoch 9/50] train_loss=0.7711 | val_loss=0.7960 | val_acc=0.7170 | best_val=0.7960@9 | bad=0/10 | lr=1.00e-03 | dt=25.7s
2025-10-03 12:56:34 - INFO - [epoch 10/50] train_loss=0.7387 | val_loss=0.8967 | val_acc=0.6838 | best_val=0.7960@9 | bad=1/10 | lr=1.00e-03 | dt=25.7s
2025-10-03 12:57:00 - INFO - [epoch 11/50] train_loss=0.7074 | val_loss=0.7928 | val_acc=0.7330 | best_val=0.7928@11 | bad=0/10 | lr=1.00e-03 | dt=25.7s
2025-10-03 12:57:26 - INFO - [epoch 12/50] train_loss=0.6959 | val_loss=1.2100 | val_acc=0.6254 | best_val=0.7928@11 | bad=1/10 | lr=1.00e-03 | dt=25.8s
2025-10-03 12:57:51 - INFO - [epoch 13/50] train_loss=0.6614 | val_loss=0.8187 | val_acc=0.7134 | best_val=0.7928@11 | bad=2/10 | lr=1.00e-03 | dt=25.7s
2025-10-03 12:58:17 - INFO - [epoch 14/50] train_loss=0.6497 | val_loss=0.7322 | val_acc=0.7492 | best_val=0.7322@14 | bad=0/10 | lr=1.00e-03 | dt=25.9s
2025-10-03 12:58:43 - INFO - [epoch 15/50] train_loss=0.6328 | val_loss=0.8074 | val_acc=0.7212 | best_val=0.7322@14 | bad=1/10 | lr=1.00e-03 | dt=25.7s
2025-10-03 12:59:09 - INFO - [epoch 16/50] train_loss=0.6204 | val_loss=0.8355 | val_acc=0.7162 | best_val=0.7322@14 | bad=2/10 | lr=1.00e-03 | dt=25.7s
2025-10-03 12:59:35 - INFO - [epoch 17/50] train_loss=0.6072 | val_loss=0.9167 | val_acc=0.7192 | best_val=0.7322@14 | bad=3/10 | lr=1.00e-03 | dt=25.9s
2025-10-03 13:00:01 - INFO - [epoch 18/50] train_loss=0.5923 | val_loss=0.6524 | val_acc=0.7736 | best_val=0.6524@18 | bad=0/10 | lr=1.00e-03 | dt=26.0s
2025-10-03 13:00:27 - INFO - [epoch 19/50] train_loss=0.5757 | val_loss=0.8250 | val_acc=0.7256 | best_val=0.6524@18 | bad=1/10 | lr=1.00e-03 | dt=26.1s
2025-10-03 13:00:53 - INFO - [epoch 20/50] train_loss=0.5716 | val_loss=0.8015 | val_acc=0.7386 | best_val=0.6524@18 | bad=2/10 | lr=1.00e-03 | dt=25.9s
2025-10-03 13:01:19 - INFO - [epoch 21/50] train_loss=0.5544 | val_loss=0.8019 | val_acc=0.7360 | best_val=0.6524@18 | bad=3/10 | lr=1.00e-03 | dt=26.1s
2025-10-03 13:01:45 - INFO - [epoch 22/50] train_loss=0.5427 | val_loss=0.6102 | val_acc=0.7946 | best_val=0.6102@22 | bad=0/10 | lr=1.00e-03 | dt=25.8s
2025-10-03 13:02:10 - INFO - [epoch 23/50] train_loss=0.5340 | val_loss=0.7670 | val_acc=0.7586 | best_val=0.6102@22 | bad=1/10 | lr=1.00e-03 | dt=26.0s
2025-10-03 13:02:36 - INFO - [epoch 24/50] train_loss=0.5358 | val_loss=0.6560 | val_acc=0.7756 | best_val=0.6102@22 | bad=2/10 | lr=1.00e-03 | dt=25.8s
2025-10-03 13:03:02 - INFO - [epoch 25/50] train_loss=0.5212 | val_loss=0.6501 | val_acc=0.7772 | best_val=0.6102@22 | bad=3/10 | lr=1.00e-03 | dt=26.0s
2025-10-03 13:03:28 - INFO - [epoch 26/50] train_loss=0.5067 | val_loss=0.6849 | val_acc=0.7766 | best_val=0.6102@22 | bad=4/10 | lr=1.00e-03 | dt=26.0s
2025-10-03 13:03:54 - INFO - [epoch 27/50] train_loss=0.5085 | val_loss=0.6561 | val_acc=0.7846 | best_val=0.6102@22 | bad=5/10 | lr=1.00e-03 | dt=26.0s
2025-10-03 13:04:20 - INFO - [epoch 28/50] train_loss=0.4995 | val_loss=0.7314 | val_acc=0.7502 | best_val=0.6102@22 | bad=6/10 | lr=1.00e-03 | dt=26.0s
2025-10-03 13:04:46 - INFO - [epoch 29/50] train_loss=0.4908 | val_loss=0.6358 | val_acc=0.7890 | best_val=0.6102@22 | bad=7/10 | lr=1.00e-03 | dt=26.0s
2025-10-03 13:05:13 - INFO - [epoch 30/50] train_loss=0.4834 | val_loss=0.6369 | val_acc=0.7898 | best_val=0.6102@22 | bad=8/10 | lr=1.00e-03 | dt=26.3s
2025-10-03 13:05:39 - INFO - [epoch 31/50] train_loss=0.4773 | val_loss=0.7130 | val_acc=0.7724 | best_val=0.6102@22 | bad=9/10 | lr=1.00e-03 | dt=26.0s
2025-10-03 13:06:05 - INFO - [epoch 32/50] train_loss=0.4778 | val_loss=0.6183 | val_acc=0.7934 | best_val=0.6102@22 | bad=10/10 | lr=1.00e-03 | dt=26.0s
2025-10-03 13:06:05 - INFO - Early stopping: no improvement for 10 epochs (best=0.6102 @ epoch 22)
2025-10-03 13:06:05 - INFO - Run finished in 985.6s | best_val_loss=0.6102 @epoch 22 | best_val_acc=0.7946
2025-10-03 13:06:07 - INFO - Test: loss=0.6412 acc=0.7908
2025-10-03 13:06:08 - INFO - ======== [End Run 21/200] width=210 depth=3 | best_val=0.6102 | test_acc=0.7908 ========

