2025-10-04 07:18:55 - INFO - ======== [Run 40/140] width=200 depth=5 ========
2025-10-04 07:18:55 - INFO - Device=cuda | dataset=cifar10 | batch=64 | max_epochs=50 | patience=10 | lr=1.00e-03 | wd=1.0e-04
2025-10-04 07:18:55 - INFO - Model params=1449410 | neurons=1200 | pooling=[1, 3]
2025-10-04 07:19:27 - INFO - [epoch 1/50] train_loss=1.3934 | val_loss=1.5700 | val_acc=0.4762 | best_val=1.5700@1 | bad=0/10 | lr=1.00e-03 | dt=32.4s
2025-10-04 07:19:59 - INFO - [epoch 2/50] train_loss=1.0031 | val_loss=0.9457 | val_acc=0.6584 | best_val=0.9457@2 | bad=0/10 | lr=1.00e-03 | dt=31.5s
2025-10-04 07:20:30 - INFO - [epoch 3/50] train_loss=0.8407 | val_loss=0.8344 | val_acc=0.7062 | best_val=0.8344@3 | bad=0/10 | lr=1.00e-03 | dt=30.9s
2025-10-04 07:21:02 - INFO - [epoch 4/50] train_loss=0.7185 | val_loss=0.6764 | val_acc=0.7596 | best_val=0.6764@4 | bad=0/10 | lr=1.00e-03 | dt=31.8s
2025-10-04 07:21:33 - INFO - [epoch 5/50] train_loss=0.6356 | val_loss=0.7709 | val_acc=0.7428 | best_val=0.6764@4 | bad=1/10 | lr=1.00e-03 | dt=31.4s
2025-10-04 07:22:04 - INFO - [epoch 6/50] train_loss=0.5773 | val_loss=0.6426 | val_acc=0.7842 | best_val=0.6426@6 | bad=0/10 | lr=1.00e-03 | dt=31.5s
2025-10-04 07:22:36 - INFO - [epoch 7/50] train_loss=0.5375 | val_loss=0.5791 | val_acc=0.7936 | best_val=0.5791@7 | bad=0/10 | lr=1.00e-03 | dt=31.3s
2025-10-04 07:23:07 - INFO - [epoch 8/50] train_loss=0.4958 | val_loss=0.8422 | val_acc=0.7500 | best_val=0.5791@7 | bad=1/10 | lr=1.00e-03 | dt=31.6s
2025-10-04 07:23:38 - INFO - [epoch 9/50] train_loss=0.4593 | val_loss=0.5631 | val_acc=0.8122 | best_val=0.5631@9 | bad=0/10 | lr=1.00e-03 | dt=30.4s
2025-10-04 07:24:08 - INFO - [epoch 10/50] train_loss=0.4387 | val_loss=0.5374 | val_acc=0.8198 | best_val=0.5374@10 | bad=0/10 | lr=1.00e-03 | dt=29.8s
2025-10-04 07:24:38 - INFO - [epoch 11/50] train_loss=0.4113 | val_loss=0.6008 | val_acc=0.7998 | best_val=0.5374@10 | bad=1/10 | lr=1.00e-03 | dt=30.1s
2025-10-04 07:25:08 - INFO - [epoch 12/50] train_loss=0.3920 | val_loss=0.6621 | val_acc=0.8032 | best_val=0.5374@10 | bad=2/10 | lr=1.00e-03 | dt=30.5s
2025-10-04 07:25:38 - INFO - [epoch 13/50] train_loss=0.3756 | val_loss=0.4856 | val_acc=0.8412 | best_val=0.4856@13 | bad=0/10 | lr=1.00e-03 | dt=30.0s
2025-10-04 07:26:08 - INFO - [epoch 14/50] train_loss=0.3592 | val_loss=0.5005 | val_acc=0.8310 | best_val=0.4856@13 | bad=1/10 | lr=1.00e-03 | dt=29.6s
2025-10-04 07:26:37 - INFO - [epoch 15/50] train_loss=0.3423 | val_loss=0.4769 | val_acc=0.8436 | best_val=0.4769@15 | bad=0/10 | lr=1.00e-03 | dt=29.6s
2025-10-04 07:27:08 - INFO - [epoch 16/50] train_loss=0.3332 | val_loss=0.4381 | val_acc=0.8526 | best_val=0.4381@16 | bad=0/10 | lr=1.00e-03 | dt=30.2s
2025-10-04 07:27:37 - INFO - [epoch 17/50] train_loss=0.3119 | val_loss=0.5625 | val_acc=0.8332 | best_val=0.4381@16 | bad=1/10 | lr=1.00e-03 | dt=29.8s
2025-10-04 07:28:07 - INFO - [epoch 18/50] train_loss=0.3080 | val_loss=0.4771 | val_acc=0.8440 | best_val=0.4381@16 | bad=2/10 | lr=1.00e-03 | dt=29.7s
2025-10-04 07:28:37 - INFO - [epoch 19/50] train_loss=0.2998 | val_loss=0.5251 | val_acc=0.8286 | best_val=0.4381@16 | bad=3/10 | lr=1.00e-03 | dt=30.0s
2025-10-04 07:29:07 - INFO - [epoch 20/50] train_loss=0.2894 | val_loss=0.4229 | val_acc=0.8646 | best_val=0.4229@20 | bad=0/10 | lr=1.00e-03 | dt=30.3s
2025-10-04 07:29:37 - INFO - [epoch 21/50] train_loss=0.2806 | val_loss=0.4071 | val_acc=0.8672 | best_val=0.4071@21 | bad=0/10 | lr=1.00e-03 | dt=29.9s
2025-10-04 07:30:07 - INFO - [epoch 22/50] train_loss=0.2767 | val_loss=0.4611 | val_acc=0.8482 | best_val=0.4071@21 | bad=1/10 | lr=1.00e-03 | dt=29.9s
2025-10-04 07:30:37 - INFO - [epoch 23/50] train_loss=0.2643 | val_loss=0.4921 | val_acc=0.8444 | best_val=0.4071@21 | bad=2/10 | lr=1.00e-03 | dt=30.2s
2025-10-04 07:31:07 - INFO - [epoch 24/50] train_loss=0.2554 | val_loss=0.4570 | val_acc=0.8536 | best_val=0.4071@21 | bad=3/10 | lr=1.00e-03 | dt=29.8s
2025-10-04 07:31:37 - INFO - [epoch 25/50] train_loss=0.2531 | val_loss=0.4847 | val_acc=0.8466 | best_val=0.4071@21 | bad=4/10 | lr=1.00e-03 | dt=30.3s
2025-10-04 07:32:07 - INFO - [epoch 26/50] train_loss=0.2464 | val_loss=0.4663 | val_acc=0.8590 | best_val=0.4071@21 | bad=5/10 | lr=1.00e-03 | dt=29.8s
2025-10-04 07:32:37 - INFO - [epoch 27/50] train_loss=0.2418 | val_loss=0.4234 | val_acc=0.8702 | best_val=0.4071@21 | bad=6/10 | lr=1.00e-03 | dt=29.8s
2025-10-04 07:33:07 - INFO - [epoch 28/50] train_loss=0.2410 | val_loss=0.5059 | val_acc=0.8494 | best_val=0.4071@21 | bad=7/10 | lr=1.00e-03 | dt=29.5s
2025-10-04 07:33:36 - INFO - [epoch 29/50] train_loss=0.2295 | val_loss=0.4420 | val_acc=0.8648 | best_val=0.4071@21 | bad=8/10 | lr=1.00e-03 | dt=29.8s
2025-10-04 07:34:07 - INFO - [epoch 30/50] train_loss=0.2290 | val_loss=0.3945 | val_acc=0.8750 | best_val=0.3945@30 | bad=0/10 | lr=1.00e-03 | dt=30.2s
2025-10-04 07:34:36 - INFO - [epoch 31/50] train_loss=0.2227 | val_loss=0.4617 | val_acc=0.8618 | best_val=0.3945@30 | bad=1/10 | lr=1.00e-03 | dt=29.8s
2025-10-04 07:35:06 - INFO - [epoch 32/50] train_loss=0.2204 | val_loss=0.4336 | val_acc=0.8710 | best_val=0.3945@30 | bad=2/10 | lr=1.00e-03 | dt=29.8s
2025-10-04 07:35:37 - INFO - [epoch 33/50] train_loss=0.2127 | val_loss=0.3843 | val_acc=0.8760 | best_val=0.3843@33 | bad=0/10 | lr=1.00e-03 | dt=30.4s
2025-10-04 07:36:07 - INFO - [epoch 34/50] train_loss=0.2121 | val_loss=0.4277 | val_acc=0.8700 | best_val=0.3843@33 | bad=1/10 | lr=1.00e-03 | dt=30.1s
2025-10-04 07:36:36 - INFO - [epoch 35/50] train_loss=0.2092 | val_loss=0.4538 | val_acc=0.8646 | best_val=0.3843@33 | bad=2/10 | lr=1.00e-03 | dt=29.7s
2025-10-04 07:37:06 - INFO - [epoch 36/50] train_loss=0.2050 | val_loss=0.4447 | val_acc=0.8698 | best_val=0.3843@33 | bad=3/10 | lr=1.00e-03 | dt=29.6s
2025-10-04 07:37:36 - INFO - [epoch 37/50] train_loss=0.2088 | val_loss=0.4197 | val_acc=0.8728 | best_val=0.3843@33 | bad=4/10 | lr=1.00e-03 | dt=30.3s
2025-10-04 07:38:07 - INFO - [epoch 38/50] train_loss=0.1975 | val_loss=0.4244 | val_acc=0.8672 | best_val=0.3843@33 | bad=5/10 | lr=1.00e-03 | dt=30.2s
2025-10-04 07:38:36 - INFO - [epoch 39/50] train_loss=0.1969 | val_loss=0.4318 | val_acc=0.8718 | best_val=0.3843@33 | bad=6/10 | lr=1.00e-03 | dt=29.9s
2025-10-04 07:39:06 - INFO - [epoch 40/50] train_loss=0.1947 | val_loss=0.4506 | val_acc=0.8696 | best_val=0.3843@33 | bad=7/10 | lr=1.00e-03 | dt=29.5s
2025-10-04 07:39:36 - INFO - [epoch 41/50] train_loss=0.1940 | val_loss=0.4050 | val_acc=0.8806 | best_val=0.3843@33 | bad=8/10 | lr=1.00e-03 | dt=29.9s
2025-10-04 07:40:06 - INFO - [epoch 42/50] train_loss=0.1946 | val_loss=0.4158 | val_acc=0.8696 | best_val=0.3843@33 | bad=9/10 | lr=1.00e-03 | dt=30.0s
2025-10-04 07:40:36 - INFO - [epoch 43/50] train_loss=0.1868 | val_loss=0.4334 | val_acc=0.8724 | best_val=0.3843@33 | bad=10/10 | lr=1.00e-03 | dt=30.4s
2025-10-04 07:40:36 - INFO - Early stopping: no improvement for 10 epochs (best=0.3843 @ epoch 33)
2025-10-04 07:40:37 - INFO - Run finished in 1301.7s | best_val_loss=0.3843 @epoch 33 | best_val_acc=0.8760
2025-10-04 07:40:39 - INFO - Test: loss=0.4564 acc=0.8703
2025-10-04 07:40:39 - INFO - ======== [End Run 40/140] width=200 depth=5 | best_val=0.3843 | test_acc=0.8703 ========

