2025-10-03 12:16:17 - INFO - ======== [Run 20/200] width=200 depth=3 ========
2025-10-03 12:16:17 - INFO - Device=cuda | dataset=cifar10 | batch=64 | max_epochs=50 | patience=10 | lr=1.00e-03 | wd=1.0e-04
2025-10-03 12:16:17 - INFO - Model params=728610 | neurons=800 | pooling=[1, 3]
2025-10-03 12:16:42 - INFO - [epoch 1/50] train_loss=1.5309 | val_loss=1.3873 | val_acc=0.4910 | best_val=1.3873@1 | bad=0/10 | lr=1.00e-03 | dt=24.6s
2025-10-03 12:17:06 - INFO - [epoch 2/50] train_loss=1.2255 | val_loss=1.2822 | val_acc=0.5504 | best_val=1.2822@2 | bad=0/10 | lr=1.00e-03 | dt=24.1s
2025-10-03 12:17:30 - INFO - [epoch 3/50] train_loss=1.0987 | val_loss=1.2793 | val_acc=0.5576 | best_val=1.2793@3 | bad=0/10 | lr=1.00e-03 | dt=24.2s
2025-10-03 12:17:54 - INFO - [epoch 4/50] train_loss=1.0149 | val_loss=1.3343 | val_acc=0.5832 | best_val=1.2793@3 | bad=1/10 | lr=1.00e-03 | dt=24.0s
2025-10-03 12:18:35 - INFO - [epoch 5/50] train_loss=0.9529 | val_loss=1.0276 | val_acc=0.6320 | best_val=1.0276@5 | bad=0/10 | lr=1.00e-03 | dt=41.1s
2025-10-03 12:19:15 - INFO - [epoch 6/50] train_loss=0.8961 | val_loss=1.2336 | val_acc=0.5902 | best_val=1.0276@5 | bad=1/10 | lr=1.00e-03 | dt=40.3s
2025-10-03 12:19:39 - INFO - [epoch 7/50] train_loss=0.8491 | val_loss=1.0614 | val_acc=0.6524 | best_val=1.0276@5 | bad=2/10 | lr=1.00e-03 | dt=24.1s
2025-10-03 12:20:04 - INFO - [epoch 8/50] train_loss=0.8117 | val_loss=0.8797 | val_acc=0.6984 | best_val=0.8797@8 | bad=0/10 | lr=1.00e-03 | dt=24.1s
2025-10-03 12:20:28 - INFO - [epoch 9/50] train_loss=0.7711 | val_loss=1.0304 | val_acc=0.6514 | best_val=0.8797@8 | bad=1/10 | lr=1.00e-03 | dt=24.2s
2025-10-03 12:20:52 - INFO - [epoch 10/50] train_loss=0.7423 | val_loss=0.9313 | val_acc=0.6772 | best_val=0.8797@8 | bad=2/10 | lr=1.00e-03 | dt=24.1s
2025-10-03 12:21:16 - INFO - [epoch 11/50] train_loss=0.7190 | val_loss=0.8042 | val_acc=0.7202 | best_val=0.8042@11 | bad=0/10 | lr=1.00e-03 | dt=24.2s
2025-10-03 12:21:41 - INFO - [epoch 12/50] train_loss=0.6928 | val_loss=0.9337 | val_acc=0.6796 | best_val=0.8042@11 | bad=1/10 | lr=1.00e-03 | dt=24.7s
2025-10-03 12:22:13 - INFO - [epoch 13/50] train_loss=0.6725 | val_loss=0.9316 | val_acc=0.6846 | best_val=0.8042@11 | bad=2/10 | lr=1.00e-03 | dt=32.1s
2025-10-03 12:22:44 - INFO - [epoch 14/50] train_loss=0.6543 | val_loss=0.7808 | val_acc=0.7346 | best_val=0.7808@14 | bad=0/10 | lr=1.00e-03 | dt=31.4s
2025-10-03 12:23:16 - INFO - [epoch 15/50] train_loss=0.6371 | val_loss=0.8876 | val_acc=0.7090 | best_val=0.7808@14 | bad=1/10 | lr=1.00e-03 | dt=31.3s
2025-10-03 12:23:40 - INFO - [epoch 16/50] train_loss=0.6212 | val_loss=0.9275 | val_acc=0.7040 | best_val=0.7808@14 | bad=2/10 | lr=1.00e-03 | dt=24.8s
2025-10-03 12:24:10 - INFO - [epoch 17/50] train_loss=0.6086 | val_loss=0.7179 | val_acc=0.7480 | best_val=0.7179@17 | bad=0/10 | lr=1.00e-03 | dt=29.4s
2025-10-03 12:24:36 - INFO - [epoch 18/50] train_loss=0.5997 | val_loss=0.9289 | val_acc=0.6956 | best_val=0.7179@17 | bad=1/10 | lr=1.00e-03 | dt=25.8s
2025-10-03 12:25:07 - INFO - [epoch 19/50] train_loss=0.5826 | val_loss=0.7957 | val_acc=0.7316 | best_val=0.7179@17 | bad=2/10 | lr=1.00e-03 | dt=31.4s
2025-10-03 12:25:31 - INFO - [epoch 20/50] train_loss=0.5694 | val_loss=0.8607 | val_acc=0.7180 | best_val=0.7179@17 | bad=3/10 | lr=1.00e-03 | dt=24.5s
2025-10-03 12:25:56 - INFO - [epoch 21/50] train_loss=0.5556 | val_loss=0.7453 | val_acc=0.7516 | best_val=0.7179@17 | bad=4/10 | lr=1.00e-03 | dt=24.6s
2025-10-03 12:26:20 - INFO - [epoch 22/50] train_loss=0.5453 | val_loss=1.0301 | val_acc=0.6862 | best_val=0.7179@17 | bad=5/10 | lr=1.00e-03 | dt=24.3s
2025-10-03 12:26:44 - INFO - [epoch 23/50] train_loss=0.5432 | val_loss=0.8117 | val_acc=0.7414 | best_val=0.7179@17 | bad=6/10 | lr=1.00e-03 | dt=24.1s
2025-10-03 12:27:08 - INFO - [epoch 24/50] train_loss=0.5254 | val_loss=0.7692 | val_acc=0.7540 | best_val=0.7179@17 | bad=7/10 | lr=1.00e-03 | dt=24.1s
2025-10-03 12:27:33 - INFO - [epoch 25/50] train_loss=0.5245 | val_loss=0.8164 | val_acc=0.7410 | best_val=0.7179@17 | bad=8/10 | lr=1.00e-03 | dt=24.2s
2025-10-03 12:27:57 - INFO - [epoch 26/50] train_loss=0.5156 | val_loss=0.6906 | val_acc=0.7686 | best_val=0.6906@26 | bad=0/10 | lr=1.00e-03 | dt=24.3s
2025-10-03 12:28:21 - INFO - [epoch 27/50] train_loss=0.5034 | val_loss=0.7402 | val_acc=0.7536 | best_val=0.6906@26 | bad=1/10 | lr=1.00e-03 | dt=24.3s
2025-10-03 12:28:45 - INFO - [epoch 28/50] train_loss=0.5059 | val_loss=0.6187 | val_acc=0.7854 | best_val=0.6187@28 | bad=0/10 | lr=1.00e-03 | dt=24.0s
2025-10-03 12:29:09 - INFO - [epoch 29/50] train_loss=0.4913 | val_loss=0.5779 | val_acc=0.8000 | best_val=0.5779@29 | bad=0/10 | lr=1.00e-03 | dt=23.9s
2025-10-03 12:29:33 - INFO - [epoch 30/50] train_loss=0.4847 | val_loss=0.9554 | val_acc=0.7230 | best_val=0.5779@29 | bad=1/10 | lr=1.00e-03 | dt=24.0s
2025-10-03 12:29:57 - INFO - [epoch 31/50] train_loss=0.4782 | val_loss=0.6146 | val_acc=0.7984 | best_val=0.5779@29 | bad=2/10 | lr=1.00e-03 | dt=24.0s
2025-10-03 12:30:21 - INFO - [epoch 32/50] train_loss=0.4811 | val_loss=0.6984 | val_acc=0.7678 | best_val=0.5779@29 | bad=3/10 | lr=1.00e-03 | dt=24.2s
2025-10-03 12:30:46 - INFO - [epoch 33/50] train_loss=0.4779 | val_loss=0.6009 | val_acc=0.8058 | best_val=0.5779@29 | bad=4/10 | lr=1.00e-03 | dt=24.2s
2025-10-03 12:32:10 - INFO - [epoch 34/50] train_loss=0.4662 | val_loss=0.5467 | val_acc=0.8142 | best_val=0.5467@34 | bad=0/10 | lr=1.00e-03 | dt=84.1s
2025-10-03 12:32:37 - INFO - [epoch 35/50] train_loss=0.4589 | val_loss=0.6533 | val_acc=0.7850 | best_val=0.5467@34 | bad=1/10 | lr=1.00e-03 | dt=27.7s
2025-10-03 12:34:19 - INFO - [epoch 36/50] train_loss=0.4595 | val_loss=0.5742 | val_acc=0.8040 | best_val=0.5467@34 | bad=2/10 | lr=1.00e-03 | dt=102.0s
2025-10-03 12:36:14 - INFO - [epoch 37/50] train_loss=0.4519 | val_loss=0.5772 | val_acc=0.8056 | best_val=0.5467@34 | bad=3/10 | lr=1.00e-03 | dt=114.1s
2025-10-03 12:38:07 - INFO - [epoch 38/50] train_loss=0.4436 | val_loss=0.6214 | val_acc=0.7928 | best_val=0.5467@34 | bad=4/10 | lr=1.00e-03 | dt=114.0s
2025-10-03 12:39:59 - INFO - [epoch 39/50] train_loss=0.4480 | val_loss=0.7137 | val_acc=0.7672 | best_val=0.5467@34 | bad=5/10 | lr=1.00e-03 | dt=111.2s
2025-10-03 12:41:54 - INFO - [epoch 40/50] train_loss=0.4426 | val_loss=0.6222 | val_acc=0.7952 | best_val=0.5467@34 | bad=6/10 | lr=1.00e-03 | dt=115.3s
2025-10-03 12:43:47 - INFO - [epoch 41/50] train_loss=0.4320 | val_loss=0.6530 | val_acc=0.7852 | best_val=0.5467@34 | bad=7/10 | lr=1.00e-03 | dt=113.3s
2025-10-03 12:45:40 - INFO - [epoch 42/50] train_loss=0.4297 | val_loss=0.6264 | val_acc=0.7894 | best_val=0.5467@34 | bad=8/10 | lr=1.00e-03 | dt=112.6s
2025-10-03 12:47:33 - INFO - [epoch 43/50] train_loss=0.4295 | val_loss=0.7063 | val_acc=0.7720 | best_val=0.5467@34 | bad=9/10 | lr=1.00e-03 | dt=113.6s
2025-10-03 12:49:29 - INFO - [epoch 44/50] train_loss=0.4173 | val_loss=0.6549 | val_acc=0.7862 | best_val=0.5467@34 | bad=10/10 | lr=1.00e-03 | dt=116.1s
2025-10-03 12:49:29 - INFO - Early stopping: no improvement for 10 epochs (best=0.5467 @ epoch 34)
2025-10-03 12:49:30 - INFO - Run finished in 1992.8s | best_val_loss=0.5467 @epoch 34 | best_val_acc=0.8142
2025-10-03 12:49:39 - INFO - Test: loss=0.6948 acc=0.7859
2025-10-03 12:49:39 - INFO - ======== [End Run 20/200] width=200 depth=3 | best_val=0.5467 | test_acc=0.7859 ========

