2025-10-03 09:08:21 - INFO - ======== [Run 5/200] width=50 depth=3 ========
2025-10-03 09:08:21 - INFO - Device=cuda | dataset=cifar10 | batch=64 | max_epochs=50 | patience=10 | lr=1.00e-03 | wd=1.0e-04
2025-10-03 09:08:21 - INFO - Model params=47160 | neurons=200 | pooling=[1, 3]
2025-10-03 09:08:34 - INFO - [epoch 1/50] train_loss=1.6781 | val_loss=1.5123 | val_acc=0.4234 | best_val=1.5123@1 | bad=0/10 | lr=1.00e-03 | dt=12.8s
2025-10-03 09:08:45 - INFO - [epoch 2/50] train_loss=1.3547 | val_loss=1.3454 | val_acc=0.5036 | best_val=1.3454@2 | bad=0/10 | lr=1.00e-03 | dt=10.7s
2025-10-03 09:08:56 - INFO - [epoch 3/50] train_loss=1.2374 | val_loss=1.2168 | val_acc=0.5630 | best_val=1.2168@3 | bad=0/10 | lr=1.00e-03 | dt=11.2s
2025-10-03 09:09:07 - INFO - [epoch 4/50] train_loss=1.1621 | val_loss=1.2381 | val_acc=0.5596 | best_val=1.2168@3 | bad=1/10 | lr=1.00e-03 | dt=11.2s
2025-10-03 09:09:18 - INFO - [epoch 5/50] train_loss=1.1077 | val_loss=1.1871 | val_acc=0.5782 | best_val=1.1871@5 | bad=0/10 | lr=1.00e-03 | dt=10.6s
2025-10-03 09:09:29 - INFO - [epoch 6/50] train_loss=1.0677 | val_loss=1.0531 | val_acc=0.6206 | best_val=1.0531@6 | bad=0/10 | lr=1.00e-03 | dt=11.4s
2025-10-03 09:09:39 - INFO - [epoch 7/50] train_loss=1.0326 | val_loss=1.1697 | val_acc=0.5768 | best_val=1.0531@6 | bad=1/10 | lr=1.00e-03 | dt=10.4s
2025-10-03 09:09:51 - INFO - [epoch 8/50] train_loss=0.9983 | val_loss=1.0855 | val_acc=0.6128 | best_val=1.0531@6 | bad=2/10 | lr=1.00e-03 | dt=11.2s
2025-10-03 09:10:02 - INFO - [epoch 9/50] train_loss=0.9805 | val_loss=1.0989 | val_acc=0.6100 | best_val=1.0531@6 | bad=3/10 | lr=1.00e-03 | dt=11.0s
2025-10-03 09:10:13 - INFO - [epoch 10/50] train_loss=0.9571 | val_loss=1.0305 | val_acc=0.6416 | best_val=1.0305@10 | bad=0/10 | lr=1.00e-03 | dt=11.2s
2025-10-03 09:10:23 - INFO - [epoch 11/50] train_loss=0.9306 | val_loss=0.9905 | val_acc=0.6486 | best_val=0.9905@11 | bad=0/10 | lr=1.00e-03 | dt=10.5s
2025-10-03 09:10:35 - INFO - [epoch 12/50] train_loss=0.9146 | val_loss=0.9632 | val_acc=0.6670 | best_val=0.9632@12 | bad=0/10 | lr=1.00e-03 | dt=11.7s
2025-10-03 09:10:46 - INFO - [epoch 13/50] train_loss=0.8909 | val_loss=0.9513 | val_acc=0.6832 | best_val=0.9513@13 | bad=0/10 | lr=1.00e-03 | dt=10.7s
2025-10-03 09:10:57 - INFO - [epoch 14/50] train_loss=0.8785 | val_loss=1.0011 | val_acc=0.6528 | best_val=0.9513@13 | bad=1/10 | lr=1.00e-03 | dt=10.8s
2025-10-03 09:11:08 - INFO - [epoch 15/50] train_loss=0.8610 | val_loss=0.9907 | val_acc=0.6532 | best_val=0.9513@13 | bad=2/10 | lr=1.00e-03 | dt=11.0s
2025-10-03 09:11:18 - INFO - [epoch 16/50] train_loss=0.8419 | val_loss=0.9234 | val_acc=0.6790 | best_val=0.9234@16 | bad=0/10 | lr=1.00e-03 | dt=10.7s
2025-10-03 09:11:30 - INFO - [epoch 17/50] train_loss=0.8305 | val_loss=0.8930 | val_acc=0.6912 | best_val=0.8930@17 | bad=0/10 | lr=1.00e-03 | dt=11.3s
2025-10-03 09:11:40 - INFO - [epoch 18/50] train_loss=0.8216 | val_loss=0.8720 | val_acc=0.6974 | best_val=0.8720@18 | bad=0/10 | lr=1.00e-03 | dt=10.5s
2025-10-03 09:11:51 - INFO - [epoch 19/50] train_loss=0.8111 | val_loss=0.8800 | val_acc=0.6980 | best_val=0.8720@18 | bad=1/10 | lr=1.00e-03 | dt=10.7s
2025-10-03 09:12:01 - INFO - [epoch 20/50] train_loss=0.7937 | val_loss=0.9613 | val_acc=0.6798 | best_val=0.8720@18 | bad=2/10 | lr=1.00e-03 | dt=10.5s
2025-10-03 09:12:12 - INFO - [epoch 21/50] train_loss=0.7901 | val_loss=0.9352 | val_acc=0.6760 | best_val=0.8720@18 | bad=3/10 | lr=1.00e-03 | dt=10.8s
2025-10-03 09:12:23 - INFO - [epoch 22/50] train_loss=0.7804 | val_loss=0.8138 | val_acc=0.7232 | best_val=0.8138@22 | bad=0/10 | lr=1.00e-03 | dt=10.7s
2025-10-03 09:12:34 - INFO - [epoch 23/50] train_loss=0.7658 | val_loss=0.7923 | val_acc=0.7268 | best_val=0.7923@23 | bad=0/10 | lr=1.00e-03 | dt=11.2s
2025-10-03 09:12:45 - INFO - [epoch 24/50] train_loss=0.7635 | val_loss=0.8232 | val_acc=0.7236 | best_val=0.7923@23 | bad=1/10 | lr=1.00e-03 | dt=10.6s
2025-10-03 09:12:55 - INFO - [epoch 25/50] train_loss=0.7530 | val_loss=0.8397 | val_acc=0.7108 | best_val=0.7923@23 | bad=2/10 | lr=1.00e-03 | dt=10.7s
2025-10-03 09:13:06 - INFO - [epoch 26/50] train_loss=0.7483 | val_loss=0.8442 | val_acc=0.7040 | best_val=0.7923@23 | bad=3/10 | lr=1.00e-03 | dt=10.8s
2025-10-03 09:13:17 - INFO - [epoch 27/50] train_loss=0.7395 | val_loss=0.8535 | val_acc=0.7106 | best_val=0.7923@23 | bad=4/10 | lr=1.00e-03 | dt=10.7s
2025-10-03 09:13:28 - INFO - [epoch 28/50] train_loss=0.7307 | val_loss=0.8589 | val_acc=0.7026 | best_val=0.7923@23 | bad=5/10 | lr=1.00e-03 | dt=10.9s
2025-10-03 09:13:38 - INFO - [epoch 29/50] train_loss=0.7262 | val_loss=0.8858 | val_acc=0.7010 | best_val=0.7923@23 | bad=6/10 | lr=1.00e-03 | dt=10.8s
2025-10-03 09:13:49 - INFO - [epoch 30/50] train_loss=0.7188 | val_loss=0.8499 | val_acc=0.7034 | best_val=0.7923@23 | bad=7/10 | lr=1.00e-03 | dt=10.6s
2025-10-03 09:14:00 - INFO - [epoch 31/50] train_loss=0.7097 | val_loss=0.9389 | val_acc=0.6770 | best_val=0.7923@23 | bad=8/10 | lr=1.00e-03 | dt=10.6s
2025-10-03 09:14:10 - INFO - [epoch 32/50] train_loss=0.7098 | val_loss=0.8099 | val_acc=0.7228 | best_val=0.7923@23 | bad=9/10 | lr=1.00e-03 | dt=10.8s
2025-10-03 09:14:21 - INFO - [epoch 33/50] train_loss=0.7001 | val_loss=0.7164 | val_acc=0.7544 | best_val=0.7164@33 | bad=0/10 | lr=1.00e-03 | dt=10.9s
2025-10-03 09:14:32 - INFO - [epoch 34/50] train_loss=0.6921 | val_loss=0.8057 | val_acc=0.7282 | best_val=0.7164@33 | bad=1/10 | lr=1.00e-03 | dt=10.9s
2025-10-03 09:14:43 - INFO - [epoch 35/50] train_loss=0.6903 | val_loss=0.7656 | val_acc=0.7376 | best_val=0.7164@33 | bad=2/10 | lr=1.00e-03 | dt=10.8s
2025-10-03 09:14:54 - INFO - [epoch 36/50] train_loss=0.6884 | val_loss=0.7760 | val_acc=0.7360 | best_val=0.7164@33 | bad=3/10 | lr=1.00e-03 | dt=10.5s
2025-10-03 09:15:05 - INFO - [epoch 37/50] train_loss=0.6849 | val_loss=0.8547 | val_acc=0.7112 | best_val=0.7164@33 | bad=4/10 | lr=1.00e-03 | dt=11.4s
2025-10-03 09:15:16 - INFO - [epoch 38/50] train_loss=0.6848 | val_loss=0.8030 | val_acc=0.7306 | best_val=0.7164@33 | bad=5/10 | lr=1.00e-03 | dt=10.6s
2025-10-03 09:15:26 - INFO - [epoch 39/50] train_loss=0.6763 | val_loss=0.7409 | val_acc=0.7422 | best_val=0.7164@33 | bad=6/10 | lr=1.00e-03 | dt=10.9s
2025-10-03 09:15:38 - INFO - [epoch 40/50] train_loss=0.6723 | val_loss=0.7254 | val_acc=0.7480 | best_val=0.7164@33 | bad=7/10 | lr=1.00e-03 | dt=11.2s
2025-10-03 09:15:48 - INFO - [epoch 41/50] train_loss=0.6671 | val_loss=0.7996 | val_acc=0.7338 | best_val=0.7164@33 | bad=8/10 | lr=1.00e-03 | dt=10.8s
2025-10-03 09:15:59 - INFO - [epoch 42/50] train_loss=0.6630 | val_loss=0.8388 | val_acc=0.7176 | best_val=0.7164@33 | bad=9/10 | lr=1.00e-03 | dt=10.7s
2025-10-03 09:16:10 - INFO - [epoch 43/50] train_loss=0.6574 | val_loss=0.7170 | val_acc=0.7522 | best_val=0.7164@33 | bad=10/10 | lr=1.00e-03 | dt=10.8s
2025-10-03 09:16:10 - INFO - Early stopping: no improvement for 10 epochs (best=0.7164 @ epoch 33)
2025-10-03 09:16:10 - INFO - Run finished in 469.0s | best_val_loss=0.7164 @epoch 33 | best_val_acc=0.7544
2025-10-03 09:16:11 - INFO - Test: loss=0.7265 acc=0.7527
2025-10-03 09:16:11 - INFO - ======== [End Run 5/200] width=50 depth=3 | best_val=0.7164 | test_acc=0.7527 ========

