2025-10-04 09:26:22 - INFO - ======== [Run 49/140] width=90 depth=6 ========
2025-10-04 09:26:22 - INFO - Device=cuda | dataset=cifar10 | batch=64 | max_epochs=50 | patience=10 | lr=1.00e-03 | wd=1.0e-04
2025-10-04 09:26:22 - INFO - Model params=368920 | neurons=630 | pooling=[1, 3]
2025-10-04 09:26:36 - INFO - [epoch 1/50] train_loss=1.4713 | val_loss=1.3437 | val_acc=0.5472 | best_val=1.3437@1 | bad=0/10 | lr=1.00e-03 | dt=14.9s
2025-10-04 09:26:52 - INFO - [epoch 2/50] train_loss=1.0444 | val_loss=1.0212 | val_acc=0.6456 | best_val=1.0212@2 | bad=0/10 | lr=1.00e-03 | dt=15.1s
2025-10-04 09:27:07 - INFO - [epoch 3/50] train_loss=0.8746 | val_loss=0.8501 | val_acc=0.6920 | best_val=0.8501@3 | bad=0/10 | lr=1.00e-03 | dt=15.1s
2025-10-04 09:27:21 - INFO - [epoch 4/50] train_loss=0.7518 | val_loss=0.7741 | val_acc=0.7280 | best_val=0.7741@4 | bad=0/10 | lr=1.00e-03 | dt=14.9s
2025-10-04 09:27:36 - INFO - [epoch 5/50] train_loss=0.6668 | val_loss=0.6568 | val_acc=0.7702 | best_val=0.6568@5 | bad=0/10 | lr=1.00e-03 | dt=14.9s
2025-10-04 09:27:51 - INFO - [epoch 6/50] train_loss=0.6041 | val_loss=0.6598 | val_acc=0.7736 | best_val=0.6568@5 | bad=1/10 | lr=1.00e-03 | dt=14.7s
2025-10-04 09:28:06 - INFO - [epoch 7/50] train_loss=0.5640 | val_loss=0.5712 | val_acc=0.8002 | best_val=0.5712@7 | bad=0/10 | lr=1.00e-03 | dt=14.9s
2025-10-04 09:28:21 - INFO - [epoch 8/50] train_loss=0.5278 | val_loss=0.5542 | val_acc=0.8014 | best_val=0.5542@8 | bad=0/10 | lr=1.00e-03 | dt=15.0s
2025-10-04 09:28:36 - INFO - [epoch 9/50] train_loss=0.4979 | val_loss=0.5553 | val_acc=0.8072 | best_val=0.5542@8 | bad=1/10 | lr=1.00e-03 | dt=14.8s
2025-10-04 09:28:50 - INFO - [epoch 10/50] train_loss=0.4660 | val_loss=0.5213 | val_acc=0.8220 | best_val=0.5213@10 | bad=0/10 | lr=1.00e-03 | dt=14.5s
2025-10-04 09:29:05 - INFO - [epoch 11/50] train_loss=0.4432 | val_loss=0.5427 | val_acc=0.8162 | best_val=0.5213@10 | bad=1/10 | lr=1.00e-03 | dt=14.7s
2025-10-04 09:29:20 - INFO - [epoch 12/50] train_loss=0.4272 | val_loss=0.5484 | val_acc=0.8170 | best_val=0.5213@10 | bad=2/10 | lr=1.00e-03 | dt=15.1s
2025-10-04 09:29:35 - INFO - [epoch 13/50] train_loss=0.4112 | val_loss=0.5021 | val_acc=0.8292 | best_val=0.5021@13 | bad=0/10 | lr=1.00e-03 | dt=15.0s
2025-10-04 09:29:50 - INFO - [epoch 14/50] train_loss=0.3966 | val_loss=0.5080 | val_acc=0.8320 | best_val=0.5021@13 | bad=1/10 | lr=1.00e-03 | dt=14.7s
2025-10-04 09:30:05 - INFO - [epoch 15/50] train_loss=0.3873 | val_loss=0.5193 | val_acc=0.8292 | best_val=0.5021@13 | bad=2/10 | lr=1.00e-03 | dt=15.1s
2025-10-04 09:30:20 - INFO - [epoch 16/50] train_loss=0.3713 | val_loss=0.4434 | val_acc=0.8530 | best_val=0.4434@16 | bad=0/10 | lr=1.00e-03 | dt=15.0s
2025-10-04 09:30:35 - INFO - [epoch 17/50] train_loss=0.3542 | val_loss=0.4436 | val_acc=0.8460 | best_val=0.4434@16 | bad=1/10 | lr=1.00e-03 | dt=15.1s
2025-10-04 09:30:50 - INFO - [epoch 18/50] train_loss=0.3483 | val_loss=0.4464 | val_acc=0.8554 | best_val=0.4434@16 | bad=2/10 | lr=1.00e-03 | dt=14.9s
2025-10-04 09:31:11 - INFO - [epoch 19/50] train_loss=0.3355 | val_loss=0.4439 | val_acc=0.8504 | best_val=0.4434@16 | bad=3/10 | lr=1.00e-03 | dt=21.5s
2025-10-04 09:31:39 - INFO - [epoch 20/50] train_loss=0.3256 | val_loss=0.4713 | val_acc=0.8468 | best_val=0.4434@16 | bad=4/10 | lr=1.00e-03 | dt=27.7s
2025-10-04 09:32:03 - INFO - [epoch 21/50] train_loss=0.3245 | val_loss=0.4231 | val_acc=0.8600 | best_val=0.4231@21 | bad=0/10 | lr=1.00e-03 | dt=24.3s
2025-10-04 09:32:28 - INFO - [epoch 22/50] train_loss=0.3134 | val_loss=0.4234 | val_acc=0.8594 | best_val=0.4231@21 | bad=1/10 | lr=1.00e-03 | dt=24.1s
2025-10-04 09:32:51 - INFO - [epoch 23/50] train_loss=0.3039 | val_loss=0.4617 | val_acc=0.8490 | best_val=0.4231@21 | bad=2/10 | lr=1.00e-03 | dt=23.4s
2025-10-04 09:33:14 - INFO - [epoch 24/50] train_loss=0.2944 | val_loss=0.4532 | val_acc=0.8540 | best_val=0.4231@21 | bad=3/10 | lr=1.00e-03 | dt=23.1s
2025-10-04 09:33:39 - INFO - [epoch 25/50] train_loss=0.2913 | val_loss=0.4413 | val_acc=0.8526 | best_val=0.4231@21 | bad=4/10 | lr=1.00e-03 | dt=25.4s
2025-10-04 09:34:05 - INFO - [epoch 26/50] train_loss=0.2861 | val_loss=0.5171 | val_acc=0.8406 | best_val=0.4231@21 | bad=5/10 | lr=1.00e-03 | dt=25.6s
2025-10-04 09:34:28 - INFO - [epoch 27/50] train_loss=0.2813 | val_loss=0.4208 | val_acc=0.8570 | best_val=0.4208@27 | bad=0/10 | lr=1.00e-03 | dt=22.8s
2025-10-04 09:34:51 - INFO - [epoch 28/50] train_loss=0.2722 | val_loss=0.3833 | val_acc=0.8756 | best_val=0.3833@28 | bad=0/10 | lr=1.00e-03 | dt=23.4s
2025-10-04 09:35:17 - INFO - [epoch 29/50] train_loss=0.2688 | val_loss=0.4379 | val_acc=0.8538 | best_val=0.3833@28 | bad=1/10 | lr=1.00e-03 | dt=26.0s
2025-10-04 09:35:40 - INFO - [epoch 30/50] train_loss=0.2641 | val_loss=0.5160 | val_acc=0.8400 | best_val=0.3833@28 | bad=2/10 | lr=1.00e-03 | dt=22.9s
2025-10-04 09:36:04 - INFO - [epoch 31/50] train_loss=0.2584 | val_loss=0.4562 | val_acc=0.8588 | best_val=0.3833@28 | bad=3/10 | lr=1.00e-03 | dt=24.0s
2025-10-04 09:36:28 - INFO - [epoch 32/50] train_loss=0.2539 | val_loss=0.3838 | val_acc=0.8726 | best_val=0.3833@28 | bad=4/10 | lr=1.00e-03 | dt=23.5s
2025-10-04 09:36:53 - INFO - [epoch 33/50] train_loss=0.2537 | val_loss=0.4236 | val_acc=0.8680 | best_val=0.3833@28 | bad=5/10 | lr=1.00e-03 | dt=25.0s
2025-10-04 09:37:16 - INFO - [epoch 34/50] train_loss=0.2495 | val_loss=0.3986 | val_acc=0.8648 | best_val=0.3833@28 | bad=6/10 | lr=1.00e-03 | dt=23.0s
2025-10-04 09:37:39 - INFO - [epoch 35/50] train_loss=0.2423 | val_loss=0.4267 | val_acc=0.8628 | best_val=0.3833@28 | bad=7/10 | lr=1.00e-03 | dt=23.6s
2025-10-04 09:38:03 - INFO - [epoch 36/50] train_loss=0.2402 | val_loss=0.3861 | val_acc=0.8746 | best_val=0.3833@28 | bad=8/10 | lr=1.00e-03 | dt=23.6s
2025-10-04 09:38:26 - INFO - [epoch 37/50] train_loss=0.2393 | val_loss=0.4407 | val_acc=0.8664 | best_val=0.3833@28 | bad=9/10 | lr=1.00e-03 | dt=23.6s
2025-10-04 09:38:50 - INFO - [epoch 38/50] train_loss=0.2380 | val_loss=0.4112 | val_acc=0.8662 | best_val=0.3833@28 | bad=10/10 | lr=1.00e-03 | dt=23.3s
2025-10-04 09:38:50 - INFO - Early stopping: no improvement for 10 epochs (best=0.3833 @ epoch 28)
2025-10-04 09:38:50 - INFO - Run finished in 748.8s | best_val_loss=0.3833 @epoch 28 | best_val_acc=0.8756
2025-10-04 09:38:53 - INFO - Test: loss=0.4593 acc=0.8594
2025-10-04 09:38:53 - INFO - ======== [End Run 49/140] width=90 depth=6 | best_val=0.3833 | test_acc=0.8594 ========

