2025-10-04 01:09:22 - INFO - ======== [Run 14/140] width=140 depth=4 ========
2025-10-04 01:09:22 - INFO - Device=cuda | dataset=cifar10 | batch=64 | max_epochs=50 | patience=10 | lr=1.00e-03 | wd=1.0e-04
2025-10-04 01:09:22 - INFO - Model params=535510 | neurons=700 | pooling=[1, 3]
2025-10-04 01:09:43 - INFO - [epoch 1/50] train_loss=1.4442 | val_loss=1.2465 | val_acc=0.5476 | best_val=1.2465@1 | bad=0/10 | lr=1.00e-03 | dt=21.8s
2025-10-04 01:10:05 - INFO - [epoch 2/50] train_loss=1.0850 | val_loss=1.3462 | val_acc=0.5640 | best_val=1.2465@1 | bad=1/10 | lr=1.00e-03 | dt=21.2s
2025-10-04 01:10:26 - INFO - [epoch 3/50] train_loss=0.9425 | val_loss=1.1632 | val_acc=0.5978 | best_val=1.1632@3 | bad=0/10 | lr=1.00e-03 | dt=21.3s
2025-10-04 01:10:47 - INFO - [epoch 4/50] train_loss=0.8481 | val_loss=0.9688 | val_acc=0.6672 | best_val=0.9688@4 | bad=0/10 | lr=1.00e-03 | dt=20.8s
2025-10-04 01:11:07 - INFO - [epoch 5/50] train_loss=0.7698 | val_loss=0.9180 | val_acc=0.6930 | best_val=0.9180@5 | bad=0/10 | lr=1.00e-03 | dt=20.7s
2025-10-04 01:11:29 - INFO - [epoch 6/50] train_loss=0.7019 | val_loss=0.7800 | val_acc=0.7214 | best_val=0.7800@6 | bad=0/10 | lr=1.00e-03 | dt=21.2s
2025-10-04 01:11:50 - INFO - [epoch 7/50] train_loss=0.6452 | val_loss=0.7976 | val_acc=0.7312 | best_val=0.7800@6 | bad=1/10 | lr=1.00e-03 | dt=21.0s
2025-10-04 01:12:10 - INFO - [epoch 8/50] train_loss=0.6094 | val_loss=0.6988 | val_acc=0.7590 | best_val=0.6988@8 | bad=0/10 | lr=1.00e-03 | dt=20.8s
2025-10-04 01:12:32 - INFO - [epoch 9/50] train_loss=0.5726 | val_loss=0.6397 | val_acc=0.7834 | best_val=0.6397@9 | bad=0/10 | lr=1.00e-03 | dt=21.5s
2025-10-04 01:12:54 - INFO - [epoch 10/50] train_loss=0.5448 | val_loss=0.6443 | val_acc=0.7790 | best_val=0.6397@9 | bad=1/10 | lr=1.00e-03 | dt=21.6s
2025-10-04 01:13:15 - INFO - [epoch 11/50] train_loss=0.5167 | val_loss=0.6559 | val_acc=0.7732 | best_val=0.6397@9 | bad=2/10 | lr=1.00e-03 | dt=21.2s
2025-10-04 01:13:36 - INFO - [epoch 12/50] train_loss=0.4977 | val_loss=0.6376 | val_acc=0.7862 | best_val=0.6376@12 | bad=0/10 | lr=1.00e-03 | dt=21.6s
2025-10-04 01:13:57 - INFO - [epoch 13/50] train_loss=0.4788 | val_loss=0.5553 | val_acc=0.8070 | best_val=0.5553@13 | bad=0/10 | lr=1.00e-03 | dt=21.1s
2025-10-04 01:14:19 - INFO - [epoch 14/50] train_loss=0.4560 | val_loss=0.6507 | val_acc=0.7888 | best_val=0.5553@13 | bad=1/10 | lr=1.00e-03 | dt=21.8s
2025-10-04 01:14:40 - INFO - [epoch 15/50] train_loss=0.4470 | val_loss=0.5922 | val_acc=0.8046 | best_val=0.5553@13 | bad=2/10 | lr=1.00e-03 | dt=21.1s
2025-10-04 01:15:02 - INFO - [epoch 16/50] train_loss=0.4279 | val_loss=0.5146 | val_acc=0.8292 | best_val=0.5146@16 | bad=0/10 | lr=1.00e-03 | dt=21.3s
2025-10-04 01:15:23 - INFO - [epoch 17/50] train_loss=0.4152 | val_loss=0.5310 | val_acc=0.8248 | best_val=0.5146@16 | bad=1/10 | lr=1.00e-03 | dt=21.4s
2025-10-04 01:15:44 - INFO - [epoch 18/50] train_loss=0.4051 | val_loss=0.5613 | val_acc=0.8176 | best_val=0.5146@16 | bad=2/10 | lr=1.00e-03 | dt=21.2s
2025-10-04 01:16:05 - INFO - [epoch 19/50] train_loss=0.3893 | val_loss=0.6010 | val_acc=0.8122 | best_val=0.5146@16 | bad=3/10 | lr=1.00e-03 | dt=21.1s
2025-10-04 01:16:26 - INFO - [epoch 20/50] train_loss=0.3862 | val_loss=0.5256 | val_acc=0.8278 | best_val=0.5146@16 | bad=4/10 | lr=1.00e-03 | dt=21.0s
2025-10-04 01:16:47 - INFO - [epoch 21/50] train_loss=0.3710 | val_loss=0.5892 | val_acc=0.8114 | best_val=0.5146@16 | bad=5/10 | lr=1.00e-03 | dt=20.8s
2025-10-04 01:17:09 - INFO - [epoch 22/50] train_loss=0.3664 | val_loss=0.4756 | val_acc=0.8422 | best_val=0.4756@22 | bad=0/10 | lr=1.00e-03 | dt=21.3s
2025-10-04 01:17:30 - INFO - [epoch 23/50] train_loss=0.3587 | val_loss=0.5148 | val_acc=0.8318 | best_val=0.4756@22 | bad=1/10 | lr=1.00e-03 | dt=21.7s
2025-10-04 01:17:52 - INFO - [epoch 24/50] train_loss=0.3530 | val_loss=0.5308 | val_acc=0.8286 | best_val=0.4756@22 | bad=2/10 | lr=1.00e-03 | dt=21.3s
2025-10-04 01:18:13 - INFO - [epoch 25/50] train_loss=0.3416 | val_loss=0.4304 | val_acc=0.8568 | best_val=0.4304@25 | bad=0/10 | lr=1.00e-03 | dt=21.0s
2025-10-04 01:18:34 - INFO - [epoch 26/50] train_loss=0.3375 | val_loss=0.5109 | val_acc=0.8338 | best_val=0.4304@25 | bad=1/10 | lr=1.00e-03 | dt=21.1s
2025-10-04 01:18:55 - INFO - [epoch 27/50] train_loss=0.3304 | val_loss=0.5347 | val_acc=0.8262 | best_val=0.4304@25 | bad=2/10 | lr=1.00e-03 | dt=21.0s
2025-10-04 01:19:16 - INFO - [epoch 28/50] train_loss=0.3204 | val_loss=0.5673 | val_acc=0.8290 | best_val=0.4304@25 | bad=3/10 | lr=1.00e-03 | dt=21.1s
2025-10-04 01:19:37 - INFO - [epoch 29/50] train_loss=0.3190 | val_loss=0.5827 | val_acc=0.8194 | best_val=0.4304@25 | bad=4/10 | lr=1.00e-03 | dt=20.9s
2025-10-04 01:19:58 - INFO - [epoch 30/50] train_loss=0.3153 | val_loss=0.4701 | val_acc=0.8510 | best_val=0.4304@25 | bad=5/10 | lr=1.00e-03 | dt=21.1s
2025-10-04 01:20:19 - INFO - [epoch 31/50] train_loss=0.3092 | val_loss=0.5474 | val_acc=0.8284 | best_val=0.4304@25 | bad=6/10 | lr=1.00e-03 | dt=21.4s
2025-10-04 01:20:41 - INFO - [epoch 32/50] train_loss=0.3058 | val_loss=0.4978 | val_acc=0.8432 | best_val=0.4304@25 | bad=7/10 | lr=1.00e-03 | dt=21.8s
2025-10-04 01:21:03 - INFO - [epoch 33/50] train_loss=0.2981 | val_loss=0.4855 | val_acc=0.8436 | best_val=0.4304@25 | bad=8/10 | lr=1.00e-03 | dt=21.5s
2025-10-04 01:21:24 - INFO - [epoch 34/50] train_loss=0.2948 | val_loss=0.5575 | val_acc=0.8382 | best_val=0.4304@25 | bad=9/10 | lr=1.00e-03 | dt=21.8s
2025-10-04 01:21:46 - INFO - [epoch 35/50] train_loss=0.2888 | val_loss=0.4381 | val_acc=0.8570 | best_val=0.4304@25 | bad=10/10 | lr=1.00e-03 | dt=21.5s
2025-10-04 01:21:46 - INFO - Early stopping: no improvement for 10 epochs (best=0.4304 @ epoch 25)
2025-10-04 01:21:46 - INFO - Run finished in 744.6s | best_val_loss=0.4304 @epoch 25 | best_val_acc=0.8568
2025-10-04 01:21:49 - INFO - Test: loss=0.4737 acc=0.8495
2025-10-04 01:21:49 - INFO - ======== [End Run 14/140] width=140 depth=4 | best_val=0.4304 | test_acc=0.8495 ========

