2025-10-03 09:51:49 - INFO - ======== [Run 10/200] width=100 depth=3 ========
2025-10-03 09:51:49 - INFO - Device=cuda | dataset=cifar10 | batch=64 | max_epochs=50 | patience=10 | lr=1.00e-03 | wd=1.0e-04
2025-10-03 09:51:49 - INFO - Model params=184310 | neurons=400 | pooling=[1, 3]
2025-10-03 09:52:03 - INFO - [epoch 1/50] train_loss=1.5805 | val_loss=1.3423 | val_acc=0.5156 | best_val=1.3423@1 | bad=0/10 | lr=1.00e-03 | dt=14.2s
2025-10-03 09:52:17 - INFO - [epoch 2/50] train_loss=1.2691 | val_loss=1.2562 | val_acc=0.5578 | best_val=1.2562@2 | bad=0/10 | lr=1.00e-03 | dt=13.9s
2025-10-03 09:52:31 - INFO - [epoch 3/50] train_loss=1.1502 | val_loss=1.3599 | val_acc=0.5190 | best_val=1.2562@2 | bad=1/10 | lr=1.00e-03 | dt=13.6s
2025-10-03 09:52:44 - INFO - [epoch 4/50] train_loss=1.0726 | val_loss=1.1107 | val_acc=0.6156 | best_val=1.1107@4 | bad=0/10 | lr=1.00e-03 | dt=13.8s
2025-10-03 09:52:58 - INFO - [epoch 5/50] train_loss=1.0200 | val_loss=1.0894 | val_acc=0.6146 | best_val=1.0894@5 | bad=0/10 | lr=1.00e-03 | dt=14.0s
2025-10-03 09:53:12 - INFO - [epoch 6/50] train_loss=0.9654 | val_loss=1.0630 | val_acc=0.6316 | best_val=1.0630@6 | bad=0/10 | lr=1.00e-03 | dt=13.6s
2025-10-03 09:53:26 - INFO - [epoch 7/50] train_loss=0.9243 | val_loss=0.8944 | val_acc=0.6770 | best_val=0.8944@7 | bad=0/10 | lr=1.00e-03 | dt=13.7s
2025-10-03 09:53:39 - INFO - [epoch 8/50] train_loss=0.8862 | val_loss=0.9249 | val_acc=0.6760 | best_val=0.8944@7 | bad=1/10 | lr=1.00e-03 | dt=13.6s
2025-10-03 09:53:53 - INFO - [epoch 9/50] train_loss=0.8485 | val_loss=0.9498 | val_acc=0.6696 | best_val=0.8944@7 | bad=2/10 | lr=1.00e-03 | dt=13.7s
2025-10-03 09:54:07 - INFO - [epoch 10/50] train_loss=0.8186 | val_loss=0.8747 | val_acc=0.6948 | best_val=0.8747@10 | bad=0/10 | lr=1.00e-03 | dt=13.7s
2025-10-03 09:54:20 - INFO - [epoch 11/50] train_loss=0.7941 | val_loss=0.8176 | val_acc=0.7194 | best_val=0.8176@11 | bad=0/10 | lr=1.00e-03 | dt=13.6s
2025-10-03 09:54:34 - INFO - [epoch 12/50] train_loss=0.7752 | val_loss=0.9092 | val_acc=0.6942 | best_val=0.8176@11 | bad=1/10 | lr=1.00e-03 | dt=13.6s
2025-10-03 09:54:47 - INFO - [epoch 13/50] train_loss=0.7502 | val_loss=0.9296 | val_acc=0.7002 | best_val=0.8176@11 | bad=2/10 | lr=1.00e-03 | dt=13.6s
2025-10-03 09:55:01 - INFO - [epoch 14/50] train_loss=0.7356 | val_loss=0.8191 | val_acc=0.7168 | best_val=0.8176@11 | bad=3/10 | lr=1.00e-03 | dt=13.9s
2025-10-03 09:55:15 - INFO - [epoch 15/50] train_loss=0.7113 | val_loss=0.9366 | val_acc=0.6892 | best_val=0.8176@11 | bad=4/10 | lr=1.00e-03 | dt=13.6s
2025-10-03 09:55:29 - INFO - [epoch 16/50] train_loss=0.7005 | val_loss=0.8887 | val_acc=0.7064 | best_val=0.8176@11 | bad=5/10 | lr=1.00e-03 | dt=13.7s
2025-10-03 09:55:42 - INFO - [epoch 17/50] train_loss=0.6822 | val_loss=0.7932 | val_acc=0.7410 | best_val=0.7932@17 | bad=0/10 | lr=1.00e-03 | dt=13.5s
2025-10-03 09:55:56 - INFO - [epoch 18/50] train_loss=0.6701 | val_loss=0.7195 | val_acc=0.7530 | best_val=0.7195@18 | bad=0/10 | lr=1.00e-03 | dt=14.0s
2025-10-03 09:56:10 - INFO - [epoch 19/50] train_loss=0.6616 | val_loss=0.7451 | val_acc=0.7458 | best_val=0.7195@18 | bad=1/10 | lr=1.00e-03 | dt=13.7s
2025-10-03 09:56:24 - INFO - [epoch 20/50] train_loss=0.6512 | val_loss=0.7861 | val_acc=0.7314 | best_val=0.7195@18 | bad=2/10 | lr=1.00e-03 | dt=13.7s
2025-10-03 09:56:37 - INFO - [epoch 21/50] train_loss=0.6359 | val_loss=0.7448 | val_acc=0.7466 | best_val=0.7195@18 | bad=3/10 | lr=1.00e-03 | dt=13.6s
2025-10-03 09:56:51 - INFO - [epoch 22/50] train_loss=0.6305 | val_loss=0.6963 | val_acc=0.7672 | best_val=0.6963@22 | bad=0/10 | lr=1.00e-03 | dt=13.7s
2025-10-03 09:57:05 - INFO - [epoch 23/50] train_loss=0.6186 | val_loss=0.8041 | val_acc=0.7344 | best_val=0.6963@22 | bad=1/10 | lr=1.00e-03 | dt=14.0s
2025-10-03 09:57:18 - INFO - [epoch 24/50] train_loss=0.6083 | val_loss=0.6724 | val_acc=0.7624 | best_val=0.6724@24 | bad=0/10 | lr=1.00e-03 | dt=13.6s
2025-10-03 09:57:32 - INFO - [epoch 25/50] train_loss=0.5991 | val_loss=0.6971 | val_acc=0.7584 | best_val=0.6724@24 | bad=1/10 | lr=1.00e-03 | dt=13.7s
2025-10-03 09:57:46 - INFO - [epoch 26/50] train_loss=0.5933 | val_loss=0.6434 | val_acc=0.7790 | best_val=0.6434@26 | bad=0/10 | lr=1.00e-03 | dt=13.6s
2025-10-03 09:58:01 - INFO - [epoch 27/50] train_loss=0.5832 | val_loss=0.7184 | val_acc=0.7590 | best_val=0.6434@26 | bad=1/10 | lr=1.00e-03 | dt=14.7s
2025-10-03 09:58:15 - INFO - [epoch 28/50] train_loss=0.5802 | val_loss=0.9249 | val_acc=0.6902 | best_val=0.6434@26 | bad=2/10 | lr=1.00e-03 | dt=14.2s
2025-10-03 09:58:28 - INFO - [epoch 29/50] train_loss=0.5680 | val_loss=0.7577 | val_acc=0.7516 | best_val=0.6434@26 | bad=3/10 | lr=1.00e-03 | dt=13.6s
2025-10-03 09:58:42 - INFO - [epoch 30/50] train_loss=0.5671 | val_loss=0.7968 | val_acc=0.7312 | best_val=0.6434@26 | bad=4/10 | lr=1.00e-03 | dt=13.6s
2025-10-03 09:58:56 - INFO - [epoch 31/50] train_loss=0.5635 | val_loss=0.6160 | val_acc=0.7882 | best_val=0.6160@31 | bad=0/10 | lr=1.00e-03 | dt=13.8s
2025-10-03 09:59:09 - INFO - [epoch 32/50] train_loss=0.5539 | val_loss=0.7619 | val_acc=0.7466 | best_val=0.6160@31 | bad=1/10 | lr=1.00e-03 | dt=13.8s
2025-10-03 09:59:23 - INFO - [epoch 33/50] train_loss=0.5493 | val_loss=0.6640 | val_acc=0.7778 | best_val=0.6160@31 | bad=2/10 | lr=1.00e-03 | dt=13.5s
2025-10-03 09:59:37 - INFO - [epoch 34/50] train_loss=0.5409 | val_loss=0.6221 | val_acc=0.7872 | best_val=0.6160@31 | bad=3/10 | lr=1.00e-03 | dt=13.6s
2025-10-03 09:59:50 - INFO - [epoch 35/50] train_loss=0.5353 | val_loss=0.7104 | val_acc=0.7700 | best_val=0.6160@31 | bad=4/10 | lr=1.00e-03 | dt=13.6s
2025-10-03 10:00:04 - INFO - [epoch 36/50] train_loss=0.5295 | val_loss=0.6428 | val_acc=0.7812 | best_val=0.6160@31 | bad=5/10 | lr=1.00e-03 | dt=13.9s
2025-10-03 10:00:18 - INFO - [epoch 37/50] train_loss=0.5291 | val_loss=0.6310 | val_acc=0.7824 | best_val=0.6160@31 | bad=6/10 | lr=1.00e-03 | dt=13.6s
2025-10-03 10:00:31 - INFO - [epoch 38/50] train_loss=0.5213 | val_loss=0.6605 | val_acc=0.7772 | best_val=0.6160@31 | bad=7/10 | lr=1.00e-03 | dt=13.5s
2025-10-03 10:00:45 - INFO - [epoch 39/50] train_loss=0.5162 | val_loss=0.9025 | val_acc=0.7210 | best_val=0.6160@31 | bad=8/10 | lr=1.00e-03 | dt=13.7s
2025-10-03 10:00:59 - INFO - [epoch 40/50] train_loss=0.5103 | val_loss=0.7272 | val_acc=0.7668 | best_val=0.6160@31 | bad=9/10 | lr=1.00e-03 | dt=13.7s
2025-10-03 10:01:13 - INFO - [epoch 41/50] train_loss=0.5083 | val_loss=0.6540 | val_acc=0.7718 | best_val=0.6160@31 | bad=10/10 | lr=1.00e-03 | dt=14.0s
2025-10-03 10:01:13 - INFO - Early stopping: no improvement for 10 epochs (best=0.6160 @ epoch 31)
2025-10-03 10:01:13 - INFO - Run finished in 563.8s | best_val_loss=0.6160 @epoch 31 | best_val_acc=0.7882
2025-10-03 10:01:14 - INFO - Test: loss=0.6785 acc=0.7754
2025-10-03 10:01:14 - INFO - ======== [End Run 10/200] width=100 depth=3 | best_val=0.6160 | test_acc=0.7754 ========

