2025-10-04 14:44:20 - INFO - ======== [Run 67/140] width=70 depth=7 ========
2025-10-04 14:44:20 - INFO - Device=cuda | dataset=cifar10 | batch=64 | max_epochs=50 | patience=10 | lr=1.00e-03 | wd=1.0e-04
2025-10-04 14:44:20 - INFO - Model params=268180 | neurons=560 | pooling=[1, 3]
2025-10-04 14:45:16 - INFO - [epoch 1/50] train_loss=1.5152 | val_loss=1.2359 | val_acc=0.5640 | best_val=1.2359@1 | bad=0/10 | lr=1.00e-03 | dt=56.2s
2025-10-04 14:46:13 - INFO - [epoch 2/50] train_loss=1.0515 | val_loss=0.9447 | val_acc=0.6532 | best_val=0.9447@2 | bad=0/10 | lr=1.00e-03 | dt=57.3s
2025-10-04 14:46:46 - INFO - [epoch 3/50] train_loss=0.8718 | val_loss=0.9374 | val_acc=0.6790 | best_val=0.9374@3 | bad=0/10 | lr=1.00e-03 | dt=32.8s
2025-10-04 14:47:10 - INFO - [epoch 4/50] train_loss=0.7526 | val_loss=0.8714 | val_acc=0.6964 | best_val=0.8714@4 | bad=0/10 | lr=1.00e-03 | dt=23.9s
2025-10-04 14:47:34 - INFO - [epoch 5/50] train_loss=0.6740 | val_loss=0.7689 | val_acc=0.7380 | best_val=0.7689@5 | bad=0/10 | lr=1.00e-03 | dt=23.6s
2025-10-04 14:47:57 - INFO - [epoch 6/50] train_loss=0.6211 | val_loss=0.7226 | val_acc=0.7546 | best_val=0.7226@6 | bad=0/10 | lr=1.00e-03 | dt=23.9s
2025-10-04 14:48:19 - INFO - [epoch 7/50] train_loss=0.5766 | val_loss=0.6460 | val_acc=0.7758 | best_val=0.6460@7 | bad=0/10 | lr=1.00e-03 | dt=21.6s
2025-10-04 14:48:40 - INFO - [epoch 8/50] train_loss=0.5455 | val_loss=0.5952 | val_acc=0.7946 | best_val=0.5952@8 | bad=0/10 | lr=1.00e-03 | dt=21.1s
2025-10-04 14:49:01 - INFO - [epoch 9/50] train_loss=0.5150 | val_loss=0.5716 | val_acc=0.8056 | best_val=0.5716@9 | bad=0/10 | lr=1.00e-03 | dt=20.9s
2025-10-04 14:49:22 - INFO - [epoch 10/50] train_loss=0.4910 | val_loss=0.5322 | val_acc=0.8200 | best_val=0.5322@10 | bad=0/10 | lr=1.00e-03 | dt=20.5s
2025-10-04 14:49:43 - INFO - [epoch 11/50] train_loss=0.4664 | val_loss=0.5704 | val_acc=0.8098 | best_val=0.5322@10 | bad=1/10 | lr=1.00e-03 | dt=21.5s
2025-10-04 14:50:05 - INFO - [epoch 12/50] train_loss=0.4530 | val_loss=0.5434 | val_acc=0.8188 | best_val=0.5322@10 | bad=2/10 | lr=1.00e-03 | dt=21.6s
2025-10-04 14:50:26 - INFO - [epoch 13/50] train_loss=0.4345 | val_loss=0.4992 | val_acc=0.8370 | best_val=0.4992@13 | bad=0/10 | lr=1.00e-03 | dt=21.4s
2025-10-04 14:50:48 - INFO - [epoch 14/50] train_loss=0.4206 | val_loss=0.5129 | val_acc=0.8284 | best_val=0.4992@13 | bad=1/10 | lr=1.00e-03 | dt=21.5s
2025-10-04 14:51:09 - INFO - [epoch 15/50] train_loss=0.4068 | val_loss=0.5346 | val_acc=0.8224 | best_val=0.4992@13 | bad=2/10 | lr=1.00e-03 | dt=21.7s
2025-10-04 14:51:31 - INFO - [epoch 16/50] train_loss=0.3914 | val_loss=0.4372 | val_acc=0.8460 | best_val=0.4372@16 | bad=0/10 | lr=1.00e-03 | dt=21.9s
2025-10-04 14:51:53 - INFO - [epoch 17/50] train_loss=0.3843 | val_loss=0.4758 | val_acc=0.8372 | best_val=0.4372@16 | bad=1/10 | lr=1.00e-03 | dt=21.6s
2025-10-04 14:52:15 - INFO - [epoch 18/50] train_loss=0.3671 | val_loss=0.4367 | val_acc=0.8536 | best_val=0.4367@18 | bad=0/10 | lr=1.00e-03 | dt=22.1s
2025-10-04 14:52:37 - INFO - [epoch 19/50] train_loss=0.3624 | val_loss=0.5014 | val_acc=0.8326 | best_val=0.4367@18 | bad=1/10 | lr=1.00e-03 | dt=21.8s
2025-10-04 14:52:58 - INFO - [epoch 20/50] train_loss=0.3540 | val_loss=0.4798 | val_acc=0.8428 | best_val=0.4367@18 | bad=2/10 | lr=1.00e-03 | dt=21.7s
2025-10-04 14:53:20 - INFO - [epoch 21/50] train_loss=0.3434 | val_loss=0.4344 | val_acc=0.8552 | best_val=0.4344@21 | bad=0/10 | lr=1.00e-03 | dt=21.4s
2025-10-04 14:53:42 - INFO - [epoch 22/50] train_loss=0.3388 | val_loss=0.4680 | val_acc=0.8462 | best_val=0.4344@21 | bad=1/10 | lr=1.00e-03 | dt=22.5s
2025-10-04 14:54:06 - INFO - [epoch 23/50] train_loss=0.3262 | val_loss=0.4166 | val_acc=0.8616 | best_val=0.4166@23 | bad=0/10 | lr=1.00e-03 | dt=23.9s
2025-10-04 14:54:29 - INFO - [epoch 24/50] train_loss=0.3258 | val_loss=0.4941 | val_acc=0.8460 | best_val=0.4166@23 | bad=1/10 | lr=1.00e-03 | dt=23.3s
2025-10-04 14:54:52 - INFO - [epoch 25/50] train_loss=0.3199 | val_loss=0.4406 | val_acc=0.8512 | best_val=0.4166@23 | bad=2/10 | lr=1.00e-03 | dt=22.8s
2025-10-04 14:55:16 - INFO - [epoch 26/50] train_loss=0.3103 | val_loss=0.3968 | val_acc=0.8674 | best_val=0.3968@26 | bad=0/10 | lr=1.00e-03 | dt=23.6s
2025-10-04 14:55:39 - INFO - [epoch 27/50] train_loss=0.3105 | val_loss=0.5088 | val_acc=0.8440 | best_val=0.3968@26 | bad=1/10 | lr=1.00e-03 | dt=23.3s
2025-10-04 14:56:02 - INFO - [epoch 28/50] train_loss=0.3029 | val_loss=0.4270 | val_acc=0.8576 | best_val=0.3968@26 | bad=2/10 | lr=1.00e-03 | dt=22.8s
2025-10-04 14:56:24 - INFO - [epoch 29/50] train_loss=0.2959 | val_loss=0.4181 | val_acc=0.8664 | best_val=0.3968@26 | bad=3/10 | lr=1.00e-03 | dt=22.0s
2025-10-04 14:56:47 - INFO - [epoch 30/50] train_loss=0.2934 | val_loss=0.4243 | val_acc=0.8598 | best_val=0.3968@26 | bad=4/10 | lr=1.00e-03 | dt=23.4s
2025-10-04 14:57:09 - INFO - [epoch 31/50] train_loss=0.2880 | val_loss=0.4462 | val_acc=0.8616 | best_val=0.3968@26 | bad=5/10 | lr=1.00e-03 | dt=21.8s
2025-10-04 14:57:29 - INFO - [epoch 32/50] train_loss=0.2845 | val_loss=0.4404 | val_acc=0.8586 | best_val=0.3968@26 | bad=6/10 | lr=1.00e-03 | dt=19.4s
2025-10-04 14:57:50 - INFO - [epoch 33/50] train_loss=0.2807 | val_loss=0.4322 | val_acc=0.8584 | best_val=0.3968@26 | bad=7/10 | lr=1.00e-03 | dt=21.2s
2025-10-04 14:58:11 - INFO - [epoch 34/50] train_loss=0.2689 | val_loss=0.4367 | val_acc=0.8612 | best_val=0.3968@26 | bad=8/10 | lr=1.00e-03 | dt=21.3s
2025-10-04 14:58:33 - INFO - [epoch 35/50] train_loss=0.2751 | val_loss=0.4173 | val_acc=0.8650 | best_val=0.3968@26 | bad=9/10 | lr=1.00e-03 | dt=22.1s
2025-10-04 14:58:55 - INFO - [epoch 36/50] train_loss=0.2652 | val_loss=0.4307 | val_acc=0.8610 | best_val=0.3968@26 | bad=10/10 | lr=1.00e-03 | dt=22.1s
2025-10-04 14:58:55 - INFO - Early stopping: no improvement for 10 epochs (best=0.3968 @ epoch 26)
2025-10-04 14:58:56 - INFO - Run finished in 876.1s | best_val_loss=0.3968 @epoch 26 | best_val_acc=0.8674
2025-10-04 14:58:58 - INFO - Test: loss=0.4618 acc=0.8571
2025-10-04 14:58:58 - INFO - ======== [End Run 67/140] width=70 depth=7 | best_val=0.3968 | test_acc=0.8571 ========

