2025-10-04 00:03:30 - INFO - ======== [Run 8/140] width=80 depth=4 ========
2025-10-04 00:03:30 - INFO - Device=cuda | dataset=cifar10 | batch=64 | max_epochs=50 | patience=10 | lr=1.00e-03 | wd=1.0e-04
2025-10-04 00:03:30 - INFO - Model params=176410 | neurons=400 | pooling=[1, 3]
2025-10-04 00:03:47 - INFO - [epoch 1/50] train_loss=1.5097 | val_loss=1.3524 | val_acc=0.5042 | best_val=1.3524@1 | bad=0/10 | lr=1.00e-03 | dt=17.0s
2025-10-04 00:04:04 - INFO - [epoch 2/50] train_loss=1.1393 | val_loss=1.2809 | val_acc=0.5348 | best_val=1.2809@2 | bad=0/10 | lr=1.00e-03 | dt=16.9s
2025-10-04 00:04:21 - INFO - [epoch 3/50] train_loss=0.9970 | val_loss=0.9801 | val_acc=0.6496 | best_val=0.9801@3 | bad=0/10 | lr=1.00e-03 | dt=16.5s
2025-10-04 00:04:38 - INFO - [epoch 4/50] train_loss=0.9093 | val_loss=1.0397 | val_acc=0.6390 | best_val=0.9801@3 | bad=1/10 | lr=1.00e-03 | dt=16.8s
2025-10-04 00:04:55 - INFO - [epoch 5/50] train_loss=0.8343 | val_loss=0.8445 | val_acc=0.6998 | best_val=0.8445@5 | bad=0/10 | lr=1.00e-03 | dt=17.3s
2025-10-04 00:05:13 - INFO - [epoch 6/50] train_loss=0.7751 | val_loss=1.0003 | val_acc=0.6660 | best_val=0.8445@5 | bad=1/10 | lr=1.00e-03 | dt=17.9s
2025-10-04 00:05:30 - INFO - [epoch 7/50] train_loss=0.7236 | val_loss=0.8814 | val_acc=0.7050 | best_val=0.8445@5 | bad=2/10 | lr=1.00e-03 | dt=17.5s
2025-10-04 00:05:46 - INFO - [epoch 8/50] train_loss=0.6819 | val_loss=0.7966 | val_acc=0.7282 | best_val=0.7966@8 | bad=0/10 | lr=1.00e-03 | dt=16.1s
2025-10-04 00:06:03 - INFO - [epoch 9/50] train_loss=0.6445 | val_loss=0.7309 | val_acc=0.7450 | best_val=0.7309@9 | bad=0/10 | lr=1.00e-03 | dt=16.5s
2025-10-04 00:06:18 - INFO - [epoch 10/50] train_loss=0.6158 | val_loss=0.6812 | val_acc=0.7604 | best_val=0.6812@10 | bad=0/10 | lr=1.00e-03 | dt=15.3s
2025-10-04 00:06:35 - INFO - [epoch 11/50] train_loss=0.5903 | val_loss=0.7193 | val_acc=0.7538 | best_val=0.6812@10 | bad=1/10 | lr=1.00e-03 | dt=16.3s
2025-10-04 00:06:50 - INFO - [epoch 12/50] train_loss=0.5678 | val_loss=0.6161 | val_acc=0.7870 | best_val=0.6161@12 | bad=0/10 | lr=1.00e-03 | dt=15.7s
2025-10-04 00:07:06 - INFO - [epoch 13/50] train_loss=0.5462 | val_loss=0.6686 | val_acc=0.7678 | best_val=0.6161@12 | bad=1/10 | lr=1.00e-03 | dt=16.0s
2025-10-04 00:07:23 - INFO - [epoch 14/50] train_loss=0.5374 | val_loss=0.5964 | val_acc=0.7890 | best_val=0.5964@14 | bad=0/10 | lr=1.00e-03 | dt=16.5s
2025-10-04 00:07:38 - INFO - [epoch 15/50] train_loss=0.5176 | val_loss=0.5566 | val_acc=0.8040 | best_val=0.5566@15 | bad=0/10 | lr=1.00e-03 | dt=15.6s
2025-10-04 00:07:55 - INFO - [epoch 16/50] train_loss=0.5098 | val_loss=0.5987 | val_acc=0.7938 | best_val=0.5566@15 | bad=1/10 | lr=1.00e-03 | dt=16.2s
2025-10-04 00:08:11 - INFO - [epoch 17/50] train_loss=0.4971 | val_loss=0.5714 | val_acc=0.8076 | best_val=0.5566@15 | bad=2/10 | lr=1.00e-03 | dt=16.1s
2025-10-04 00:08:27 - INFO - [epoch 18/50] train_loss=0.4853 | val_loss=0.6267 | val_acc=0.7876 | best_val=0.5566@15 | bad=3/10 | lr=1.00e-03 | dt=16.0s
2025-10-04 00:08:44 - INFO - [epoch 19/50] train_loss=0.4716 | val_loss=0.5614 | val_acc=0.8122 | best_val=0.5566@15 | bad=4/10 | lr=1.00e-03 | dt=17.0s
2025-10-04 00:09:00 - INFO - [epoch 20/50] train_loss=0.4698 | val_loss=0.5223 | val_acc=0.8232 | best_val=0.5223@20 | bad=0/10 | lr=1.00e-03 | dt=16.8s
2025-10-04 00:09:16 - INFO - [epoch 21/50] train_loss=0.4565 | val_loss=0.6728 | val_acc=0.7840 | best_val=0.5223@20 | bad=1/10 | lr=1.00e-03 | dt=15.8s
2025-10-04 00:09:33 - INFO - [epoch 22/50] train_loss=0.4440 | val_loss=0.5198 | val_acc=0.8298 | best_val=0.5198@22 | bad=0/10 | lr=1.00e-03 | dt=16.4s
2025-10-04 00:09:49 - INFO - [epoch 23/50] train_loss=0.4409 | val_loss=0.5423 | val_acc=0.8196 | best_val=0.5198@22 | bad=1/10 | lr=1.00e-03 | dt=16.2s
2025-10-04 00:10:05 - INFO - [epoch 24/50] train_loss=0.4362 | val_loss=0.5117 | val_acc=0.8290 | best_val=0.5117@24 | bad=0/10 | lr=1.00e-03 | dt=16.5s
2025-10-04 00:10:21 - INFO - [epoch 25/50] train_loss=0.4252 | val_loss=0.6081 | val_acc=0.8044 | best_val=0.5117@24 | bad=1/10 | lr=1.00e-03 | dt=15.5s
2025-10-04 00:10:37 - INFO - [epoch 26/50] train_loss=0.4237 | val_loss=0.4978 | val_acc=0.8240 | best_val=0.4978@26 | bad=0/10 | lr=1.00e-03 | dt=16.0s
2025-10-04 00:10:52 - INFO - [epoch 27/50] train_loss=0.4114 | val_loss=0.5341 | val_acc=0.8258 | best_val=0.4978@26 | bad=1/10 | lr=1.00e-03 | dt=15.6s
2025-10-04 00:11:08 - INFO - [epoch 28/50] train_loss=0.4110 | val_loss=0.4848 | val_acc=0.8334 | best_val=0.4848@28 | bad=0/10 | lr=1.00e-03 | dt=15.6s
2025-10-04 00:11:24 - INFO - [epoch 29/50] train_loss=0.3981 | val_loss=0.5289 | val_acc=0.8202 | best_val=0.4848@28 | bad=1/10 | lr=1.00e-03 | dt=16.3s
2025-10-04 00:11:40 - INFO - [epoch 30/50] train_loss=0.3958 | val_loss=0.4670 | val_acc=0.8400 | best_val=0.4670@30 | bad=0/10 | lr=1.00e-03 | dt=15.4s
2025-10-04 00:11:56 - INFO - [epoch 31/50] train_loss=0.3925 | val_loss=0.5169 | val_acc=0.8300 | best_val=0.4670@30 | bad=1/10 | lr=1.00e-03 | dt=16.5s
2025-10-04 00:12:12 - INFO - [epoch 32/50] train_loss=0.3876 | val_loss=0.5343 | val_acc=0.8276 | best_val=0.4670@30 | bad=2/10 | lr=1.00e-03 | dt=15.8s
2025-10-04 00:12:28 - INFO - [epoch 33/50] train_loss=0.3845 | val_loss=0.5244 | val_acc=0.8298 | best_val=0.4670@30 | bad=3/10 | lr=1.00e-03 | dt=15.6s
2025-10-04 00:12:44 - INFO - [epoch 34/50] train_loss=0.3806 | val_loss=0.5227 | val_acc=0.8276 | best_val=0.4670@30 | bad=4/10 | lr=1.00e-03 | dt=15.9s
2025-10-04 00:13:00 - INFO - [epoch 35/50] train_loss=0.3796 | val_loss=0.5617 | val_acc=0.8244 | best_val=0.4670@30 | bad=5/10 | lr=1.00e-03 | dt=16.6s
2025-10-04 00:13:17 - INFO - [epoch 36/50] train_loss=0.3699 | val_loss=0.4954 | val_acc=0.8370 | best_val=0.4670@30 | bad=6/10 | lr=1.00e-03 | dt=16.5s
2025-10-04 00:13:33 - INFO - [epoch 37/50] train_loss=0.3693 | val_loss=0.5272 | val_acc=0.8278 | best_val=0.4670@30 | bad=7/10 | lr=1.00e-03 | dt=16.0s
2025-10-04 00:13:49 - INFO - [epoch 38/50] train_loss=0.3642 | val_loss=0.5070 | val_acc=0.8284 | best_val=0.4670@30 | bad=8/10 | lr=1.00e-03 | dt=16.4s
2025-10-04 00:14:05 - INFO - [epoch 39/50] train_loss=0.3640 | val_loss=0.5130 | val_acc=0.8244 | best_val=0.4670@30 | bad=9/10 | lr=1.00e-03 | dt=16.0s
2025-10-04 00:14:21 - INFO - [epoch 40/50] train_loss=0.3568 | val_loss=0.6047 | val_acc=0.8026 | best_val=0.4670@30 | bad=10/10 | lr=1.00e-03 | dt=15.5s
2025-10-04 00:14:21 - INFO - Early stopping: no improvement for 10 epochs (best=0.4670 @ epoch 30)
2025-10-04 00:14:21 - INFO - Run finished in 650.5s | best_val_loss=0.4670 @epoch 30 | best_val_acc=0.8400
2025-10-04 00:14:23 - INFO - Test: loss=0.6366 acc=0.7952
2025-10-04 00:14:23 - INFO - ======== [End Run 8/140] width=80 depth=4 | best_val=0.4670 | test_acc=0.7952 ========

