2025-10-04 00:44:56 - INFO - ======== [Run 12/140] width=120 depth=4 ========
2025-10-04 00:44:56 - INFO - Device=cuda | dataset=cifar10 | batch=64 | max_epochs=50 | patience=10 | lr=1.00e-03 | wd=1.0e-04
2025-10-04 00:44:56 - INFO - Model params=394210 | neurons=600 | pooling=[1, 3]
2025-10-04 00:45:15 - INFO - [epoch 1/50] train_loss=1.4688 | val_loss=1.1659 | val_acc=0.5764 | best_val=1.1659@1 | bad=0/10 | lr=1.00e-03 | dt=18.7s
2025-10-04 00:45:34 - INFO - [epoch 2/50] train_loss=1.0932 | val_loss=1.0364 | val_acc=0.6276 | best_val=1.0364@2 | bad=0/10 | lr=1.00e-03 | dt=19.0s
2025-10-04 00:45:53 - INFO - [epoch 3/50] train_loss=0.9509 | val_loss=1.1806 | val_acc=0.5964 | best_val=1.0364@2 | bad=1/10 | lr=1.00e-03 | dt=18.8s
2025-10-04 00:46:11 - INFO - [epoch 4/50] train_loss=0.8613 | val_loss=0.9017 | val_acc=0.6714 | best_val=0.9017@4 | bad=0/10 | lr=1.00e-03 | dt=18.5s
2025-10-04 00:46:30 - INFO - [epoch 5/50] train_loss=0.7851 | val_loss=0.8201 | val_acc=0.7114 | best_val=0.8201@5 | bad=0/10 | lr=1.00e-03 | dt=18.1s
2025-10-04 00:46:48 - INFO - [epoch 6/50] train_loss=0.7150 | val_loss=0.7952 | val_acc=0.7222 | best_val=0.7952@6 | bad=0/10 | lr=1.00e-03 | dt=18.0s
2025-10-04 00:47:06 - INFO - [epoch 7/50] train_loss=0.6628 | val_loss=1.1581 | val_acc=0.6456 | best_val=0.7952@6 | bad=1/10 | lr=1.00e-03 | dt=18.6s
2025-10-04 00:47:25 - INFO - [epoch 8/50] train_loss=0.6205 | val_loss=0.7030 | val_acc=0.7536 | best_val=0.7030@8 | bad=0/10 | lr=1.00e-03 | dt=18.5s
2025-10-04 00:47:43 - INFO - [epoch 9/50] train_loss=0.5900 | val_loss=0.7162 | val_acc=0.7546 | best_val=0.7030@8 | bad=1/10 | lr=1.00e-03 | dt=18.8s
2025-10-04 00:48:02 - INFO - [epoch 10/50] train_loss=0.5605 | val_loss=0.6123 | val_acc=0.7822 | best_val=0.6123@10 | bad=0/10 | lr=1.00e-03 | dt=18.4s
2025-10-04 00:48:20 - INFO - [epoch 11/50] train_loss=0.5345 | val_loss=0.6337 | val_acc=0.7838 | best_val=0.6123@10 | bad=1/10 | lr=1.00e-03 | dt=18.2s
2025-10-04 00:48:39 - INFO - [epoch 12/50] train_loss=0.5176 | val_loss=0.7518 | val_acc=0.7560 | best_val=0.6123@10 | bad=2/10 | lr=1.00e-03 | dt=18.7s
2025-10-04 00:48:58 - INFO - [epoch 13/50] train_loss=0.4932 | val_loss=0.5790 | val_acc=0.7970 | best_val=0.5790@13 | bad=0/10 | lr=1.00e-03 | dt=19.1s
2025-10-04 00:49:17 - INFO - [epoch 14/50] train_loss=0.4812 | val_loss=0.6077 | val_acc=0.7978 | best_val=0.5790@13 | bad=1/10 | lr=1.00e-03 | dt=19.1s
2025-10-04 00:49:35 - INFO - [epoch 15/50] train_loss=0.4666 | val_loss=0.5755 | val_acc=0.8074 | best_val=0.5755@15 | bad=0/10 | lr=1.00e-03 | dt=18.5s
2025-10-04 00:49:54 - INFO - [epoch 16/50] train_loss=0.4482 | val_loss=0.5802 | val_acc=0.8062 | best_val=0.5755@15 | bad=1/10 | lr=1.00e-03 | dt=18.4s
2025-10-04 00:50:12 - INFO - [epoch 17/50] train_loss=0.4332 | val_loss=0.5828 | val_acc=0.8042 | best_val=0.5755@15 | bad=2/10 | lr=1.00e-03 | dt=18.5s
2025-10-04 00:50:30 - INFO - [epoch 18/50] train_loss=0.4252 | val_loss=0.5937 | val_acc=0.7988 | best_val=0.5755@15 | bad=3/10 | lr=1.00e-03 | dt=18.0s
2025-10-04 00:50:49 - INFO - [epoch 19/50] train_loss=0.4170 | val_loss=0.5574 | val_acc=0.8134 | best_val=0.5574@19 | bad=0/10 | lr=1.00e-03 | dt=18.6s
2025-10-04 00:51:07 - INFO - [epoch 20/50] train_loss=0.4036 | val_loss=0.5116 | val_acc=0.8306 | best_val=0.5116@20 | bad=0/10 | lr=1.00e-03 | dt=18.2s
2025-10-04 00:51:25 - INFO - [epoch 21/50] train_loss=0.3923 | val_loss=0.5792 | val_acc=0.8170 | best_val=0.5116@20 | bad=1/10 | lr=1.00e-03 | dt=18.3s
2025-10-04 00:51:44 - INFO - [epoch 22/50] train_loss=0.3873 | val_loss=0.4945 | val_acc=0.8342 | best_val=0.4945@22 | bad=0/10 | lr=1.00e-03 | dt=18.6s
2025-10-04 00:52:02 - INFO - [epoch 23/50] train_loss=0.3793 | val_loss=0.5502 | val_acc=0.8226 | best_val=0.4945@22 | bad=1/10 | lr=1.00e-03 | dt=18.3s
2025-10-04 00:52:21 - INFO - [epoch 24/50] train_loss=0.3666 | val_loss=0.5706 | val_acc=0.8144 | best_val=0.4945@22 | bad=2/10 | lr=1.00e-03 | dt=18.3s
2025-10-04 00:52:39 - INFO - [epoch 25/50] train_loss=0.3639 | val_loss=0.4637 | val_acc=0.8404 | best_val=0.4637@25 | bad=0/10 | lr=1.00e-03 | dt=18.7s
2025-10-04 00:52:58 - INFO - [epoch 26/50] train_loss=0.3555 | val_loss=0.5526 | val_acc=0.8218 | best_val=0.4637@25 | bad=1/10 | lr=1.00e-03 | dt=18.5s
2025-10-04 00:53:16 - INFO - [epoch 27/50] train_loss=0.3491 | val_loss=0.5202 | val_acc=0.8344 | best_val=0.4637@25 | bad=2/10 | lr=1.00e-03 | dt=17.9s
2025-10-04 00:53:34 - INFO - [epoch 28/50] train_loss=0.3456 | val_loss=0.5495 | val_acc=0.8172 | best_val=0.4637@25 | bad=3/10 | lr=1.00e-03 | dt=18.6s
2025-10-04 00:53:53 - INFO - [epoch 29/50] train_loss=0.3381 | val_loss=0.5386 | val_acc=0.8296 | best_val=0.4637@25 | bad=4/10 | lr=1.00e-03 | dt=18.4s
2025-10-04 00:54:11 - INFO - [epoch 30/50] train_loss=0.3363 | val_loss=0.4879 | val_acc=0.8380 | best_val=0.4637@25 | bad=5/10 | lr=1.00e-03 | dt=18.6s
2025-10-04 00:54:29 - INFO - [epoch 31/50] train_loss=0.3298 | val_loss=0.5282 | val_acc=0.8326 | best_val=0.4637@25 | bad=6/10 | lr=1.00e-03 | dt=17.9s
2025-10-04 00:54:48 - INFO - [epoch 32/50] train_loss=0.3282 | val_loss=0.4806 | val_acc=0.8416 | best_val=0.4637@25 | bad=7/10 | lr=1.00e-03 | dt=18.8s
2025-10-04 00:55:06 - INFO - [epoch 33/50] train_loss=0.3212 | val_loss=0.5002 | val_acc=0.8376 | best_val=0.4637@25 | bad=8/10 | lr=1.00e-03 | dt=18.2s
2025-10-04 00:55:25 - INFO - [epoch 34/50] train_loss=0.3169 | val_loss=0.4917 | val_acc=0.8456 | best_val=0.4637@25 | bad=9/10 | lr=1.00e-03 | dt=18.9s
2025-10-04 00:55:44 - INFO - [epoch 35/50] train_loss=0.3072 | val_loss=0.4947 | val_acc=0.8412 | best_val=0.4637@25 | bad=10/10 | lr=1.00e-03 | dt=18.7s
2025-10-04 00:55:44 - INFO - Early stopping: no improvement for 10 epochs (best=0.4637 @ epoch 25)
2025-10-04 00:55:44 - INFO - Run finished in 647.8s | best_val_loss=0.4637 @epoch 25 | best_val_acc=0.8404
2025-10-04 00:55:46 - INFO - Test: loss=0.5104 acc=0.8433
2025-10-04 00:55:46 - INFO - ======== [End Run 12/140] width=120 depth=4 | best_val=0.4637 | test_acc=0.8433 ========

