2025-10-04 11:21:22 - INFO - ======== [Run 56/140] width=160 depth=6 ========
2025-10-04 11:21:22 - INFO - Device=cuda | dataset=cifar10 | batch=64 | max_epochs=50 | patience=10 | lr=1.00e-03 | wd=1.0e-04
2025-10-04 11:21:22 - INFO - Model params=1159850 | neurons=1120 | pooling=[1, 3]
2025-10-04 11:23:17 - INFO - [epoch 1/50] train_loss=1.4281 | val_loss=1.2338 | val_acc=0.5826 | best_val=1.2338@1 | bad=0/10 | lr=1.00e-03 | dt=115.3s
2025-10-04 11:25:11 - INFO - [epoch 2/50] train_loss=1.0125 | val_loss=1.2226 | val_acc=0.5794 | best_val=1.2226@2 | bad=0/10 | lr=1.00e-03 | dt=113.8s
2025-10-04 11:27:05 - INFO - [epoch 3/50] train_loss=0.8300 | val_loss=0.9121 | val_acc=0.6804 | best_val=0.9121@3 | bad=0/10 | lr=1.00e-03 | dt=113.6s
2025-10-04 11:28:58 - INFO - [epoch 4/50] train_loss=0.7023 | val_loss=0.7517 | val_acc=0.7414 | best_val=0.7517@4 | bad=0/10 | lr=1.00e-03 | dt=113.2s
2025-10-04 11:30:03 - INFO - [epoch 5/50] train_loss=0.6271 | val_loss=0.6042 | val_acc=0.7822 | best_val=0.6042@5 | bad=0/10 | lr=1.00e-03 | dt=64.9s
2025-10-04 11:30:34 - INFO - [epoch 6/50] train_loss=0.5650 | val_loss=0.7075 | val_acc=0.7598 | best_val=0.6042@5 | bad=1/10 | lr=1.00e-03 | dt=31.4s
2025-10-04 11:31:06 - INFO - [epoch 7/50] train_loss=0.5268 | val_loss=0.6149 | val_acc=0.7920 | best_val=0.6042@5 | bad=2/10 | lr=1.00e-03 | dt=31.5s
2025-10-04 11:31:36 - INFO - [epoch 8/50] train_loss=0.4890 | val_loss=0.5088 | val_acc=0.8244 | best_val=0.5088@8 | bad=0/10 | lr=1.00e-03 | dt=30.6s
2025-10-04 11:32:05 - INFO - [epoch 9/50] train_loss=0.4502 | val_loss=0.6376 | val_acc=0.7954 | best_val=0.5088@8 | bad=1/10 | lr=1.00e-03 | dt=28.7s
2025-10-04 11:32:33 - INFO - [epoch 10/50] train_loss=0.4287 | val_loss=0.5225 | val_acc=0.8262 | best_val=0.5088@8 | bad=2/10 | lr=1.00e-03 | dt=28.6s
2025-10-04 11:33:03 - INFO - [epoch 11/50] train_loss=0.4098 | val_loss=0.4872 | val_acc=0.8368 | best_val=0.4872@11 | bad=0/10 | lr=1.00e-03 | dt=29.3s
2025-10-04 11:33:34 - INFO - [epoch 12/50] train_loss=0.3909 | val_loss=0.4818 | val_acc=0.8360 | best_val=0.4818@12 | bad=0/10 | lr=1.00e-03 | dt=31.1s
2025-10-04 11:34:06 - INFO - [epoch 13/50] train_loss=0.3735 | val_loss=0.4598 | val_acc=0.8498 | best_val=0.4598@13 | bad=0/10 | lr=1.00e-03 | dt=32.4s
2025-10-04 11:34:38 - INFO - [epoch 14/50] train_loss=0.3522 | val_loss=0.4083 | val_acc=0.8662 | best_val=0.4083@14 | bad=0/10 | lr=1.00e-03 | dt=31.9s
2025-10-04 11:35:08 - INFO - [epoch 15/50] train_loss=0.3436 | val_loss=0.5155 | val_acc=0.8390 | best_val=0.4083@14 | bad=1/10 | lr=1.00e-03 | dt=30.2s
2025-10-04 11:35:40 - INFO - [epoch 16/50] train_loss=0.3260 | val_loss=0.4872 | val_acc=0.8372 | best_val=0.4083@14 | bad=2/10 | lr=1.00e-03 | dt=31.5s
2025-10-04 11:36:11 - INFO - [epoch 17/50] train_loss=0.3168 | val_loss=0.4218 | val_acc=0.8672 | best_val=0.4083@14 | bad=3/10 | lr=1.00e-03 | dt=31.0s
2025-10-04 11:36:41 - INFO - [epoch 18/50] train_loss=0.3058 | val_loss=0.4399 | val_acc=0.8568 | best_val=0.4083@14 | bad=4/10 | lr=1.00e-03 | dt=30.0s
2025-10-04 11:37:12 - INFO - [epoch 19/50] train_loss=0.2924 | val_loss=0.4795 | val_acc=0.8470 | best_val=0.4083@14 | bad=5/10 | lr=1.00e-03 | dt=30.9s
2025-10-04 11:37:43 - INFO - [epoch 20/50] train_loss=0.2856 | val_loss=0.4906 | val_acc=0.8456 | best_val=0.4083@14 | bad=6/10 | lr=1.00e-03 | dt=31.6s
2025-10-04 11:38:14 - INFO - [epoch 21/50] train_loss=0.2785 | val_loss=0.4317 | val_acc=0.8630 | best_val=0.4083@14 | bad=7/10 | lr=1.00e-03 | dt=30.7s
2025-10-04 11:38:44 - INFO - [epoch 22/50] train_loss=0.2674 | val_loss=0.4478 | val_acc=0.8574 | best_val=0.4083@14 | bad=8/10 | lr=1.00e-03 | dt=30.0s
2025-10-04 11:39:14 - INFO - [epoch 23/50] train_loss=0.2602 | val_loss=0.4351 | val_acc=0.8650 | best_val=0.4083@14 | bad=9/10 | lr=1.00e-03 | dt=29.6s
2025-10-04 11:39:45 - INFO - [epoch 24/50] train_loss=0.2589 | val_loss=0.4202 | val_acc=0.8638 | best_val=0.4083@14 | bad=10/10 | lr=1.00e-03 | dt=30.9s
2025-10-04 11:39:45 - INFO - Early stopping: no improvement for 10 epochs (best=0.4083 @ epoch 14)
2025-10-04 11:39:46 - INFO - Run finished in 1103.8s | best_val_loss=0.4083 @epoch 14 | best_val_acc=0.8662
2025-10-04 11:39:49 - INFO - Test: loss=0.4437 acc=0.8609
2025-10-04 11:39:49 - INFO - ======== [End Run 56/140] width=160 depth=6 | best_val=0.4083 | test_acc=0.8609 ========

