2025-10-04 13:05:09 - INFO - ======== [Run 61/140] width=10 depth=7 ========
2025-10-04 13:05:09 - INFO - Device=cuda | dataset=cifar10 | batch=64 | max_epochs=50 | patience=10 | lr=1.00e-03 | wd=1.0e-04
2025-10-04 13:05:09 - INFO - Model params=5920 | neurons=80 | pooling=[1, 3]
2025-10-04 13:05:30 - INFO - [epoch 1/50] train_loss=1.8896 | val_loss=1.6918 | val_acc=0.3240 | best_val=1.6918@1 | bad=0/10 | lr=1.00e-03 | dt=20.4s
2025-10-04 13:05:51 - INFO - [epoch 2/50] train_loss=1.6285 | val_loss=1.5387 | val_acc=0.4200 | best_val=1.5387@2 | bad=0/10 | lr=1.00e-03 | dt=22.0s
2025-10-04 13:06:12 - INFO - [epoch 3/50] train_loss=1.4438 | val_loss=1.3919 | val_acc=0.4772 | best_val=1.3919@3 | bad=0/10 | lr=1.00e-03 | dt=20.6s
2025-10-04 13:06:33 - INFO - [epoch 4/50] train_loss=1.3358 | val_loss=1.2535 | val_acc=0.5428 | best_val=1.2535@4 | bad=0/10 | lr=1.00e-03 | dt=20.6s
2025-10-04 13:06:54 - INFO - [epoch 5/50] train_loss=1.2685 | val_loss=1.2224 | val_acc=0.5610 | best_val=1.2224@5 | bad=0/10 | lr=1.00e-03 | dt=20.9s
2025-10-04 13:07:13 - INFO - [epoch 6/50] train_loss=1.2211 | val_loss=1.2604 | val_acc=0.5410 | best_val=1.2224@5 | bad=1/10 | lr=1.00e-03 | dt=19.0s
2025-10-04 13:07:32 - INFO - [epoch 7/50] train_loss=1.1808 | val_loss=1.1454 | val_acc=0.5886 | best_val=1.1454@7 | bad=0/10 | lr=1.00e-03 | dt=19.1s
2025-10-04 13:07:52 - INFO - [epoch 8/50] train_loss=1.1539 | val_loss=1.1569 | val_acc=0.5788 | best_val=1.1454@7 | bad=1/10 | lr=1.00e-03 | dt=20.3s
2025-10-04 13:08:12 - INFO - [epoch 9/50] train_loss=1.1286 | val_loss=1.1198 | val_acc=0.5964 | best_val=1.1198@9 | bad=0/10 | lr=1.00e-03 | dt=19.9s
2025-10-04 13:08:31 - INFO - [epoch 10/50] train_loss=1.1036 | val_loss=1.1079 | val_acc=0.6056 | best_val=1.1079@10 | bad=0/10 | lr=1.00e-03 | dt=18.8s
2025-10-04 13:08:48 - INFO - [epoch 11/50] train_loss=1.0847 | val_loss=1.1842 | val_acc=0.5962 | best_val=1.1079@10 | bad=1/10 | lr=1.00e-03 | dt=16.9s
2025-10-04 13:09:06 - INFO - [epoch 12/50] train_loss=1.0767 | val_loss=1.0730 | val_acc=0.6128 | best_val=1.0730@12 | bad=0/10 | lr=1.00e-03 | dt=18.1s
2025-10-04 13:09:25 - INFO - [epoch 13/50] train_loss=1.0633 | val_loss=1.0397 | val_acc=0.6202 | best_val=1.0397@13 | bad=0/10 | lr=1.00e-03 | dt=19.0s
2025-10-04 13:09:45 - INFO - [epoch 14/50] train_loss=1.0524 | val_loss=1.0519 | val_acc=0.6198 | best_val=1.0397@13 | bad=1/10 | lr=1.00e-03 | dt=20.4s
2025-10-04 13:10:04 - INFO - [epoch 15/50] train_loss=1.0434 | val_loss=1.0500 | val_acc=0.6244 | best_val=1.0397@13 | bad=2/10 | lr=1.00e-03 | dt=19.4s
2025-10-04 13:10:25 - INFO - [epoch 16/50] train_loss=1.0262 | val_loss=1.0820 | val_acc=0.6124 | best_val=1.0397@13 | bad=3/10 | lr=1.00e-03 | dt=20.5s
2025-10-04 13:10:45 - INFO - [epoch 17/50] train_loss=1.0151 | val_loss=1.0363 | val_acc=0.6344 | best_val=1.0363@17 | bad=0/10 | lr=1.00e-03 | dt=19.7s
2025-10-04 13:11:06 - INFO - [epoch 18/50] train_loss=1.0127 | val_loss=1.0387 | val_acc=0.6368 | best_val=1.0363@17 | bad=1/10 | lr=1.00e-03 | dt=21.2s
2025-10-04 13:11:27 - INFO - [epoch 19/50] train_loss=1.0012 | val_loss=1.0227 | val_acc=0.6346 | best_val=1.0227@19 | bad=0/10 | lr=1.00e-03 | dt=21.3s
2025-10-04 13:11:47 - INFO - [epoch 20/50] train_loss=0.9969 | val_loss=0.9829 | val_acc=0.6370 | best_val=0.9829@20 | bad=0/10 | lr=1.00e-03 | dt=19.8s
2025-10-04 13:12:07 - INFO - [epoch 21/50] train_loss=0.9912 | val_loss=0.9780 | val_acc=0.6498 | best_val=0.9780@21 | bad=0/10 | lr=1.00e-03 | dt=20.5s
2025-10-04 13:12:26 - INFO - [epoch 22/50] train_loss=0.9838 | val_loss=1.0555 | val_acc=0.6244 | best_val=0.9780@21 | bad=1/10 | lr=1.00e-03 | dt=18.4s
2025-10-04 13:12:46 - INFO - [epoch 23/50] train_loss=0.9762 | val_loss=0.9666 | val_acc=0.6522 | best_val=0.9666@23 | bad=0/10 | lr=1.00e-03 | dt=20.4s
2025-10-04 13:13:06 - INFO - [epoch 24/50] train_loss=0.9691 | val_loss=0.9908 | val_acc=0.6466 | best_val=0.9666@23 | bad=1/10 | lr=1.00e-03 | dt=19.8s
2025-10-04 13:13:25 - INFO - [epoch 25/50] train_loss=0.9658 | val_loss=1.0716 | val_acc=0.6324 | best_val=0.9666@23 | bad=2/10 | lr=1.00e-03 | dt=18.9s
2025-10-04 13:13:44 - INFO - [epoch 26/50] train_loss=0.9570 | val_loss=0.9821 | val_acc=0.6484 | best_val=0.9666@23 | bad=3/10 | lr=1.00e-03 | dt=18.9s
2025-10-04 13:14:01 - INFO - [epoch 27/50] train_loss=0.9520 | val_loss=0.9435 | val_acc=0.6642 | best_val=0.9435@27 | bad=0/10 | lr=1.00e-03 | dt=17.6s
2025-10-04 13:14:21 - INFO - [epoch 28/50] train_loss=0.9512 | val_loss=0.9323 | val_acc=0.6648 | best_val=0.9323@28 | bad=0/10 | lr=1.00e-03 | dt=19.5s
2025-10-04 13:14:40 - INFO - [epoch 29/50] train_loss=0.9401 | val_loss=0.9340 | val_acc=0.6644 | best_val=0.9323@28 | bad=1/10 | lr=1.00e-03 | dt=18.8s
2025-10-04 13:14:59 - INFO - [epoch 30/50] train_loss=0.9360 | val_loss=0.9708 | val_acc=0.6574 | best_val=0.9323@28 | bad=2/10 | lr=1.00e-03 | dt=19.6s
2025-10-04 13:15:18 - INFO - [epoch 31/50] train_loss=0.9342 | val_loss=0.9696 | val_acc=0.6586 | best_val=0.9323@28 | bad=3/10 | lr=1.00e-03 | dt=18.2s
2025-10-04 13:15:35 - INFO - [epoch 32/50] train_loss=0.9329 | val_loss=0.9578 | val_acc=0.6618 | best_val=0.9323@28 | bad=4/10 | lr=1.00e-03 | dt=17.7s
2025-10-04 13:15:53 - INFO - [epoch 33/50] train_loss=0.9288 | val_loss=0.9437 | val_acc=0.6656 | best_val=0.9323@28 | bad=5/10 | lr=1.00e-03 | dt=17.8s
2025-10-04 13:16:12 - INFO - [epoch 34/50] train_loss=0.9230 | val_loss=0.9811 | val_acc=0.6490 | best_val=0.9323@28 | bad=6/10 | lr=1.00e-03 | dt=18.5s
2025-10-04 13:16:28 - INFO - [epoch 35/50] train_loss=0.9144 | val_loss=0.9370 | val_acc=0.6690 | best_val=0.9323@28 | bad=7/10 | lr=1.00e-03 | dt=16.7s
2025-10-04 13:16:48 - INFO - [epoch 36/50] train_loss=0.9129 | val_loss=0.9682 | val_acc=0.6626 | best_val=0.9323@28 | bad=8/10 | lr=1.00e-03 | dt=19.6s
2025-10-04 13:17:07 - INFO - [epoch 37/50] train_loss=0.9090 | val_loss=0.9490 | val_acc=0.6684 | best_val=0.9323@28 | bad=9/10 | lr=1.00e-03 | dt=19.1s
2025-10-04 13:17:28 - INFO - [epoch 38/50] train_loss=0.9114 | val_loss=0.9379 | val_acc=0.6646 | best_val=0.9323@28 | bad=10/10 | lr=1.00e-03 | dt=21.2s
2025-10-04 13:17:28 - INFO - Early stopping: no improvement for 10 epochs (best=0.9323 @ epoch 28)
2025-10-04 13:17:29 - INFO - Run finished in 739.8s | best_val_loss=0.9323 @epoch 28 | best_val_acc=0.6648
2025-10-04 13:17:31 - INFO - Test: loss=0.9487 acc=0.6709
2025-10-04 13:17:31 - INFO - ======== [End Run 61/140] width=10 depth=7 | best_val=0.9323 | test_acc=0.6709 ========

