2025-10-04 05:33:22 - INFO - ======== [Run 33/140] width=130 depth=5 ========
2025-10-04 05:33:22 - INFO - Device=cuda | dataset=cifar10 | batch=64 | max_epochs=50 | patience=10 | lr=1.00e-03 | wd=1.0e-04
2025-10-04 05:33:22 - INFO - Model params=614520 | neurons=780 | pooling=[1, 3]
2025-10-04 05:33:46 - INFO - [epoch 1/50] train_loss=1.4139 | val_loss=1.1644 | val_acc=0.5824 | best_val=1.1644@1 | bad=0/10 | lr=1.00e-03 | dt=23.3s
2025-10-04 05:34:08 - INFO - [epoch 2/50] train_loss=1.0101 | val_loss=0.9927 | val_acc=0.6508 | best_val=0.9927@2 | bad=0/10 | lr=1.00e-03 | dt=22.9s
2025-10-04 05:34:31 - INFO - [epoch 3/50] train_loss=0.8496 | val_loss=1.0264 | val_acc=0.6356 | best_val=0.9927@2 | bad=1/10 | lr=1.00e-03 | dt=23.0s
2025-10-04 05:34:54 - INFO - [epoch 4/50] train_loss=0.7352 | val_loss=0.9609 | val_acc=0.6750 | best_val=0.9609@4 | bad=0/10 | lr=1.00e-03 | dt=22.6s
2025-10-04 05:35:17 - INFO - [epoch 5/50] train_loss=0.6501 | val_loss=0.9557 | val_acc=0.7092 | best_val=0.9557@5 | bad=0/10 | lr=1.00e-03 | dt=23.2s
2025-10-04 05:35:40 - INFO - [epoch 6/50] train_loss=0.5956 | val_loss=0.6043 | val_acc=0.7914 | best_val=0.6043@6 | bad=0/10 | lr=1.00e-03 | dt=22.7s
2025-10-04 05:36:03 - INFO - [epoch 7/50] train_loss=0.5522 | val_loss=0.6214 | val_acc=0.7880 | best_val=0.6043@6 | bad=1/10 | lr=1.00e-03 | dt=22.8s
2025-10-04 05:36:25 - INFO - [epoch 8/50] train_loss=0.5149 | val_loss=0.6840 | val_acc=0.7774 | best_val=0.6043@6 | bad=2/10 | lr=1.00e-03 | dt=22.7s
2025-10-04 05:36:48 - INFO - [epoch 9/50] train_loss=0.4848 | val_loss=0.5993 | val_acc=0.7948 | best_val=0.5993@9 | bad=0/10 | lr=1.00e-03 | dt=22.8s
2025-10-04 05:37:12 - INFO - [epoch 10/50] train_loss=0.4636 | val_loss=0.5351 | val_acc=0.8252 | best_val=0.5351@10 | bad=0/10 | lr=1.00e-03 | dt=23.5s
2025-10-04 05:37:35 - INFO - [epoch 11/50] train_loss=0.4393 | val_loss=0.5119 | val_acc=0.8252 | best_val=0.5119@11 | bad=0/10 | lr=1.00e-03 | dt=23.2s
2025-10-04 05:37:58 - INFO - [epoch 12/50] train_loss=0.4172 | val_loss=0.5911 | val_acc=0.7984 | best_val=0.5119@11 | bad=1/10 | lr=1.00e-03 | dt=22.8s
2025-10-04 05:38:21 - INFO - [epoch 13/50] train_loss=0.4028 | val_loss=0.5208 | val_acc=0.8242 | best_val=0.5119@11 | bad=2/10 | lr=1.00e-03 | dt=23.1s
2025-10-04 05:38:44 - INFO - [epoch 14/50] train_loss=0.3850 | val_loss=0.4987 | val_acc=0.8348 | best_val=0.4987@14 | bad=0/10 | lr=1.00e-03 | dt=22.7s
2025-10-04 05:39:06 - INFO - [epoch 15/50] train_loss=0.3757 | val_loss=0.5124 | val_acc=0.8278 | best_val=0.4987@14 | bad=1/10 | lr=1.00e-03 | dt=22.7s
2025-10-04 05:39:29 - INFO - [epoch 16/50] train_loss=0.3600 | val_loss=0.4524 | val_acc=0.8442 | best_val=0.4524@16 | bad=0/10 | lr=1.00e-03 | dt=22.8s
2025-10-04 05:39:52 - INFO - [epoch 17/50] train_loss=0.3486 | val_loss=0.4661 | val_acc=0.8466 | best_val=0.4524@16 | bad=1/10 | lr=1.00e-03 | dt=22.6s
2025-10-04 05:40:14 - INFO - [epoch 18/50] train_loss=0.3427 | val_loss=0.4198 | val_acc=0.8584 | best_val=0.4198@18 | bad=0/10 | lr=1.00e-03 | dt=22.7s
2025-10-04 05:40:37 - INFO - [epoch 19/50] train_loss=0.3216 | val_loss=0.4308 | val_acc=0.8548 | best_val=0.4198@18 | bad=1/10 | lr=1.00e-03 | dt=22.8s
2025-10-04 05:41:00 - INFO - [epoch 20/50] train_loss=0.3177 | val_loss=0.4623 | val_acc=0.8482 | best_val=0.4198@18 | bad=2/10 | lr=1.00e-03 | dt=22.8s
2025-10-04 05:41:23 - INFO - [epoch 21/50] train_loss=0.3141 | val_loss=0.5207 | val_acc=0.8396 | best_val=0.4198@18 | bad=3/10 | lr=1.00e-03 | dt=22.5s
2025-10-04 05:41:45 - INFO - [epoch 22/50] train_loss=0.3028 | val_loss=0.4235 | val_acc=0.8652 | best_val=0.4198@18 | bad=4/10 | lr=1.00e-03 | dt=22.7s
2025-10-04 05:42:08 - INFO - [epoch 23/50] train_loss=0.2939 | val_loss=0.4506 | val_acc=0.8500 | best_val=0.4198@18 | bad=5/10 | lr=1.00e-03 | dt=22.7s
2025-10-04 05:42:30 - INFO - [epoch 24/50] train_loss=0.2872 | val_loss=0.4400 | val_acc=0.8604 | best_val=0.4198@18 | bad=6/10 | lr=1.00e-03 | dt=22.5s
2025-10-04 05:42:53 - INFO - [epoch 25/50] train_loss=0.2764 | val_loss=0.4735 | val_acc=0.8464 | best_val=0.4198@18 | bad=7/10 | lr=1.00e-03 | dt=22.5s
2025-10-04 05:43:15 - INFO - [epoch 26/50] train_loss=0.2719 | val_loss=0.4302 | val_acc=0.8610 | best_val=0.4198@18 | bad=8/10 | lr=1.00e-03 | dt=22.4s
2025-10-04 05:43:38 - INFO - [epoch 27/50] train_loss=0.2713 | val_loss=0.4422 | val_acc=0.8606 | best_val=0.4198@18 | bad=9/10 | lr=1.00e-03 | dt=22.7s
2025-10-04 05:44:01 - INFO - [epoch 28/50] train_loss=0.2635 | val_loss=0.4502 | val_acc=0.8590 | best_val=0.4198@18 | bad=10/10 | lr=1.00e-03 | dt=22.5s
2025-10-04 05:44:01 - INFO - Early stopping: no improvement for 10 epochs (best=0.4198 @ epoch 18)
2025-10-04 05:44:01 - INFO - Run finished in 638.6s | best_val_loss=0.4198 @epoch 18 | best_val_acc=0.8584
2025-10-04 05:44:03 - INFO - Test: loss=0.4755 acc=0.8546
2025-10-04 05:44:03 - INFO - ======== [End Run 33/140] width=130 depth=5 | best_val=0.4198 | test_acc=0.8546 ========

