2025-10-04 08:21:17 - INFO - ======== [Run 44/140] width=40 depth=6 ========
2025-10-04 08:21:17 - INFO - Device=cuda | dataset=cifar10 | batch=64 | max_epochs=50 | patience=10 | lr=1.00e-03 | wd=1.0e-04
2025-10-04 08:21:17 - INFO - Model params=73970 | neurons=280 | pooling=[1, 3]
2025-10-04 08:21:33 - INFO - [epoch 1/50] train_loss=1.5731 | val_loss=1.2554 | val_acc=0.5450 | best_val=1.2554@1 | bad=0/10 | lr=1.00e-03 | dt=15.9s
2025-10-04 08:21:49 - INFO - [epoch 2/50] train_loss=1.1226 | val_loss=1.0552 | val_acc=0.6258 | best_val=1.0552@2 | bad=0/10 | lr=1.00e-03 | dt=16.4s
2025-10-04 08:22:06 - INFO - [epoch 3/50] train_loss=0.9702 | val_loss=0.9883 | val_acc=0.6494 | best_val=0.9883@3 | bad=0/10 | lr=1.00e-03 | dt=16.4s
2025-10-04 08:22:22 - INFO - [epoch 4/50] train_loss=0.8723 | val_loss=0.8555 | val_acc=0.6954 | best_val=0.8555@4 | bad=0/10 | lr=1.00e-03 | dt=15.9s
2025-10-04 08:22:38 - INFO - [epoch 5/50] train_loss=0.8022 | val_loss=0.7786 | val_acc=0.7230 | best_val=0.7786@5 | bad=0/10 | lr=1.00e-03 | dt=16.1s
2025-10-04 08:22:53 - INFO - [epoch 6/50] train_loss=0.7400 | val_loss=0.7712 | val_acc=0.7288 | best_val=0.7712@6 | bad=0/10 | lr=1.00e-03 | dt=15.5s
2025-10-04 08:23:09 - INFO - [epoch 7/50] train_loss=0.7003 | val_loss=0.7097 | val_acc=0.7504 | best_val=0.7097@7 | bad=0/10 | lr=1.00e-03 | dt=15.9s
2025-10-04 08:23:26 - INFO - [epoch 8/50] train_loss=0.6634 | val_loss=0.6998 | val_acc=0.7534 | best_val=0.6998@8 | bad=0/10 | lr=1.00e-03 | dt=16.8s
2025-10-04 08:23:41 - INFO - [epoch 9/50] train_loss=0.6359 | val_loss=0.6690 | val_acc=0.7690 | best_val=0.6690@9 | bad=0/10 | lr=1.00e-03 | dt=14.9s
2025-10-04 08:23:57 - INFO - [epoch 10/50] train_loss=0.6121 | val_loss=0.6260 | val_acc=0.7816 | best_val=0.6260@10 | bad=0/10 | lr=1.00e-03 | dt=15.7s
2025-10-04 08:24:13 - INFO - [epoch 11/50] train_loss=0.5922 | val_loss=0.6128 | val_acc=0.7860 | best_val=0.6128@11 | bad=0/10 | lr=1.00e-03 | dt=16.3s
2025-10-04 08:24:28 - INFO - [epoch 12/50] train_loss=0.5764 | val_loss=0.5983 | val_acc=0.7936 | best_val=0.5983@12 | bad=0/10 | lr=1.00e-03 | dt=15.1s
2025-10-04 08:24:44 - INFO - [epoch 13/50] train_loss=0.5628 | val_loss=0.6202 | val_acc=0.7838 | best_val=0.5983@12 | bad=1/10 | lr=1.00e-03 | dt=16.0s
2025-10-04 08:25:00 - INFO - [epoch 14/50] train_loss=0.5416 | val_loss=0.5744 | val_acc=0.8014 | best_val=0.5744@14 | bad=0/10 | lr=1.00e-03 | dt=16.3s
2025-10-04 08:25:15 - INFO - [epoch 15/50] train_loss=0.5366 | val_loss=0.6150 | val_acc=0.7908 | best_val=0.5744@14 | bad=1/10 | lr=1.00e-03 | dt=14.9s
2025-10-04 08:25:31 - INFO - [epoch 16/50] train_loss=0.5219 | val_loss=0.5857 | val_acc=0.8046 | best_val=0.5744@14 | bad=2/10 | lr=1.00e-03 | dt=16.0s
2025-10-04 08:25:48 - INFO - [epoch 17/50] train_loss=0.5133 | val_loss=0.5705 | val_acc=0.8016 | best_val=0.5705@17 | bad=0/10 | lr=1.00e-03 | dt=16.8s
2025-10-04 08:26:03 - INFO - [epoch 18/50] train_loss=0.4972 | val_loss=0.5752 | val_acc=0.8036 | best_val=0.5705@17 | bad=1/10 | lr=1.00e-03 | dt=15.5s
2025-10-04 08:26:20 - INFO - [epoch 19/50] train_loss=0.4954 | val_loss=0.5920 | val_acc=0.7958 | best_val=0.5705@17 | bad=2/10 | lr=1.00e-03 | dt=16.7s
2025-10-04 08:26:37 - INFO - [epoch 20/50] train_loss=0.4883 | val_loss=0.5554 | val_acc=0.8082 | best_val=0.5554@20 | bad=0/10 | lr=1.00e-03 | dt=16.7s
2025-10-04 08:26:54 - INFO - [epoch 21/50] train_loss=0.4791 | val_loss=0.5797 | val_acc=0.8038 | best_val=0.5554@20 | bad=1/10 | lr=1.00e-03 | dt=17.2s
2025-10-04 08:27:11 - INFO - [epoch 22/50] train_loss=0.4759 | val_loss=0.5538 | val_acc=0.8144 | best_val=0.5538@22 | bad=0/10 | lr=1.00e-03 | dt=17.2s
2025-10-04 08:27:28 - INFO - [epoch 23/50] train_loss=0.4605 | val_loss=0.5211 | val_acc=0.8208 | best_val=0.5211@23 | bad=0/10 | lr=1.00e-03 | dt=17.2s
2025-10-04 08:27:45 - INFO - [epoch 24/50] train_loss=0.4650 | val_loss=0.4961 | val_acc=0.8252 | best_val=0.4961@24 | bad=0/10 | lr=1.00e-03 | dt=16.5s
2025-10-04 08:28:02 - INFO - [epoch 25/50] train_loss=0.4534 | val_loss=0.5639 | val_acc=0.8156 | best_val=0.4961@24 | bad=1/10 | lr=1.00e-03 | dt=17.6s
2025-10-04 08:28:20 - INFO - [epoch 26/50] train_loss=0.4536 | val_loss=0.5151 | val_acc=0.8236 | best_val=0.4961@24 | bad=2/10 | lr=1.00e-03 | dt=17.6s
2025-10-04 08:28:38 - INFO - [epoch 27/50] train_loss=0.4444 | val_loss=0.5156 | val_acc=0.8230 | best_val=0.4961@24 | bad=3/10 | lr=1.00e-03 | dt=17.9s
2025-10-04 08:28:55 - INFO - [epoch 28/50] train_loss=0.4393 | val_loss=0.5494 | val_acc=0.8192 | best_val=0.4961@24 | bad=4/10 | lr=1.00e-03 | dt=17.6s
2025-10-04 08:29:13 - INFO - [epoch 29/50] train_loss=0.4366 | val_loss=0.6250 | val_acc=0.8000 | best_val=0.4961@24 | bad=5/10 | lr=1.00e-03 | dt=17.3s
2025-10-04 08:29:31 - INFO - [epoch 30/50] train_loss=0.4315 | val_loss=0.5331 | val_acc=0.8222 | best_val=0.4961@24 | bad=6/10 | lr=1.00e-03 | dt=18.3s
2025-10-04 08:29:48 - INFO - [epoch 31/50] train_loss=0.4252 | val_loss=0.5304 | val_acc=0.8282 | best_val=0.4961@24 | bad=7/10 | lr=1.00e-03 | dt=17.3s
2025-10-04 08:30:05 - INFO - [epoch 32/50] train_loss=0.4234 | val_loss=0.5281 | val_acc=0.8176 | best_val=0.4961@24 | bad=8/10 | lr=1.00e-03 | dt=16.5s
2025-10-04 08:30:21 - INFO - [epoch 33/50] train_loss=0.4181 | val_loss=0.5277 | val_acc=0.8226 | best_val=0.4961@24 | bad=9/10 | lr=1.00e-03 | dt=16.5s
2025-10-04 08:30:38 - INFO - [epoch 34/50] train_loss=0.4180 | val_loss=0.5548 | val_acc=0.8170 | best_val=0.4961@24 | bad=10/10 | lr=1.00e-03 | dt=17.2s
2025-10-04 08:30:38 - INFO - Early stopping: no improvement for 10 epochs (best=0.4961 @ epoch 24)
2025-10-04 08:30:39 - INFO - Run finished in 561.8s | best_val_loss=0.4961 @epoch 24 | best_val_acc=0.8252
2025-10-04 08:30:41 - INFO - Test: loss=0.5565 acc=0.8190
2025-10-04 08:30:41 - INFO - ======== [End Run 44/140] width=40 depth=6 | best_val=0.4961 | test_acc=0.8190 ========

