2025-10-03 21:37:18 - INFO - ======== [Run 7/14] width=180 depth=2 ========
2025-10-03 21:37:18 - INFO - Device=cuda | dataset=cifar10 | batch=64 | max_epochs=50 | patience=10 | lr=1.00e-03 | wd=1.0e-04
2025-10-03 21:37:18 - INFO - Model params=298990 | neurons=540 | pooling=[1, 3]
2025-10-03 21:37:41 - INFO - [epoch 1/50] train_loss=1.7053 | val_loss=1.5958 | val_acc=0.3894 | best_val=1.5958@1 | bad=0/10 | lr=1.00e-03 | dt=22.9s
2025-10-03 21:38:04 - INFO - [epoch 2/50] train_loss=1.4752 | val_loss=1.4705 | val_acc=0.4618 | best_val=1.4705@2 | bad=0/10 | lr=1.00e-03 | dt=23.7s
2025-10-03 21:38:26 - INFO - [epoch 3/50] train_loss=1.3927 | val_loss=1.6484 | val_acc=0.4544 | best_val=1.4705@2 | bad=1/10 | lr=1.00e-03 | dt=21.3s
2025-10-03 21:38:49 - INFO - [epoch 4/50] train_loss=1.3272 | val_loss=1.4008 | val_acc=0.4934 | best_val=1.4008@4 | bad=0/10 | lr=1.00e-03 | dt=23.5s
2025-10-03 21:39:13 - INFO - [epoch 5/50] train_loss=1.2826 | val_loss=1.3211 | val_acc=0.5058 | best_val=1.3211@5 | bad=0/10 | lr=1.00e-03 | dt=23.6s
2025-10-03 21:39:34 - INFO - [epoch 6/50] train_loss=1.2465 | val_loss=1.4014 | val_acc=0.5120 | best_val=1.3211@5 | bad=1/10 | lr=1.00e-03 | dt=21.7s
2025-10-03 21:39:57 - INFO - [epoch 7/50] train_loss=1.2221 | val_loss=1.4251 | val_acc=0.5136 | best_val=1.3211@5 | bad=2/10 | lr=1.00e-03 | dt=22.6s
2025-10-03 21:40:19 - INFO - [epoch 8/50] train_loss=1.1998 | val_loss=1.3497 | val_acc=0.5236 | best_val=1.3211@5 | bad=3/10 | lr=1.00e-03 | dt=22.1s
2025-10-03 21:40:40 - INFO - [epoch 9/50] train_loss=1.1723 | val_loss=1.3545 | val_acc=0.5452 | best_val=1.3211@5 | bad=4/10 | lr=1.00e-03 | dt=20.9s
2025-10-03 21:41:02 - INFO - [epoch 10/50] train_loss=1.1537 | val_loss=1.2546 | val_acc=0.5720 | best_val=1.2546@10 | bad=0/10 | lr=1.00e-03 | dt=22.4s
2025-10-03 21:41:24 - INFO - [epoch 11/50] train_loss=1.1329 | val_loss=1.5577 | val_acc=0.4824 | best_val=1.2546@10 | bad=1/10 | lr=1.00e-03 | dt=21.9s
2025-10-03 21:41:47 - INFO - [epoch 12/50] train_loss=1.1239 | val_loss=1.3023 | val_acc=0.5432 | best_val=1.2546@10 | bad=2/10 | lr=1.00e-03 | dt=22.7s
2025-10-03 21:42:09 - INFO - [epoch 13/50] train_loss=1.1038 | val_loss=1.2120 | val_acc=0.5772 | best_val=1.2120@13 | bad=0/10 | lr=1.00e-03 | dt=21.7s
2025-10-03 21:42:32 - INFO - [epoch 14/50] train_loss=1.0895 | val_loss=1.1162 | val_acc=0.6004 | best_val=1.1162@14 | bad=0/10 | lr=1.00e-03 | dt=22.8s
2025-10-03 21:42:55 - INFO - [epoch 15/50] train_loss=1.0747 | val_loss=1.2273 | val_acc=0.5704 | best_val=1.1162@14 | bad=1/10 | lr=1.00e-03 | dt=23.4s
2025-10-03 21:43:19 - INFO - [epoch 16/50] train_loss=1.0599 | val_loss=1.1817 | val_acc=0.5862 | best_val=1.1162@14 | bad=2/10 | lr=1.00e-03 | dt=23.7s
2025-10-03 21:43:41 - INFO - [epoch 17/50] train_loss=1.0474 | val_loss=1.3467 | val_acc=0.5456 | best_val=1.1162@14 | bad=3/10 | lr=1.00e-03 | dt=22.3s
2025-10-03 21:44:04 - INFO - [epoch 18/50] train_loss=1.0330 | val_loss=1.1210 | val_acc=0.6064 | best_val=1.1162@14 | bad=4/10 | lr=1.00e-03 | dt=22.6s
2025-10-03 21:44:25 - INFO - [epoch 19/50] train_loss=1.0203 | val_loss=1.0595 | val_acc=0.6318 | best_val=1.0595@19 | bad=0/10 | lr=1.00e-03 | dt=21.6s
2025-10-03 21:44:49 - INFO - [epoch 20/50] train_loss=1.0083 | val_loss=1.0235 | val_acc=0.6384 | best_val=1.0235@20 | bad=0/10 | lr=1.00e-03 | dt=23.4s
2025-10-03 21:45:05 - INFO - [epoch 21/50] train_loss=1.0029 | val_loss=1.0909 | val_acc=0.6212 | best_val=1.0235@20 | bad=1/10 | lr=1.00e-03 | dt=16.7s
2025-10-03 21:45:28 - INFO - [epoch 22/50] train_loss=0.9915 | val_loss=1.0675 | val_acc=0.6264 | best_val=1.0235@20 | bad=2/10 | lr=1.00e-03 | dt=22.8s
2025-10-03 21:45:56 - INFO - [epoch 23/50] train_loss=0.9778 | val_loss=1.0684 | val_acc=0.6252 | best_val=1.0235@20 | bad=3/10 | lr=1.00e-03 | dt=27.9s
2025-10-03 21:46:23 - INFO - [epoch 24/50] train_loss=0.9697 | val_loss=0.9976 | val_acc=0.6506 | best_val=0.9976@24 | bad=0/10 | lr=1.00e-03 | dt=27.4s
2025-10-03 21:46:48 - INFO - [epoch 25/50] train_loss=0.9620 | val_loss=1.0848 | val_acc=0.6174 | best_val=0.9976@24 | bad=1/10 | lr=1.00e-03 | dt=24.8s
2025-10-03 21:47:11 - INFO - [epoch 26/50] train_loss=0.9547 | val_loss=1.0537 | val_acc=0.6304 | best_val=0.9976@24 | bad=2/10 | lr=1.00e-03 | dt=22.6s
2025-10-03 21:47:32 - INFO - [epoch 27/50] train_loss=0.9481 | val_loss=1.1375 | val_acc=0.6032 | best_val=0.9976@24 | bad=3/10 | lr=1.00e-03 | dt=21.6s
2025-10-03 21:48:02 - INFO - [epoch 28/50] train_loss=0.9374 | val_loss=1.1453 | val_acc=0.6096 | best_val=0.9976@24 | bad=4/10 | lr=1.00e-03 | dt=30.1s
2025-10-03 21:48:32 - INFO - [epoch 29/50] train_loss=0.9311 | val_loss=1.0016 | val_acc=0.6570 | best_val=0.9976@24 | bad=5/10 | lr=1.00e-03 | dt=30.0s
2025-10-03 21:49:01 - INFO - [epoch 30/50] train_loss=0.9234 | val_loss=0.9506 | val_acc=0.6638 | best_val=0.9506@30 | bad=0/10 | lr=1.00e-03 | dt=28.2s
2025-10-03 21:49:25 - INFO - [epoch 31/50] train_loss=0.9177 | val_loss=1.1573 | val_acc=0.6114 | best_val=0.9506@30 | bad=1/10 | lr=1.00e-03 | dt=24.3s
2025-10-03 21:49:46 - INFO - [epoch 32/50] train_loss=0.9160 | val_loss=1.0522 | val_acc=0.6380 | best_val=0.9506@30 | bad=2/10 | lr=1.00e-03 | dt=21.3s
2025-10-03 21:50:08 - INFO - [epoch 33/50] train_loss=0.9083 | val_loss=1.1859 | val_acc=0.5950 | best_val=0.9506@30 | bad=3/10 | lr=1.00e-03 | dt=21.2s
2025-10-03 21:50:28 - INFO - [epoch 34/50] train_loss=0.9037 | val_loss=1.0996 | val_acc=0.6254 | best_val=0.9506@30 | bad=4/10 | lr=1.00e-03 | dt=20.7s
2025-10-03 21:50:48 - INFO - [epoch 35/50] train_loss=0.8920 | val_loss=1.0387 | val_acc=0.6504 | best_val=0.9506@30 | bad=5/10 | lr=1.00e-03 | dt=20.2s
2025-10-03 21:51:09 - INFO - [epoch 36/50] train_loss=0.8843 | val_loss=1.0048 | val_acc=0.6530 | best_val=0.9506@30 | bad=6/10 | lr=1.00e-03 | dt=20.5s
2025-10-03 21:51:29 - INFO - [epoch 37/50] train_loss=0.8844 | val_loss=0.9679 | val_acc=0.6668 | best_val=0.9506@30 | bad=7/10 | lr=1.00e-03 | dt=20.6s
2025-10-03 21:51:50 - INFO - [epoch 38/50] train_loss=0.8814 | val_loss=0.9858 | val_acc=0.6476 | best_val=0.9506@30 | bad=8/10 | lr=1.00e-03 | dt=20.2s
2025-10-03 21:52:11 - INFO - [epoch 39/50] train_loss=0.8779 | val_loss=1.0032 | val_acc=0.6574 | best_val=0.9506@30 | bad=9/10 | lr=1.00e-03 | dt=20.8s
2025-10-03 21:52:31 - INFO - [epoch 40/50] train_loss=0.8737 | val_loss=1.0390 | val_acc=0.6388 | best_val=0.9506@30 | bad=10/10 | lr=1.00e-03 | dt=20.5s
2025-10-03 21:52:31 - INFO - Early stopping: no improvement for 10 epochs (best=0.9506 @ epoch 30)
2025-10-03 21:52:31 - INFO - Run finished in 913.6s | best_val_loss=0.9506 @epoch 30 | best_val_acc=0.6638
2025-10-03 21:52:34 - INFO - Test: loss=1.0489 acc=0.6362
2025-10-03 21:52:34 - INFO - ======== [End Run 7/14] width=180 depth=2 | best_val=0.9506 | test_acc=0.6362 ========

