2025-10-03 10:01:15 - INFO - ======== [Run 11/200] width=110 depth=3 ========
2025-10-03 10:01:15 - INFO - Device=cuda | dataset=cifar10 | batch=64 | max_epochs=50 | patience=10 | lr=1.00e-03 | wd=1.0e-04
2025-10-03 10:01:15 - INFO - Model params=222540 | neurons=440 | pooling=[1, 3]
2025-10-03 10:01:30 - INFO - [epoch 1/50] train_loss=1.5601 | val_loss=1.4751 | val_acc=0.4576 | best_val=1.4751@1 | bad=0/10 | lr=1.00e-03 | dt=15.4s
2025-10-03 10:01:45 - INFO - [epoch 2/50] train_loss=1.2601 | val_loss=1.1959 | val_acc=0.5782 | best_val=1.1959@2 | bad=0/10 | lr=1.00e-03 | dt=15.0s
2025-10-03 10:02:00 - INFO - [epoch 3/50] train_loss=1.1343 | val_loss=1.5067 | val_acc=0.5018 | best_val=1.1959@2 | bad=1/10 | lr=1.00e-03 | dt=15.3s
2025-10-03 10:02:15 - INFO - [epoch 4/50] train_loss=1.0612 | val_loss=1.1336 | val_acc=0.6000 | best_val=1.1336@4 | bad=0/10 | lr=1.00e-03 | dt=14.8s
2025-10-03 10:02:30 - INFO - [epoch 5/50] train_loss=0.9983 | val_loss=1.0503 | val_acc=0.6366 | best_val=1.0503@5 | bad=0/10 | lr=1.00e-03 | dt=15.4s
2025-10-03 10:02:45 - INFO - [epoch 6/50] train_loss=0.9477 | val_loss=0.9927 | val_acc=0.6502 | best_val=0.9927@6 | bad=0/10 | lr=1.00e-03 | dt=14.9s
2025-10-03 10:03:00 - INFO - [epoch 7/50] train_loss=0.9042 | val_loss=1.0375 | val_acc=0.6386 | best_val=0.9927@6 | bad=1/10 | lr=1.00e-03 | dt=15.0s
2025-10-03 10:03:15 - INFO - [epoch 8/50] train_loss=0.8561 | val_loss=1.1463 | val_acc=0.5974 | best_val=0.9927@6 | bad=2/10 | lr=1.00e-03 | dt=15.1s
2025-10-03 10:03:31 - INFO - [epoch 9/50] train_loss=0.8270 | val_loss=1.0696 | val_acc=0.6302 | best_val=0.9927@6 | bad=3/10 | lr=1.00e-03 | dt=15.2s
2025-10-03 10:03:46 - INFO - [epoch 10/50] train_loss=0.7991 | val_loss=0.8259 | val_acc=0.7118 | best_val=0.8259@10 | bad=0/10 | lr=1.00e-03 | dt=15.0s
2025-10-03 10:04:01 - INFO - [epoch 11/50] train_loss=0.7743 | val_loss=1.0782 | val_acc=0.6262 | best_val=0.8259@10 | bad=1/10 | lr=1.00e-03 | dt=15.2s
2025-10-03 10:04:16 - INFO - [epoch 12/50] train_loss=0.7480 | val_loss=1.0492 | val_acc=0.6504 | best_val=0.8259@10 | bad=2/10 | lr=1.00e-03 | dt=14.9s
2025-10-03 10:04:31 - INFO - [epoch 13/50] train_loss=0.7235 | val_loss=0.8957 | val_acc=0.6874 | best_val=0.8259@10 | bad=3/10 | lr=1.00e-03 | dt=15.3s
2025-10-03 10:04:46 - INFO - [epoch 14/50] train_loss=0.7103 | val_loss=0.9177 | val_acc=0.6926 | best_val=0.8259@10 | bad=4/10 | lr=1.00e-03 | dt=15.1s
2025-10-03 10:05:01 - INFO - [epoch 15/50] train_loss=0.6914 | val_loss=0.9712 | val_acc=0.6752 | best_val=0.8259@10 | bad=5/10 | lr=1.00e-03 | dt=14.9s
2025-10-03 10:05:16 - INFO - [epoch 16/50] train_loss=0.6785 | val_loss=0.8057 | val_acc=0.7280 | best_val=0.8057@16 | bad=0/10 | lr=1.00e-03 | dt=15.0s
2025-10-03 10:05:31 - INFO - [epoch 17/50] train_loss=0.6691 | val_loss=0.8208 | val_acc=0.7228 | best_val=0.8057@16 | bad=1/10 | lr=1.00e-03 | dt=15.4s
2025-10-03 10:05:47 - INFO - [epoch 18/50] train_loss=0.6546 | val_loss=0.8715 | val_acc=0.7092 | best_val=0.8057@16 | bad=2/10 | lr=1.00e-03 | dt=15.1s
2025-10-03 10:06:02 - INFO - [epoch 19/50] train_loss=0.6438 | val_loss=0.7061 | val_acc=0.7624 | best_val=0.7061@19 | bad=0/10 | lr=1.00e-03 | dt=15.2s
2025-10-03 10:06:17 - INFO - [epoch 20/50] train_loss=0.6341 | val_loss=0.7956 | val_acc=0.7324 | best_val=0.7061@19 | bad=1/10 | lr=1.00e-03 | dt=15.0s
2025-10-03 10:06:32 - INFO - [epoch 21/50] train_loss=0.6222 | val_loss=0.7866 | val_acc=0.7278 | best_val=0.7061@19 | bad=2/10 | lr=1.00e-03 | dt=15.4s
2025-10-03 10:06:47 - INFO - [epoch 22/50] train_loss=0.6105 | val_loss=0.7205 | val_acc=0.7528 | best_val=0.7061@19 | bad=3/10 | lr=1.00e-03 | dt=15.1s
2025-10-03 10:07:02 - INFO - [epoch 23/50] train_loss=0.6012 | val_loss=0.8308 | val_acc=0.7360 | best_val=0.7061@19 | bad=4/10 | lr=1.00e-03 | dt=15.0s
2025-10-03 10:07:17 - INFO - [epoch 24/50] train_loss=0.5942 | val_loss=0.8293 | val_acc=0.7270 | best_val=0.7061@19 | bad=5/10 | lr=1.00e-03 | dt=15.1s
2025-10-03 10:07:33 - INFO - [epoch 25/50] train_loss=0.5891 | val_loss=0.6936 | val_acc=0.7632 | best_val=0.6936@25 | bad=0/10 | lr=1.00e-03 | dt=15.4s
2025-10-03 10:07:48 - INFO - [epoch 26/50] train_loss=0.5797 | val_loss=0.7095 | val_acc=0.7532 | best_val=0.6936@25 | bad=1/10 | lr=1.00e-03 | dt=15.1s
2025-10-03 10:08:03 - INFO - [epoch 27/50] train_loss=0.5753 | val_loss=0.6674 | val_acc=0.7700 | best_val=0.6674@27 | bad=0/10 | lr=1.00e-03 | dt=15.1s
2025-10-03 10:08:18 - INFO - [epoch 28/50] train_loss=0.5602 | val_loss=0.8255 | val_acc=0.7320 | best_val=0.6674@27 | bad=1/10 | lr=1.00e-03 | dt=15.0s
2025-10-03 10:08:33 - INFO - [epoch 29/50] train_loss=0.5566 | val_loss=0.7268 | val_acc=0.7608 | best_val=0.6674@27 | bad=2/10 | lr=1.00e-03 | dt=15.3s
2025-10-03 10:08:48 - INFO - [epoch 30/50] train_loss=0.5535 | val_loss=0.6384 | val_acc=0.7860 | best_val=0.6384@30 | bad=0/10 | lr=1.00e-03 | dt=15.1s
2025-10-03 10:09:03 - INFO - [epoch 31/50] train_loss=0.5432 | val_loss=0.6667 | val_acc=0.7760 | best_val=0.6384@30 | bad=1/10 | lr=1.00e-03 | dt=15.2s
2025-10-03 10:09:19 - INFO - [epoch 32/50] train_loss=0.5440 | val_loss=0.8310 | val_acc=0.7242 | best_val=0.6384@30 | bad=2/10 | lr=1.00e-03 | dt=15.1s
2025-10-03 10:09:34 - INFO - [epoch 33/50] train_loss=0.5315 | val_loss=0.6731 | val_acc=0.7790 | best_val=0.6384@30 | bad=3/10 | lr=1.00e-03 | dt=15.2s
2025-10-03 10:09:49 - INFO - [epoch 34/50] train_loss=0.5290 | val_loss=0.7298 | val_acc=0.7506 | best_val=0.6384@30 | bad=4/10 | lr=1.00e-03 | dt=15.1s
2025-10-03 10:10:04 - INFO - [epoch 35/50] train_loss=0.5227 | val_loss=0.6585 | val_acc=0.7734 | best_val=0.6384@30 | bad=5/10 | lr=1.00e-03 | dt=15.2s
2025-10-03 10:10:19 - INFO - [epoch 36/50] train_loss=0.5186 | val_loss=0.6736 | val_acc=0.7770 | best_val=0.6384@30 | bad=6/10 | lr=1.00e-03 | dt=15.2s
2025-10-03 10:10:34 - INFO - [epoch 37/50] train_loss=0.5102 | val_loss=0.7502 | val_acc=0.7506 | best_val=0.6384@30 | bad=7/10 | lr=1.00e-03 | dt=15.2s
2025-10-03 10:10:49 - INFO - [epoch 38/50] train_loss=0.5100 | val_loss=0.6846 | val_acc=0.7666 | best_val=0.6384@30 | bad=8/10 | lr=1.00e-03 | dt=15.0s
2025-10-03 10:11:05 - INFO - [epoch 39/50] train_loss=0.5064 | val_loss=0.6692 | val_acc=0.7784 | best_val=0.6384@30 | bad=9/10 | lr=1.00e-03 | dt=15.2s
2025-10-03 10:11:20 - INFO - [epoch 40/50] train_loss=0.4986 | val_loss=0.6468 | val_acc=0.7870 | best_val=0.6384@30 | bad=10/10 | lr=1.00e-03 | dt=15.1s
2025-10-03 10:11:20 - INFO - Early stopping: no improvement for 10 epochs (best=0.6384 @ epoch 30)
2025-10-03 10:11:20 - INFO - Run finished in 605.2s | best_val_loss=0.6384 @epoch 30 | best_val_acc=0.7860
2025-10-03 10:11:21 - INFO - Test: loss=0.6677 acc=0.7745
2025-10-03 10:11:21 - INFO - ======== [End Run 11/200] width=110 depth=3 | best_val=0.6384 | test_acc=0.7745 ========

