2025-10-03 09:16:12 - INFO - ======== [Run 6/200] width=60 depth=3 ========
2025-10-03 09:16:12 - INFO - Device=cuda | dataset=cifar10 | batch=64 | max_epochs=50 | patience=10 | lr=1.00e-03 | wd=1.0e-04
2025-10-03 09:16:12 - INFO - Model params=67390 | neurons=240 | pooling=[1, 3]
2025-10-03 09:16:23 - INFO - [epoch 1/50] train_loss=1.6348 | val_loss=1.7571 | val_acc=0.3744 | best_val=1.7571@1 | bad=0/10 | lr=1.00e-03 | dt=11.6s
2025-10-03 09:16:34 - INFO - [epoch 2/50] train_loss=1.3171 | val_loss=1.4605 | val_acc=0.4880 | best_val=1.4605@2 | bad=0/10 | lr=1.00e-03 | dt=11.0s
2025-10-03 09:16:45 - INFO - [epoch 3/50] train_loss=1.1960 | val_loss=1.2240 | val_acc=0.5688 | best_val=1.2240@3 | bad=0/10 | lr=1.00e-03 | dt=11.0s
2025-10-03 09:16:56 - INFO - [epoch 4/50] train_loss=1.1217 | val_loss=1.2841 | val_acc=0.5572 | best_val=1.2240@3 | bad=1/10 | lr=1.00e-03 | dt=10.8s
2025-10-03 09:17:07 - INFO - [epoch 5/50] train_loss=1.0680 | val_loss=1.1500 | val_acc=0.6078 | best_val=1.1500@5 | bad=0/10 | lr=1.00e-03 | dt=11.1s
2025-10-03 09:17:18 - INFO - [epoch 6/50] train_loss=1.0246 | val_loss=1.0658 | val_acc=0.6204 | best_val=1.0658@6 | bad=0/10 | lr=1.00e-03 | dt=11.2s
2025-10-03 09:17:29 - INFO - [epoch 7/50] train_loss=0.9935 | val_loss=1.0878 | val_acc=0.6114 | best_val=1.0658@6 | bad=1/10 | lr=1.00e-03 | dt=11.0s
2025-10-03 09:17:40 - INFO - [epoch 8/50] train_loss=0.9605 | val_loss=1.1311 | val_acc=0.6034 | best_val=1.0658@6 | bad=2/10 | lr=1.00e-03 | dt=10.7s
2025-10-03 09:17:51 - INFO - [epoch 9/50] train_loss=0.9304 | val_loss=1.0642 | val_acc=0.6376 | best_val=1.0642@9 | bad=0/10 | lr=1.00e-03 | dt=11.0s
2025-10-03 09:18:02 - INFO - [epoch 10/50] train_loss=0.9057 | val_loss=0.9971 | val_acc=0.6428 | best_val=0.9971@10 | bad=0/10 | lr=1.00e-03 | dt=11.0s
2025-10-03 09:18:13 - INFO - [epoch 11/50] train_loss=0.8822 | val_loss=1.0168 | val_acc=0.6408 | best_val=0.9971@10 | bad=1/10 | lr=1.00e-03 | dt=10.8s
2025-10-03 09:18:24 - INFO - [epoch 12/50] train_loss=0.8629 | val_loss=0.8817 | val_acc=0.6932 | best_val=0.8817@12 | bad=0/10 | lr=1.00e-03 | dt=11.4s
2025-10-03 09:18:35 - INFO - [epoch 13/50] train_loss=0.8415 | val_loss=0.9521 | val_acc=0.6642 | best_val=0.8817@12 | bad=1/10 | lr=1.00e-03 | dt=10.9s
2025-10-03 09:18:46 - INFO - [epoch 14/50] train_loss=0.8220 | val_loss=1.0718 | val_acc=0.6472 | best_val=0.8817@12 | bad=2/10 | lr=1.00e-03 | dt=10.9s
2025-10-03 09:18:57 - INFO - [epoch 15/50] train_loss=0.8049 | val_loss=0.9076 | val_acc=0.6840 | best_val=0.8817@12 | bad=3/10 | lr=1.00e-03 | dt=11.0s
2025-10-03 09:19:08 - INFO - [epoch 16/50] train_loss=0.7919 | val_loss=0.8993 | val_acc=0.6996 | best_val=0.8817@12 | bad=4/10 | lr=1.00e-03 | dt=10.9s
2025-10-03 09:19:19 - INFO - [epoch 17/50] train_loss=0.7797 | val_loss=0.9825 | val_acc=0.6638 | best_val=0.8817@12 | bad=5/10 | lr=1.00e-03 | dt=11.3s
2025-10-03 09:19:30 - INFO - [epoch 18/50] train_loss=0.7656 | val_loss=0.7936 | val_acc=0.7212 | best_val=0.7936@18 | bad=0/10 | lr=1.00e-03 | dt=10.8s
2025-10-03 09:19:41 - INFO - [epoch 19/50] train_loss=0.7544 | val_loss=0.8582 | val_acc=0.7088 | best_val=0.7936@18 | bad=1/10 | lr=1.00e-03 | dt=10.9s
2025-10-03 09:19:52 - INFO - [epoch 20/50] train_loss=0.7447 | val_loss=0.9015 | val_acc=0.6884 | best_val=0.7936@18 | bad=2/10 | lr=1.00e-03 | dt=10.9s
2025-10-03 09:20:03 - INFO - [epoch 21/50] train_loss=0.7310 | val_loss=0.8927 | val_acc=0.6924 | best_val=0.7936@18 | bad=3/10 | lr=1.00e-03 | dt=10.9s
2025-10-03 09:20:14 - INFO - [epoch 22/50] train_loss=0.7223 | val_loss=0.9266 | val_acc=0.7008 | best_val=0.7936@18 | bad=4/10 | lr=1.00e-03 | dt=10.8s
2025-10-03 09:20:25 - INFO - [epoch 23/50] train_loss=0.7157 | val_loss=0.9184 | val_acc=0.6990 | best_val=0.7936@18 | bad=5/10 | lr=1.00e-03 | dt=11.3s
2025-10-03 09:20:36 - INFO - [epoch 24/50] train_loss=0.7047 | val_loss=0.8293 | val_acc=0.7056 | best_val=0.7936@18 | bad=6/10 | lr=1.00e-03 | dt=10.8s
2025-10-03 09:20:47 - INFO - [epoch 25/50] train_loss=0.7026 | val_loss=0.8649 | val_acc=0.7108 | best_val=0.7936@18 | bad=7/10 | lr=1.00e-03 | dt=10.9s
2025-10-03 09:20:58 - INFO - [epoch 26/50] train_loss=0.6950 | val_loss=0.8042 | val_acc=0.7248 | best_val=0.7936@18 | bad=8/10 | lr=1.00e-03 | dt=10.9s
2025-10-03 09:21:08 - INFO - [epoch 27/50] train_loss=0.6893 | val_loss=0.7956 | val_acc=0.7284 | best_val=0.7936@18 | bad=9/10 | lr=1.00e-03 | dt=11.0s
2025-10-03 09:21:20 - INFO - [epoch 28/50] train_loss=0.6814 | val_loss=0.8053 | val_acc=0.7238 | best_val=0.7936@18 | bad=10/10 | lr=1.00e-03 | dt=11.1s
2025-10-03 09:21:20 - INFO - Early stopping: no improvement for 10 epochs (best=0.7936 @ epoch 18)
2025-10-03 09:21:20 - INFO - Run finished in 308.1s | best_val_loss=0.7936 @epoch 18 | best_val_acc=0.7212
2025-10-03 09:21:21 - INFO - Test: loss=0.8131 acc=0.7190
2025-10-03 09:21:21 - INFO - ======== [End Run 6/200] width=60 depth=3 | best_val=0.7936 | test_acc=0.7190 ========

