2025-10-04 00:35:45 - INFO - ======== [Run 11/140] width=110 depth=4 ========
2025-10-04 00:35:45 - INFO - Device=cuda | dataset=cifar10 | batch=64 | max_epochs=50 | patience=10 | lr=1.00e-03 | wd=1.0e-04
2025-10-04 00:35:45 - INFO - Model params=331660 | neurons=550 | pooling=[1, 3]
2025-10-04 00:36:04 - INFO - [epoch 1/50] train_loss=1.4750 | val_loss=1.2672 | val_acc=0.5392 | best_val=1.2672@1 | bad=0/10 | lr=1.00e-03 | dt=19.0s
2025-10-04 00:36:23 - INFO - [epoch 2/50] train_loss=1.1060 | val_loss=1.1899 | val_acc=0.6024 | best_val=1.1899@2 | bad=0/10 | lr=1.00e-03 | dt=18.4s
2025-10-04 00:36:41 - INFO - [epoch 3/50] train_loss=0.9647 | val_loss=1.0412 | val_acc=0.6346 | best_val=1.0412@3 | bad=0/10 | lr=1.00e-03 | dt=18.5s
2025-10-04 00:37:00 - INFO - [epoch 4/50] train_loss=0.8647 | val_loss=0.8737 | val_acc=0.6936 | best_val=0.8737@4 | bad=0/10 | lr=1.00e-03 | dt=18.8s
2025-10-04 00:37:18 - INFO - [epoch 5/50] train_loss=0.7818 | val_loss=0.9093 | val_acc=0.6954 | best_val=0.8737@4 | bad=1/10 | lr=1.00e-03 | dt=18.3s
2025-10-04 00:37:37 - INFO - [epoch 6/50] train_loss=0.7160 | val_loss=0.9273 | val_acc=0.6776 | best_val=0.8737@4 | bad=2/10 | lr=1.00e-03 | dt=18.7s
2025-10-04 00:37:56 - INFO - [epoch 7/50] train_loss=0.6663 | val_loss=0.9616 | val_acc=0.6894 | best_val=0.8737@4 | bad=3/10 | lr=1.00e-03 | dt=18.9s
2025-10-04 00:38:14 - INFO - [epoch 8/50] train_loss=0.6219 | val_loss=0.8976 | val_acc=0.7124 | best_val=0.8737@4 | bad=4/10 | lr=1.00e-03 | dt=18.4s
2025-10-04 00:38:33 - INFO - [epoch 9/50] train_loss=0.5921 | val_loss=0.7185 | val_acc=0.7628 | best_val=0.7185@9 | bad=0/10 | lr=1.00e-03 | dt=18.2s
2025-10-04 00:38:51 - INFO - [epoch 10/50] train_loss=0.5657 | val_loss=0.6415 | val_acc=0.7766 | best_val=0.6415@10 | bad=0/10 | lr=1.00e-03 | dt=18.2s
2025-10-04 00:39:09 - INFO - [epoch 11/50] train_loss=0.5425 | val_loss=0.6314 | val_acc=0.7834 | best_val=0.6314@11 | bad=0/10 | lr=1.00e-03 | dt=18.0s
2025-10-04 00:39:27 - INFO - [epoch 12/50] train_loss=0.5225 | val_loss=0.6598 | val_acc=0.7736 | best_val=0.6314@11 | bad=1/10 | lr=1.00e-03 | dt=18.2s
2025-10-04 00:39:45 - INFO - [epoch 13/50] train_loss=0.5032 | val_loss=0.6043 | val_acc=0.7988 | best_val=0.6043@13 | bad=0/10 | lr=1.00e-03 | dt=18.1s
2025-10-04 00:40:04 - INFO - [epoch 14/50] train_loss=0.4831 | val_loss=0.6136 | val_acc=0.8002 | best_val=0.6043@13 | bad=1/10 | lr=1.00e-03 | dt=18.4s
2025-10-04 00:40:22 - INFO - [epoch 15/50] train_loss=0.4711 | val_loss=0.6242 | val_acc=0.7908 | best_val=0.6043@13 | bad=2/10 | lr=1.00e-03 | dt=18.4s
2025-10-04 00:40:40 - INFO - [epoch 16/50] train_loss=0.4577 | val_loss=0.6248 | val_acc=0.7946 | best_val=0.6043@13 | bad=3/10 | lr=1.00e-03 | dt=18.5s
2025-10-04 00:40:59 - INFO - [epoch 17/50] train_loss=0.4462 | val_loss=0.6244 | val_acc=0.7868 | best_val=0.6043@13 | bad=4/10 | lr=1.00e-03 | dt=18.3s
2025-10-04 00:41:17 - INFO - [epoch 18/50] train_loss=0.4329 | val_loss=0.5616 | val_acc=0.8146 | best_val=0.5616@18 | bad=0/10 | lr=1.00e-03 | dt=18.4s
2025-10-04 00:41:35 - INFO - [epoch 19/50] train_loss=0.4244 | val_loss=0.5648 | val_acc=0.8050 | best_val=0.5616@18 | bad=1/10 | lr=1.00e-03 | dt=18.4s
2025-10-04 00:41:54 - INFO - [epoch 20/50] train_loss=0.4131 | val_loss=0.5003 | val_acc=0.8306 | best_val=0.5003@20 | bad=0/10 | lr=1.00e-03 | dt=18.4s
2025-10-04 00:42:12 - INFO - [epoch 21/50] train_loss=0.4058 | val_loss=0.5596 | val_acc=0.8146 | best_val=0.5003@20 | bad=1/10 | lr=1.00e-03 | dt=17.6s
2025-10-04 00:42:29 - INFO - [epoch 22/50] train_loss=0.4002 | val_loss=0.5493 | val_acc=0.8232 | best_val=0.5003@20 | bad=2/10 | lr=1.00e-03 | dt=17.9s
2025-10-04 00:42:47 - INFO - [epoch 23/50] train_loss=0.3843 | val_loss=0.5802 | val_acc=0.8132 | best_val=0.5003@20 | bad=3/10 | lr=1.00e-03 | dt=17.4s
2025-10-04 00:43:05 - INFO - [epoch 24/50] train_loss=0.3850 | val_loss=0.5356 | val_acc=0.8184 | best_val=0.5003@20 | bad=4/10 | lr=1.00e-03 | dt=17.9s
2025-10-04 00:43:22 - INFO - [epoch 25/50] train_loss=0.3697 | val_loss=0.5345 | val_acc=0.8218 | best_val=0.5003@20 | bad=5/10 | lr=1.00e-03 | dt=17.2s
2025-10-04 00:43:39 - INFO - [epoch 26/50] train_loss=0.3615 | val_loss=0.5462 | val_acc=0.8220 | best_val=0.5003@20 | bad=6/10 | lr=1.00e-03 | dt=17.5s
2025-10-04 00:43:58 - INFO - [epoch 27/50] train_loss=0.3601 | val_loss=0.5014 | val_acc=0.8314 | best_val=0.5003@20 | bad=7/10 | lr=1.00e-03 | dt=18.3s
2025-10-04 00:44:16 - INFO - [epoch 28/50] train_loss=0.3516 | val_loss=0.5159 | val_acc=0.8334 | best_val=0.5003@20 | bad=8/10 | lr=1.00e-03 | dt=18.2s
2025-10-04 00:44:35 - INFO - [epoch 29/50] train_loss=0.3555 | val_loss=0.5080 | val_acc=0.8352 | best_val=0.5003@20 | bad=9/10 | lr=1.00e-03 | dt=18.7s
2025-10-04 00:44:54 - INFO - [epoch 30/50] train_loss=0.3461 | val_loss=0.5628 | val_acc=0.8266 | best_val=0.5003@20 | bad=10/10 | lr=1.00e-03 | dt=19.2s
2025-10-04 00:44:54 - INFO - Early stopping: no improvement for 10 epochs (best=0.5003 @ epoch 20)
2025-10-04 00:44:54 - INFO - Run finished in 548.9s | best_val_loss=0.5003 @epoch 20 | best_val_acc=0.8306
2025-10-04 00:44:56 - INFO - Test: loss=0.5822 acc=0.8219
2025-10-04 00:44:56 - INFO - ======== [End Run 11/140] width=110 depth=4 | best_val=0.5003 | test_acc=0.8219 ========

