2025-10-02 22:21:36 - INFO - ======== [Run 2/250] width=20 depth=1 ========
2025-10-02 22:21:36 - INFO - Device=cuda | dataset=cifar10 | batch=64 | max_epochs=50 | patience=10 | lr=1.00e-03 | wd=1.0e-04
2025-10-02 22:21:36 - INFO - Model params=790 | neurons=40 | pooling=[1, 3]
2025-10-02 22:21:44 - INFO - [epoch 1/50] train_loss=2.0941 | val_loss=1.9960 | val_acc=0.2642 | best_val=1.9960@1 | bad=0/10 | lr=1.00e-03 | dt=8.5s
2025-10-02 22:21:53 - INFO - [epoch 2/50] train_loss=1.9885 | val_loss=1.9459 | val_acc=0.2882 | best_val=1.9459@2 | bad=0/10 | lr=1.00e-03 | dt=8.4s
2025-10-02 22:22:01 - INFO - [epoch 3/50] train_loss=1.9272 | val_loss=1.8980 | val_acc=0.2880 | best_val=1.8980@3 | bad=0/10 | lr=1.00e-03 | dt=8.3s
2025-10-02 22:22:09 - INFO - [epoch 4/50] train_loss=1.8802 | val_loss=1.8478 | val_acc=0.3296 | best_val=1.8478@4 | bad=0/10 | lr=1.00e-03 | dt=8.3s
2025-10-02 22:22:18 - INFO - [epoch 5/50] train_loss=1.8490 | val_loss=1.8167 | val_acc=0.3186 | best_val=1.8167@5 | bad=0/10 | lr=1.00e-03 | dt=8.4s
2025-10-02 22:22:26 - INFO - [epoch 6/50] train_loss=1.8282 | val_loss=1.8131 | val_acc=0.3256 | best_val=1.8131@6 | bad=0/10 | lr=1.00e-03 | dt=8.3s
2025-10-02 22:22:34 - INFO - [epoch 7/50] train_loss=1.8081 | val_loss=1.8234 | val_acc=0.3320 | best_val=1.8131@6 | bad=1/10 | lr=1.00e-03 | dt=8.3s
2025-10-02 22:22:43 - INFO - [epoch 8/50] train_loss=1.7979 | val_loss=1.8025 | val_acc=0.3376 | best_val=1.8025@8 | bad=0/10 | lr=1.00e-03 | dt=8.3s
2025-10-02 22:22:51 - INFO - [epoch 9/50] train_loss=1.7826 | val_loss=1.7862 | val_acc=0.3366 | best_val=1.7862@9 | bad=0/10 | lr=1.00e-03 | dt=8.2s
2025-10-02 22:23:00 - INFO - [epoch 10/50] train_loss=1.7755 | val_loss=1.7995 | val_acc=0.3394 | best_val=1.7862@9 | bad=1/10 | lr=1.00e-03 | dt=8.9s
2025-10-02 22:23:09 - INFO - [epoch 11/50] train_loss=1.7673 | val_loss=1.8227 | val_acc=0.3334 | best_val=1.7862@9 | bad=2/10 | lr=1.00e-03 | dt=9.5s
2025-10-02 22:23:18 - INFO - [epoch 12/50] train_loss=1.7600 | val_loss=1.8021 | val_acc=0.3402 | best_val=1.7862@9 | bad=3/10 | lr=1.00e-03 | dt=9.0s
2025-10-02 22:23:27 - INFO - [epoch 13/50] train_loss=1.7566 | val_loss=1.7925 | val_acc=0.3352 | best_val=1.7862@9 | bad=4/10 | lr=1.00e-03 | dt=9.1s
2025-10-02 22:23:45 - INFO - [epoch 14/50] train_loss=1.7512 | val_loss=1.7966 | val_acc=0.3384 | best_val=1.7862@9 | bad=5/10 | lr=1.00e-03 | dt=18.2s
2025-10-02 22:24:03 - INFO - [epoch 15/50] train_loss=1.7444 | val_loss=1.7854 | val_acc=0.3462 | best_val=1.7854@15 | bad=0/10 | lr=1.00e-03 | dt=17.6s
2025-10-02 22:24:23 - INFO - [epoch 16/50] train_loss=1.7384 | val_loss=1.7777 | val_acc=0.3446 | best_val=1.7777@16 | bad=0/10 | lr=1.00e-03 | dt=20.4s
2025-10-02 22:24:44 - INFO - [epoch 17/50] train_loss=1.7367 | val_loss=1.7921 | val_acc=0.3436 | best_val=1.7777@16 | bad=1/10 | lr=1.00e-03 | dt=20.6s
2025-10-02 22:25:04 - INFO - [epoch 18/50] train_loss=1.7302 | val_loss=1.7672 | val_acc=0.3542 | best_val=1.7672@18 | bad=0/10 | lr=1.00e-03 | dt=19.7s
2025-10-02 22:25:26 - INFO - [epoch 19/50] train_loss=1.7249 | val_loss=1.7842 | val_acc=0.3340 | best_val=1.7672@18 | bad=1/10 | lr=1.00e-03 | dt=22.2s
2025-10-02 22:25:52 - INFO - [epoch 20/50] train_loss=1.7238 | val_loss=1.7946 | val_acc=0.3428 | best_val=1.7672@18 | bad=2/10 | lr=1.00e-03 | dt=26.1s
2025-10-02 22:26:19 - INFO - [epoch 21/50] train_loss=1.7199 | val_loss=1.7902 | val_acc=0.3430 | best_val=1.7672@18 | bad=3/10 | lr=1.00e-03 | dt=27.5s
2025-10-02 22:26:45 - INFO - [epoch 22/50] train_loss=1.7167 | val_loss=1.8037 | val_acc=0.3348 | best_val=1.7672@18 | bad=4/10 | lr=1.00e-03 | dt=25.2s
2025-10-02 22:27:09 - INFO - [epoch 23/50] train_loss=1.7143 | val_loss=1.8267 | val_acc=0.3248 | best_val=1.7672@18 | bad=5/10 | lr=1.00e-03 | dt=24.6s
2025-10-02 22:27:33 - INFO - [epoch 24/50] train_loss=1.7071 | val_loss=1.7529 | val_acc=0.3514 | best_val=1.7529@24 | bad=0/10 | lr=1.00e-03 | dt=23.9s
2025-10-02 22:27:54 - INFO - [epoch 25/50] train_loss=1.7067 | val_loss=1.7901 | val_acc=0.3456 | best_val=1.7529@24 | bad=1/10 | lr=1.00e-03 | dt=20.7s
2025-10-02 22:28:15 - INFO - [epoch 26/50] train_loss=1.7027 | val_loss=1.7942 | val_acc=0.3334 | best_val=1.7529@24 | bad=2/10 | lr=1.00e-03 | dt=21.3s
2025-10-02 22:28:38 - INFO - [epoch 27/50] train_loss=1.6983 | val_loss=1.7725 | val_acc=0.3494 | best_val=1.7529@24 | bad=3/10 | lr=1.00e-03 | dt=23.3s
2025-10-02 22:29:02 - INFO - [epoch 28/50] train_loss=1.6994 | val_loss=1.7248 | val_acc=0.3706 | best_val=1.7248@28 | bad=0/10 | lr=1.00e-03 | dt=23.8s
2025-10-02 22:29:29 - INFO - [epoch 29/50] train_loss=1.6953 | val_loss=1.7591 | val_acc=0.3522 | best_val=1.7248@28 | bad=1/10 | lr=1.00e-03 | dt=26.3s
2025-10-02 22:29:51 - INFO - [epoch 30/50] train_loss=1.6908 | val_loss=1.7235 | val_acc=0.3698 | best_val=1.7235@30 | bad=0/10 | lr=1.00e-03 | dt=22.3s
2025-10-02 22:30:12 - INFO - [epoch 31/50] train_loss=1.6893 | val_loss=1.7599 | val_acc=0.3458 | best_val=1.7235@30 | bad=1/10 | lr=1.00e-03 | dt=21.5s
2025-10-02 22:30:34 - INFO - [epoch 32/50] train_loss=1.6823 | val_loss=1.7672 | val_acc=0.3498 | best_val=1.7235@30 | bad=2/10 | lr=1.00e-03 | dt=21.9s
2025-10-02 22:30:56 - INFO - [epoch 33/50] train_loss=1.6836 | val_loss=1.7940 | val_acc=0.3468 | best_val=1.7235@30 | bad=3/10 | lr=1.00e-03 | dt=21.3s
2025-10-02 22:31:20 - INFO - [epoch 34/50] train_loss=1.6787 | val_loss=1.7332 | val_acc=0.3714 | best_val=1.7235@30 | bad=4/10 | lr=1.00e-03 | dt=24.4s
2025-10-02 22:31:43 - INFO - [epoch 35/50] train_loss=1.6753 | val_loss=1.8032 | val_acc=0.3418 | best_val=1.7235@30 | bad=5/10 | lr=1.00e-03 | dt=23.1s
2025-10-02 22:32:01 - INFO - [epoch 36/50] train_loss=1.6714 | val_loss=1.7400 | val_acc=0.3612 | best_val=1.7235@30 | bad=6/10 | lr=1.00e-03 | dt=17.9s
2025-10-02 22:32:24 - INFO - [epoch 37/50] train_loss=1.6660 | val_loss=1.7284 | val_acc=0.3722 | best_val=1.7235@30 | bad=7/10 | lr=1.00e-03 | dt=22.8s
2025-10-02 22:32:46 - INFO - [epoch 38/50] train_loss=1.6656 | val_loss=1.7552 | val_acc=0.3662 | best_val=1.7235@30 | bad=8/10 | lr=1.00e-03 | dt=22.7s
2025-10-02 22:33:10 - INFO - [epoch 39/50] train_loss=1.6599 | val_loss=1.7527 | val_acc=0.3604 | best_val=1.7235@30 | bad=9/10 | lr=1.00e-03 | dt=24.0s
2025-10-02 22:33:37 - INFO - [epoch 40/50] train_loss=1.6580 | val_loss=1.7734 | val_acc=0.3558 | best_val=1.7235@30 | bad=10/10 | lr=1.00e-03 | dt=26.6s
2025-10-02 22:33:37 - INFO - Early stopping: no improvement for 10 epochs (best=1.7235 @ epoch 30)
2025-10-02 22:33:38 - INFO - Run finished in 722.8s | best_val_loss=1.7235 @epoch 30 | best_val_acc=0.3706
2025-10-02 22:33:43 - INFO - Test: loss=1.7661 acc=0.3513
2025-10-02 22:33:43 - INFO - ======== [End Run 2/250] width=20 depth=1 | best_val=1.7235 | test_acc=0.3513 ========

