2025-10-04 04:04:03 - INFO - ======== [Run 26/140] width=60 depth=5 ========
2025-10-04 04:04:03 - INFO - Device=cuda | dataset=cifar10 | batch=64 | max_epochs=50 | patience=10 | lr=1.00e-03 | wd=1.0e-04
2025-10-04 04:04:03 - INFO - Model params=132430 | neurons=360 | pooling=[1, 3]
2025-10-04 04:04:20 - INFO - [epoch 1/50] train_loss=1.5032 | val_loss=1.2665 | val_acc=0.5334 | best_val=1.2665@1 | bad=0/10 | lr=1.00e-03 | dt=17.2s
2025-10-04 04:04:36 - INFO - [epoch 2/50] train_loss=1.0838 | val_loss=1.1515 | val_acc=0.5850 | best_val=1.1515@2 | bad=0/10 | lr=1.00e-03 | dt=16.2s
2025-10-04 04:04:53 - INFO - [epoch 3/50] train_loss=0.9235 | val_loss=0.9217 | val_acc=0.6704 | best_val=0.9217@3 | bad=0/10 | lr=1.00e-03 | dt=16.9s
2025-10-04 04:05:10 - INFO - [epoch 4/50] train_loss=0.8129 | val_loss=0.8983 | val_acc=0.6958 | best_val=0.8983@4 | bad=0/10 | lr=1.00e-03 | dt=16.8s
2025-10-04 04:05:26 - INFO - [epoch 5/50] train_loss=0.7363 | val_loss=0.8530 | val_acc=0.7102 | best_val=0.8530@5 | bad=0/10 | lr=1.00e-03 | dt=16.2s
2025-10-04 04:05:42 - INFO - [epoch 6/50] train_loss=0.6833 | val_loss=0.7512 | val_acc=0.7450 | best_val=0.7512@6 | bad=0/10 | lr=1.00e-03 | dt=16.3s
2025-10-04 04:05:59 - INFO - [epoch 7/50] train_loss=0.6417 | val_loss=0.7386 | val_acc=0.7488 | best_val=0.7386@7 | bad=0/10 | lr=1.00e-03 | dt=16.4s
2025-10-04 04:06:15 - INFO - [epoch 8/50] train_loss=0.6086 | val_loss=0.6751 | val_acc=0.7656 | best_val=0.6751@8 | bad=0/10 | lr=1.00e-03 | dt=16.2s
2025-10-04 04:06:31 - INFO - [epoch 9/50] train_loss=0.5773 | val_loss=0.7763 | val_acc=0.7498 | best_val=0.6751@8 | bad=1/10 | lr=1.00e-03 | dt=15.7s
2025-10-04 04:06:47 - INFO - [epoch 10/50] train_loss=0.5594 | val_loss=0.6138 | val_acc=0.7864 | best_val=0.6138@10 | bad=0/10 | lr=1.00e-03 | dt=16.1s
2025-10-04 04:07:03 - INFO - [epoch 11/50] train_loss=0.5412 | val_loss=0.5557 | val_acc=0.8094 | best_val=0.5557@11 | bad=0/10 | lr=1.00e-03 | dt=16.0s
2025-10-04 04:07:19 - INFO - [epoch 12/50] train_loss=0.5208 | val_loss=0.5692 | val_acc=0.8042 | best_val=0.5557@11 | bad=1/10 | lr=1.00e-03 | dt=16.6s
2025-10-04 04:07:35 - INFO - [epoch 13/50] train_loss=0.5078 | val_loss=0.5558 | val_acc=0.8094 | best_val=0.5557@11 | bad=2/10 | lr=1.00e-03 | dt=15.7s
2025-10-04 04:07:51 - INFO - [epoch 14/50] train_loss=0.4896 | val_loss=0.5066 | val_acc=0.8238 | best_val=0.5066@14 | bad=0/10 | lr=1.00e-03 | dt=15.7s
2025-10-04 04:08:07 - INFO - [epoch 15/50] train_loss=0.4834 | val_loss=0.5157 | val_acc=0.8270 | best_val=0.5066@14 | bad=1/10 | lr=1.00e-03 | dt=15.9s
2025-10-04 04:08:23 - INFO - [epoch 16/50] train_loss=0.4637 | val_loss=0.5831 | val_acc=0.8048 | best_val=0.5066@14 | bad=2/10 | lr=1.00e-03 | dt=15.7s
2025-10-04 04:08:38 - INFO - [epoch 17/50] train_loss=0.4558 | val_loss=0.5855 | val_acc=0.8102 | best_val=0.5066@14 | bad=3/10 | lr=1.00e-03 | dt=15.8s
2025-10-04 04:08:54 - INFO - [epoch 18/50] train_loss=0.4481 | val_loss=0.5531 | val_acc=0.8140 | best_val=0.5066@14 | bad=4/10 | lr=1.00e-03 | dt=16.0s
2025-10-04 04:09:11 - INFO - [epoch 19/50] train_loss=0.4381 | val_loss=0.5508 | val_acc=0.8232 | best_val=0.5066@14 | bad=5/10 | lr=1.00e-03 | dt=16.9s
2025-10-04 04:09:27 - INFO - [epoch 20/50] train_loss=0.4283 | val_loss=0.5456 | val_acc=0.8228 | best_val=0.5066@14 | bad=6/10 | lr=1.00e-03 | dt=15.5s
2025-10-04 04:09:43 - INFO - [epoch 21/50] train_loss=0.4222 | val_loss=0.5279 | val_acc=0.8270 | best_val=0.5066@14 | bad=7/10 | lr=1.00e-03 | dt=16.0s
2025-10-04 04:09:59 - INFO - [epoch 22/50] train_loss=0.4144 | val_loss=0.5412 | val_acc=0.8252 | best_val=0.5066@14 | bad=8/10 | lr=1.00e-03 | dt=15.9s
2025-10-04 04:10:14 - INFO - [epoch 23/50] train_loss=0.4038 | val_loss=0.4790 | val_acc=0.8368 | best_val=0.4790@23 | bad=0/10 | lr=1.00e-03 | dt=15.6s
2025-10-04 04:10:30 - INFO - [epoch 24/50] train_loss=0.4014 | val_loss=0.4548 | val_acc=0.8438 | best_val=0.4548@24 | bad=0/10 | lr=1.00e-03 | dt=16.0s
2025-10-04 04:10:47 - INFO - [epoch 25/50] train_loss=0.3977 | val_loss=0.5682 | val_acc=0.8140 | best_val=0.4548@24 | bad=1/10 | lr=1.00e-03 | dt=16.6s
2025-10-04 04:11:03 - INFO - [epoch 26/50] train_loss=0.3901 | val_loss=0.5794 | val_acc=0.8116 | best_val=0.4548@24 | bad=2/10 | lr=1.00e-03 | dt=16.1s
2025-10-04 04:11:19 - INFO - [epoch 27/50] train_loss=0.3928 | val_loss=0.4833 | val_acc=0.8340 | best_val=0.4548@24 | bad=3/10 | lr=1.00e-03 | dt=15.8s
2025-10-04 04:11:35 - INFO - [epoch 28/50] train_loss=0.3725 | val_loss=0.4937 | val_acc=0.8376 | best_val=0.4548@24 | bad=4/10 | lr=1.00e-03 | dt=16.0s
2025-10-04 04:11:50 - INFO - [epoch 29/50] train_loss=0.3772 | val_loss=0.4874 | val_acc=0.8382 | best_val=0.4548@24 | bad=5/10 | lr=1.00e-03 | dt=15.6s
2025-10-04 04:12:07 - INFO - [epoch 30/50] train_loss=0.3676 | val_loss=0.4864 | val_acc=0.8444 | best_val=0.4548@24 | bad=6/10 | lr=1.00e-03 | dt=16.6s
2025-10-04 04:12:23 - INFO - [epoch 31/50] train_loss=0.3659 | val_loss=0.4834 | val_acc=0.8414 | best_val=0.4548@24 | bad=7/10 | lr=1.00e-03 | dt=15.5s
2025-10-04 04:12:38 - INFO - [epoch 32/50] train_loss=0.3659 | val_loss=0.5020 | val_acc=0.8304 | best_val=0.4548@24 | bad=8/10 | lr=1.00e-03 | dt=15.5s
2025-10-04 04:12:54 - INFO - [epoch 33/50] train_loss=0.3567 | val_loss=0.4688 | val_acc=0.8430 | best_val=0.4548@24 | bad=9/10 | lr=1.00e-03 | dt=16.4s
2025-10-04 04:13:10 - INFO - [epoch 34/50] train_loss=0.3527 | val_loss=0.4843 | val_acc=0.8432 | best_val=0.4548@24 | bad=10/10 | lr=1.00e-03 | dt=15.7s
2025-10-04 04:13:10 - INFO - Early stopping: no improvement for 10 epochs (best=0.4548 @ epoch 24)
2025-10-04 04:13:11 - INFO - Run finished in 547.8s | best_val_loss=0.4548 @epoch 24 | best_val_acc=0.8438
2025-10-04 04:13:12 - INFO - Test: loss=0.5177 acc=0.8399
2025-10-04 04:13:12 - INFO - ======== [End Run 26/140] width=60 depth=5 | best_val=0.4548 | test_acc=0.8399 ========

