2025-10-04 01:36:46 - INFO - ======== [Run 16/140] width=160 depth=4 ========
2025-10-04 01:36:46 - INFO - Device=cuda | dataset=cifar10 | batch=64 | max_epochs=50 | patience=10 | lr=1.00e-03 | wd=1.0e-04
2025-10-04 01:36:46 - INFO - Model params=698410 | neurons=800 | pooling=[1, 3]
2025-10-04 01:37:10 - INFO - [epoch 1/50] train_loss=1.4329 | val_loss=1.2861 | val_acc=0.5360 | best_val=1.2861@1 | bad=0/10 | lr=1.00e-03 | dt=23.9s
2025-10-04 01:37:33 - INFO - [epoch 2/50] train_loss=1.0760 | val_loss=1.2191 | val_acc=0.5772 | best_val=1.2191@2 | bad=0/10 | lr=1.00e-03 | dt=23.5s
2025-10-04 01:37:57 - INFO - [epoch 3/50] train_loss=0.9332 | val_loss=0.9910 | val_acc=0.6464 | best_val=0.9910@3 | bad=0/10 | lr=1.00e-03 | dt=23.3s
2025-10-04 01:38:20 - INFO - [epoch 4/50] train_loss=0.8362 | val_loss=0.8163 | val_acc=0.7100 | best_val=0.8163@4 | bad=0/10 | lr=1.00e-03 | dt=23.2s
2025-10-04 01:38:43 - INFO - [epoch 5/50] train_loss=0.7485 | val_loss=0.9494 | val_acc=0.6756 | best_val=0.8163@4 | bad=1/10 | lr=1.00e-03 | dt=23.2s
2025-10-04 01:39:06 - INFO - [epoch 6/50] train_loss=0.6849 | val_loss=0.8154 | val_acc=0.7306 | best_val=0.8154@6 | bad=0/10 | lr=1.00e-03 | dt=23.2s
2025-10-04 01:39:29 - INFO - [epoch 7/50] train_loss=0.6294 | val_loss=0.7301 | val_acc=0.7444 | best_val=0.7301@7 | bad=0/10 | lr=1.00e-03 | dt=22.9s
2025-10-04 01:39:52 - INFO - [epoch 8/50] train_loss=0.5871 | val_loss=0.7010 | val_acc=0.7560 | best_val=0.7010@8 | bad=0/10 | lr=1.00e-03 | dt=23.4s
2025-10-04 01:40:16 - INFO - [epoch 9/50] train_loss=0.5533 | val_loss=0.6287 | val_acc=0.7830 | best_val=0.6287@9 | bad=0/10 | lr=1.00e-03 | dt=23.3s
2025-10-04 01:40:39 - INFO - [epoch 10/50] train_loss=0.5255 | val_loss=0.6670 | val_acc=0.7768 | best_val=0.6287@9 | bad=1/10 | lr=1.00e-03 | dt=23.6s
2025-10-04 01:41:03 - INFO - [epoch 11/50] train_loss=0.5065 | val_loss=0.5205 | val_acc=0.8238 | best_val=0.5205@11 | bad=0/10 | lr=1.00e-03 | dt=23.3s
2025-10-04 01:41:26 - INFO - [epoch 12/50] train_loss=0.4807 | val_loss=0.5922 | val_acc=0.7992 | best_val=0.5205@11 | bad=1/10 | lr=1.00e-03 | dt=23.4s
2025-10-04 01:41:50 - INFO - [epoch 13/50] train_loss=0.4610 | val_loss=0.5707 | val_acc=0.8022 | best_val=0.5205@11 | bad=2/10 | lr=1.00e-03 | dt=23.9s
2025-10-04 01:42:13 - INFO - [epoch 14/50] train_loss=0.4415 | val_loss=0.7159 | val_acc=0.7726 | best_val=0.5205@11 | bad=3/10 | lr=1.00e-03 | dt=23.3s
2025-10-04 01:42:37 - INFO - [epoch 15/50] train_loss=0.4331 | val_loss=0.5594 | val_acc=0.8106 | best_val=0.5205@11 | bad=4/10 | lr=1.00e-03 | dt=23.4s
2025-10-04 01:43:00 - INFO - [epoch 16/50] train_loss=0.4160 | val_loss=0.5192 | val_acc=0.8266 | best_val=0.5192@16 | bad=0/10 | lr=1.00e-03 | dt=23.5s
2025-10-04 01:43:23 - INFO - [epoch 17/50] train_loss=0.4033 | val_loss=0.5270 | val_acc=0.8232 | best_val=0.5192@16 | bad=1/10 | lr=1.00e-03 | dt=23.0s
2025-10-04 01:43:47 - INFO - [epoch 18/50] train_loss=0.3888 | val_loss=0.7369 | val_acc=0.7700 | best_val=0.5192@16 | bad=2/10 | lr=1.00e-03 | dt=23.3s
2025-10-04 01:44:10 - INFO - [epoch 19/50] train_loss=0.3798 | val_loss=0.5702 | val_acc=0.8114 | best_val=0.5192@16 | bad=3/10 | lr=1.00e-03 | dt=23.6s
2025-10-04 01:44:34 - INFO - [epoch 20/50] train_loss=0.3744 | val_loss=0.4709 | val_acc=0.8378 | best_val=0.4709@20 | bad=0/10 | lr=1.00e-03 | dt=23.6s
2025-10-04 01:44:57 - INFO - [epoch 21/50] train_loss=0.3587 | val_loss=0.4944 | val_acc=0.8372 | best_val=0.4709@20 | bad=1/10 | lr=1.00e-03 | dt=23.7s
2025-10-04 01:45:21 - INFO - [epoch 22/50] train_loss=0.3521 | val_loss=0.6093 | val_acc=0.8102 | best_val=0.4709@20 | bad=2/10 | lr=1.00e-03 | dt=23.5s
2025-10-04 01:45:44 - INFO - [epoch 23/50] train_loss=0.3465 | val_loss=0.4454 | val_acc=0.8500 | best_val=0.4454@23 | bad=0/10 | lr=1.00e-03 | dt=23.6s
2025-10-04 01:46:08 - INFO - [epoch 24/50] train_loss=0.3369 | val_loss=0.5255 | val_acc=0.8310 | best_val=0.4454@23 | bad=1/10 | lr=1.00e-03 | dt=23.3s
2025-10-04 01:46:31 - INFO - [epoch 25/50] train_loss=0.3315 | val_loss=0.4833 | val_acc=0.8440 | best_val=0.4454@23 | bad=2/10 | lr=1.00e-03 | dt=22.8s
2025-10-04 01:46:54 - INFO - [epoch 26/50] train_loss=0.3240 | val_loss=0.4445 | val_acc=0.8544 | best_val=0.4445@26 | bad=0/10 | lr=1.00e-03 | dt=23.0s
2025-10-04 01:47:17 - INFO - [epoch 27/50] train_loss=0.3198 | val_loss=0.4886 | val_acc=0.8416 | best_val=0.4445@26 | bad=1/10 | lr=1.00e-03 | dt=23.2s
2025-10-04 01:47:40 - INFO - [epoch 28/50] train_loss=0.3123 | val_loss=0.4269 | val_acc=0.8582 | best_val=0.4269@28 | bad=0/10 | lr=1.00e-03 | dt=23.3s
2025-10-04 01:48:04 - INFO - [epoch 29/50] train_loss=0.3101 | val_loss=0.4851 | val_acc=0.8342 | best_val=0.4269@28 | bad=1/10 | lr=1.00e-03 | dt=23.4s
2025-10-04 01:48:26 - INFO - [epoch 30/50] train_loss=0.2979 | val_loss=0.5040 | val_acc=0.8344 | best_val=0.4269@28 | bad=2/10 | lr=1.00e-03 | dt=22.9s
2025-10-04 01:48:50 - INFO - [epoch 31/50] train_loss=0.3000 | val_loss=0.6190 | val_acc=0.8114 | best_val=0.4269@28 | bad=3/10 | lr=1.00e-03 | dt=23.5s
2025-10-04 01:49:14 - INFO - [epoch 32/50] train_loss=0.2876 | val_loss=0.5412 | val_acc=0.8246 | best_val=0.4269@28 | bad=4/10 | lr=1.00e-03 | dt=23.9s
2025-10-04 01:49:37 - INFO - [epoch 33/50] train_loss=0.2896 | val_loss=0.4917 | val_acc=0.8416 | best_val=0.4269@28 | bad=5/10 | lr=1.00e-03 | dt=23.2s
2025-10-04 01:50:01 - INFO - [epoch 34/50] train_loss=0.2828 | val_loss=0.4939 | val_acc=0.8434 | best_val=0.4269@28 | bad=6/10 | lr=1.00e-03 | dt=24.0s
2025-10-04 01:50:25 - INFO - [epoch 35/50] train_loss=0.2794 | val_loss=0.5176 | val_acc=0.8380 | best_val=0.4269@28 | bad=7/10 | lr=1.00e-03 | dt=23.6s
2025-10-04 01:50:48 - INFO - [epoch 36/50] train_loss=0.2782 | val_loss=0.4613 | val_acc=0.8482 | best_val=0.4269@28 | bad=8/10 | lr=1.00e-03 | dt=23.4s
2025-10-04 01:51:12 - INFO - [epoch 37/50] train_loss=0.2694 | val_loss=0.4534 | val_acc=0.8498 | best_val=0.4269@28 | bad=9/10 | lr=1.00e-03 | dt=23.6s
2025-10-04 01:51:35 - INFO - [epoch 38/50] train_loss=0.2717 | val_loss=0.4909 | val_acc=0.8432 | best_val=0.4269@28 | bad=10/10 | lr=1.00e-03 | dt=23.2s
2025-10-04 01:51:35 - INFO - Early stopping: no improvement for 10 epochs (best=0.4269 @ epoch 28)
2025-10-04 01:51:35 - INFO - Run finished in 889.6s | best_val_loss=0.4269 @epoch 28 | best_val_acc=0.8582
2025-10-04 01:51:38 - INFO - Test: loss=0.4897 acc=0.8505
2025-10-04 01:51:38 - INFO - ======== [End Run 16/140] width=160 depth=4 | best_val=0.4269 | test_acc=0.8505 ========

