usage: run_stl_ablation.py [-h] [--data-dir DATA_DIR]
                           [--results-dir RESULTS_DIR] [--run-root RUN_ROOT]
                           [--source-run-root SOURCE_RUN_ROOT]
                           [--tasks TASKS [TASKS ...]]
                           [--batch-size BATCH_SIZE]
                           [--num-workers NUM_WORKERS] [--seed SEED]
                           [--patience PATIENCE] [--delta DELTA]
                           [--max-epochs MAX_EPOCHS] [--lr LR]
                           [--weight-decay WEIGHT_DECAY]
                           [--grad-clip GRAD_CLIP] [--max-width MAX_WIDTH]
                           [--max-depth MAX_DEPTH] [--max-neurons MAX_NEURONS]
                           [--width-stage-margin-patience WIDTH_STAGE_MARGIN_PATIENCE]
                           [--width-stage-min-improve-pct WIDTH_STAGE_MIN_IMPROVE_PCT]
                           [--min-width MIN_WIDTH] [--width-step WIDTH_STEP]
                           [--width-count-per-depth WIDTH_COUNT_PER_DEPTH]
                           [--min-depth MIN_DEPTH]
                           [--param-band PARAM_EXP_START PARAM_EXP_END]
                           [--repeat-count REPEAT_COUNT]
                           [--repeat-index REPEAT_INDEX]
                           [--stl-width STL_WIDTH] [--stl-depth STL_DEPTH]
                           [--metrics-every METRICS_EVERY] [--pin-memory]
                           [--no-pin-memory] [--use-bn] [--no-bn]
                           [--widths WIDTHS] [--depths DEPTHS]
                           [--architecture ARCHITECTURE]
                           [--legacy-architecture-grid]
run_stl_ablation.py: error: unrecognized arguments: --device cuda
usage: run_stl_ablation.py [-h] [--data-dir DATA_DIR]
                           [--results-dir RESULTS_DIR] [--run-root RUN_ROOT]
                           [--source-run-root SOURCE_RUN_ROOT]
                           [--tasks TASKS [TASKS ...]]
                           [--batch-size BATCH_SIZE]
                           [--num-workers NUM_WORKERS] [--seed SEED]
                           [--patience PATIENCE] [--delta DELTA]
                           [--max-epochs MAX_EPOCHS] [--lr LR]
                           [--weight-decay WEIGHT_DECAY]
                           [--grad-clip GRAD_CLIP] [--max-width MAX_WIDTH]
                           [--max-depth MAX_DEPTH] [--max-neurons MAX_NEURONS]
                           [--width-stage-margin-patience WIDTH_STAGE_MARGIN_PATIENCE]
                           [--width-stage-min-improve-pct WIDTH_STAGE_MIN_IMPROVE_PCT]
                           [--min-width MIN_WIDTH] [--width-step WIDTH_STEP]
                           [--width-count-per-depth WIDTH_COUNT_PER_DEPTH]
                           [--min-depth MIN_DEPTH]
                           [--param-band PARAM_EXP_START PARAM_EXP_END]
                           [--repeat-count REPEAT_COUNT]
                           [--repeat-index REPEAT_INDEX]
                           [--stl-width STL_WIDTH] [--stl-depth STL_DEPTH]
                           [--metrics-every METRICS_EVERY] [--pin-memory]
                           [--no-pin-memory] [--use-bn] [--no-bn]
                           [--widths WIDTHS] [--depths DEPTHS]
                           [--architecture ARCHITECTURE]
                           [--legacy-architecture-grid]
run_stl_ablation.py: error: unrecognized arguments: --device cuda
