[2026-06-22 18:35:06] Initialized ContinuousLogger for goliath (Mode: sequential)
[2026-06-22 18:35:06] Logs: MLPS/tabular/shared/dae_dnn/results/recovery/missing_width_stl_v1/width_only/denoising/repeat_05/d01/training_log.txt
[2026-06-22 18:35:06] CSV: MLPS/tabular/shared/dae_dnn/results/recovery/missing_width_stl_v1/width_only/denoising/repeat_05/d01/training_stats.csv
[2026-06-22 18:35:06] Run root: MLPS/tabular/shared/dae_dnn/results/recovery/missing_width_stl_v1/width_only/denoising/repeat_05/d01
[2026-06-22 18:35:06] Tasks: ['denoising']
[2026-06-22 18:35:06] Phases: ['ae_width_only']
[2026-06-22 18:35:06] Device: cpu
[2026-06-22 18:35:06] Git commit: 2b88bff11db4b4b6271a0262527256374a1d7dd0
[2026-06-22 18:36:23] === Task start: denoising ===
[2026-06-22 18:36:23] [TASK] start denoising
[2026-06-22 18:36:23] [TASK:denoising] ADP phase start: ae_width_only
[2026-06-22 18:36:23] Initialized ContinuousLogger for denoising_ae_width_only (Mode: ae_width_only)
[2026-06-22 18:36:23] Logs: MLPS/tabular/shared/dae_dnn/results/recovery/missing_width_stl_v1/width_only/denoising/repeat_05/d01/denoising/ae_width_only/cand_000_d1_w1/training_log.txt
[2026-06-22 18:36:23] CSV: MLPS/tabular/shared/dae_dnn/results/recovery/missing_width_stl_v1/width_only/denoising/repeat_05/d01/denoising/ae_width_only/cand_000_d1_w1/training_stats.csv
[2026-06-22 18:36:23] [CANDIDATE] task=denoising phase=ae_width_only index=0 search_phase=width architecture=[1]
[2026-06-22 18:36:26] [CKPT] task=denoising phase=ae_width_only candidate=cand_000_d1_w1 epoch=1 batch=1/100 start path=checkpoint_last.pt
[2026-06-22 18:36:26] [CKPT] task=denoising phase=ae_width_only candidate=cand_000_d1_w1 epoch=1 batch=1/100 done gpu_used_mib=15 host_available_mib=2393
[2026-06-22 18:36:26] [BATCH] task=denoising phase=ae_width_only candidate=cand_000_d1_w1 epoch=1 batch=1/100 batch_size=4656 running_batches=1 batch_loss=1.504691 running_loss=1.504691
[2026-06-22 18:37:51] Initialized ContinuousLogger for goliath (Mode: sequential)
[2026-06-22 18:37:51] Logs: MLPS/tabular/shared/dae_dnn/results/recovery/missing_width_stl_v1/width_only/denoising/repeat_05/d01/training_log.txt
[2026-06-22 18:37:51] CSV: MLPS/tabular/shared/dae_dnn/results/recovery/missing_width_stl_v1/width_only/denoising/repeat_05/d01/training_stats.csv
[2026-06-22 18:37:51] Run root: MLPS/tabular/shared/dae_dnn/results/recovery/missing_width_stl_v1/width_only/denoising/repeat_05/d01
[2026-06-22 18:37:51] Tasks: ['denoising']
[2026-06-22 18:37:51] Phases: ['ae_width_only']
[2026-06-22 18:37:51] Device: cpu
[2026-06-22 18:37:51] Git commit: 2b88bff11db4b4b6271a0262527256374a1d7dd0
[2026-06-22 18:39:05] === Task start: denoising ===
[2026-06-22 18:39:05] [TASK] start denoising
[2026-06-22 18:39:05] [TASK:denoising] ADP phase start: ae_width_only
[2026-06-22 18:39:05] Initialized ContinuousLogger for denoising_ae_width_only (Mode: ae_width_only)
[2026-06-22 18:39:05] Logs: MLPS/tabular/shared/dae_dnn/results/recovery/missing_width_stl_v1/width_only/denoising/repeat_05/d01/denoising/ae_width_only/cand_000_d1_w1/training_log.txt
[2026-06-22 18:39:05] CSV: MLPS/tabular/shared/dae_dnn/results/recovery/missing_width_stl_v1/width_only/denoising/repeat_05/d01/denoising/ae_width_only/cand_000_d1_w1/training_stats.csv
[2026-06-22 18:40:22] Initialized ContinuousLogger for goliath (Mode: sequential)
[2026-06-22 18:40:22] Logs: MLPS/tabular/shared/dae_dnn/results/recovery/missing_width_stl_v1/width_only/denoising/repeat_05/d01/training_log.txt
[2026-06-22 18:40:22] CSV: MLPS/tabular/shared/dae_dnn/results/recovery/missing_width_stl_v1/width_only/denoising/repeat_05/d01/training_stats.csv
[2026-06-22 18:40:22] Run root: MLPS/tabular/shared/dae_dnn/results/recovery/missing_width_stl_v1/width_only/denoising/repeat_05/d01
[2026-06-22 18:40:22] Tasks: ['denoising']
[2026-06-22 18:40:22] Phases: ['ae_width_only']
[2026-06-22 18:40:22] Device: cpu
[2026-06-22 18:40:22] Git commit: 2b88bff11db4b4b6271a0262527256374a1d7dd0
[2026-06-22 18:41:32] === Task start: denoising ===
[2026-06-22 18:41:32] [TASK] start denoising
[2026-06-22 18:41:32] [TASK:denoising] ADP phase start: ae_width_only
[2026-06-22 18:41:32] Initialized ContinuousLogger for denoising_ae_width_only (Mode: ae_width_only)
[2026-06-22 18:41:32] Logs: MLPS/tabular/shared/dae_dnn/results/recovery/missing_width_stl_v1/width_only/denoising/repeat_05/d01/denoising/ae_width_only/cand_000_d1_w1/training_log.txt
[2026-06-22 18:41:32] CSV: MLPS/tabular/shared/dae_dnn/results/recovery/missing_width_stl_v1/width_only/denoising/repeat_05/d01/denoising/ae_width_only/cand_000_d1_w1/training_stats.csv
[2026-06-22 18:41:35] [CKPT] task=denoising phase=ae_width_only candidate=cand_000_d1_w1 epoch=1 batch=2/100 start path=checkpoint_last.pt
[2026-06-22 18:41:35] [CKPT] task=denoising phase=ae_width_only candidate=cand_000_d1_w1 epoch=1 batch=2/100 done gpu_used_mib=15 host_available_mib=2341
[2026-06-22 18:41:35] [BATCH] task=denoising phase=ae_width_only candidate=cand_000_d1_w1 epoch=1 batch=2/100 batch_size=4656 running_batches=2 batch_loss=1.488385 running_loss=1.496538
[2026-06-22 18:41:37] [CKPT] task=denoising phase=ae_width_only candidate=cand_000_d1_w1 epoch=1 batch=3/100 start path=checkpoint_last.pt
[2026-06-22 18:41:37] [CKPT] task=denoising phase=ae_width_only candidate=cand_000_d1_w1 epoch=1 batch=3/100 done gpu_used_mib=15 host_available_mib=2357
[2026-06-22 18:41:37] [BATCH] task=denoising phase=ae_width_only candidate=cand_000_d1_w1 epoch=1 batch=3/100 batch_size=4656 running_batches=3 batch_loss=1.461460 running_loss=1.484846
[2026-06-22 18:41:39] [CKPT] task=denoising phase=ae_width_only candidate=cand_000_d1_w1 epoch=1 batch=4/100 start path=checkpoint_last.pt
[2026-06-22 18:41:39] [CKPT] task=denoising phase=ae_width_only candidate=cand_000_d1_w1 epoch=1 batch=4/100 done gpu_used_mib=15 host_available_mib=2388
[2026-06-22 18:41:39] [BATCH] task=denoising phase=ae_width_only candidate=cand_000_d1_w1 epoch=1 batch=4/100 batch_size=4656 running_batches=4 batch_loss=1.534005 running_loss=1.497135
[2026-06-22 18:41:42] [CKPT] task=denoising phase=ae_width_only candidate=cand_000_d1_w1 epoch=1 batch=5/100 start path=checkpoint_last.pt
[2026-06-22 18:41:42] [CKPT] task=denoising phase=ae_width_only candidate=cand_000_d1_w1 epoch=1 batch=5/100 done gpu_used_mib=15 host_available_mib=2452
[2026-06-22 18:41:42] [BATCH] task=denoising phase=ae_width_only candidate=cand_000_d1_w1 epoch=1 batch=5/100 batch_size=4656 running_batches=5 batch_loss=1.465126 running_loss=1.490733
[2026-06-22 18:41:46] [CKPT] task=denoising phase=ae_width_only candidate=cand_000_d1_w1 epoch=1 batch=6/100 start path=checkpoint_last.pt
[2026-06-22 18:41:46] [CKPT] task=denoising phase=ae_width_only candidate=cand_000_d1_w1 epoch=1 batch=6/100 done gpu_used_mib=15 host_available_mib=2385
[2026-06-22 18:41:46] [BATCH] task=denoising phase=ae_width_only candidate=cand_000_d1_w1 epoch=1 batch=6/100 batch_size=4656 running_batches=6 batch_loss=1.459280 running_loss=1.485491
[2026-06-22 18:41:48] [CKPT] task=denoising phase=ae_width_only candidate=cand_000_d1_w1 epoch=1 batch=7/100 start path=checkpoint_last.pt
[2026-06-22 18:41:48] [CKPT] task=denoising phase=ae_width_only candidate=cand_000_d1_w1 epoch=1 batch=7/100 done gpu_used_mib=15 host_available_mib=2406
[2026-06-22 18:41:48] [BATCH] task=denoising phase=ae_width_only candidate=cand_000_d1_w1 epoch=1 batch=7/100 batch_size=4656 running_batches=7 batch_loss=1.517305 running_loss=1.490036
[2026-06-22 18:41:50] [CKPT] task=denoising phase=ae_width_only candidate=cand_000_d1_w1 epoch=1 batch=8/100 start path=checkpoint_last.pt
[2026-06-22 18:41:50] [CKPT] task=denoising phase=ae_width_only candidate=cand_000_d1_w1 epoch=1 batch=8/100 done gpu_used_mib=15 host_available_mib=2469
[2026-06-22 18:41:50] [BATCH] task=denoising phase=ae_width_only candidate=cand_000_d1_w1 epoch=1 batch=8/100 batch_size=4656 running_batches=8 batch_loss=1.441855 running_loss=1.484013
[2026-06-22 18:41:52] [CKPT] task=denoising phase=ae_width_only candidate=cand_000_d1_w1 epoch=1 batch=9/100 start path=checkpoint_last.pt
[2026-06-22 18:41:52] [CKPT] task=denoising phase=ae_width_only candidate=cand_000_d1_w1 epoch=1 batch=9/100 done gpu_used_mib=15 host_available_mib=2374
[2026-06-22 18:41:52] [BATCH] task=denoising phase=ae_width_only candidate=cand_000_d1_w1 epoch=1 batch=9/100 batch_size=4656 running_batches=9 batch_loss=1.424632 running_loss=1.477415
[2026-06-22 18:43:07] Initialized ContinuousLogger for goliath (Mode: sequential)
[2026-06-22 18:43:07] Logs: MLPS/tabular/shared/dae_dnn/results/recovery/missing_width_stl_v1/width_only/denoising/repeat_05/d01/training_log.txt
[2026-06-22 18:43:07] CSV: MLPS/tabular/shared/dae_dnn/results/recovery/missing_width_stl_v1/width_only/denoising/repeat_05/d01/training_stats.csv
[2026-06-22 18:43:07] Run root: MLPS/tabular/shared/dae_dnn/results/recovery/missing_width_stl_v1/width_only/denoising/repeat_05/d01
[2026-06-22 18:43:07] Tasks: ['denoising']
[2026-06-22 18:43:07] Phases: ['ae_width_only']
[2026-06-22 18:43:07] Device: cpu
[2026-06-22 18:43:07] Git commit: 2b88bff11db4b4b6271a0262527256374a1d7dd0
[2026-06-22 18:45:12] Initialized ContinuousLogger for goliath (Mode: sequential)
[2026-06-22 18:45:12] Logs: MLPS/tabular/shared/dae_dnn/results/recovery/missing_width_stl_v1/width_only/denoising/repeat_05/d01/training_log.txt
[2026-06-22 18:45:12] CSV: MLPS/tabular/shared/dae_dnn/results/recovery/missing_width_stl_v1/width_only/denoising/repeat_05/d01/training_stats.csv
[2026-06-22 18:45:12] Run root: MLPS/tabular/shared/dae_dnn/results/recovery/missing_width_stl_v1/width_only/denoising/repeat_05/d01
[2026-06-22 18:45:12] Tasks: ['denoising']
[2026-06-22 18:45:12] Phases: ['ae_width_only']
[2026-06-22 18:45:12] Device: cpu
[2026-06-22 18:45:12] Git commit: 2b88bff11db4b4b6271a0262527256374a1d7dd0
[2026-06-22 18:46:11] === Task start: denoising ===
[2026-06-22 18:46:11] [TASK] start denoising
[2026-06-22 18:46:11] [TASK:denoising] ADP phase start: ae_width_only
[2026-06-22 18:46:11] Initialized ContinuousLogger for denoising_ae_width_only (Mode: ae_width_only)
[2026-06-22 18:46:11] Logs: MLPS/tabular/shared/dae_dnn/results/recovery/missing_width_stl_v1/width_only/denoising/repeat_05/d01/denoising/ae_width_only/cand_000_d1_w1/training_log.txt
[2026-06-22 18:46:11] CSV: MLPS/tabular/shared/dae_dnn/results/recovery/missing_width_stl_v1/width_only/denoising/repeat_05/d01/denoising/ae_width_only/cand_000_d1_w1/training_stats.csv
[2026-06-22 18:46:18] [CKPT] task=denoising phase=ae_width_only candidate=cand_000_d1_w1 epoch=1 batch=10/100 start path=checkpoint_last.pt
[2026-06-22 18:46:18] [CKPT] task=denoising phase=ae_width_only candidate=cand_000_d1_w1 epoch=1 batch=10/100 done gpu_used_mib=15 host_available_mib=2415
[2026-06-22 18:46:18] [BATCH] task=denoising phase=ae_width_only candidate=cand_000_d1_w1 epoch=1 batch=10/100 batch_size=4656 running_batches=10 batch_loss=1.499829 running_loss=1.479657
[2026-06-22 18:46:20] [CKPT] task=denoising phase=ae_width_only candidate=cand_000_d1_w1 epoch=1 batch=11/100 start path=checkpoint_last.pt
[2026-06-22 18:46:21] [CKPT] task=denoising phase=ae_width_only candidate=cand_000_d1_w1 epoch=1 batch=11/100 done gpu_used_mib=15 host_available_mib=2405
[2026-06-22 18:46:21] [BATCH] task=denoising phase=ae_width_only candidate=cand_000_d1_w1 epoch=1 batch=11/100 batch_size=4656 running_batches=11 batch_loss=1.506918 running_loss=1.482135
[2026-06-22 18:46:23] [CKPT] task=denoising phase=ae_width_only candidate=cand_000_d1_w1 epoch=1 batch=12/100 start path=checkpoint_last.pt
[2026-06-22 18:46:23] [CKPT] task=denoising phase=ae_width_only candidate=cand_000_d1_w1 epoch=1 batch=12/100 done gpu_used_mib=15 host_available_mib=2414
[2026-06-22 18:46:23] [BATCH] task=denoising phase=ae_width_only candidate=cand_000_d1_w1 epoch=1 batch=12/100 batch_size=4656 running_batches=12 batch_loss=2.314234 running_loss=1.551477
[2026-06-22 18:46:26] [CKPT] task=denoising phase=ae_width_only candidate=cand_000_d1_w1 epoch=1 batch=13/100 start path=checkpoint_last.pt
[2026-06-22 18:46:27] [CKPT] task=denoising phase=ae_width_only candidate=cand_000_d1_w1 epoch=1 batch=13/100 done gpu_used_mib=15 host_available_mib=2372
[2026-06-22 18:46:27] [BATCH] task=denoising phase=ae_width_only candidate=cand_000_d1_w1 epoch=1 batch=13/100 batch_size=4656 running_batches=13 batch_loss=1.460452 running_loss=1.544475
[2026-06-22 18:46:29] [CKPT] task=denoising phase=ae_width_only candidate=cand_000_d1_w1 epoch=1 batch=14/100 start path=checkpoint_last.pt
[2026-06-22 18:46:29] [CKPT] task=denoising phase=ae_width_only candidate=cand_000_d1_w1 epoch=1 batch=14/100 done gpu_used_mib=15 host_available_mib=2405
[2026-06-22 18:46:29] [BATCH] task=denoising phase=ae_width_only candidate=cand_000_d1_w1 epoch=1 batch=14/100 batch_size=4656 running_batches=14 batch_loss=1.514658 running_loss=1.542345
[2026-06-22 18:47:44] Initialized ContinuousLogger for goliath (Mode: sequential)
[2026-06-22 18:47:44] Logs: MLPS/tabular/shared/dae_dnn/results/recovery/missing_width_stl_v1/width_only/denoising/repeat_05/d01/training_log.txt
[2026-06-22 18:47:44] CSV: MLPS/tabular/shared/dae_dnn/results/recovery/missing_width_stl_v1/width_only/denoising/repeat_05/d01/training_stats.csv
[2026-06-22 18:47:44] Run root: MLPS/tabular/shared/dae_dnn/results/recovery/missing_width_stl_v1/width_only/denoising/repeat_05/d01
[2026-06-22 18:47:44] Tasks: ['denoising']
[2026-06-22 18:47:44] Phases: ['ae_width_only']
[2026-06-22 18:47:44] Device: cpu
[2026-06-22 18:47:44] Git commit: 2b88bff11db4b4b6271a0262527256374a1d7dd0
[2026-06-22 18:49:00] === Task start: denoising ===
[2026-06-22 18:49:00] [TASK] start denoising
[2026-06-22 18:49:00] [TASK:denoising] ADP phase start: ae_width_only
[2026-06-22 18:49:00] Initialized ContinuousLogger for denoising_ae_width_only (Mode: ae_width_only)
[2026-06-22 18:49:00] Logs: MLPS/tabular/shared/dae_dnn/results/recovery/missing_width_stl_v1/width_only/denoising/repeat_05/d01/denoising/ae_width_only/cand_000_d1_w1/training_log.txt
[2026-06-22 18:49:00] CSV: MLPS/tabular/shared/dae_dnn/results/recovery/missing_width_stl_v1/width_only/denoising/repeat_05/d01/denoising/ae_width_only/cand_000_d1_w1/training_stats.csv
[2026-06-22 18:50:18] Initialized ContinuousLogger for goliath (Mode: sequential)
[2026-06-22 18:50:18] Logs: MLPS/tabular/shared/dae_dnn/results/recovery/missing_width_stl_v1/width_only/denoising/repeat_05/d01/training_log.txt
[2026-06-22 18:50:18] CSV: MLPS/tabular/shared/dae_dnn/results/recovery/missing_width_stl_v1/width_only/denoising/repeat_05/d01/training_stats.csv
[2026-06-22 18:50:18] Run root: MLPS/tabular/shared/dae_dnn/results/recovery/missing_width_stl_v1/width_only/denoising/repeat_05/d01
[2026-06-22 18:50:18] Tasks: ['denoising']
[2026-06-22 18:50:18] Phases: ['ae_width_only']
[2026-06-22 18:50:18] Device: cpu
[2026-06-22 18:50:18] Git commit: 2b88bff11db4b4b6271a0262527256374a1d7dd0
[2026-06-22 18:51:26] === Task start: denoising ===
[2026-06-22 18:51:26] [TASK] start denoising
[2026-06-22 18:51:26] [TASK:denoising] ADP phase start: ae_width_only
[2026-06-22 18:51:26] Initialized ContinuousLogger for denoising_ae_width_only (Mode: ae_width_only)
[2026-06-22 18:51:26] Logs: MLPS/tabular/shared/dae_dnn/results/recovery/missing_width_stl_v1/width_only/denoising/repeat_05/d01/denoising/ae_width_only/cand_000_d1_w1/training_log.txt
[2026-06-22 18:51:26] CSV: MLPS/tabular/shared/dae_dnn/results/recovery/missing_width_stl_v1/width_only/denoising/repeat_05/d01/denoising/ae_width_only/cand_000_d1_w1/training_stats.csv
[2026-06-22 18:51:33] [CKPT] task=denoising phase=ae_width_only candidate=cand_000_d1_w1 epoch=1 batch=15/100 start path=checkpoint_last.pt
[2026-06-22 18:51:33] [CKPT] task=denoising phase=ae_width_only candidate=cand_000_d1_w1 epoch=1 batch=15/100 done gpu_used_mib=15 host_available_mib=2332
[2026-06-22 18:51:33] [BATCH] task=denoising phase=ae_width_only candidate=cand_000_d1_w1 epoch=1 batch=15/100 batch_size=4656 running_batches=15 batch_loss=1.498736 running_loss=1.539438
[2026-06-22 18:52:50] Initialized ContinuousLogger for goliath (Mode: sequential)
[2026-06-22 18:52:50] Logs: MLPS/tabular/shared/dae_dnn/results/recovery/missing_width_stl_v1/width_only/denoising/repeat_05/d01/training_log.txt
[2026-06-22 18:52:50] CSV: MLPS/tabular/shared/dae_dnn/results/recovery/missing_width_stl_v1/width_only/denoising/repeat_05/d01/training_stats.csv
[2026-06-22 18:52:50] Run root: MLPS/tabular/shared/dae_dnn/results/recovery/missing_width_stl_v1/width_only/denoising/repeat_05/d01
[2026-06-22 18:52:50] Tasks: ['denoising']
[2026-06-22 18:52:50] Phases: ['ae_width_only']
[2026-06-22 18:52:50] Device: cpu
[2026-06-22 18:52:50] Git commit: 2b88bff11db4b4b6271a0262527256374a1d7dd0
[2026-06-22 18:54:03] === Task start: denoising ===
[2026-06-22 18:54:03] [TASK] start denoising
[2026-06-22 18:54:03] [TASK:denoising] ADP phase start: ae_width_only
[2026-06-22 18:54:03] Initialized ContinuousLogger for denoising_ae_width_only (Mode: ae_width_only)
[2026-06-22 18:54:03] Logs: MLPS/tabular/shared/dae_dnn/results/recovery/missing_width_stl_v1/width_only/denoising/repeat_05/d01/denoising/ae_width_only/cand_000_d1_w1/training_log.txt
[2026-06-22 18:54:03] CSV: MLPS/tabular/shared/dae_dnn/results/recovery/missing_width_stl_v1/width_only/denoising/repeat_05/d01/denoising/ae_width_only/cand_000_d1_w1/training_stats.csv
[2026-06-22 18:54:17] [CKPT] task=denoising phase=ae_width_only candidate=cand_000_d1_w1 epoch=1 batch=16/100 start path=checkpoint_last.pt
[2026-06-22 18:54:17] [CKPT] task=denoising phase=ae_width_only candidate=cand_000_d1_w1 epoch=1 batch=16/100 done gpu_used_mib=15 host_available_mib=2351
[2026-06-22 18:54:17] [BATCH] task=denoising phase=ae_width_only candidate=cand_000_d1_w1 epoch=1 batch=16/100 batch_size=4656 running_batches=16 batch_loss=1.496500 running_loss=1.536754
[2026-06-22 18:54:19] [CKPT] task=denoising phase=ae_width_only candidate=cand_000_d1_w1 epoch=1 batch=17/100 start path=checkpoint_last.pt
[2026-06-22 18:54:20] [CKPT] task=denoising phase=ae_width_only candidate=cand_000_d1_w1 epoch=1 batch=17/100 done gpu_used_mib=15 host_available_mib=2350
[2026-06-22 18:54:20] [BATCH] task=denoising phase=ae_width_only candidate=cand_000_d1_w1 epoch=1 batch=17/100 batch_size=4656 running_batches=17 batch_loss=1.448197 running_loss=1.531545
[2026-06-22 18:54:22] [CKPT] task=denoising phase=ae_width_only candidate=cand_000_d1_w1 epoch=1 batch=18/100 start path=checkpoint_last.pt
[2026-06-22 18:54:22] [CKPT] task=denoising phase=ae_width_only candidate=cand_000_d1_w1 epoch=1 batch=18/100 done gpu_used_mib=15 host_available_mib=2546
[2026-06-22 18:54:22] [BATCH] task=denoising phase=ae_width_only candidate=cand_000_d1_w1 epoch=1 batch=18/100 batch_size=4656 running_batches=18 batch_loss=1.458639 running_loss=1.527495
[2026-06-22 18:54:24] [CKPT] task=denoising phase=ae_width_only candidate=cand_000_d1_w1 epoch=1 batch=19/100 start path=checkpoint_last.pt
[2026-06-22 18:54:24] [CKPT] task=denoising phase=ae_width_only candidate=cand_000_d1_w1 epoch=1 batch=19/100 done gpu_used_mib=15 host_available_mib=2402
[2026-06-22 18:54:24] [BATCH] task=denoising phase=ae_width_only candidate=cand_000_d1_w1 epoch=1 batch=19/100 batch_size=4656 running_batches=19 batch_loss=1.445221 running_loss=1.523164
[2026-06-22 18:55:41] Initialized ContinuousLogger for goliath (Mode: sequential)
[2026-06-22 18:55:41] Logs: MLPS/tabular/shared/dae_dnn/results/recovery/missing_width_stl_v1/width_only/denoising/repeat_05/d01/training_log.txt
[2026-06-22 18:55:41] CSV: MLPS/tabular/shared/dae_dnn/results/recovery/missing_width_stl_v1/width_only/denoising/repeat_05/d01/training_stats.csv
[2026-06-22 18:55:41] Run root: MLPS/tabular/shared/dae_dnn/results/recovery/missing_width_stl_v1/width_only/denoising/repeat_05/d01
[2026-06-22 18:55:41] Tasks: ['denoising']
[2026-06-22 18:55:41] Phases: ['ae_width_only']
[2026-06-22 18:55:41] Device: cpu
[2026-06-22 18:55:41] Git commit: 2b88bff11db4b4b6271a0262527256374a1d7dd0
[2026-06-22 18:56:52] === Task start: denoising ===
[2026-06-22 18:56:52] [TASK] start denoising
[2026-06-22 18:56:52] [TASK:denoising] ADP phase start: ae_width_only
[2026-06-22 18:56:52] Initialized ContinuousLogger for denoising_ae_width_only (Mode: ae_width_only)
[2026-06-22 18:56:52] Logs: MLPS/tabular/shared/dae_dnn/results/recovery/missing_width_stl_v1/width_only/denoising/repeat_05/d01/denoising/ae_width_only/cand_000_d1_w1/training_log.txt
[2026-06-22 18:56:52] CSV: MLPS/tabular/shared/dae_dnn/results/recovery/missing_width_stl_v1/width_only/denoising/repeat_05/d01/denoising/ae_width_only/cand_000_d1_w1/training_stats.csv
[2026-06-22 18:57:08] [CKPT] task=denoising phase=ae_width_only candidate=cand_000_d1_w1 epoch=1 batch=20/100 start path=checkpoint_last.pt
[2026-06-22 18:57:08] [CKPT] task=denoising phase=ae_width_only candidate=cand_000_d1_w1 epoch=1 batch=20/100 done gpu_used_mib=15 host_available_mib=2400
[2026-06-22 18:57:08] [BATCH] task=denoising phase=ae_width_only candidate=cand_000_d1_w1 epoch=1 batch=20/100 batch_size=4656 running_batches=20 batch_loss=1.451991 running_loss=1.519606
[2026-06-22 18:57:10] [CKPT] task=denoising phase=ae_width_only candidate=cand_000_d1_w1 epoch=1 batch=21/100 start path=checkpoint_last.pt
[2026-06-22 18:57:11] [CKPT] task=denoising phase=ae_width_only candidate=cand_000_d1_w1 epoch=1 batch=21/100 done gpu_used_mib=15 host_available_mib=2366
[2026-06-22 18:57:11] [BATCH] task=denoising phase=ae_width_only candidate=cand_000_d1_w1 epoch=1 batch=21/100 batch_size=4656 running_batches=21 batch_loss=1.412851 running_loss=1.514522
[2026-06-22 18:57:13] [CKPT] task=denoising phase=ae_width_only candidate=cand_000_d1_w1 epoch=1 batch=22/100 start path=checkpoint_last.pt
[2026-06-22 18:57:13] [CKPT] task=denoising phase=ae_width_only candidate=cand_000_d1_w1 epoch=1 batch=22/100 done gpu_used_mib=15 host_available_mib=2386
[2026-06-22 18:57:13] [BATCH] task=denoising phase=ae_width_only candidate=cand_000_d1_w1 epoch=1 batch=22/100 batch_size=4656 running_batches=22 batch_loss=1.474925 running_loss=1.512722
[2026-06-22 18:57:15] [CKPT] task=denoising phase=ae_width_only candidate=cand_000_d1_w1 epoch=1 batch=23/100 start path=checkpoint_last.pt
[2026-06-22 18:57:15] [CKPT] task=denoising phase=ae_width_only candidate=cand_000_d1_w1 epoch=1 batch=23/100 done gpu_used_mib=15 host_available_mib=2341
[2026-06-22 18:57:15] [BATCH] task=denoising phase=ae_width_only candidate=cand_000_d1_w1 epoch=1 batch=23/100 batch_size=4656 running_batches=23 batch_loss=1.452786 running_loss=1.510116
[2026-06-22 18:57:17] [CKPT] task=denoising phase=ae_width_only candidate=cand_000_d1_w1 epoch=1 batch=24/100 start path=checkpoint_last.pt
[2026-06-22 18:57:18] [CKPT] task=denoising phase=ae_width_only candidate=cand_000_d1_w1 epoch=1 batch=24/100 done gpu_used_mib=15 host_available_mib=2398
[2026-06-22 18:57:18] [BATCH] task=denoising phase=ae_width_only candidate=cand_000_d1_w1 epoch=1 batch=24/100 batch_size=4656 running_batches=24 batch_loss=1.450945 running_loss=1.507651
[2026-06-22 18:57:22] [CKPT] task=denoising phase=ae_width_only candidate=cand_000_d1_w1 epoch=1 batch=25/100 start path=checkpoint_last.pt
[2026-06-22 18:57:22] [CKPT] task=denoising phase=ae_width_only candidate=cand_000_d1_w1 epoch=1 batch=25/100 done gpu_used_mib=15 host_available_mib=2386
[2026-06-22 18:57:22] [BATCH] task=denoising phase=ae_width_only candidate=cand_000_d1_w1 epoch=1 batch=25/100 batch_size=4656 running_batches=25 batch_loss=1.428491 running_loss=1.504484
[2026-06-22 18:57:24] [CKPT] task=denoising phase=ae_width_only candidate=cand_000_d1_w1 epoch=1 batch=26/100 start path=checkpoint_last.pt
[2026-06-22 18:57:25] [CKPT] task=denoising phase=ae_width_only candidate=cand_000_d1_w1 epoch=1 batch=26/100 done gpu_used_mib=15 host_available_mib=2366
[2026-06-22 18:57:25] [BATCH] task=denoising phase=ae_width_only candidate=cand_000_d1_w1 epoch=1 batch=26/100 batch_size=4656 running_batches=26 batch_loss=1.391441 running_loss=1.500137
[2026-06-22 18:57:27] [CKPT] task=denoising phase=ae_width_only candidate=cand_000_d1_w1 epoch=1 batch=27/100 start path=checkpoint_last.pt
[2026-06-22 18:57:27] [CKPT] task=denoising phase=ae_width_only candidate=cand_000_d1_w1 epoch=1 batch=27/100 done gpu_used_mib=15 host_available_mib=2401
[2026-06-22 18:57:27] [BATCH] task=denoising phase=ae_width_only candidate=cand_000_d1_w1 epoch=1 batch=27/100 batch_size=4656 running_batches=27 batch_loss=1.473619 running_loss=1.499155
[2026-06-22 18:57:29] [CKPT] task=denoising phase=ae_width_only candidate=cand_000_d1_w1 epoch=1 batch=28/100 start path=checkpoint_last.pt
[2026-06-22 18:57:29] [CKPT] task=denoising phase=ae_width_only candidate=cand_000_d1_w1 epoch=1 batch=28/100 done gpu_used_mib=15 host_available_mib=2416
[2026-06-22 18:57:29] [BATCH] task=denoising phase=ae_width_only candidate=cand_000_d1_w1 epoch=1 batch=28/100 batch_size=4656 running_batches=28 batch_loss=1.436983 running_loss=1.496934
[2026-06-22 18:57:32] [CKPT] task=denoising phase=ae_width_only candidate=cand_000_d1_w1 epoch=1 batch=29/100 start path=checkpoint_last.pt
[2026-06-22 18:57:32] [CKPT] task=denoising phase=ae_width_only candidate=cand_000_d1_w1 epoch=1 batch=29/100 done gpu_used_mib=15 host_available_mib=2360
[2026-06-22 18:57:32] [BATCH] task=denoising phase=ae_width_only candidate=cand_000_d1_w1 epoch=1 batch=29/100 batch_size=4656 running_batches=29 batch_loss=1.459509 running_loss=1.495644
[2026-06-22 18:57:34] [CKPT] task=denoising phase=ae_width_only candidate=cand_000_d1_w1 epoch=1 batch=30/100 start path=checkpoint_last.pt
[2026-06-22 18:57:34] [CKPT] task=denoising phase=ae_width_only candidate=cand_000_d1_w1 epoch=1 batch=30/100 done gpu_used_mib=15 host_available_mib=2414
[2026-06-22 18:57:34] [BATCH] task=denoising phase=ae_width_only candidate=cand_000_d1_w1 epoch=1 batch=30/100 batch_size=4656 running_batches=30 batch_loss=1.476392 running_loss=1.495002
[2026-06-22 18:57:36] [CKPT] task=denoising phase=ae_width_only candidate=cand_000_d1_w1 epoch=1 batch=31/100 start path=checkpoint_last.pt
[2026-06-22 18:57:36] [CKPT] task=denoising phase=ae_width_only candidate=cand_000_d1_w1 epoch=1 batch=31/100 done gpu_used_mib=15 host_available_mib=2405
[2026-06-22 18:57:36] [BATCH] task=denoising phase=ae_width_only candidate=cand_000_d1_w1 epoch=1 batch=31/100 batch_size=4656 running_batches=31 batch_loss=1.416949 running_loss=1.492484
[2026-06-22 18:57:38] [CKPT] task=denoising phase=ae_width_only candidate=cand_000_d1_w1 epoch=1 batch=32/100 start path=checkpoint_last.pt
[2026-06-22 18:57:38] [CKPT] task=denoising phase=ae_width_only candidate=cand_000_d1_w1 epoch=1 batch=32/100 done gpu_used_mib=15 host_available_mib=2384
[2026-06-22 18:57:38] [BATCH] task=denoising phase=ae_width_only candidate=cand_000_d1_w1 epoch=1 batch=32/100 batch_size=4656 running_batches=32 batch_loss=1.400510 running_loss=1.489610
[2026-06-22 18:59:36] Initialized ContinuousLogger for goliath (Mode: sequential)
[2026-06-22 18:59:36] Logs: MLPS/tabular/shared/dae_dnn/results/recovery/missing_width_stl_v1/width_only/denoising/repeat_05/d01/training_log.txt
[2026-06-22 18:59:36] CSV: MLPS/tabular/shared/dae_dnn/results/recovery/missing_width_stl_v1/width_only/denoising/repeat_05/d01/training_stats.csv
[2026-06-22 18:59:36] Run root: MLPS/tabular/shared/dae_dnn/results/recovery/missing_width_stl_v1/width_only/denoising/repeat_05/d01
[2026-06-22 18:59:36] Tasks: ['denoising']
[2026-06-22 18:59:36] Phases: ['ae_width_only']
[2026-06-22 18:59:36] Device: cpu
[2026-06-22 18:59:36] Git commit: 2b88bff11db4b4b6271a0262527256374a1d7dd0
[2026-06-22 19:00:55] === Task start: denoising ===
[2026-06-22 19:00:55] [TASK] start denoising
[2026-06-22 19:00:55] [TASK:denoising] ADP phase start: ae_width_only
[2026-06-22 19:00:55] Initialized ContinuousLogger for denoising_ae_width_only (Mode: ae_width_only)
[2026-06-22 19:00:55] Logs: MLPS/tabular/shared/dae_dnn/results/recovery/missing_width_stl_v1/width_only/denoising/repeat_05/d01/denoising/ae_width_only/cand_000_d1_w1/training_log.txt
[2026-06-22 19:00:55] CSV: MLPS/tabular/shared/dae_dnn/results/recovery/missing_width_stl_v1/width_only/denoising/repeat_05/d01/denoising/ae_width_only/cand_000_d1_w1/training_stats.csv
[2026-06-22 19:02:31] Initialized ContinuousLogger for goliath (Mode: sequential)
[2026-06-22 19:02:31] Logs: MLPS/tabular/shared/dae_dnn/results/recovery/missing_width_stl_v1/width_only/denoising/repeat_05/d01/training_log.txt
[2026-06-22 19:02:31] CSV: MLPS/tabular/shared/dae_dnn/results/recovery/missing_width_stl_v1/width_only/denoising/repeat_05/d01/training_stats.csv
[2026-06-22 19:02:31] Run root: MLPS/tabular/shared/dae_dnn/results/recovery/missing_width_stl_v1/width_only/denoising/repeat_05/d01
[2026-06-22 19:02:31] Tasks: ['denoising']
[2026-06-22 19:02:31] Phases: ['ae_width_only']
[2026-06-22 19:02:31] Device: cpu
[2026-06-22 19:02:31] Git commit: 2b88bff11db4b4b6271a0262527256374a1d7dd0
[2026-06-22 19:03:54] === Task start: denoising ===
[2026-06-22 19:03:54] [TASK] start denoising
[2026-06-22 19:03:54] [TASK:denoising] ADP phase start: ae_width_only
[2026-06-22 19:03:54] Initialized ContinuousLogger for denoising_ae_width_only (Mode: ae_width_only)
[2026-06-22 19:03:54] Logs: MLPS/tabular/shared/dae_dnn/results/recovery/missing_width_stl_v1/width_only/denoising/repeat_05/d01/denoising/ae_width_only/cand_000_d1_w1/training_log.txt
[2026-06-22 19:03:54] CSV: MLPS/tabular/shared/dae_dnn/results/recovery/missing_width_stl_v1/width_only/denoising/repeat_05/d01/denoising/ae_width_only/cand_000_d1_w1/training_stats.csv
[2026-06-22 19:05:26] Initialized ContinuousLogger for goliath (Mode: sequential)
[2026-06-22 19:05:26] Logs: MLPS/tabular/shared/dae_dnn/results/recovery/missing_width_stl_v1/width_only/denoising/repeat_05/d01/training_log.txt
[2026-06-22 19:05:26] CSV: MLPS/tabular/shared/dae_dnn/results/recovery/missing_width_stl_v1/width_only/denoising/repeat_05/d01/training_stats.csv
[2026-06-22 19:05:26] Run root: MLPS/tabular/shared/dae_dnn/results/recovery/missing_width_stl_v1/width_only/denoising/repeat_05/d01
[2026-06-22 19:05:26] Tasks: ['denoising']
[2026-06-22 19:05:26] Phases: ['ae_width_only']
[2026-06-22 19:05:26] Device: cpu
[2026-06-22 19:05:26] Git commit: 2b88bff11db4b4b6271a0262527256374a1d7dd0
[2026-06-22 19:06:54] === Task start: denoising ===
[2026-06-22 19:06:54] [TASK] start denoising
[2026-06-22 19:06:54] [TASK:denoising] ADP phase start: ae_width_only
[2026-06-22 19:06:54] Initialized ContinuousLogger for denoising_ae_width_only (Mode: ae_width_only)
[2026-06-22 19:06:54] Logs: MLPS/tabular/shared/dae_dnn/results/recovery/missing_width_stl_v1/width_only/denoising/repeat_05/d01/denoising/ae_width_only/cand_000_d1_w1/training_log.txt
[2026-06-22 19:06:54] CSV: MLPS/tabular/shared/dae_dnn/results/recovery/missing_width_stl_v1/width_only/denoising/repeat_05/d01/denoising/ae_width_only/cand_000_d1_w1/training_stats.csv
[2026-06-22 19:07:05] [CKPT] task=denoising phase=ae_width_only candidate=cand_000_d1_w1 epoch=1 batch=33/100 start path=checkpoint_last.pt
[2026-06-22 19:07:05] [CKPT] task=denoising phase=ae_width_only candidate=cand_000_d1_w1 epoch=1 batch=33/100 done gpu_used_mib=15 host_available_mib=2389
[2026-06-22 19:07:05] [BATCH] task=denoising phase=ae_width_only candidate=cand_000_d1_w1 epoch=1 batch=33/100 batch_size=4656 running_batches=33 batch_loss=1.496891 running_loss=1.489830
[2026-06-22 19:07:08] [CKPT] task=denoising phase=ae_width_only candidate=cand_000_d1_w1 epoch=1 batch=34/100 start path=checkpoint_last.pt
[2026-06-22 19:07:08] [CKPT] task=denoising phase=ae_width_only candidate=cand_000_d1_w1 epoch=1 batch=34/100 done gpu_used_mib=15 host_available_mib=2428
[2026-06-22 19:07:08] [BATCH] task=denoising phase=ae_width_only candidate=cand_000_d1_w1 epoch=1 batch=34/100 batch_size=4656 running_batches=34 batch_loss=1.460561 running_loss=1.488970
[2026-06-22 19:07:10] [CKPT] task=denoising phase=ae_width_only candidate=cand_000_d1_w1 epoch=1 batch=35/100 start path=checkpoint_last.pt
[2026-06-22 19:07:10] [CKPT] task=denoising phase=ae_width_only candidate=cand_000_d1_w1 epoch=1 batch=35/100 done gpu_used_mib=15 host_available_mib=2454
[2026-06-22 19:07:10] [BATCH] task=denoising phase=ae_width_only candidate=cand_000_d1_w1 epoch=1 batch=35/100 batch_size=4656 running_batches=35 batch_loss=1.384426 running_loss=1.485983
[2026-06-22 19:07:12] [CKPT] task=denoising phase=ae_width_only candidate=cand_000_d1_w1 epoch=1 batch=36/100 start path=checkpoint_last.pt
[2026-06-22 19:07:12] [CKPT] task=denoising phase=ae_width_only candidate=cand_000_d1_w1 epoch=1 batch=36/100 done gpu_used_mib=15 host_available_mib=2366
[2026-06-22 19:07:12] [BATCH] task=denoising phase=ae_width_only candidate=cand_000_d1_w1 epoch=1 batch=36/100 batch_size=4656 running_batches=36 batch_loss=1.372403 running_loss=1.482828
[2026-06-23 01:31:39] Initialized ContinuousLogger for goliath (Mode: sequential)
[2026-06-23 01:31:39] Logs: MLPS/tabular/shared/dae_dnn/results/recovery/missing_width_stl_v1/width_only/denoising/repeat_05/d01/training_log.txt
[2026-06-23 01:31:39] CSV: MLPS/tabular/shared/dae_dnn/results/recovery/missing_width_stl_v1/width_only/denoising/repeat_05/d01/training_stats.csv
[2026-06-23 01:31:39] Run root: MLPS/tabular/shared/dae_dnn/results/recovery/missing_width_stl_v1/width_only/denoising/repeat_05/d01
[2026-06-23 01:31:39] Tasks: ['denoising']
[2026-06-23 01:31:39] Phases: ['ae_width_only']
[2026-06-23 01:31:39] Device: cpu
[2026-06-23 01:31:39] Git commit: 2b88bff11db4b4b6271a0262527256374a1d7dd0
[2026-06-23 01:33:34] === Task start: denoising ===
[2026-06-23 01:33:34] [TASK] start denoising
[2026-06-23 01:33:34] [TASK:denoising] ADP phase start: ae_width_only
[2026-06-23 01:33:34] Initialized ContinuousLogger for denoising_ae_width_only (Mode: ae_width_only)
[2026-06-23 01:33:34] Logs: MLPS/tabular/shared/dae_dnn/results/recovery/missing_width_stl_v1/width_only/denoising/repeat_05/d01/denoising/ae_width_only/cand_000_d1_w1/training_log.txt
[2026-06-23 01:33:34] CSV: MLPS/tabular/shared/dae_dnn/results/recovery/missing_width_stl_v1/width_only/denoising/repeat_05/d01/denoising/ae_width_only/cand_000_d1_w1/training_stats.csv
[2026-06-23 01:35:36] Initialized ContinuousLogger for goliath (Mode: sequential)
[2026-06-23 01:35:36] Logs: MLPS/tabular/shared/dae_dnn/results/recovery/missing_width_stl_v1/width_only/denoising/repeat_05/d01/training_log.txt
[2026-06-23 01:35:36] CSV: MLPS/tabular/shared/dae_dnn/results/recovery/missing_width_stl_v1/width_only/denoising/repeat_05/d01/training_stats.csv
[2026-06-23 01:35:36] Run root: MLPS/tabular/shared/dae_dnn/results/recovery/missing_width_stl_v1/width_only/denoising/repeat_05/d01
[2026-06-23 01:35:36] Tasks: ['denoising']
[2026-06-23 01:35:36] Phases: ['ae_width_only']
[2026-06-23 01:35:36] Device: cpu
[2026-06-23 01:35:36] Git commit: 2b88bff11db4b4b6271a0262527256374a1d7dd0
[2026-06-23 01:37:45] === Task start: denoising ===
[2026-06-23 01:37:45] [TASK] start denoising
[2026-06-23 01:37:45] [TASK:denoising] ADP phase start: ae_width_only
[2026-06-23 01:37:45] Initialized ContinuousLogger for denoising_ae_width_only (Mode: ae_width_only)
[2026-06-23 01:37:45] Logs: MLPS/tabular/shared/dae_dnn/results/recovery/missing_width_stl_v1/width_only/denoising/repeat_05/d01/denoising/ae_width_only/cand_000_d1_w1/training_log.txt
[2026-06-23 01:37:45] CSV: MLPS/tabular/shared/dae_dnn/results/recovery/missing_width_stl_v1/width_only/denoising/repeat_05/d01/denoising/ae_width_only/cand_000_d1_w1/training_stats.csv
[2026-06-23 01:39:37] Initialized ContinuousLogger for goliath (Mode: sequential)
[2026-06-23 01:39:37] Logs: MLPS/tabular/shared/dae_dnn/results/recovery/missing_width_stl_v1/width_only/denoising/repeat_05/d01/training_log.txt
[2026-06-23 01:39:37] CSV: MLPS/tabular/shared/dae_dnn/results/recovery/missing_width_stl_v1/width_only/denoising/repeat_05/d01/training_stats.csv
[2026-06-23 01:39:37] Run root: MLPS/tabular/shared/dae_dnn/results/recovery/missing_width_stl_v1/width_only/denoising/repeat_05/d01
[2026-06-23 01:39:37] Tasks: ['denoising']
[2026-06-23 01:39:37] Phases: ['ae_width_only']
[2026-06-23 01:39:37] Device: cpu
[2026-06-23 01:39:37] Git commit: 2b88bff11db4b4b6271a0262527256374a1d7dd0
[2026-06-23 01:41:37] === Task start: denoising ===
[2026-06-23 01:41:37] [TASK] start denoising
[2026-06-23 01:41:37] [TASK:denoising] ADP phase start: ae_width_only
[2026-06-23 01:41:38] Initialized ContinuousLogger for denoising_ae_width_only (Mode: ae_width_only)
[2026-06-23 01:41:38] Logs: MLPS/tabular/shared/dae_dnn/results/recovery/missing_width_stl_v1/width_only/denoising/repeat_05/d01/denoising/ae_width_only/cand_000_d1_w1/training_log.txt
[2026-06-23 01:41:38] CSV: MLPS/tabular/shared/dae_dnn/results/recovery/missing_width_stl_v1/width_only/denoising/repeat_05/d01/denoising/ae_width_only/cand_000_d1_w1/training_stats.csv
[2026-06-23 01:43:36] Initialized ContinuousLogger for goliath (Mode: sequential)
[2026-06-23 01:43:36] Logs: MLPS/tabular/shared/dae_dnn/results/recovery/missing_width_stl_v1/width_only/denoising/repeat_05/d01/training_log.txt
[2026-06-23 01:43:36] CSV: MLPS/tabular/shared/dae_dnn/results/recovery/missing_width_stl_v1/width_only/denoising/repeat_05/d01/training_stats.csv
[2026-06-23 01:43:36] Run root: MLPS/tabular/shared/dae_dnn/results/recovery/missing_width_stl_v1/width_only/denoising/repeat_05/d01
[2026-06-23 01:43:36] Tasks: ['denoising']
[2026-06-23 01:43:36] Phases: ['ae_width_only']
[2026-06-23 01:43:36] Device: cpu
[2026-06-23 01:43:36] Git commit: 2b88bff11db4b4b6271a0262527256374a1d7dd0
[2026-06-23 01:45:39] Initialized ContinuousLogger for goliath (Mode: sequential)
[2026-06-23 01:45:39] Logs: MLPS/tabular/shared/dae_dnn/results/recovery/missing_width_stl_v1/width_only/denoising/repeat_05/d01/training_log.txt
[2026-06-23 01:45:39] CSV: MLPS/tabular/shared/dae_dnn/results/recovery/missing_width_stl_v1/width_only/denoising/repeat_05/d01/training_stats.csv
[2026-06-23 01:45:39] Run root: MLPS/tabular/shared/dae_dnn/results/recovery/missing_width_stl_v1/width_only/denoising/repeat_05/d01
[2026-06-23 01:45:39] Tasks: ['denoising']
[2026-06-23 01:45:39] Phases: ['ae_width_only']
[2026-06-23 01:45:39] Device: cpu
[2026-06-23 01:45:39] Git commit: 2b88bff11db4b4b6271a0262527256374a1d7dd0
[2026-06-23 01:47:37] === Task start: denoising ===
[2026-06-23 01:47:37] [TASK] start denoising
[2026-06-23 01:47:37] [TASK:denoising] ADP phase start: ae_width_only
[2026-06-23 01:47:37] Initialized ContinuousLogger for denoising_ae_width_only (Mode: ae_width_only)
[2026-06-23 01:47:37] Logs: MLPS/tabular/shared/dae_dnn/results/recovery/missing_width_stl_v1/width_only/denoising/repeat_05/d01/denoising/ae_width_only/cand_000_d1_w1/training_log.txt
[2026-06-23 01:47:37] CSV: MLPS/tabular/shared/dae_dnn/results/recovery/missing_width_stl_v1/width_only/denoising/repeat_05/d01/denoising/ae_width_only/cand_000_d1_w1/training_stats.csv
[2026-06-23 01:49:24] Initialized ContinuousLogger for goliath (Mode: sequential)
[2026-06-23 01:49:24] Logs: MLPS/tabular/shared/dae_dnn/results/recovery/missing_width_stl_v1/width_only/denoising/repeat_05/d01/training_log.txt
[2026-06-23 01:49:24] CSV: MLPS/tabular/shared/dae_dnn/results/recovery/missing_width_stl_v1/width_only/denoising/repeat_05/d01/training_stats.csv
[2026-06-23 01:49:24] Run root: MLPS/tabular/shared/dae_dnn/results/recovery/missing_width_stl_v1/width_only/denoising/repeat_05/d01
[2026-06-23 01:49:24] Tasks: ['denoising']
[2026-06-23 01:49:24] Phases: ['ae_width_only']
[2026-06-23 01:49:24] Device: cpu
[2026-06-23 01:49:24] Git commit: 2b88bff11db4b4b6271a0262527256374a1d7dd0
[2026-06-23 01:51:06] === Task start: denoising ===
[2026-06-23 01:51:06] [TASK] start denoising
[2026-06-23 01:51:06] [TASK:denoising] ADP phase start: ae_width_only
[2026-06-23 01:51:06] Initialized ContinuousLogger for denoising_ae_width_only (Mode: ae_width_only)
[2026-06-23 01:51:06] Logs: MLPS/tabular/shared/dae_dnn/results/recovery/missing_width_stl_v1/width_only/denoising/repeat_05/d01/denoising/ae_width_only/cand_000_d1_w1/training_log.txt
[2026-06-23 01:51:06] CSV: MLPS/tabular/shared/dae_dnn/results/recovery/missing_width_stl_v1/width_only/denoising/repeat_05/d01/denoising/ae_width_only/cand_000_d1_w1/training_stats.csv
[2026-06-23 01:53:00] Initialized ContinuousLogger for goliath (Mode: sequential)
[2026-06-23 01:53:00] Logs: MLPS/tabular/shared/dae_dnn/results/recovery/missing_width_stl_v1/width_only/denoising/repeat_05/d01/training_log.txt
[2026-06-23 01:53:00] CSV: MLPS/tabular/shared/dae_dnn/results/recovery/missing_width_stl_v1/width_only/denoising/repeat_05/d01/training_stats.csv
[2026-06-23 01:53:00] Run root: MLPS/tabular/shared/dae_dnn/results/recovery/missing_width_stl_v1/width_only/denoising/repeat_05/d01
[2026-06-23 01:53:00] Tasks: ['denoising']
[2026-06-23 01:53:00] Phases: ['ae_width_only']
[2026-06-23 01:53:00] Device: cpu
[2026-06-23 01:53:00] Git commit: 2b88bff11db4b4b6271a0262527256374a1d7dd0
[2026-06-23 01:54:54] === Task start: denoising ===
[2026-06-23 01:54:54] [TASK] start denoising
[2026-06-23 01:54:54] [TASK:denoising] ADP phase start: ae_width_only
[2026-06-23 01:54:54] Initialized ContinuousLogger for denoising_ae_width_only (Mode: ae_width_only)
[2026-06-23 01:54:54] Logs: MLPS/tabular/shared/dae_dnn/results/recovery/missing_width_stl_v1/width_only/denoising/repeat_05/d01/denoising/ae_width_only/cand_000_d1_w1/training_log.txt
[2026-06-23 01:54:54] CSV: MLPS/tabular/shared/dae_dnn/results/recovery/missing_width_stl_v1/width_only/denoising/repeat_05/d01/denoising/ae_width_only/cand_000_d1_w1/training_stats.csv
[2026-06-23 01:57:07] Initialized ContinuousLogger for goliath (Mode: sequential)
[2026-06-23 01:57:07] Logs: MLPS/tabular/shared/dae_dnn/results/recovery/missing_width_stl_v1/width_only/denoising/repeat_05/d01/training_log.txt
[2026-06-23 01:57:07] CSV: MLPS/tabular/shared/dae_dnn/results/recovery/missing_width_stl_v1/width_only/denoising/repeat_05/d01/training_stats.csv
[2026-06-23 01:57:07] Run root: MLPS/tabular/shared/dae_dnn/results/recovery/missing_width_stl_v1/width_only/denoising/repeat_05/d01
[2026-06-23 01:57:07] Tasks: ['denoising']
[2026-06-23 01:57:07] Phases: ['ae_width_only']
[2026-06-23 01:57:07] Device: cpu
[2026-06-23 01:57:07] Git commit: 2b88bff11db4b4b6271a0262527256374a1d7dd0
[2026-06-23 01:59:02] === Task start: denoising ===
[2026-06-23 01:59:02] [TASK] start denoising
[2026-06-23 01:59:02] [TASK:denoising] ADP phase start: ae_width_only
[2026-06-23 01:59:02] Initialized ContinuousLogger for denoising_ae_width_only (Mode: ae_width_only)
[2026-06-23 01:59:02] Logs: MLPS/tabular/shared/dae_dnn/results/recovery/missing_width_stl_v1/width_only/denoising/repeat_05/d01/denoising/ae_width_only/cand_000_d1_w1/training_log.txt
[2026-06-23 01:59:02] CSV: MLPS/tabular/shared/dae_dnn/results/recovery/missing_width_stl_v1/width_only/denoising/repeat_05/d01/denoising/ae_width_only/cand_000_d1_w1/training_stats.csv
[2026-06-23 02:00:39] Initialized ContinuousLogger for goliath (Mode: sequential)
[2026-06-23 02:00:39] Logs: MLPS/tabular/shared/dae_dnn/results/recovery/missing_width_stl_v1/width_only/denoising/repeat_05/d01/training_log.txt
[2026-06-23 02:00:39] CSV: MLPS/tabular/shared/dae_dnn/results/recovery/missing_width_stl_v1/width_only/denoising/repeat_05/d01/training_stats.csv
[2026-06-23 02:00:39] Run root: MLPS/tabular/shared/dae_dnn/results/recovery/missing_width_stl_v1/width_only/denoising/repeat_05/d01
[2026-06-23 02:00:39] Tasks: ['denoising']
[2026-06-23 02:00:39] Phases: ['ae_width_only']
[2026-06-23 02:00:39] Device: cpu
[2026-06-23 02:00:39] Git commit: 2b88bff11db4b4b6271a0262527256374a1d7dd0
[2026-06-23 02:02:40] === Task start: denoising ===
[2026-06-23 02:02:40] [TASK] start denoising
[2026-06-23 02:02:40] [TASK:denoising] ADP phase start: ae_width_only
[2026-06-23 02:02:40] Initialized ContinuousLogger for denoising_ae_width_only (Mode: ae_width_only)
[2026-06-23 02:02:40] Logs: MLPS/tabular/shared/dae_dnn/results/recovery/missing_width_stl_v1/width_only/denoising/repeat_05/d01/denoising/ae_width_only/cand_000_d1_w1/training_log.txt
[2026-06-23 02:02:40] CSV: MLPS/tabular/shared/dae_dnn/results/recovery/missing_width_stl_v1/width_only/denoising/repeat_05/d01/denoising/ae_width_only/cand_000_d1_w1/training_stats.csv
[2026-06-23 02:04:05] Initialized ContinuousLogger for goliath (Mode: sequential)
[2026-06-23 02:04:05] Logs: MLPS/tabular/shared/dae_dnn/results/recovery/missing_width_stl_v1/width_only/denoising/repeat_05/d01/training_log.txt
[2026-06-23 02:04:05] CSV: MLPS/tabular/shared/dae_dnn/results/recovery/missing_width_stl_v1/width_only/denoising/repeat_05/d01/training_stats.csv
[2026-06-23 02:04:05] Run root: MLPS/tabular/shared/dae_dnn/results/recovery/missing_width_stl_v1/width_only/denoising/repeat_05/d01
[2026-06-23 02:04:05] Tasks: ['denoising']
[2026-06-23 02:04:05] Phases: ['ae_width_only']
[2026-06-23 02:04:05] Device: cpu
[2026-06-23 02:04:05] Git commit: 2b88bff11db4b4b6271a0262527256374a1d7dd0
[2026-06-23 02:05:48] === Task start: denoising ===
[2026-06-23 02:05:48] [TASK] start denoising
[2026-06-23 02:05:48] [TASK:denoising] ADP phase start: ae_width_only
[2026-06-23 02:05:48] Initialized ContinuousLogger for denoising_ae_width_only (Mode: ae_width_only)
[2026-06-23 02:05:48] Logs: MLPS/tabular/shared/dae_dnn/results/recovery/missing_width_stl_v1/width_only/denoising/repeat_05/d01/denoising/ae_width_only/cand_000_d1_w1/training_log.txt
[2026-06-23 02:05:48] CSV: MLPS/tabular/shared/dae_dnn/results/recovery/missing_width_stl_v1/width_only/denoising/repeat_05/d01/denoising/ae_width_only/cand_000_d1_w1/training_stats.csv
[2026-06-23 02:07:27] Initialized ContinuousLogger for goliath (Mode: sequential)
[2026-06-23 02:07:27] Logs: MLPS/tabular/shared/dae_dnn/results/recovery/missing_width_stl_v1/width_only/denoising/repeat_05/d01/training_log.txt
[2026-06-23 02:07:27] CSV: MLPS/tabular/shared/dae_dnn/results/recovery/missing_width_stl_v1/width_only/denoising/repeat_05/d01/training_stats.csv
[2026-06-23 02:07:27] Run root: MLPS/tabular/shared/dae_dnn/results/recovery/missing_width_stl_v1/width_only/denoising/repeat_05/d01
[2026-06-23 02:07:27] Tasks: ['denoising']
[2026-06-23 02:07:27] Phases: ['ae_width_only']
[2026-06-23 02:07:27] Device: cpu
[2026-06-23 02:07:27] Git commit: 2b88bff11db4b4b6271a0262527256374a1d7dd0
[2026-06-23 02:09:15] === Task start: denoising ===
[2026-06-23 02:09:15] [TASK] start denoising
[2026-06-23 02:09:15] [TASK:denoising] ADP phase start: ae_width_only
[2026-06-23 02:09:15] Initialized ContinuousLogger for denoising_ae_width_only (Mode: ae_width_only)
[2026-06-23 02:09:15] Logs: MLPS/tabular/shared/dae_dnn/results/recovery/missing_width_stl_v1/width_only/denoising/repeat_05/d01/denoising/ae_width_only/cand_000_d1_w1/training_log.txt
[2026-06-23 02:09:15] CSV: MLPS/tabular/shared/dae_dnn/results/recovery/missing_width_stl_v1/width_only/denoising/repeat_05/d01/denoising/ae_width_only/cand_000_d1_w1/training_stats.csv
[2026-06-23 02:11:12] Initialized ContinuousLogger for goliath (Mode: sequential)
[2026-06-23 02:11:12] Logs: MLPS/tabular/shared/dae_dnn/results/recovery/missing_width_stl_v1/width_only/denoising/repeat_05/d01/training_log.txt
[2026-06-23 02:11:12] CSV: MLPS/tabular/shared/dae_dnn/results/recovery/missing_width_stl_v1/width_only/denoising/repeat_05/d01/training_stats.csv
[2026-06-23 02:11:12] Run root: MLPS/tabular/shared/dae_dnn/results/recovery/missing_width_stl_v1/width_only/denoising/repeat_05/d01
[2026-06-23 02:11:12] Tasks: ['denoising']
[2026-06-23 02:11:12] Phases: ['ae_width_only']
[2026-06-23 02:11:12] Device: cpu
[2026-06-23 02:11:12] Git commit: 2b88bff11db4b4b6271a0262527256374a1d7dd0
[2026-06-23 02:13:40] Initialized ContinuousLogger for goliath (Mode: sequential)
[2026-06-23 02:13:40] Logs: MLPS/tabular/shared/dae_dnn/results/recovery/missing_width_stl_v1/width_only/denoising/repeat_05/d01/training_log.txt
[2026-06-23 02:13:40] CSV: MLPS/tabular/shared/dae_dnn/results/recovery/missing_width_stl_v1/width_only/denoising/repeat_05/d01/training_stats.csv
[2026-06-23 02:13:40] Run root: MLPS/tabular/shared/dae_dnn/results/recovery/missing_width_stl_v1/width_only/denoising/repeat_05/d01
[2026-06-23 02:13:40] Tasks: ['denoising']
[2026-06-23 02:13:40] Phases: ['ae_width_only']
[2026-06-23 02:13:40] Device: cpu
[2026-06-23 02:13:40] Git commit: 2b88bff11db4b4b6271a0262527256374a1d7dd0
[2026-06-23 02:15:34] === Task start: denoising ===
[2026-06-23 02:15:34] [TASK] start denoising
[2026-06-23 02:15:34] [TASK:denoising] ADP phase start: ae_width_only
[2026-06-23 02:15:34] Initialized ContinuousLogger for denoising_ae_width_only (Mode: ae_width_only)
[2026-06-23 02:15:34] Logs: MLPS/tabular/shared/dae_dnn/results/recovery/missing_width_stl_v1/width_only/denoising/repeat_05/d01/denoising/ae_width_only/cand_000_d1_w1/training_log.txt
[2026-06-23 02:15:34] CSV: MLPS/tabular/shared/dae_dnn/results/recovery/missing_width_stl_v1/width_only/denoising/repeat_05/d01/denoising/ae_width_only/cand_000_d1_w1/training_stats.csv
[2026-06-23 02:15:58] [CKPT] task=denoising phase=ae_width_only candidate=cand_000_d1_w1 epoch=1 batch=37/100 start path=checkpoint_last.pt
[2026-06-23 02:15:58] [CKPT] task=denoising phase=ae_width_only candidate=cand_000_d1_w1 epoch=1 batch=37/100 done gpu_used_mib=15 host_available_mib=2427
[2026-06-23 02:15:58] [BATCH] task=denoising phase=ae_width_only candidate=cand_000_d1_w1 epoch=1 batch=37/100 batch_size=4656 running_batches=37 batch_loss=1.416739 running_loss=1.481041
[2026-06-23 02:16:01] [CKPT] task=denoising phase=ae_width_only candidate=cand_000_d1_w1 epoch=1 batch=38/100 start path=checkpoint_last.pt
[2026-06-23 02:16:01] [CKPT] task=denoising phase=ae_width_only candidate=cand_000_d1_w1 epoch=1 batch=38/100 done gpu_used_mib=15 host_available_mib=2390
[2026-06-23 02:16:01] [BATCH] task=denoising phase=ae_width_only candidate=cand_000_d1_w1 epoch=1 batch=38/100 batch_size=4656 running_batches=38 batch_loss=1.441101 running_loss=1.479990
[2026-06-23 02:16:03] [CKPT] task=denoising phase=ae_width_only candidate=cand_000_d1_w1 epoch=1 batch=39/100 start path=checkpoint_last.pt
[2026-06-23 02:16:03] [CKPT] task=denoising phase=ae_width_only candidate=cand_000_d1_w1 epoch=1 batch=39/100 done gpu_used_mib=15 host_available_mib=2366
[2026-06-23 02:16:03] [BATCH] task=denoising phase=ae_width_only candidate=cand_000_d1_w1 epoch=1 batch=39/100 batch_size=4656 running_batches=39 batch_loss=1.382255 running_loss=1.477484
[2026-06-23 02:16:06] [CKPT] task=denoising phase=ae_width_only candidate=cand_000_d1_w1 epoch=1 batch=40/100 start path=checkpoint_last.pt
[2026-06-23 02:16:06] [CKPT] task=denoising phase=ae_width_only candidate=cand_000_d1_w1 epoch=1 batch=40/100 done gpu_used_mib=15 host_available_mib=2452
[2026-06-23 02:16:06] [BATCH] task=denoising phase=ae_width_only candidate=cand_000_d1_w1 epoch=1 batch=40/100 batch_size=4656 running_batches=40 batch_loss=1.384290 running_loss=1.475155
[2026-06-23 02:16:08] [CKPT] task=denoising phase=ae_width_only candidate=cand_000_d1_w1 epoch=1 batch=41/100 start path=checkpoint_last.pt
[2026-06-23 02:16:09] [CKPT] task=denoising phase=ae_width_only candidate=cand_000_d1_w1 epoch=1 batch=41/100 done gpu_used_mib=15 host_available_mib=2376
[2026-06-23 02:16:09] [BATCH] task=denoising phase=ae_width_only candidate=cand_000_d1_w1 epoch=1 batch=41/100 batch_size=4656 running_batches=41 batch_loss=1.300263 running_loss=1.470889
[2026-06-23 02:17:40] Initialized ContinuousLogger for goliath (Mode: sequential)
[2026-06-23 02:17:40] Logs: MLPS/tabular/shared/dae_dnn/results/recovery/missing_width_stl_v1/width_only/denoising/repeat_05/d01/training_log.txt
[2026-06-23 02:17:40] CSV: MLPS/tabular/shared/dae_dnn/results/recovery/missing_width_stl_v1/width_only/denoising/repeat_05/d01/training_stats.csv
[2026-06-23 02:17:40] Run root: MLPS/tabular/shared/dae_dnn/results/recovery/missing_width_stl_v1/width_only/denoising/repeat_05/d01
[2026-06-23 02:17:40] Tasks: ['denoising']
[2026-06-23 02:17:40] Phases: ['ae_width_only']
[2026-06-23 02:17:40] Device: cpu
[2026-06-23 02:17:40] Git commit: 2b88bff11db4b4b6271a0262527256374a1d7dd0
[2026-06-23 02:18:55] === Task start: denoising ===
[2026-06-23 02:18:55] [TASK] start denoising
[2026-06-23 02:18:55] [TASK:denoising] ADP phase start: ae_width_only
[2026-06-23 02:18:55] Initialized ContinuousLogger for denoising_ae_width_only (Mode: ae_width_only)
[2026-06-23 02:18:55] Logs: MLPS/tabular/shared/dae_dnn/results/recovery/missing_width_stl_v1/width_only/denoising/repeat_05/d01/denoising/ae_width_only/cand_000_d1_w1/training_log.txt
[2026-06-23 02:18:55] CSV: MLPS/tabular/shared/dae_dnn/results/recovery/missing_width_stl_v1/width_only/denoising/repeat_05/d01/denoising/ae_width_only/cand_000_d1_w1/training_stats.csv
[2026-06-23 02:20:22] Initialized ContinuousLogger for goliath (Mode: sequential)
[2026-06-23 02:20:22] Logs: MLPS/tabular/shared/dae_dnn/results/recovery/missing_width_stl_v1/width_only/denoising/repeat_05/d01/training_log.txt
[2026-06-23 02:20:22] CSV: MLPS/tabular/shared/dae_dnn/results/recovery/missing_width_stl_v1/width_only/denoising/repeat_05/d01/training_stats.csv
[2026-06-23 02:20:22] Run root: MLPS/tabular/shared/dae_dnn/results/recovery/missing_width_stl_v1/width_only/denoising/repeat_05/d01
[2026-06-23 02:20:22] Tasks: ['denoising']
[2026-06-23 02:20:22] Phases: ['ae_width_only']
[2026-06-23 02:20:22] Device: cpu
[2026-06-23 02:20:22] Git commit: 2b88bff11db4b4b6271a0262527256374a1d7dd0
[2026-06-23 02:22:06] === Task start: denoising ===
[2026-06-23 02:22:06] [TASK] start denoising
[2026-06-23 02:22:06] [TASK:denoising] ADP phase start: ae_width_only
[2026-06-23 02:22:06] Initialized ContinuousLogger for denoising_ae_width_only (Mode: ae_width_only)
[2026-06-23 02:22:06] Logs: MLPS/tabular/shared/dae_dnn/results/recovery/missing_width_stl_v1/width_only/denoising/repeat_05/d01/denoising/ae_width_only/cand_000_d1_w1/training_log.txt
[2026-06-23 02:22:06] CSV: MLPS/tabular/shared/dae_dnn/results/recovery/missing_width_stl_v1/width_only/denoising/repeat_05/d01/denoising/ae_width_only/cand_000_d1_w1/training_stats.csv
[2026-06-23 02:23:44] Initialized ContinuousLogger for goliath (Mode: sequential)
[2026-06-23 02:23:44] Logs: MLPS/tabular/shared/dae_dnn/results/recovery/missing_width_stl_v1/width_only/denoising/repeat_05/d01/training_log.txt
[2026-06-23 02:23:44] CSV: MLPS/tabular/shared/dae_dnn/results/recovery/missing_width_stl_v1/width_only/denoising/repeat_05/d01/training_stats.csv
[2026-06-23 02:23:44] Run root: MLPS/tabular/shared/dae_dnn/results/recovery/missing_width_stl_v1/width_only/denoising/repeat_05/d01
[2026-06-23 02:23:44] Tasks: ['denoising']
[2026-06-23 02:23:44] Phases: ['ae_width_only']
[2026-06-23 02:23:44] Device: cpu
[2026-06-23 02:23:44] Git commit: 2b88bff11db4b4b6271a0262527256374a1d7dd0
[2026-06-23 02:25:23] === Task start: denoising ===
[2026-06-23 02:25:23] [TASK] start denoising
[2026-06-23 02:25:23] [TASK:denoising] ADP phase start: ae_width_only
[2026-06-23 02:25:23] Initialized ContinuousLogger for denoising_ae_width_only (Mode: ae_width_only)
[2026-06-23 02:25:23] Logs: MLPS/tabular/shared/dae_dnn/results/recovery/missing_width_stl_v1/width_only/denoising/repeat_05/d01/denoising/ae_width_only/cand_000_d1_w1/training_log.txt
[2026-06-23 02:25:23] CSV: MLPS/tabular/shared/dae_dnn/results/recovery/missing_width_stl_v1/width_only/denoising/repeat_05/d01/denoising/ae_width_only/cand_000_d1_w1/training_stats.csv
[2026-06-23 02:27:20] Initialized ContinuousLogger for goliath (Mode: sequential)
[2026-06-23 02:27:20] Logs: MLPS/tabular/shared/dae_dnn/results/recovery/missing_width_stl_v1/width_only/denoising/repeat_05/d01/training_log.txt
[2026-06-23 02:27:20] CSV: MLPS/tabular/shared/dae_dnn/results/recovery/missing_width_stl_v1/width_only/denoising/repeat_05/d01/training_stats.csv
[2026-06-23 02:27:20] Run root: MLPS/tabular/shared/dae_dnn/results/recovery/missing_width_stl_v1/width_only/denoising/repeat_05/d01
[2026-06-23 02:27:20] Tasks: ['denoising']
[2026-06-23 02:27:20] Phases: ['ae_width_only']
[2026-06-23 02:27:20] Device: cpu
[2026-06-23 02:27:20] Git commit: 2b88bff11db4b4b6271a0262527256374a1d7dd0
[2026-06-23 02:29:03] === Task start: denoising ===
[2026-06-23 02:29:03] [TASK] start denoising
[2026-06-23 02:29:03] [TASK:denoising] ADP phase start: ae_width_only
[2026-06-23 02:29:03] Initialized ContinuousLogger for denoising_ae_width_only (Mode: ae_width_only)
[2026-06-23 02:29:03] Logs: MLPS/tabular/shared/dae_dnn/results/recovery/missing_width_stl_v1/width_only/denoising/repeat_05/d01/denoising/ae_width_only/cand_000_d1_w1/training_log.txt
[2026-06-23 02:29:03] CSV: MLPS/tabular/shared/dae_dnn/results/recovery/missing_width_stl_v1/width_only/denoising/repeat_05/d01/denoising/ae_width_only/cand_000_d1_w1/training_stats.csv
[2026-06-23 02:31:32] Initialized ContinuousLogger for goliath (Mode: sequential)
[2026-06-23 02:31:32] Logs: MLPS/tabular/shared/dae_dnn/results/recovery/missing_width_stl_v1/width_only/denoising/repeat_05/d01/training_log.txt
[2026-06-23 02:31:32] CSV: MLPS/tabular/shared/dae_dnn/results/recovery/missing_width_stl_v1/width_only/denoising/repeat_05/d01/training_stats.csv
[2026-06-23 02:31:32] Run root: MLPS/tabular/shared/dae_dnn/results/recovery/missing_width_stl_v1/width_only/denoising/repeat_05/d01
[2026-06-23 02:31:32] Tasks: ['denoising']
[2026-06-23 02:31:32] Phases: ['ae_width_only']
[2026-06-23 02:31:32] Device: cpu
[2026-06-23 02:31:32] Git commit: 2b88bff11db4b4b6271a0262527256374a1d7dd0
[2026-06-23 02:33:35] Initialized ContinuousLogger for goliath (Mode: sequential)
[2026-06-23 02:33:35] Logs: MLPS/tabular/shared/dae_dnn/results/recovery/missing_width_stl_v1/width_only/denoising/repeat_05/d01/training_log.txt
[2026-06-23 02:33:35] CSV: MLPS/tabular/shared/dae_dnn/results/recovery/missing_width_stl_v1/width_only/denoising/repeat_05/d01/training_stats.csv
[2026-06-23 02:33:35] Run root: MLPS/tabular/shared/dae_dnn/results/recovery/missing_width_stl_v1/width_only/denoising/repeat_05/d01
[2026-06-23 02:33:35] Tasks: ['denoising']
[2026-06-23 02:33:35] Phases: ['ae_width_only']
[2026-06-23 02:33:35] Device: cpu
[2026-06-23 02:33:35] Git commit: 2b88bff11db4b4b6271a0262527256374a1d7dd0
[2026-06-23 02:34:59] === Task start: denoising ===
[2026-06-23 02:34:59] [TASK] start denoising
[2026-06-23 02:34:59] [TASK:denoising] ADP phase start: ae_width_only
[2026-06-23 02:34:59] Initialized ContinuousLogger for denoising_ae_width_only (Mode: ae_width_only)
[2026-06-23 02:34:59] Logs: MLPS/tabular/shared/dae_dnn/results/recovery/missing_width_stl_v1/width_only/denoising/repeat_05/d01/denoising/ae_width_only/cand_000_d1_w1/training_log.txt
[2026-06-23 02:34:59] CSV: MLPS/tabular/shared/dae_dnn/results/recovery/missing_width_stl_v1/width_only/denoising/repeat_05/d01/denoising/ae_width_only/cand_000_d1_w1/training_stats.csv
[2026-06-23 02:36:44] Initialized ContinuousLogger for goliath (Mode: sequential)
[2026-06-23 02:36:44] Logs: MLPS/tabular/shared/dae_dnn/results/recovery/missing_width_stl_v1/width_only/denoising/repeat_05/d01/training_log.txt
[2026-06-23 02:36:44] CSV: MLPS/tabular/shared/dae_dnn/results/recovery/missing_width_stl_v1/width_only/denoising/repeat_05/d01/training_stats.csv
[2026-06-23 02:36:44] Run root: MLPS/tabular/shared/dae_dnn/results/recovery/missing_width_stl_v1/width_only/denoising/repeat_05/d01
[2026-06-23 02:36:44] Tasks: ['denoising']
[2026-06-23 02:36:44] Phases: ['ae_width_only']
[2026-06-23 02:36:44] Device: cpu
[2026-06-23 02:36:44] Git commit: 2b88bff11db4b4b6271a0262527256374a1d7dd0
[2026-06-23 02:39:11] Initialized ContinuousLogger for goliath (Mode: sequential)
[2026-06-23 02:39:11] Logs: MLPS/tabular/shared/dae_dnn/results/recovery/missing_width_stl_v1/width_only/denoising/repeat_05/d01/training_log.txt
[2026-06-23 02:39:11] CSV: MLPS/tabular/shared/dae_dnn/results/recovery/missing_width_stl_v1/width_only/denoising/repeat_05/d01/training_stats.csv
[2026-06-23 02:39:11] Run root: MLPS/tabular/shared/dae_dnn/results/recovery/missing_width_stl_v1/width_only/denoising/repeat_05/d01
[2026-06-23 02:39:11] Tasks: ['denoising']
[2026-06-23 02:39:11] Phases: ['ae_width_only']
[2026-06-23 02:39:11] Device: cpu
[2026-06-23 02:39:11] Git commit: 2b88bff11db4b4b6271a0262527256374a1d7dd0
[2026-06-23 02:40:40] === Task start: denoising ===
[2026-06-23 02:40:40] [TASK] start denoising
[2026-06-23 02:40:40] [TASK:denoising] ADP phase start: ae_width_only
[2026-06-23 02:40:40] Initialized ContinuousLogger for denoising_ae_width_only (Mode: ae_width_only)
[2026-06-23 02:40:40] Logs: MLPS/tabular/shared/dae_dnn/results/recovery/missing_width_stl_v1/width_only/denoising/repeat_05/d01/denoising/ae_width_only/cand_000_d1_w1/training_log.txt
[2026-06-23 02:40:40] CSV: MLPS/tabular/shared/dae_dnn/results/recovery/missing_width_stl_v1/width_only/denoising/repeat_05/d01/denoising/ae_width_only/cand_000_d1_w1/training_stats.csv
[2026-06-23 02:43:32] Initialized ContinuousLogger for goliath (Mode: sequential)
[2026-06-23 02:43:32] Logs: MLPS/tabular/shared/dae_dnn/results/recovery/missing_width_stl_v1/width_only/denoising/repeat_05/d01/training_log.txt
[2026-06-23 02:43:32] CSV: MLPS/tabular/shared/dae_dnn/results/recovery/missing_width_stl_v1/width_only/denoising/repeat_05/d01/training_stats.csv
[2026-06-23 02:43:32] Run root: MLPS/tabular/shared/dae_dnn/results/recovery/missing_width_stl_v1/width_only/denoising/repeat_05/d01
[2026-06-23 02:43:32] Tasks: ['denoising']
[2026-06-23 02:43:32] Phases: ['ae_width_only']
[2026-06-23 02:43:32] Device: cpu
[2026-06-23 02:43:32] Git commit: 2b88bff11db4b4b6271a0262527256374a1d7dd0
[2026-06-23 02:45:13] === Task start: denoising ===
[2026-06-23 02:45:13] [TASK] start denoising
[2026-06-23 02:45:13] [TASK:denoising] ADP phase start: ae_width_only
[2026-06-23 02:45:13] Initialized ContinuousLogger for denoising_ae_width_only (Mode: ae_width_only)
[2026-06-23 02:45:13] Logs: MLPS/tabular/shared/dae_dnn/results/recovery/missing_width_stl_v1/width_only/denoising/repeat_05/d01/denoising/ae_width_only/cand_000_d1_w1/training_log.txt
[2026-06-23 02:45:13] CSV: MLPS/tabular/shared/dae_dnn/results/recovery/missing_width_stl_v1/width_only/denoising/repeat_05/d01/denoising/ae_width_only/cand_000_d1_w1/training_stats.csv
[2026-06-23 02:46:54] Initialized ContinuousLogger for goliath (Mode: sequential)
[2026-06-23 02:46:54] Logs: MLPS/tabular/shared/dae_dnn/results/recovery/missing_width_stl_v1/width_only/denoising/repeat_05/d01/training_log.txt
[2026-06-23 02:46:54] CSV: MLPS/tabular/shared/dae_dnn/results/recovery/missing_width_stl_v1/width_only/denoising/repeat_05/d01/training_stats.csv
[2026-06-23 02:46:54] Run root: MLPS/tabular/shared/dae_dnn/results/recovery/missing_width_stl_v1/width_only/denoising/repeat_05/d01
[2026-06-23 02:46:54] Tasks: ['denoising']
[2026-06-23 02:46:54] Phases: ['ae_width_only']
[2026-06-23 02:46:54] Device: cpu
[2026-06-23 02:46:54] Git commit: 2b88bff11db4b4b6271a0262527256374a1d7dd0
[2026-06-23 02:48:32] === Task start: denoising ===
[2026-06-23 02:48:32] [TASK] start denoising
[2026-06-23 02:48:32] [TASK:denoising] ADP phase start: ae_width_only
[2026-06-23 02:48:32] Initialized ContinuousLogger for denoising_ae_width_only (Mode: ae_width_only)
[2026-06-23 02:48:32] Logs: MLPS/tabular/shared/dae_dnn/results/recovery/missing_width_stl_v1/width_only/denoising/repeat_05/d01/denoising/ae_width_only/cand_000_d1_w1/training_log.txt
[2026-06-23 02:48:32] CSV: MLPS/tabular/shared/dae_dnn/results/recovery/missing_width_stl_v1/width_only/denoising/repeat_05/d01/denoising/ae_width_only/cand_000_d1_w1/training_stats.csv
[2026-06-23 02:50:06] Initialized ContinuousLogger for goliath (Mode: sequential)
[2026-06-23 02:50:06] Logs: MLPS/tabular/shared/dae_dnn/results/recovery/missing_width_stl_v1/width_only/denoising/repeat_05/d01/training_log.txt
[2026-06-23 02:50:06] CSV: MLPS/tabular/shared/dae_dnn/results/recovery/missing_width_stl_v1/width_only/denoising/repeat_05/d01/training_stats.csv
[2026-06-23 02:50:06] Run root: MLPS/tabular/shared/dae_dnn/results/recovery/missing_width_stl_v1/width_only/denoising/repeat_05/d01
[2026-06-23 02:50:06] Tasks: ['denoising']
[2026-06-23 02:50:06] Phases: ['ae_width_only']
[2026-06-23 02:50:06] Device: cpu
[2026-06-23 02:50:06] Git commit: 2b88bff11db4b4b6271a0262527256374a1d7dd0
[2026-06-23 02:51:47] Initialized ContinuousLogger for goliath (Mode: sequential)
[2026-06-23 02:51:47] Logs: MLPS/tabular/shared/dae_dnn/results/recovery/missing_width_stl_v1/width_only/denoising/repeat_05/d01/training_log.txt
[2026-06-23 02:51:47] CSV: MLPS/tabular/shared/dae_dnn/results/recovery/missing_width_stl_v1/width_only/denoising/repeat_05/d01/training_stats.csv
[2026-06-23 02:51:47] Run root: MLPS/tabular/shared/dae_dnn/results/recovery/missing_width_stl_v1/width_only/denoising/repeat_05/d01
[2026-06-23 02:51:47] Tasks: ['denoising']
[2026-06-23 02:51:47] Phases: ['ae_width_only']
[2026-06-23 02:51:47] Device: cpu
[2026-06-23 02:51:47] Git commit: 2b88bff11db4b4b6271a0262527256374a1d7dd0
[2026-06-23 02:53:24] === Task start: denoising ===
[2026-06-23 02:53:24] [TASK] start denoising
[2026-06-23 02:53:24] [TASK:denoising] ADP phase start: ae_width_only
[2026-06-23 02:53:24] Initialized ContinuousLogger for denoising_ae_width_only (Mode: ae_width_only)
[2026-06-23 02:53:24] Logs: MLPS/tabular/shared/dae_dnn/results/recovery/missing_width_stl_v1/width_only/denoising/repeat_05/d01/denoising/ae_width_only/cand_000_d1_w1/training_log.txt
[2026-06-23 02:53:24] CSV: MLPS/tabular/shared/dae_dnn/results/recovery/missing_width_stl_v1/width_only/denoising/repeat_05/d01/denoising/ae_width_only/cand_000_d1_w1/training_stats.csv
[2026-06-23 02:54:58] Initialized ContinuousLogger for goliath (Mode: sequential)
[2026-06-23 02:54:58] Logs: MLPS/tabular/shared/dae_dnn/results/recovery/missing_width_stl_v1/width_only/denoising/repeat_05/d01/training_log.txt
[2026-06-23 02:54:58] CSV: MLPS/tabular/shared/dae_dnn/results/recovery/missing_width_stl_v1/width_only/denoising/repeat_05/d01/training_stats.csv
[2026-06-23 02:54:58] Run root: MLPS/tabular/shared/dae_dnn/results/recovery/missing_width_stl_v1/width_only/denoising/repeat_05/d01
[2026-06-23 02:54:58] Tasks: ['denoising']
[2026-06-23 02:54:58] Phases: ['ae_width_only']
[2026-06-23 02:54:58] Device: cpu
[2026-06-23 02:54:58] Git commit: 2b88bff11db4b4b6271a0262527256374a1d7dd0
[2026-06-23 02:57:22] === Task start: denoising ===
[2026-06-23 02:57:22] [TASK] start denoising
[2026-06-23 02:57:22] [TASK:denoising] ADP phase start: ae_width_only
[2026-06-23 02:57:22] Initialized ContinuousLogger for denoising_ae_width_only (Mode: ae_width_only)
[2026-06-23 02:57:22] Logs: MLPS/tabular/shared/dae_dnn/results/recovery/missing_width_stl_v1/width_only/denoising/repeat_05/d01/denoising/ae_width_only/cand_000_d1_w1/training_log.txt
[2026-06-23 02:57:22] CSV: MLPS/tabular/shared/dae_dnn/results/recovery/missing_width_stl_v1/width_only/denoising/repeat_05/d01/denoising/ae_width_only/cand_000_d1_w1/training_stats.csv
[2026-06-23 02:59:13] Initialized ContinuousLogger for goliath (Mode: sequential)
[2026-06-23 02:59:13] Logs: MLPS/tabular/shared/dae_dnn/results/recovery/missing_width_stl_v1/width_only/denoising/repeat_05/d01/training_log.txt
[2026-06-23 02:59:13] CSV: MLPS/tabular/shared/dae_dnn/results/recovery/missing_width_stl_v1/width_only/denoising/repeat_05/d01/training_stats.csv
[2026-06-23 02:59:13] Run root: MLPS/tabular/shared/dae_dnn/results/recovery/missing_width_stl_v1/width_only/denoising/repeat_05/d01
[2026-06-23 02:59:13] Tasks: ['denoising']
[2026-06-23 02:59:13] Phases: ['ae_width_only']
[2026-06-23 02:59:13] Device: cpu
[2026-06-23 02:59:13] Git commit: 2b88bff11db4b4b6271a0262527256374a1d7dd0
[2026-06-23 03:00:42] === Task start: denoising ===
[2026-06-23 03:00:42] [TASK] start denoising
[2026-06-23 03:00:42] [TASK:denoising] ADP phase start: ae_width_only
[2026-06-23 03:00:42] Initialized ContinuousLogger for denoising_ae_width_only (Mode: ae_width_only)
[2026-06-23 03:00:42] Logs: MLPS/tabular/shared/dae_dnn/results/recovery/missing_width_stl_v1/width_only/denoising/repeat_05/d01/denoising/ae_width_only/cand_000_d1_w1/training_log.txt
[2026-06-23 03:00:42] CSV: MLPS/tabular/shared/dae_dnn/results/recovery/missing_width_stl_v1/width_only/denoising/repeat_05/d01/denoising/ae_width_only/cand_000_d1_w1/training_stats.csv
[2026-06-23 03:02:26] Initialized ContinuousLogger for goliath (Mode: sequential)
[2026-06-23 03:02:26] Logs: MLPS/tabular/shared/dae_dnn/results/recovery/missing_width_stl_v1/width_only/denoising/repeat_05/d01/training_log.txt
[2026-06-23 03:02:26] CSV: MLPS/tabular/shared/dae_dnn/results/recovery/missing_width_stl_v1/width_only/denoising/repeat_05/d01/training_stats.csv
[2026-06-23 03:02:26] Run root: MLPS/tabular/shared/dae_dnn/results/recovery/missing_width_stl_v1/width_only/denoising/repeat_05/d01
[2026-06-23 03:02:26] Tasks: ['denoising']
[2026-06-23 03:02:26] Phases: ['ae_width_only']
[2026-06-23 03:02:26] Device: cpu
[2026-06-23 03:02:26] Git commit: 2b88bff11db4b4b6271a0262527256374a1d7dd0
[2026-06-23 03:06:14] Initialized ContinuousLogger for goliath (Mode: sequential)
[2026-06-23 03:06:14] Logs: MLPS/tabular/shared/dae_dnn/results/recovery/missing_width_stl_v1/width_only/denoising/repeat_05/d01/training_log.txt
[2026-06-23 03:06:14] CSV: MLPS/tabular/shared/dae_dnn/results/recovery/missing_width_stl_v1/width_only/denoising/repeat_05/d01/training_stats.csv
[2026-06-23 03:06:14] Run root: MLPS/tabular/shared/dae_dnn/results/recovery/missing_width_stl_v1/width_only/denoising/repeat_05/d01
[2026-06-23 03:06:14] Tasks: ['denoising']
[2026-06-23 03:06:14] Phases: ['ae_width_only']
[2026-06-23 03:06:14] Device: cpu
[2026-06-23 03:06:14] Git commit: 2b88bff11db4b4b6271a0262527256374a1d7dd0
[2026-06-23 03:07:40] === Task start: denoising ===
[2026-06-23 03:07:40] [TASK] start denoising
[2026-06-23 03:07:40] [TASK:denoising] ADP phase start: ae_width_only
[2026-06-23 03:07:40] Initialized ContinuousLogger for denoising_ae_width_only (Mode: ae_width_only)
[2026-06-23 03:07:40] Logs: MLPS/tabular/shared/dae_dnn/results/recovery/missing_width_stl_v1/width_only/denoising/repeat_05/d01/denoising/ae_width_only/cand_000_d1_w1/training_log.txt
[2026-06-23 03:07:40] CSV: MLPS/tabular/shared/dae_dnn/results/recovery/missing_width_stl_v1/width_only/denoising/repeat_05/d01/denoising/ae_width_only/cand_000_d1_w1/training_stats.csv
[2026-06-23 03:09:31] Initialized ContinuousLogger for goliath (Mode: sequential)
[2026-06-23 03:09:31] Logs: MLPS/tabular/shared/dae_dnn/results/recovery/missing_width_stl_v1/width_only/denoising/repeat_05/d01/training_log.txt
[2026-06-23 03:09:31] CSV: MLPS/tabular/shared/dae_dnn/results/recovery/missing_width_stl_v1/width_only/denoising/repeat_05/d01/training_stats.csv
[2026-06-23 03:09:31] Run root: MLPS/tabular/shared/dae_dnn/results/recovery/missing_width_stl_v1/width_only/denoising/repeat_05/d01
[2026-06-23 03:09:31] Tasks: ['denoising']
[2026-06-23 03:09:31] Phases: ['ae_width_only']
[2026-06-23 03:09:31] Device: cpu
[2026-06-23 03:09:31] Git commit: 2b88bff11db4b4b6271a0262527256374a1d7dd0
[2026-06-23 03:10:37] === Task start: denoising ===
[2026-06-23 03:10:37] [TASK] start denoising
[2026-06-23 03:10:37] [TASK:denoising] ADP phase start: ae_width_only
[2026-06-23 03:10:37] Initialized ContinuousLogger for denoising_ae_width_only (Mode: ae_width_only)
[2026-06-23 03:10:37] Logs: MLPS/tabular/shared/dae_dnn/results/recovery/missing_width_stl_v1/width_only/denoising/repeat_05/d01/denoising/ae_width_only/cand_000_d1_w1/training_log.txt
[2026-06-23 03:10:37] CSV: MLPS/tabular/shared/dae_dnn/results/recovery/missing_width_stl_v1/width_only/denoising/repeat_05/d01/denoising/ae_width_only/cand_000_d1_w1/training_stats.csv
[2026-06-23 03:12:54] Initialized ContinuousLogger for goliath (Mode: sequential)
[2026-06-23 03:12:54] Logs: MLPS/tabular/shared/dae_dnn/results/recovery/missing_width_stl_v1/width_only/denoising/repeat_05/d01/training_log.txt
[2026-06-23 03:12:54] CSV: MLPS/tabular/shared/dae_dnn/results/recovery/missing_width_stl_v1/width_only/denoising/repeat_05/d01/training_stats.csv
[2026-06-23 03:12:54] Run root: MLPS/tabular/shared/dae_dnn/results/recovery/missing_width_stl_v1/width_only/denoising/repeat_05/d01
[2026-06-23 03:12:54] Tasks: ['denoising']
[2026-06-23 03:12:54] Phases: ['ae_width_only']
[2026-06-23 03:12:54] Device: cpu
[2026-06-23 03:12:54] Git commit: 2b88bff11db4b4b6271a0262527256374a1d7dd0
[2026-06-23 03:14:23] === Task start: denoising ===
[2026-06-23 03:14:23] [TASK] start denoising
[2026-06-23 03:14:23] [TASK:denoising] ADP phase start: ae_width_only
[2026-06-23 03:14:23] Initialized ContinuousLogger for denoising_ae_width_only (Mode: ae_width_only)
[2026-06-23 03:14:23] Logs: MLPS/tabular/shared/dae_dnn/results/recovery/missing_width_stl_v1/width_only/denoising/repeat_05/d01/denoising/ae_width_only/cand_000_d1_w1/training_log.txt
[2026-06-23 03:14:23] CSV: MLPS/tabular/shared/dae_dnn/results/recovery/missing_width_stl_v1/width_only/denoising/repeat_05/d01/denoising/ae_width_only/cand_000_d1_w1/training_stats.csv
[2026-06-23 03:16:55] Initialized ContinuousLogger for goliath (Mode: sequential)
[2026-06-23 03:16:55] Logs: MLPS/tabular/shared/dae_dnn/results/recovery/missing_width_stl_v1/width_only/denoising/repeat_05/d01/training_log.txt
[2026-06-23 03:16:55] CSV: MLPS/tabular/shared/dae_dnn/results/recovery/missing_width_stl_v1/width_only/denoising/repeat_05/d01/training_stats.csv
[2026-06-23 03:16:55] Run root: MLPS/tabular/shared/dae_dnn/results/recovery/missing_width_stl_v1/width_only/denoising/repeat_05/d01
[2026-06-23 03:16:55] Tasks: ['denoising']
[2026-06-23 03:16:55] Phases: ['ae_width_only']
[2026-06-23 03:16:55] Device: cpu
[2026-06-23 03:16:55] Git commit: 2b88bff11db4b4b6271a0262527256374a1d7dd0
