[2026-06-19 09:17:12] Initialized ContinuousLogger for goliath (Mode: sequential)
[2026-06-19 09:17:12] Logs: MLPS/tabular/shared/dae_dnn/results/recovery/missing_width_stl_v1/width_only/prediction/repeat_01/d01/training_log.txt
[2026-06-19 09:17:12] CSV: MLPS/tabular/shared/dae_dnn/results/recovery/missing_width_stl_v1/width_only/prediction/repeat_01/d01/training_stats.csv
[2026-06-19 09:17:12] Run root: MLPS/tabular/shared/dae_dnn/results/recovery/missing_width_stl_v1/width_only/prediction/repeat_01/d01
[2026-06-19 09:17:12] Tasks: ['prediction']
[2026-06-19 09:17:12] Phases: ['ae_width_only']
[2026-06-19 09:17:12] Device: cpu
[2026-06-19 09:17:12] Git commit: c827fe952cc3d8b4e5547f04cddb5e70f79780b7
[2026-06-19 09:17:12] === Task start: prediction ===
[2026-06-19 09:17:12] [TASK] start prediction
[2026-06-19 09:17:12] [TASK:prediction] ADP phase start: ae_width_only
[2026-06-19 09:17:12] Initialized ContinuousLogger for prediction_ae_width_only (Mode: ae_width_only)
[2026-06-19 09:17:12] Logs: MLPS/tabular/shared/dae_dnn/results/recovery/missing_width_stl_v1/width_only/prediction/repeat_01/d01/prediction/ae_width_only/cand_000_d1_w1/training_log.txt
[2026-06-19 09:17:12] CSV: MLPS/tabular/shared/dae_dnn/results/recovery/missing_width_stl_v1/width_only/prediction/repeat_01/d01/prediction/ae_width_only/cand_000_d1_w1/training_stats.csv
[2026-06-19 09:17:12] [CANDIDATE] task=prediction phase=ae_width_only index=0 search_phase=width architecture=[1]
[2026-06-19 09:17:14] [CKPT] task=prediction phase=ae_width_only candidate=cand_000_d1_w1 epoch=1 batch=1/1 start path=checkpoint_last.pt
[2026-06-19 09:17:14] [CKPT] task=prediction phase=ae_width_only candidate=cand_000_d1_w1 epoch=1 batch=1/1 done gpu_used_mib=15 host_available_mib=1245
[2026-06-19 09:17:14] [BATCH] task=prediction phase=ae_width_only candidate=cand_000_d1_w1 epoch=1 batch=1/1 batch_size=16512 running_batches=1 batch_loss=6.660975 running_loss=6.660975
[2026-06-19 09:17:14] [VAL] task=prediction phase=ae_width_only candidate=cand_000_d1_w1 epoch=1 starting validation
[2026-06-19 09:17:15] [VAL] task=prediction phase=ae_width_only candidate=cand_000_d1_w1 epoch=1 finished validation val_loss=6.488725
[2026-06-19 09:17:15] [CKPT] task=prediction phase=ae_width_only candidate=cand_000_d1_w1 epoch=1 done path=checkpoint_last.pt gpu_used_mib=15 host_available_mib=1617
[2026-06-19 09:17:15] [prediction][ae_width_only][cand_000_d1_w1] epoch=1 architecture=[1] train_loss=6.660975 val_loss=6.488725 candidate_best=6.488725 global_best=6.488725 es=0/10
[2026-06-19 09:17:16] [CKPT] task=prediction phase=ae_width_only candidate=cand_000_d1_w1 epoch=2 batch=1/1 start path=checkpoint_last.pt
[2026-06-19 09:17:17] [CKPT] task=prediction phase=ae_width_only candidate=cand_000_d1_w1 epoch=2 batch=1/1 done gpu_used_mib=15 host_available_mib=2592
[2026-06-19 09:17:17] [BATCH] task=prediction phase=ae_width_only candidate=cand_000_d1_w1 epoch=2 batch=1/1 batch_size=16512 running_batches=1 batch_loss=6.771092 running_loss=6.771092
[2026-06-19 09:17:17] [VAL] task=prediction phase=ae_width_only candidate=cand_000_d1_w1 epoch=2 starting validation
[2026-06-19 09:17:17] [VAL] task=prediction phase=ae_width_only candidate=cand_000_d1_w1 epoch=2 finished validation val_loss=6.480915
[2026-06-19 09:17:17] [CKPT] task=prediction phase=ae_width_only candidate=cand_000_d1_w1 epoch=2 done path=checkpoint_last.pt gpu_used_mib=15 host_available_mib=3119
[2026-06-19 09:17:17] [prediction][ae_width_only][cand_000_d1_w1] epoch=2 architecture=[1] train_loss=6.771092 val_loss=6.480915 candidate_best=6.480915 global_best=6.480915 es=0/10
[2026-06-19 09:17:19] [CKPT] task=prediction phase=ae_width_only candidate=cand_000_d1_w1 epoch=3 batch=1/1 start path=checkpoint_last.pt
[2026-06-19 09:17:19] [CKPT] task=prediction phase=ae_width_only candidate=cand_000_d1_w1 epoch=3 batch=1/1 done gpu_used_mib=15 host_available_mib=3439
[2026-06-19 09:17:19] [BATCH] task=prediction phase=ae_width_only candidate=cand_000_d1_w1 epoch=3 batch=1/1 batch_size=16512 running_batches=1 batch_loss=6.763251 running_loss=6.763251
[2026-06-19 09:17:19] [VAL] task=prediction phase=ae_width_only candidate=cand_000_d1_w1 epoch=3 starting validation
[2026-06-19 09:17:19] [VAL] task=prediction phase=ae_width_only candidate=cand_000_d1_w1 epoch=3 finished validation val_loss=6.472948
[2026-06-19 09:17:19] [CKPT] task=prediction phase=ae_width_only candidate=cand_000_d1_w1 epoch=3 done path=checkpoint_last.pt gpu_used_mib=15 host_available_mib=3879
[2026-06-19 09:17:19] [prediction][ae_width_only][cand_000_d1_w1] epoch=3 architecture=[1] train_loss=6.763251 val_loss=6.472948 candidate_best=6.472948 global_best=6.472948 es=0/10
[2026-06-19 09:17:21] [CKPT] task=prediction phase=ae_width_only candidate=cand_000_d1_w1 epoch=4 batch=1/1 start path=checkpoint_last.pt
[2026-06-19 09:17:21] [CKPT] task=prediction phase=ae_width_only candidate=cand_000_d1_w1 epoch=4 batch=1/1 done gpu_used_mib=15 host_available_mib=4356
[2026-06-19 09:17:21] [BATCH] task=prediction phase=ae_width_only candidate=cand_000_d1_w1 epoch=4 batch=1/1 batch_size=16512 running_batches=1 batch_loss=6.755258 running_loss=6.755258
[2026-06-19 09:17:21] [VAL] task=prediction phase=ae_width_only candidate=cand_000_d1_w1 epoch=4 starting validation
[2026-06-19 09:17:21] [VAL] task=prediction phase=ae_width_only candidate=cand_000_d1_w1 epoch=4 finished validation val_loss=6.464879
[2026-06-19 09:17:21] [CKPT] task=prediction phase=ae_width_only candidate=cand_000_d1_w1 epoch=4 done path=checkpoint_last.pt gpu_used_mib=15 host_available_mib=4429
[2026-06-19 09:17:21] [prediction][ae_width_only][cand_000_d1_w1] epoch=4 architecture=[1] train_loss=6.755258 val_loss=6.464879 candidate_best=6.464879 global_best=6.464879 es=0/10
[2026-06-19 09:17:23] [CKPT] task=prediction phase=ae_width_only candidate=cand_000_d1_w1 epoch=5 batch=1/1 start path=checkpoint_last.pt
[2026-06-19 09:17:23] [CKPT] task=prediction phase=ae_width_only candidate=cand_000_d1_w1 epoch=5 batch=1/1 done gpu_used_mib=15 host_available_mib=4439
[2026-06-19 09:17:23] [BATCH] task=prediction phase=ae_width_only candidate=cand_000_d1_w1 epoch=5 batch=1/1 batch_size=16512 running_batches=1 batch_loss=6.747169 running_loss=6.747169
[2026-06-19 09:17:23] [VAL] task=prediction phase=ae_width_only candidate=cand_000_d1_w1 epoch=5 starting validation
[2026-06-19 09:17:23] [VAL] task=prediction phase=ae_width_only candidate=cand_000_d1_w1 epoch=5 finished validation val_loss=6.456736
[2026-06-19 09:17:23] [CKPT] task=prediction phase=ae_width_only candidate=cand_000_d1_w1 epoch=5 done path=checkpoint_last.pt gpu_used_mib=15 host_available_mib=4407
[2026-06-19 09:17:23] [prediction][ae_width_only][cand_000_d1_w1] epoch=5 architecture=[1] train_loss=6.747169 val_loss=6.456736 candidate_best=6.456736 global_best=6.456736 es=0/10
[2026-06-19 09:17:25] [CKPT] task=prediction phase=ae_width_only candidate=cand_000_d1_w1 epoch=6 batch=1/1 start path=checkpoint_last.pt
[2026-06-19 09:17:26] [CKPT] task=prediction phase=ae_width_only candidate=cand_000_d1_w1 epoch=6 batch=1/1 done gpu_used_mib=15 host_available_mib=4837
[2026-06-19 09:17:26] [BATCH] task=prediction phase=ae_width_only candidate=cand_000_d1_w1 epoch=6 batch=1/1 batch_size=16512 running_batches=1 batch_loss=6.739006 running_loss=6.739006
[2026-06-19 09:17:26] [VAL] task=prediction phase=ae_width_only candidate=cand_000_d1_w1 epoch=6 starting validation
[2026-06-19 09:17:26] [VAL] task=prediction phase=ae_width_only candidate=cand_000_d1_w1 epoch=6 finished validation val_loss=6.448535
[2026-06-19 09:17:26] [CKPT] task=prediction phase=ae_width_only candidate=cand_000_d1_w1 epoch=6 done path=checkpoint_last.pt gpu_used_mib=15 host_available_mib=4822
[2026-06-19 09:17:26] [prediction][ae_width_only][cand_000_d1_w1] epoch=6 architecture=[1] train_loss=6.739006 val_loss=6.448535 candidate_best=6.448535 global_best=6.448535 es=0/10
[2026-06-19 09:17:27] [CKPT] task=prediction phase=ae_width_only candidate=cand_000_d1_w1 epoch=7 batch=1/1 start path=checkpoint_last.pt
[2026-06-19 09:17:27] [CKPT] task=prediction phase=ae_width_only candidate=cand_000_d1_w1 epoch=7 batch=1/1 done gpu_used_mib=15 host_available_mib=4678
[2026-06-19 09:17:27] [BATCH] task=prediction phase=ae_width_only candidate=cand_000_d1_w1 epoch=7 batch=1/1 batch_size=16512 running_batches=1 batch_loss=6.730785 running_loss=6.730785
[2026-06-19 09:17:27] [VAL] task=prediction phase=ae_width_only candidate=cand_000_d1_w1 epoch=7 starting validation
[2026-06-19 09:17:27] [VAL] task=prediction phase=ae_width_only candidate=cand_000_d1_w1 epoch=7 finished validation val_loss=6.440286
[2026-06-19 09:17:27] [CKPT] task=prediction phase=ae_width_only candidate=cand_000_d1_w1 epoch=7 done path=checkpoint_last.pt gpu_used_mib=15 host_available_mib=4646
[2026-06-19 09:17:27] [prediction][ae_width_only][cand_000_d1_w1] epoch=7 architecture=[1] train_loss=6.730785 val_loss=6.440286 candidate_best=6.440286 global_best=6.440286 es=0/10
[2026-06-19 09:17:29] [CKPT] task=prediction phase=ae_width_only candidate=cand_000_d1_w1 epoch=8 batch=1/1 start path=checkpoint_last.pt
[2026-06-19 09:17:29] [CKPT] task=prediction phase=ae_width_only candidate=cand_000_d1_w1 epoch=8 batch=1/1 done gpu_used_mib=15 host_available_mib=4923
[2026-06-19 09:17:29] [BATCH] task=prediction phase=ae_width_only candidate=cand_000_d1_w1 epoch=8 batch=1/1 batch_size=16512 running_batches=1 batch_loss=6.722512 running_loss=6.722512
[2026-06-19 09:17:29] [VAL] task=prediction phase=ae_width_only candidate=cand_000_d1_w1 epoch=8 starting validation
[2026-06-19 09:17:29] [VAL] task=prediction phase=ae_width_only candidate=cand_000_d1_w1 epoch=8 finished validation val_loss=6.431986
[2026-06-19 09:17:30] [CKPT] task=prediction phase=ae_width_only candidate=cand_000_d1_w1 epoch=8 done path=checkpoint_last.pt gpu_used_mib=15 host_available_mib=4888
[2026-06-19 09:17:30] [prediction][ae_width_only][cand_000_d1_w1] epoch=8 architecture=[1] train_loss=6.722512 val_loss=6.431986 candidate_best=6.431986 global_best=6.431986 es=0/10
[2026-06-19 09:17:32] [CKPT] task=prediction phase=ae_width_only candidate=cand_000_d1_w1 epoch=9 batch=1/1 start path=checkpoint_last.pt
[2026-06-19 09:17:32] [CKPT] task=prediction phase=ae_width_only candidate=cand_000_d1_w1 epoch=9 batch=1/1 done gpu_used_mib=15 host_available_mib=4789
[2026-06-19 09:17:32] [BATCH] task=prediction phase=ae_width_only candidate=cand_000_d1_w1 epoch=9 batch=1/1 batch_size=16512 running_batches=1 batch_loss=6.714190 running_loss=6.714190
[2026-06-19 09:17:32] [VAL] task=prediction phase=ae_width_only candidate=cand_000_d1_w1 epoch=9 starting validation
[2026-06-19 09:17:32] [VAL] task=prediction phase=ae_width_only candidate=cand_000_d1_w1 epoch=9 finished validation val_loss=6.423637
[2026-06-19 09:17:32] [CKPT] task=prediction phase=ae_width_only candidate=cand_000_d1_w1 epoch=9 done path=checkpoint_last.pt gpu_used_mib=15 host_available_mib=4630
[2026-06-19 09:17:32] [prediction][ae_width_only][cand_000_d1_w1] epoch=9 architecture=[1] train_loss=6.714190 val_loss=6.423637 candidate_best=6.423637 global_best=6.423637 es=0/10
[2026-06-19 09:17:34] [CKPT] task=prediction phase=ae_width_only candidate=cand_000_d1_w1 epoch=10 batch=1/1 start path=checkpoint_last.pt
[2026-06-19 09:17:34] [CKPT] task=prediction phase=ae_width_only candidate=cand_000_d1_w1 epoch=10 batch=1/1 done gpu_used_mib=15 host_available_mib=3923
[2026-06-19 09:17:34] [BATCH] task=prediction phase=ae_width_only candidate=cand_000_d1_w1 epoch=10 batch=1/1 batch_size=16512 running_batches=1 batch_loss=6.705821 running_loss=6.705821
[2026-06-19 09:17:34] [VAL] task=prediction phase=ae_width_only candidate=cand_000_d1_w1 epoch=10 starting validation
[2026-06-19 09:17:34] [VAL] task=prediction phase=ae_width_only candidate=cand_000_d1_w1 epoch=10 finished validation val_loss=6.415253
[2026-06-19 09:17:34] [CKPT] task=prediction phase=ae_width_only candidate=cand_000_d1_w1 epoch=10 done path=checkpoint_last.pt gpu_used_mib=15 host_available_mib=3888
[2026-06-19 09:17:34] [prediction][ae_width_only][cand_000_d1_w1] epoch=10 architecture=[1] train_loss=6.705821 val_loss=6.415253 candidate_best=6.415253 global_best=6.415253 es=0/10
[2026-06-19 09:17:35] [CKPT] task=prediction phase=ae_width_only candidate=cand_000_d1_w1 epoch=11 batch=1/1 start path=checkpoint_last.pt
[2026-06-19 09:17:36] [CKPT] task=prediction phase=ae_width_only candidate=cand_000_d1_w1 epoch=11 batch=1/1 done gpu_used_mib=15 host_available_mib=3971
[2026-06-19 09:17:36] [BATCH] task=prediction phase=ae_width_only candidate=cand_000_d1_w1 epoch=11 batch=1/1 batch_size=16512 running_batches=1 batch_loss=6.697411 running_loss=6.697411
[2026-06-19 09:17:36] [VAL] task=prediction phase=ae_width_only candidate=cand_000_d1_w1 epoch=11 starting validation
[2026-06-19 09:17:36] [VAL] task=prediction phase=ae_width_only candidate=cand_000_d1_w1 epoch=11 finished validation val_loss=6.406832
[2026-06-19 09:17:36] [CKPT] task=prediction phase=ae_width_only candidate=cand_000_d1_w1 epoch=11 done path=checkpoint_last.pt gpu_used_mib=15 host_available_mib=4049
[2026-06-19 09:17:36] [prediction][ae_width_only][cand_000_d1_w1] epoch=11 architecture=[1] train_loss=6.697411 val_loss=6.406832 candidate_best=6.406832 global_best=6.406832 es=0/10
[2026-06-19 09:17:38] [CKPT] task=prediction phase=ae_width_only candidate=cand_000_d1_w1 epoch=12 batch=1/1 start path=checkpoint_last.pt
[2026-06-19 09:17:38] [CKPT] task=prediction phase=ae_width_only candidate=cand_000_d1_w1 epoch=12 batch=1/1 done gpu_used_mib=15 host_available_mib=4234
[2026-06-19 09:17:38] [BATCH] task=prediction phase=ae_width_only candidate=cand_000_d1_w1 epoch=12 batch=1/1 batch_size=16512 running_batches=1 batch_loss=6.688961 running_loss=6.688961
[2026-06-19 09:17:38] [VAL] task=prediction phase=ae_width_only candidate=cand_000_d1_w1 epoch=12 starting validation
[2026-06-19 09:17:38] [VAL] task=prediction phase=ae_width_only candidate=cand_000_d1_w1 epoch=12 finished validation val_loss=6.398379
[2026-06-19 09:17:38] [CKPT] task=prediction phase=ae_width_only candidate=cand_000_d1_w1 epoch=12 done path=checkpoint_last.pt gpu_used_mib=15 host_available_mib=4247
[2026-06-19 09:17:38] [prediction][ae_width_only][cand_000_d1_w1] epoch=12 architecture=[1] train_loss=6.688961 val_loss=6.398379 candidate_best=6.398379 global_best=6.398379 es=0/10
[2026-06-19 09:17:40] [CKPT] task=prediction phase=ae_width_only candidate=cand_000_d1_w1 epoch=13 batch=1/1 start path=checkpoint_last.pt
[2026-06-19 09:17:40] [CKPT] task=prediction phase=ae_width_only candidate=cand_000_d1_w1 epoch=13 batch=1/1 done gpu_used_mib=15 host_available_mib=4034
[2026-06-19 09:17:40] [BATCH] task=prediction phase=ae_width_only candidate=cand_000_d1_w1 epoch=13 batch=1/1 batch_size=16512 running_batches=1 batch_loss=6.680470 running_loss=6.680470
[2026-06-19 09:17:40] [VAL] task=prediction phase=ae_width_only candidate=cand_000_d1_w1 epoch=13 starting validation
[2026-06-19 09:17:41] [VAL] task=prediction phase=ae_width_only candidate=cand_000_d1_w1 epoch=13 finished validation val_loss=6.389885
[2026-06-19 09:17:41] [CKPT] task=prediction phase=ae_width_only candidate=cand_000_d1_w1 epoch=13 done path=checkpoint_last.pt gpu_used_mib=15 host_available_mib=3985
[2026-06-19 09:17:41] [prediction][ae_width_only][cand_000_d1_w1] epoch=13 architecture=[1] train_loss=6.680470 val_loss=6.389885 candidate_best=6.389885 global_best=6.389885 es=0/10
[2026-06-19 09:17:43] [CKPT] task=prediction phase=ae_width_only candidate=cand_000_d1_w1 epoch=14 batch=1/1 start path=checkpoint_last.pt
[2026-06-19 09:17:43] [CKPT] task=prediction phase=ae_width_only candidate=cand_000_d1_w1 epoch=14 batch=1/1 done gpu_used_mib=15 host_available_mib=3561
[2026-06-19 09:17:43] [BATCH] task=prediction phase=ae_width_only candidate=cand_000_d1_w1 epoch=14 batch=1/1 batch_size=16512 running_batches=1 batch_loss=6.671936 running_loss=6.671936
[2026-06-19 09:17:43] [VAL] task=prediction phase=ae_width_only candidate=cand_000_d1_w1 epoch=14 starting validation
[2026-06-19 09:17:43] [VAL] task=prediction phase=ae_width_only candidate=cand_000_d1_w1 epoch=14 finished validation val_loss=6.381357
[2026-06-19 09:17:43] [CKPT] task=prediction phase=ae_width_only candidate=cand_000_d1_w1 epoch=14 done path=checkpoint_last.pt gpu_used_mib=15 host_available_mib=3357
[2026-06-19 09:17:43] [prediction][ae_width_only][cand_000_d1_w1] epoch=14 architecture=[1] train_loss=6.671936 val_loss=6.381357 candidate_best=6.381357 global_best=6.381357 es=0/10
[2026-06-19 09:17:45] [CKPT] task=prediction phase=ae_width_only candidate=cand_000_d1_w1 epoch=15 batch=1/1 start path=checkpoint_last.pt
[2026-06-19 09:17:45] [CKPT] task=prediction phase=ae_width_only candidate=cand_000_d1_w1 epoch=15 batch=1/1 done gpu_used_mib=15 host_available_mib=1934
[2026-06-19 09:17:45] [BATCH] task=prediction phase=ae_width_only candidate=cand_000_d1_w1 epoch=15 batch=1/1 batch_size=16512 running_batches=1 batch_loss=6.663360 running_loss=6.663360
[2026-06-19 09:17:45] [VAL] task=prediction phase=ae_width_only candidate=cand_000_d1_w1 epoch=15 starting validation
[2026-06-19 09:17:45] [VAL] task=prediction phase=ae_width_only candidate=cand_000_d1_w1 epoch=15 finished validation val_loss=6.372791
[2026-06-19 09:17:46] [CKPT] task=prediction phase=ae_width_only candidate=cand_000_d1_w1 epoch=15 done path=checkpoint_last.pt gpu_used_mib=15 host_available_mib=1989
[2026-06-19 09:17:46] [prediction][ae_width_only][cand_000_d1_w1] epoch=15 architecture=[1] train_loss=6.663360 val_loss=6.372791 candidate_best=6.372791 global_best=6.372791 es=0/10
[2026-06-19 09:17:48] [CKPT] task=prediction phase=ae_width_only candidate=cand_000_d1_w1 epoch=16 batch=1/1 start path=checkpoint_last.pt
[2026-06-19 09:17:48] [CKPT] task=prediction phase=ae_width_only candidate=cand_000_d1_w1 epoch=16 batch=1/1 done gpu_used_mib=15 host_available_mib=1026
[2026-06-19 09:17:48] [BATCH] task=prediction phase=ae_width_only candidate=cand_000_d1_w1 epoch=16 batch=1/1 batch_size=16512 running_batches=1 batch_loss=6.654747 running_loss=6.654747
[2026-06-19 09:17:48] [VAL] task=prediction phase=ae_width_only candidate=cand_000_d1_w1 epoch=16 starting validation
[2026-06-19 09:17:48] [VAL] task=prediction phase=ae_width_only candidate=cand_000_d1_w1 epoch=16 finished validation val_loss=6.364186
[2026-06-19 09:17:49] [CKPT] task=prediction phase=ae_width_only candidate=cand_000_d1_w1 epoch=16 done path=checkpoint_last.pt gpu_used_mib=15 host_available_mib=901
[2026-06-19 09:17:49] [prediction][ae_width_only][cand_000_d1_w1] epoch=16 architecture=[1] train_loss=6.654747 val_loss=6.364186 candidate_best=6.364186 global_best=6.364186 es=0/10
[2026-06-19 09:17:51] [CKPT] task=prediction phase=ae_width_only candidate=cand_000_d1_w1 epoch=17 batch=1/1 start path=checkpoint_last.pt
[2026-06-19 09:17:51] [CKPT] task=prediction phase=ae_width_only candidate=cand_000_d1_w1 epoch=17 batch=1/1 done gpu_used_mib=15 host_available_mib=771
[2026-06-19 09:17:51] [BATCH] task=prediction phase=ae_width_only candidate=cand_000_d1_w1 epoch=17 batch=1/1 batch_size=16512 running_batches=1 batch_loss=6.646090 running_loss=6.646090
[2026-06-19 09:17:51] [VAL] task=prediction phase=ae_width_only candidate=cand_000_d1_w1 epoch=17 starting validation
[2026-06-19 09:17:51] [VAL] task=prediction phase=ae_width_only candidate=cand_000_d1_w1 epoch=17 finished validation val_loss=6.355549
[2026-06-19 09:17:51] [CKPT] task=prediction phase=ae_width_only candidate=cand_000_d1_w1 epoch=17 done path=checkpoint_last.pt gpu_used_mib=15 host_available_mib=805
[2026-06-19 09:17:51] [prediction][ae_width_only][cand_000_d1_w1] epoch=17 architecture=[1] train_loss=6.646090 val_loss=6.355549 candidate_best=6.355549 global_best=6.355549 es=0/10
[2026-06-19 09:17:54] [CKPT] task=prediction phase=ae_width_only candidate=cand_000_d1_w1 epoch=18 batch=1/1 start path=checkpoint_last.pt
[2026-06-19 09:17:54] [CKPT] task=prediction phase=ae_width_only candidate=cand_000_d1_w1 epoch=18 batch=1/1 done gpu_used_mib=15 host_available_mib=2098
[2026-06-19 09:17:54] [BATCH] task=prediction phase=ae_width_only candidate=cand_000_d1_w1 epoch=18 batch=1/1 batch_size=16512 running_batches=1 batch_loss=6.637393 running_loss=6.637393
[2026-06-19 09:17:54] [VAL] task=prediction phase=ae_width_only candidate=cand_000_d1_w1 epoch=18 starting validation
[2026-06-19 09:17:54] [VAL] task=prediction phase=ae_width_only candidate=cand_000_d1_w1 epoch=18 finished validation val_loss=6.346884
[2026-06-19 09:17:54] [CKPT] task=prediction phase=ae_width_only candidate=cand_000_d1_w1 epoch=18 done path=checkpoint_last.pt gpu_used_mib=15 host_available_mib=2268
[2026-06-19 09:17:54] [prediction][ae_width_only][cand_000_d1_w1] epoch=18 architecture=[1] train_loss=6.637393 val_loss=6.346884 candidate_best=6.346884 global_best=6.346884 es=0/10
[2026-06-19 09:17:56] [CKPT] task=prediction phase=ae_width_only candidate=cand_000_d1_w1 epoch=19 batch=1/1 start path=checkpoint_last.pt
[2026-06-19 09:17:56] [CKPT] task=prediction phase=ae_width_only candidate=cand_000_d1_w1 epoch=19 batch=1/1 done gpu_used_mib=15 host_available_mib=1860
[2026-06-19 09:17:56] [BATCH] task=prediction phase=ae_width_only candidate=cand_000_d1_w1 epoch=19 batch=1/1 batch_size=16512 running_batches=1 batch_loss=6.628656 running_loss=6.628656
[2026-06-19 09:17:56] [VAL] task=prediction phase=ae_width_only candidate=cand_000_d1_w1 epoch=19 starting validation
[2026-06-19 09:17:57] [VAL] task=prediction phase=ae_width_only candidate=cand_000_d1_w1 epoch=19 finished validation val_loss=6.338183
[2026-06-19 09:17:57] [CKPT] task=prediction phase=ae_width_only candidate=cand_000_d1_w1 epoch=19 done path=checkpoint_last.pt gpu_used_mib=15 host_available_mib=2075
[2026-06-19 09:17:57] [prediction][ae_width_only][cand_000_d1_w1] epoch=19 architecture=[1] train_loss=6.628656 val_loss=6.338183 candidate_best=6.338183 global_best=6.338183 es=0/10
[2026-06-19 09:17:59] [CKPT] task=prediction phase=ae_width_only candidate=cand_000_d1_w1 epoch=20 batch=1/1 start path=checkpoint_last.pt
[2026-06-19 09:17:59] [CKPT] task=prediction phase=ae_width_only candidate=cand_000_d1_w1 epoch=20 batch=1/1 done gpu_used_mib=15 host_available_mib=2664
[2026-06-19 09:17:59] [BATCH] task=prediction phase=ae_width_only candidate=cand_000_d1_w1 epoch=20 batch=1/1 batch_size=16512 running_batches=1 batch_loss=6.619880 running_loss=6.619880
[2026-06-19 09:17:59] [VAL] task=prediction phase=ae_width_only candidate=cand_000_d1_w1 epoch=20 starting validation
[2026-06-19 09:17:59] [VAL] task=prediction phase=ae_width_only candidate=cand_000_d1_w1 epoch=20 finished validation val_loss=6.329452
[2026-06-19 09:17:59] [CKPT] task=prediction phase=ae_width_only candidate=cand_000_d1_w1 epoch=20 done path=checkpoint_last.pt gpu_used_mib=15 host_available_mib=2667
[2026-06-19 09:17:59] [prediction][ae_width_only][cand_000_d1_w1] epoch=20 architecture=[1] train_loss=6.619880 val_loss=6.329452 candidate_best=6.329452 global_best=6.329452 es=0/10
[2026-06-19 09:18:01] [CKPT] task=prediction phase=ae_width_only candidate=cand_000_d1_w1 epoch=21 batch=1/1 start path=checkpoint_last.pt
[2026-06-19 09:18:01] [CKPT] task=prediction phase=ae_width_only candidate=cand_000_d1_w1 epoch=21 batch=1/1 done gpu_used_mib=15 host_available_mib=2495
[2026-06-19 09:18:01] [BATCH] task=prediction phase=ae_width_only candidate=cand_000_d1_w1 epoch=21 batch=1/1 batch_size=16512 running_batches=1 batch_loss=6.611064 running_loss=6.611064
[2026-06-19 09:18:01] [VAL] task=prediction phase=ae_width_only candidate=cand_000_d1_w1 epoch=21 starting validation
[2026-06-19 09:18:02] [VAL] task=prediction phase=ae_width_only candidate=cand_000_d1_w1 epoch=21 finished validation val_loss=6.320672
[2026-06-19 09:18:02] [CKPT] task=prediction phase=ae_width_only candidate=cand_000_d1_w1 epoch=21 done path=checkpoint_last.pt gpu_used_mib=15 host_available_mib=2468
[2026-06-19 09:18:02] [prediction][ae_width_only][cand_000_d1_w1] epoch=21 architecture=[1] train_loss=6.611064 val_loss=6.320672 candidate_best=6.320672 global_best=6.320672 es=0/10
[2026-06-19 09:18:04] [CKPT] task=prediction phase=ae_width_only candidate=cand_000_d1_w1 epoch=22 batch=1/1 start path=checkpoint_last.pt
[2026-06-19 09:18:04] [CKPT] task=prediction phase=ae_width_only candidate=cand_000_d1_w1 epoch=22 batch=1/1 done gpu_used_mib=15 host_available_mib=3173
[2026-06-19 09:18:04] [BATCH] task=prediction phase=ae_width_only candidate=cand_000_d1_w1 epoch=22 batch=1/1 batch_size=16512 running_batches=1 batch_loss=6.602211 running_loss=6.602211
[2026-06-19 09:18:04] [VAL] task=prediction phase=ae_width_only candidate=cand_000_d1_w1 epoch=22 starting validation
[2026-06-19 09:18:04] [VAL] task=prediction phase=ae_width_only candidate=cand_000_d1_w1 epoch=22 finished validation val_loss=6.311853
[2026-06-19 09:18:04] [CKPT] task=prediction phase=ae_width_only candidate=cand_000_d1_w1 epoch=22 done path=checkpoint_last.pt gpu_used_mib=15 host_available_mib=3133
[2026-06-19 09:18:04] [prediction][ae_width_only][cand_000_d1_w1] epoch=22 architecture=[1] train_loss=6.602211 val_loss=6.311853 candidate_best=6.311853 global_best=6.311853 es=0/10
[2026-06-19 09:18:06] [CKPT] task=prediction phase=ae_width_only candidate=cand_000_d1_w1 epoch=23 batch=1/1 start path=checkpoint_last.pt
[2026-06-19 09:18:07] [CKPT] task=prediction phase=ae_width_only candidate=cand_000_d1_w1 epoch=23 batch=1/1 done gpu_used_mib=15 host_available_mib=3908
[2026-06-19 09:18:07] [BATCH] task=prediction phase=ae_width_only candidate=cand_000_d1_w1 epoch=23 batch=1/1 batch_size=16512 running_batches=1 batch_loss=6.593315 running_loss=6.593315
[2026-06-19 09:18:07] [VAL] task=prediction phase=ae_width_only candidate=cand_000_d1_w1 epoch=23 starting validation
[2026-06-19 09:18:07] [VAL] task=prediction phase=ae_width_only candidate=cand_000_d1_w1 epoch=23 finished validation val_loss=6.303003
[2026-06-19 09:18:07] [CKPT] task=prediction phase=ae_width_only candidate=cand_000_d1_w1 epoch=23 done path=checkpoint_last.pt gpu_used_mib=15 host_available_mib=3879
[2026-06-19 09:18:07] [prediction][ae_width_only][cand_000_d1_w1] epoch=23 architecture=[1] train_loss=6.593315 val_loss=6.303003 candidate_best=6.303003 global_best=6.303003 es=0/10
[2026-06-19 09:18:09] [CKPT] task=prediction phase=ae_width_only candidate=cand_000_d1_w1 epoch=24 batch=1/1 start path=checkpoint_last.pt
[2026-06-19 09:18:09] [CKPT] task=prediction phase=ae_width_only candidate=cand_000_d1_w1 epoch=24 batch=1/1 done gpu_used_mib=15 host_available_mib=3850
[2026-06-19 09:18:09] [BATCH] task=prediction phase=ae_width_only candidate=cand_000_d1_w1 epoch=24 batch=1/1 batch_size=16512 running_batches=1 batch_loss=6.584379 running_loss=6.584379
[2026-06-19 09:18:09] [VAL] task=prediction phase=ae_width_only candidate=cand_000_d1_w1 epoch=24 starting validation
[2026-06-19 09:18:09] [VAL] task=prediction phase=ae_width_only candidate=cand_000_d1_w1 epoch=24 finished validation val_loss=6.294119
[2026-06-19 09:18:10] [CKPT] task=prediction phase=ae_width_only candidate=cand_000_d1_w1 epoch=24 done path=checkpoint_last.pt gpu_used_mib=15 host_available_mib=3824
[2026-06-19 09:18:10] [prediction][ae_width_only][cand_000_d1_w1] epoch=24 architecture=[1] train_loss=6.584379 val_loss=6.294119 candidate_best=6.294119 global_best=6.294119 es=0/10
[2026-06-19 09:18:12] [CKPT] task=prediction phase=ae_width_only candidate=cand_000_d1_w1 epoch=25 batch=1/1 start path=checkpoint_last.pt
[2026-06-19 09:18:12] [CKPT] task=prediction phase=ae_width_only candidate=cand_000_d1_w1 epoch=25 batch=1/1 done gpu_used_mib=15 host_available_mib=4080
[2026-06-19 09:18:12] [BATCH] task=prediction phase=ae_width_only candidate=cand_000_d1_w1 epoch=25 batch=1/1 batch_size=16512 running_batches=1 batch_loss=6.575398 running_loss=6.575398
[2026-06-19 09:18:12] [VAL] task=prediction phase=ae_width_only candidate=cand_000_d1_w1 epoch=25 starting validation
[2026-06-19 09:18:12] [VAL] task=prediction phase=ae_width_only candidate=cand_000_d1_w1 epoch=25 finished validation val_loss=6.285204
[2026-06-19 09:18:13] [CKPT] task=prediction phase=ae_width_only candidate=cand_000_d1_w1 epoch=25 done path=checkpoint_last.pt gpu_used_mib=15 host_available_mib=4187
[2026-06-19 09:18:13] [prediction][ae_width_only][cand_000_d1_w1] epoch=25 architecture=[1] train_loss=6.575398 val_loss=6.285204 candidate_best=6.285204 global_best=6.285204 es=0/10
[2026-06-19 09:18:14] [CKPT] task=prediction phase=ae_width_only candidate=cand_000_d1_w1 epoch=26 batch=1/1 start path=checkpoint_last.pt
[2026-06-19 09:18:15] [CKPT] task=prediction phase=ae_width_only candidate=cand_000_d1_w1 epoch=26 batch=1/1 done gpu_used_mib=15 host_available_mib=4868
[2026-06-19 09:18:15] [BATCH] task=prediction phase=ae_width_only candidate=cand_000_d1_w1 epoch=26 batch=1/1 batch_size=16512 running_batches=1 batch_loss=6.566374 running_loss=6.566374
[2026-06-19 09:18:15] [VAL] task=prediction phase=ae_width_only candidate=cand_000_d1_w1 epoch=26 starting validation
[2026-06-19 09:18:15] [VAL] task=prediction phase=ae_width_only candidate=cand_000_d1_w1 epoch=26 finished validation val_loss=6.276252
[2026-06-19 09:18:15] [CKPT] task=prediction phase=ae_width_only candidate=cand_000_d1_w1 epoch=26 done path=checkpoint_last.pt gpu_used_mib=15 host_available_mib=4730
[2026-06-19 09:18:15] [prediction][ae_width_only][cand_000_d1_w1] epoch=26 architecture=[1] train_loss=6.566374 val_loss=6.276252 candidate_best=6.276252 global_best=6.276252 es=0/10
[2026-06-19 09:18:17] [CKPT] task=prediction phase=ae_width_only candidate=cand_000_d1_w1 epoch=27 batch=1/1 start path=checkpoint_last.pt
[2026-06-19 09:18:17] [CKPT] task=prediction phase=ae_width_only candidate=cand_000_d1_w1 epoch=27 batch=1/1 done gpu_used_mib=15 host_available_mib=4490
[2026-06-19 09:18:17] [BATCH] task=prediction phase=ae_width_only candidate=cand_000_d1_w1 epoch=27 batch=1/1 batch_size=16512 running_batches=1 batch_loss=6.557310 running_loss=6.557310
[2026-06-19 09:18:17] [VAL] task=prediction phase=ae_width_only candidate=cand_000_d1_w1 epoch=27 starting validation
[2026-06-19 09:18:18] [VAL] task=prediction phase=ae_width_only candidate=cand_000_d1_w1 epoch=27 finished validation val_loss=6.267250
[2026-06-19 09:18:18] [CKPT] task=prediction phase=ae_width_only candidate=cand_000_d1_w1 epoch=27 done path=checkpoint_last.pt gpu_used_mib=15 host_available_mib=4424
[2026-06-19 09:18:18] [prediction][ae_width_only][cand_000_d1_w1] epoch=27 architecture=[1] train_loss=6.557310 val_loss=6.267250 candidate_best=6.267250 global_best=6.267250 es=0/10
[2026-06-19 09:18:20] [CKPT] task=prediction phase=ae_width_only candidate=cand_000_d1_w1 epoch=28 batch=1/1 start path=checkpoint_last.pt
[2026-06-19 09:18:20] [CKPT] task=prediction phase=ae_width_only candidate=cand_000_d1_w1 epoch=28 batch=1/1 done gpu_used_mib=15 host_available_mib=3229
[2026-06-19 09:18:20] [BATCH] task=prediction phase=ae_width_only candidate=cand_000_d1_w1 epoch=28 batch=1/1 batch_size=16512 running_batches=1 batch_loss=6.548206 running_loss=6.548206
[2026-06-19 09:18:20] [VAL] task=prediction phase=ae_width_only candidate=cand_000_d1_w1 epoch=28 starting validation
[2026-06-19 09:18:20] [VAL] task=prediction phase=ae_width_only candidate=cand_000_d1_w1 epoch=28 finished validation val_loss=6.258214
[2026-06-19 09:18:21] [CKPT] task=prediction phase=ae_width_only candidate=cand_000_d1_w1 epoch=28 done path=checkpoint_last.pt gpu_used_mib=15 host_available_mib=2946
[2026-06-19 09:18:21] [prediction][ae_width_only][cand_000_d1_w1] epoch=28 architecture=[1] train_loss=6.548206 val_loss=6.258214 candidate_best=6.258214 global_best=6.258214 es=0/10
[2026-06-19 09:18:23] [CKPT] task=prediction phase=ae_width_only candidate=cand_000_d1_w1 epoch=29 batch=1/1 start path=checkpoint_last.pt
[2026-06-19 09:18:23] [CKPT] task=prediction phase=ae_width_only candidate=cand_000_d1_w1 epoch=29 batch=1/1 done gpu_used_mib=15 host_available_mib=1847
[2026-06-19 09:18:23] [BATCH] task=prediction phase=ae_width_only candidate=cand_000_d1_w1 epoch=29 batch=1/1 batch_size=16512 running_batches=1 batch_loss=6.539062 running_loss=6.539062
[2026-06-19 09:18:23] [VAL] task=prediction phase=ae_width_only candidate=cand_000_d1_w1 epoch=29 starting validation
[2026-06-19 09:18:23] [VAL] task=prediction phase=ae_width_only candidate=cand_000_d1_w1 epoch=29 finished validation val_loss=6.249148
[2026-06-19 09:18:23] [CKPT] task=prediction phase=ae_width_only candidate=cand_000_d1_w1 epoch=29 done path=checkpoint_last.pt gpu_used_mib=15 host_available_mib=1689
[2026-06-19 09:18:23] [prediction][ae_width_only][cand_000_d1_w1] epoch=29 architecture=[1] train_loss=6.539062 val_loss=6.249148 candidate_best=6.249148 global_best=6.249148 es=0/10
[2026-06-19 09:18:26] [CKPT] task=prediction phase=ae_width_only candidate=cand_000_d1_w1 epoch=30 batch=1/1 start path=checkpoint_last.pt
[2026-06-19 09:18:26] [CKPT] task=prediction phase=ae_width_only candidate=cand_000_d1_w1 epoch=30 batch=1/1 done gpu_used_mib=15 host_available_mib=1725
[2026-06-19 09:18:26] [BATCH] task=prediction phase=ae_width_only candidate=cand_000_d1_w1 epoch=30 batch=1/1 batch_size=16512 running_batches=1 batch_loss=6.529877 running_loss=6.529877
[2026-06-19 09:18:26] [VAL] task=prediction phase=ae_width_only candidate=cand_000_d1_w1 epoch=30 starting validation
[2026-06-19 09:18:26] [VAL] task=prediction phase=ae_width_only candidate=cand_000_d1_w1 epoch=30 finished validation val_loss=6.240051
[2026-06-19 09:18:26] [CKPT] task=prediction phase=ae_width_only candidate=cand_000_d1_w1 epoch=30 done path=checkpoint_last.pt gpu_used_mib=15 host_available_mib=1680
[2026-06-19 09:18:26] [prediction][ae_width_only][cand_000_d1_w1] epoch=30 architecture=[1] train_loss=6.529877 val_loss=6.240051 candidate_best=6.240051 global_best=6.240051 es=0/10
[2026-06-19 09:18:28] [CKPT] task=prediction phase=ae_width_only candidate=cand_000_d1_w1 epoch=31 batch=1/1 start path=checkpoint_last.pt
[2026-06-19 09:18:28] [CKPT] task=prediction phase=ae_width_only candidate=cand_000_d1_w1 epoch=31 batch=1/1 done gpu_used_mib=15 host_available_mib=2388
[2026-06-19 09:18:28] [BATCH] task=prediction phase=ae_width_only candidate=cand_000_d1_w1 epoch=31 batch=1/1 batch_size=16512 running_batches=1 batch_loss=6.520650 running_loss=6.520650
[2026-06-19 09:18:28] [VAL] task=prediction phase=ae_width_only candidate=cand_000_d1_w1 epoch=31 starting validation
[2026-06-19 09:18:28] [VAL] task=prediction phase=ae_width_only candidate=cand_000_d1_w1 epoch=31 finished validation val_loss=6.230920
[2026-06-19 09:18:28] [CKPT] task=prediction phase=ae_width_only candidate=cand_000_d1_w1 epoch=31 done path=checkpoint_last.pt gpu_used_mib=15 host_available_mib=2373
[2026-06-19 09:18:28] [prediction][ae_width_only][cand_000_d1_w1] epoch=31 architecture=[1] train_loss=6.520650 val_loss=6.230920 candidate_best=6.230920 global_best=6.230920 es=0/10
[2026-06-19 09:18:31] [CKPT] task=prediction phase=ae_width_only candidate=cand_000_d1_w1 epoch=32 batch=1/1 start path=checkpoint_last.pt
[2026-06-19 09:18:31] [CKPT] task=prediction phase=ae_width_only candidate=cand_000_d1_w1 epoch=32 batch=1/1 done gpu_used_mib=15 host_available_mib=2677
[2026-06-19 09:18:31] [BATCH] task=prediction phase=ae_width_only candidate=cand_000_d1_w1 epoch=32 batch=1/1 batch_size=16512 running_batches=1 batch_loss=6.511380 running_loss=6.511380
[2026-06-19 09:18:31] [VAL] task=prediction phase=ae_width_only candidate=cand_000_d1_w1 epoch=32 starting validation
[2026-06-19 09:18:31] [VAL] task=prediction phase=ae_width_only candidate=cand_000_d1_w1 epoch=32 finished validation val_loss=6.221745
[2026-06-19 09:18:32] [CKPT] task=prediction phase=ae_width_only candidate=cand_000_d1_w1 epoch=32 done path=checkpoint_last.pt gpu_used_mib=15 host_available_mib=2531
[2026-06-19 09:18:32] [prediction][ae_width_only][cand_000_d1_w1] epoch=32 architecture=[1] train_loss=6.511380 val_loss=6.221745 candidate_best=6.221745 global_best=6.221745 es=0/10
[2026-06-19 09:18:34] [CKPT] task=prediction phase=ae_width_only candidate=cand_000_d1_w1 epoch=33 batch=1/1 start path=checkpoint_last.pt
[2026-06-19 09:18:34] [CKPT] task=prediction phase=ae_width_only candidate=cand_000_d1_w1 epoch=33 batch=1/1 done gpu_used_mib=15 host_available_mib=1585
[2026-06-19 09:18:34] [BATCH] task=prediction phase=ae_width_only candidate=cand_000_d1_w1 epoch=33 batch=1/1 batch_size=16512 running_batches=1 batch_loss=6.502070 running_loss=6.502070
[2026-06-19 09:18:34] [VAL] task=prediction phase=ae_width_only candidate=cand_000_d1_w1 epoch=33 starting validation
[2026-06-19 09:18:34] [VAL] task=prediction phase=ae_width_only candidate=cand_000_d1_w1 epoch=33 finished validation val_loss=6.212527
[2026-06-19 09:18:34] [CKPT] task=prediction phase=ae_width_only candidate=cand_000_d1_w1 epoch=33 done path=checkpoint_last.pt gpu_used_mib=15 host_available_mib=1478
[2026-06-19 09:18:34] [prediction][ae_width_only][cand_000_d1_w1] epoch=33 architecture=[1] train_loss=6.502070 val_loss=6.212527 candidate_best=6.212527 global_best=6.212527 es=0/10
[2026-06-19 09:18:37] [CKPT] task=prediction phase=ae_width_only candidate=cand_000_d1_w1 epoch=34 batch=1/1 start path=checkpoint_last.pt
[2026-06-19 09:18:37] [CKPT] task=prediction phase=ae_width_only candidate=cand_000_d1_w1 epoch=34 batch=1/1 done gpu_used_mib=15 host_available_mib=1495
[2026-06-19 09:18:37] [BATCH] task=prediction phase=ae_width_only candidate=cand_000_d1_w1 epoch=34 batch=1/1 batch_size=16512 running_batches=1 batch_loss=6.492718 running_loss=6.492718
[2026-06-19 09:18:37] [VAL] task=prediction phase=ae_width_only candidate=cand_000_d1_w1 epoch=34 starting validation
[2026-06-19 09:18:37] [VAL] task=prediction phase=ae_width_only candidate=cand_000_d1_w1 epoch=34 finished validation val_loss=6.203268
[2026-06-19 09:18:38] [CKPT] task=prediction phase=ae_width_only candidate=cand_000_d1_w1 epoch=34 done path=checkpoint_last.pt gpu_used_mib=15 host_available_mib=1637
[2026-06-19 09:18:38] [prediction][ae_width_only][cand_000_d1_w1] epoch=34 architecture=[1] train_loss=6.492718 val_loss=6.203268 candidate_best=6.203268 global_best=6.203268 es=0/10
[2026-06-19 09:18:40] [CKPT] task=prediction phase=ae_width_only candidate=cand_000_d1_w1 epoch=35 batch=1/1 start path=checkpoint_last.pt
[2026-06-19 09:18:40] [CKPT] task=prediction phase=ae_width_only candidate=cand_000_d1_w1 epoch=35 batch=1/1 done gpu_used_mib=15 host_available_mib=1779
[2026-06-19 09:18:40] [BATCH] task=prediction phase=ae_width_only candidate=cand_000_d1_w1 epoch=35 batch=1/1 batch_size=16512 running_batches=1 batch_loss=6.483322 running_loss=6.483322
[2026-06-19 09:18:40] [VAL] task=prediction phase=ae_width_only candidate=cand_000_d1_w1 epoch=35 starting validation
[2026-06-19 09:18:40] [VAL] task=prediction phase=ae_width_only candidate=cand_000_d1_w1 epoch=35 finished validation val_loss=6.193973
[2026-06-19 09:18:40] [CKPT] task=prediction phase=ae_width_only candidate=cand_000_d1_w1 epoch=35 done path=checkpoint_last.pt gpu_used_mib=15 host_available_mib=1596
[2026-06-19 09:18:40] [prediction][ae_width_only][cand_000_d1_w1] epoch=35 architecture=[1] train_loss=6.483322 val_loss=6.193973 candidate_best=6.193973 global_best=6.193973 es=0/10
[2026-06-19 09:18:43] [CKPT] task=prediction phase=ae_width_only candidate=cand_000_d1_w1 epoch=36 batch=1/1 start path=checkpoint_last.pt
[2026-06-19 09:18:43] [CKPT] task=prediction phase=ae_width_only candidate=cand_000_d1_w1 epoch=36 batch=1/1 done gpu_used_mib=15 host_available_mib=1432
[2026-06-19 09:18:43] [BATCH] task=prediction phase=ae_width_only candidate=cand_000_d1_w1 epoch=36 batch=1/1 batch_size=16512 running_batches=1 batch_loss=6.473887 running_loss=6.473887
[2026-06-19 09:18:43] [VAL] task=prediction phase=ae_width_only candidate=cand_000_d1_w1 epoch=36 starting validation
[2026-06-19 09:18:44] [VAL] task=prediction phase=ae_width_only candidate=cand_000_d1_w1 epoch=36 finished validation val_loss=6.184646
[2026-06-19 09:18:44] [CKPT] task=prediction phase=ae_width_only candidate=cand_000_d1_w1 epoch=36 done path=checkpoint_last.pt gpu_used_mib=15 host_available_mib=1352
[2026-06-19 09:18:44] [prediction][ae_width_only][cand_000_d1_w1] epoch=36 architecture=[1] train_loss=6.473887 val_loss=6.184646 candidate_best=6.184646 global_best=6.184646 es=0/10
[2026-06-19 09:18:47] [CKPT] task=prediction phase=ae_width_only candidate=cand_000_d1_w1 epoch=37 batch=1/1 start path=checkpoint_last.pt
[2026-06-19 09:18:48] [CKPT] task=prediction phase=ae_width_only candidate=cand_000_d1_w1 epoch=37 batch=1/1 done gpu_used_mib=15 host_available_mib=2500
[2026-06-19 09:18:48] [BATCH] task=prediction phase=ae_width_only candidate=cand_000_d1_w1 epoch=37 batch=1/1 batch_size=16512 running_batches=1 batch_loss=6.464412 running_loss=6.464412
[2026-06-19 09:18:48] [VAL] task=prediction phase=ae_width_only candidate=cand_000_d1_w1 epoch=37 starting validation
[2026-06-19 09:18:48] [VAL] task=prediction phase=ae_width_only candidate=cand_000_d1_w1 epoch=37 finished validation val_loss=6.175287
[2026-06-19 09:18:48] [CKPT] task=prediction phase=ae_width_only candidate=cand_000_d1_w1 epoch=37 done path=checkpoint_last.pt gpu_used_mib=15 host_available_mib=2480
[2026-06-19 09:18:48] [prediction][ae_width_only][cand_000_d1_w1] epoch=37 architecture=[1] train_loss=6.464412 val_loss=6.175287 candidate_best=6.175287 global_best=6.175287 es=0/10
[2026-06-19 09:18:50] [CKPT] task=prediction phase=ae_width_only candidate=cand_000_d1_w1 epoch=38 batch=1/1 start path=checkpoint_last.pt
[2026-06-19 09:18:51] [CKPT] task=prediction phase=ae_width_only candidate=cand_000_d1_w1 epoch=38 batch=1/1 done gpu_used_mib=15 host_available_mib=3433
[2026-06-19 09:18:51] [BATCH] task=prediction phase=ae_width_only candidate=cand_000_d1_w1 epoch=38 batch=1/1 batch_size=16512 running_batches=1 batch_loss=6.454894 running_loss=6.454894
[2026-06-19 09:18:51] [VAL] task=prediction phase=ae_width_only candidate=cand_000_d1_w1 epoch=38 starting validation
[2026-06-19 09:18:51] [VAL] task=prediction phase=ae_width_only candidate=cand_000_d1_w1 epoch=38 finished validation val_loss=6.165895
[2026-06-19 09:18:51] [CKPT] task=prediction phase=ae_width_only candidate=cand_000_d1_w1 epoch=38 done path=checkpoint_last.pt gpu_used_mib=15 host_available_mib=3638
[2026-06-19 09:18:51] [prediction][ae_width_only][cand_000_d1_w1] epoch=38 architecture=[1] train_loss=6.454894 val_loss=6.165895 candidate_best=6.165895 global_best=6.165895 es=0/10
[2026-06-19 09:18:54] [CKPT] task=prediction phase=ae_width_only candidate=cand_000_d1_w1 epoch=39 batch=1/1 start path=checkpoint_last.pt
[2026-06-19 09:18:54] [CKPT] task=prediction phase=ae_width_only candidate=cand_000_d1_w1 epoch=39 batch=1/1 done gpu_used_mib=15 host_available_mib=3280
[2026-06-19 09:18:54] [BATCH] task=prediction phase=ae_width_only candidate=cand_000_d1_w1 epoch=39 batch=1/1 batch_size=16512 running_batches=1 batch_loss=6.445331 running_loss=6.445331
[2026-06-19 09:18:54] [VAL] task=prediction phase=ae_width_only candidate=cand_000_d1_w1 epoch=39 starting validation
[2026-06-19 09:18:54] [VAL] task=prediction phase=ae_width_only candidate=cand_000_d1_w1 epoch=39 finished validation val_loss=6.156473
[2026-06-19 09:18:54] [CKPT] task=prediction phase=ae_width_only candidate=cand_000_d1_w1 epoch=39 done path=checkpoint_last.pt gpu_used_mib=15 host_available_mib=3253
[2026-06-19 09:18:54] [prediction][ae_width_only][cand_000_d1_w1] epoch=39 architecture=[1] train_loss=6.445331 val_loss=6.156473 candidate_best=6.156473 global_best=6.156473 es=0/10
[2026-06-19 09:18:58] [CKPT] task=prediction phase=ae_width_only candidate=cand_000_d1_w1 epoch=40 batch=1/1 start path=checkpoint_last.pt
[2026-06-19 09:18:58] [CKPT] task=prediction phase=ae_width_only candidate=cand_000_d1_w1 epoch=40 batch=1/1 done gpu_used_mib=15 host_available_mib=2610
[2026-06-19 09:18:58] [BATCH] task=prediction phase=ae_width_only candidate=cand_000_d1_w1 epoch=40 batch=1/1 batch_size=16512 running_batches=1 batch_loss=6.435722 running_loss=6.435722
[2026-06-19 09:18:58] [VAL] task=prediction phase=ae_width_only candidate=cand_000_d1_w1 epoch=40 starting validation
[2026-06-19 09:18:58] [VAL] task=prediction phase=ae_width_only candidate=cand_000_d1_w1 epoch=40 finished validation val_loss=6.147006
[2026-06-19 09:18:59] [CKPT] task=prediction phase=ae_width_only candidate=cand_000_d1_w1 epoch=40 done path=checkpoint_last.pt gpu_used_mib=15 host_available_mib=2434
[2026-06-19 09:18:59] [prediction][ae_width_only][cand_000_d1_w1] epoch=40 architecture=[1] train_loss=6.435722 val_loss=6.147006 candidate_best=6.147006 global_best=6.147006 es=0/10
[2026-06-19 09:19:02] [CKPT] task=prediction phase=ae_width_only candidate=cand_000_d1_w1 epoch=41 batch=1/1 start path=checkpoint_last.pt
[2026-06-19 09:19:02] [CKPT] task=prediction phase=ae_width_only candidate=cand_000_d1_w1 epoch=41 batch=1/1 done gpu_used_mib=15 host_available_mib=2344
[2026-06-19 09:19:02] [BATCH] task=prediction phase=ae_width_only candidate=cand_000_d1_w1 epoch=41 batch=1/1 batch_size=16512 running_batches=1 batch_loss=6.426068 running_loss=6.426068
[2026-06-19 09:19:02] [VAL] task=prediction phase=ae_width_only candidate=cand_000_d1_w1 epoch=41 starting validation
[2026-06-19 09:19:02] [VAL] task=prediction phase=ae_width_only candidate=cand_000_d1_w1 epoch=41 finished validation val_loss=6.137496
[2026-06-19 09:19:02] [CKPT] task=prediction phase=ae_width_only candidate=cand_000_d1_w1 epoch=41 done path=checkpoint_last.pt gpu_used_mib=15 host_available_mib=2182
[2026-06-19 09:19:02] [prediction][ae_width_only][cand_000_d1_w1] epoch=41 architecture=[1] train_loss=6.426068 val_loss=6.137496 candidate_best=6.137496 global_best=6.137496 es=0/10
[2026-06-19 09:19:05] [CKPT] task=prediction phase=ae_width_only candidate=cand_000_d1_w1 epoch=42 batch=1/1 start path=checkpoint_last.pt
[2026-06-19 09:19:06] [CKPT] task=prediction phase=ae_width_only candidate=cand_000_d1_w1 epoch=42 batch=1/1 done gpu_used_mib=15 host_available_mib=1764
[2026-06-19 09:19:06] [BATCH] task=prediction phase=ae_width_only candidate=cand_000_d1_w1 epoch=42 batch=1/1 batch_size=16512 running_batches=1 batch_loss=6.416372 running_loss=6.416372
[2026-06-19 09:19:06] [VAL] task=prediction phase=ae_width_only candidate=cand_000_d1_w1 epoch=42 starting validation
[2026-06-19 09:19:06] [VAL] task=prediction phase=ae_width_only candidate=cand_000_d1_w1 epoch=42 finished validation val_loss=6.127953
[2026-06-19 09:19:06] [CKPT] task=prediction phase=ae_width_only candidate=cand_000_d1_w1 epoch=42 done path=checkpoint_last.pt gpu_used_mib=15 host_available_mib=1893
[2026-06-19 09:19:06] [prediction][ae_width_only][cand_000_d1_w1] epoch=42 architecture=[1] train_loss=6.416372 val_loss=6.127953 candidate_best=6.127953 global_best=6.127953 es=0/10
[2026-06-19 09:19:08] [CKPT] task=prediction phase=ae_width_only candidate=cand_000_d1_w1 epoch=43 batch=1/1 start path=checkpoint_last.pt
[2026-06-19 09:19:08] [CKPT] task=prediction phase=ae_width_only candidate=cand_000_d1_w1 epoch=43 batch=1/1 done gpu_used_mib=15 host_available_mib=2640
[2026-06-19 09:19:08] [BATCH] task=prediction phase=ae_width_only candidate=cand_000_d1_w1 epoch=43 batch=1/1 batch_size=16512 running_batches=1 batch_loss=6.406633 running_loss=6.406633
[2026-06-19 09:19:08] [VAL] task=prediction phase=ae_width_only candidate=cand_000_d1_w1 epoch=43 starting validation
[2026-06-19 09:19:08] [VAL] task=prediction phase=ae_width_only candidate=cand_000_d1_w1 epoch=43 finished validation val_loss=6.118369
[2026-06-19 09:19:09] [CKPT] task=prediction phase=ae_width_only candidate=cand_000_d1_w1 epoch=43 done path=checkpoint_last.pt gpu_used_mib=15 host_available_mib=2558
[2026-06-19 09:19:09] [prediction][ae_width_only][cand_000_d1_w1] epoch=43 architecture=[1] train_loss=6.406633 val_loss=6.118369 candidate_best=6.118369 global_best=6.118369 es=0/10
[2026-06-19 09:19:12] [CKPT] task=prediction phase=ae_width_only candidate=cand_000_d1_w1 epoch=44 batch=1/1 start path=checkpoint_last.pt
[2026-06-19 09:19:12] [CKPT] task=prediction phase=ae_width_only candidate=cand_000_d1_w1 epoch=44 batch=1/1 done gpu_used_mib=15 host_available_mib=2049
[2026-06-19 09:19:12] [BATCH] task=prediction phase=ae_width_only candidate=cand_000_d1_w1 epoch=44 batch=1/1 batch_size=16512 running_batches=1 batch_loss=6.396851 running_loss=6.396851
[2026-06-19 09:19:12] [VAL] task=prediction phase=ae_width_only candidate=cand_000_d1_w1 epoch=44 starting validation
[2026-06-19 09:19:12] [VAL] task=prediction phase=ae_width_only candidate=cand_000_d1_w1 epoch=44 finished validation val_loss=6.108747
[2026-06-19 09:19:12] [CKPT] task=prediction phase=ae_width_only candidate=cand_000_d1_w1 epoch=44 done path=checkpoint_last.pt gpu_used_mib=15 host_available_mib=1878
[2026-06-19 09:19:12] [prediction][ae_width_only][cand_000_d1_w1] epoch=44 architecture=[1] train_loss=6.396851 val_loss=6.108747 candidate_best=6.108747 global_best=6.108747 es=0/10
[2026-06-19 09:19:15] [CKPT] task=prediction phase=ae_width_only candidate=cand_000_d1_w1 epoch=45 batch=1/1 start path=checkpoint_last.pt
[2026-06-19 09:19:16] [CKPT] task=prediction phase=ae_width_only candidate=cand_000_d1_w1 epoch=45 batch=1/1 done gpu_used_mib=15 host_available_mib=2981
[2026-06-19 09:19:16] [BATCH] task=prediction phase=ae_width_only candidate=cand_000_d1_w1 epoch=45 batch=1/1 batch_size=16512 running_batches=1 batch_loss=6.387024 running_loss=6.387024
[2026-06-19 09:19:16] [VAL] task=prediction phase=ae_width_only candidate=cand_000_d1_w1 epoch=45 starting validation
[2026-06-19 09:19:16] [VAL] task=prediction phase=ae_width_only candidate=cand_000_d1_w1 epoch=45 finished validation val_loss=6.099072
[2026-06-19 09:19:16] [CKPT] task=prediction phase=ae_width_only candidate=cand_000_d1_w1 epoch=45 done path=checkpoint_last.pt gpu_used_mib=15 host_available_mib=2995
[2026-06-19 09:19:16] [prediction][ae_width_only][cand_000_d1_w1] epoch=45 architecture=[1] train_loss=6.387024 val_loss=6.099072 candidate_best=6.099072 global_best=6.099072 es=0/10
