[2026-06-16 12:30:36] Initialized ContinuousLogger for stl_ablation (Mode: stl_ablation)
[2026-06-16 12:30:36] Logs: MLPS/tabular/shared/dae_dnn/results/stl/ablation/parammatched_decade_v1_param_10pow04_06/classification/_children/stl_ablation_r01_d156_parammatched/training_log.txt
[2026-06-16 12:30:36] CSV: MLPS/tabular/shared/dae_dnn/results/stl/ablation/parammatched_decade_v1_param_10pow04_06/classification/_children/stl_ablation_r01_d156_parammatched/training_stats.csv
[2026-06-16 12:30:36] Run root: MLPS/tabular/shared/dae_dnn/results/stl/ablation/parammatched_decade_v1_param_10pow04_06/classification/_children/stl_ablation_r01_d156_parammatched
[2026-06-16 12:30:36] Tasks: ['classification']
[2026-06-16 12:30:36] Architectures: ['[156]']
[2026-06-16 12:30:36] Parameter decade band: [4, 6]
[2026-06-16 12:30:36] Repeat count: 5
[2026-06-16 12:30:36] Source run root: MLPS/tabular/shared/dae_dnn/results/goliath_w2d_staged_current
[2026-06-16 12:30:36] Device: cuda
[2026-06-16 12:30:36] Git commit: e2843ea06d1e745a02f5cfb6200c5d09cec9c9f8
[2026-06-16 12:30:38] [ABLATION:classification] GPU VRAM samples=[] avg_mib=None
[2026-06-16 12:32:36] Initialized ContinuousLogger for stl_ablation (Mode: stl_ablation)
[2026-06-16 12:32:36] Logs: MLPS/tabular/shared/dae_dnn/results/stl/ablation/parammatched_decade_v1_param_10pow04_06/classification/_children/stl_ablation_r01_d156_parammatched/training_log.txt
[2026-06-16 12:32:36] CSV: MLPS/tabular/shared/dae_dnn/results/stl/ablation/parammatched_decade_v1_param_10pow04_06/classification/_children/stl_ablation_r01_d156_parammatched/training_stats.csv
[2026-06-16 12:32:36] Run root: MLPS/tabular/shared/dae_dnn/results/stl/ablation/parammatched_decade_v1_param_10pow04_06/classification/_children/stl_ablation_r01_d156_parammatched
[2026-06-16 12:32:36] Tasks: ['classification']
[2026-06-16 12:32:36] Architectures: ['[156]']
[2026-06-16 12:32:36] Parameter decade band: [4, 6]
[2026-06-16 12:32:36] Repeat count: 5
[2026-06-16 12:32:36] Source run root: MLPS/tabular/shared/dae_dnn/results/goliath_w2d_staged_current
[2026-06-16 12:32:36] Device: cuda
[2026-06-16 12:32:36] Git commit: e2843ea06d1e745a02f5cfb6200c5d09cec9c9f8
[2026-06-16 12:34:36] Initialized ContinuousLogger for stl_ablation (Mode: stl_ablation)
[2026-06-16 12:34:36] Logs: MLPS/tabular/shared/dae_dnn/results/stl/ablation/parammatched_decade_v1_param_10pow04_06/classification/_children/stl_ablation_r01_d156_parammatched/training_log.txt
[2026-06-16 12:34:36] CSV: MLPS/tabular/shared/dae_dnn/results/stl/ablation/parammatched_decade_v1_param_10pow04_06/classification/_children/stl_ablation_r01_d156_parammatched/training_stats.csv
[2026-06-16 12:34:36] Run root: MLPS/tabular/shared/dae_dnn/results/stl/ablation/parammatched_decade_v1_param_10pow04_06/classification/_children/stl_ablation_r01_d156_parammatched
[2026-06-16 12:34:36] Tasks: ['classification']
[2026-06-16 12:34:36] Architectures: ['[156]']
[2026-06-16 12:34:36] Parameter decade band: [4, 6]
[2026-06-16 12:34:36] Repeat count: 5
[2026-06-16 12:34:36] Source run root: MLPS/tabular/shared/dae_dnn/results/goliath_w2d_staged_current
[2026-06-16 12:34:36] Device: cuda
[2026-06-16 12:34:36] Git commit: e2843ea06d1e745a02f5cfb6200c5d09cec9c9f8
[2026-06-16 12:36:36] Initialized ContinuousLogger for stl_ablation (Mode: stl_ablation)
[2026-06-16 12:36:36] Logs: MLPS/tabular/shared/dae_dnn/results/stl/ablation/parammatched_decade_v1_param_10pow04_06/classification/_children/stl_ablation_r01_d156_parammatched/training_log.txt
[2026-06-16 12:36:36] CSV: MLPS/tabular/shared/dae_dnn/results/stl/ablation/parammatched_decade_v1_param_10pow04_06/classification/_children/stl_ablation_r01_d156_parammatched/training_stats.csv
[2026-06-16 12:36:36] Run root: MLPS/tabular/shared/dae_dnn/results/stl/ablation/parammatched_decade_v1_param_10pow04_06/classification/_children/stl_ablation_r01_d156_parammatched
[2026-06-16 12:36:36] Tasks: ['classification']
[2026-06-16 12:36:36] Architectures: ['[156]']
[2026-06-16 12:36:36] Parameter decade band: [4, 6]
[2026-06-16 12:36:36] Repeat count: 5
[2026-06-16 12:36:36] Source run root: MLPS/tabular/shared/dae_dnn/results/goliath_w2d_staged_current
[2026-06-16 12:36:36] Device: cuda
[2026-06-16 12:36:36] Git commit: e2843ea06d1e745a02f5cfb6200c5d09cec9c9f8
[2026-06-16 12:38:36] Initialized ContinuousLogger for stl_ablation (Mode: stl_ablation)
[2026-06-16 12:38:36] Logs: MLPS/tabular/shared/dae_dnn/results/stl/ablation/parammatched_decade_v1_param_10pow04_06/classification/_children/stl_ablation_r01_d156_parammatched/training_log.txt
[2026-06-16 12:38:36] CSV: MLPS/tabular/shared/dae_dnn/results/stl/ablation/parammatched_decade_v1_param_10pow04_06/classification/_children/stl_ablation_r01_d156_parammatched/training_stats.csv
[2026-06-16 12:38:36] Run root: MLPS/tabular/shared/dae_dnn/results/stl/ablation/parammatched_decade_v1_param_10pow04_06/classification/_children/stl_ablation_r01_d156_parammatched
[2026-06-16 12:38:36] Tasks: ['classification']
[2026-06-16 12:38:36] Architectures: ['[156]']
[2026-06-16 12:38:36] Parameter decade band: [4, 6]
[2026-06-16 12:38:36] Repeat count: 5
[2026-06-16 12:38:36] Source run root: MLPS/tabular/shared/dae_dnn/results/goliath_w2d_staged_current
[2026-06-16 12:38:36] Device: cuda
[2026-06-16 12:38:36] Git commit: e2843ea06d1e745a02f5cfb6200c5d09cec9c9f8
[2026-06-16 12:40:35] Initialized ContinuousLogger for stl_ablation (Mode: stl_ablation)
[2026-06-16 12:40:35] Logs: MLPS/tabular/shared/dae_dnn/results/stl/ablation/parammatched_decade_v1_param_10pow04_06/classification/_children/stl_ablation_r01_d156_parammatched/training_log.txt
[2026-06-16 12:40:35] CSV: MLPS/tabular/shared/dae_dnn/results/stl/ablation/parammatched_decade_v1_param_10pow04_06/classification/_children/stl_ablation_r01_d156_parammatched/training_stats.csv
[2026-06-16 12:40:35] Run root: MLPS/tabular/shared/dae_dnn/results/stl/ablation/parammatched_decade_v1_param_10pow04_06/classification/_children/stl_ablation_r01_d156_parammatched
[2026-06-16 12:40:35] Tasks: ['classification']
[2026-06-16 12:40:35] Architectures: ['[156]']
[2026-06-16 12:40:35] Parameter decade band: [4, 6]
[2026-06-16 12:40:35] Repeat count: 5
[2026-06-16 12:40:35] Source run root: MLPS/tabular/shared/dae_dnn/results/goliath_w2d_staged_current
[2026-06-16 12:40:35] Device: cuda
[2026-06-16 12:40:35] Git commit: e2843ea06d1e745a02f5cfb6200c5d09cec9c9f8
[2026-06-16 12:42:35] Initialized ContinuousLogger for stl_ablation (Mode: stl_ablation)
[2026-06-16 12:42:35] Logs: MLPS/tabular/shared/dae_dnn/results/stl/ablation/parammatched_decade_v1_param_10pow04_06/classification/_children/stl_ablation_r01_d156_parammatched/training_log.txt
[2026-06-16 12:42:35] CSV: MLPS/tabular/shared/dae_dnn/results/stl/ablation/parammatched_decade_v1_param_10pow04_06/classification/_children/stl_ablation_r01_d156_parammatched/training_stats.csv
[2026-06-16 12:42:35] Run root: MLPS/tabular/shared/dae_dnn/results/stl/ablation/parammatched_decade_v1_param_10pow04_06/classification/_children/stl_ablation_r01_d156_parammatched
[2026-06-16 12:42:35] Tasks: ['classification']
[2026-06-16 12:42:35] Architectures: ['[156]']
[2026-06-16 12:42:35] Parameter decade band: [4, 6]
[2026-06-16 12:42:35] Repeat count: 5
[2026-06-16 12:42:35] Source run root: MLPS/tabular/shared/dae_dnn/results/goliath_w2d_staged_current
[2026-06-16 12:42:35] Device: cuda
[2026-06-16 12:42:35] Git commit: e2843ea06d1e745a02f5cfb6200c5d09cec9c9f8
[2026-06-16 12:44:35] Initialized ContinuousLogger for stl_ablation (Mode: stl_ablation)
[2026-06-16 12:44:35] Logs: MLPS/tabular/shared/dae_dnn/results/stl/ablation/parammatched_decade_v1_param_10pow04_06/classification/_children/stl_ablation_r01_d156_parammatched/training_log.txt
[2026-06-16 12:44:35] CSV: MLPS/tabular/shared/dae_dnn/results/stl/ablation/parammatched_decade_v1_param_10pow04_06/classification/_children/stl_ablation_r01_d156_parammatched/training_stats.csv
[2026-06-16 12:44:35] Run root: MLPS/tabular/shared/dae_dnn/results/stl/ablation/parammatched_decade_v1_param_10pow04_06/classification/_children/stl_ablation_r01_d156_parammatched
[2026-06-16 12:44:35] Tasks: ['classification']
[2026-06-16 12:44:35] Architectures: ['[156]']
[2026-06-16 12:44:35] Parameter decade band: [4, 6]
[2026-06-16 12:44:35] Repeat count: 5
[2026-06-16 12:44:35] Source run root: MLPS/tabular/shared/dae_dnn/results/goliath_w2d_staged_current
[2026-06-16 12:44:35] Device: cuda
[2026-06-16 12:44:35] Git commit: e2843ea06d1e745a02f5cfb6200c5d09cec9c9f8
[2026-06-16 12:46:35] Initialized ContinuousLogger for stl_ablation (Mode: stl_ablation)
[2026-06-16 12:46:35] Logs: MLPS/tabular/shared/dae_dnn/results/stl/ablation/parammatched_decade_v1_param_10pow04_06/classification/_children/stl_ablation_r01_d156_parammatched/training_log.txt
[2026-06-16 12:46:35] CSV: MLPS/tabular/shared/dae_dnn/results/stl/ablation/parammatched_decade_v1_param_10pow04_06/classification/_children/stl_ablation_r01_d156_parammatched/training_stats.csv
[2026-06-16 12:46:35] Run root: MLPS/tabular/shared/dae_dnn/results/stl/ablation/parammatched_decade_v1_param_10pow04_06/classification/_children/stl_ablation_r01_d156_parammatched
[2026-06-16 12:46:35] Tasks: ['classification']
[2026-06-16 12:46:35] Architectures: ['[156]']
[2026-06-16 12:46:35] Parameter decade band: [4, 6]
[2026-06-16 12:46:35] Repeat count: 5
[2026-06-16 12:46:35] Source run root: MLPS/tabular/shared/dae_dnn/results/goliath_w2d_staged_current
[2026-06-16 12:46:35] Device: cuda
[2026-06-16 12:46:35] Git commit: e2843ea06d1e745a02f5cfb6200c5d09cec9c9f8
[2026-06-16 12:48:35] Initialized ContinuousLogger for stl_ablation (Mode: stl_ablation)
[2026-06-16 12:48:35] Logs: MLPS/tabular/shared/dae_dnn/results/stl/ablation/parammatched_decade_v1_param_10pow04_06/classification/_children/stl_ablation_r01_d156_parammatched/training_log.txt
[2026-06-16 12:48:35] CSV: MLPS/tabular/shared/dae_dnn/results/stl/ablation/parammatched_decade_v1_param_10pow04_06/classification/_children/stl_ablation_r01_d156_parammatched/training_stats.csv
[2026-06-16 12:48:35] Run root: MLPS/tabular/shared/dae_dnn/results/stl/ablation/parammatched_decade_v1_param_10pow04_06/classification/_children/stl_ablation_r01_d156_parammatched
[2026-06-16 12:48:35] Tasks: ['classification']
[2026-06-16 12:48:35] Architectures: ['[156]']
[2026-06-16 12:48:35] Parameter decade band: [4, 6]
[2026-06-16 12:48:35] Repeat count: 5
[2026-06-16 12:48:35] Source run root: MLPS/tabular/shared/dae_dnn/results/goliath_w2d_staged_current
[2026-06-16 12:48:35] Device: cuda
[2026-06-16 12:48:35] Git commit: e2843ea06d1e745a02f5cfb6200c5d09cec9c9f8
[2026-06-16 12:50:35] Initialized ContinuousLogger for stl_ablation (Mode: stl_ablation)
[2026-06-16 12:50:35] Logs: MLPS/tabular/shared/dae_dnn/results/stl/ablation/parammatched_decade_v1_param_10pow04_06/classification/_children/stl_ablation_r01_d156_parammatched/training_log.txt
[2026-06-16 12:50:35] CSV: MLPS/tabular/shared/dae_dnn/results/stl/ablation/parammatched_decade_v1_param_10pow04_06/classification/_children/stl_ablation_r01_d156_parammatched/training_stats.csv
[2026-06-16 12:50:35] Run root: MLPS/tabular/shared/dae_dnn/results/stl/ablation/parammatched_decade_v1_param_10pow04_06/classification/_children/stl_ablation_r01_d156_parammatched
[2026-06-16 12:50:35] Tasks: ['classification']
[2026-06-16 12:50:35] Architectures: ['[156]']
[2026-06-16 12:50:35] Parameter decade band: [4, 6]
[2026-06-16 12:50:35] Repeat count: 5
[2026-06-16 12:50:35] Source run root: MLPS/tabular/shared/dae_dnn/results/goliath_w2d_staged_current
[2026-06-16 12:50:35] Device: cuda
[2026-06-16 12:50:35] Git commit: e2843ea06d1e745a02f5cfb6200c5d09cec9c9f8
[2026-06-16 12:52:35] Initialized ContinuousLogger for stl_ablation (Mode: stl_ablation)
[2026-06-16 12:52:35] Logs: MLPS/tabular/shared/dae_dnn/results/stl/ablation/parammatched_decade_v1_param_10pow04_06/classification/_children/stl_ablation_r01_d156_parammatched/training_log.txt
[2026-06-16 12:52:35] CSV: MLPS/tabular/shared/dae_dnn/results/stl/ablation/parammatched_decade_v1_param_10pow04_06/classification/_children/stl_ablation_r01_d156_parammatched/training_stats.csv
[2026-06-16 12:52:35] Run root: MLPS/tabular/shared/dae_dnn/results/stl/ablation/parammatched_decade_v1_param_10pow04_06/classification/_children/stl_ablation_r01_d156_parammatched
[2026-06-16 12:52:35] Tasks: ['classification']
[2026-06-16 12:52:35] Architectures: ['[156]']
[2026-06-16 12:52:35] Parameter decade band: [4, 6]
[2026-06-16 12:52:35] Repeat count: 5
[2026-06-16 12:52:35] Source run root: MLPS/tabular/shared/dae_dnn/results/goliath_w2d_staged_current
[2026-06-16 12:52:35] Device: cuda
[2026-06-16 12:52:35] Git commit: e2843ea06d1e745a02f5cfb6200c5d09cec9c9f8
[2026-06-16 12:54:35] Initialized ContinuousLogger for stl_ablation (Mode: stl_ablation)
[2026-06-16 12:54:35] Logs: MLPS/tabular/shared/dae_dnn/results/stl/ablation/parammatched_decade_v1_param_10pow04_06/classification/_children/stl_ablation_r01_d156_parammatched/training_log.txt
[2026-06-16 12:54:35] CSV: MLPS/tabular/shared/dae_dnn/results/stl/ablation/parammatched_decade_v1_param_10pow04_06/classification/_children/stl_ablation_r01_d156_parammatched/training_stats.csv
[2026-06-16 12:54:35] Run root: MLPS/tabular/shared/dae_dnn/results/stl/ablation/parammatched_decade_v1_param_10pow04_06/classification/_children/stl_ablation_r01_d156_parammatched
[2026-06-16 12:54:35] Tasks: ['classification']
[2026-06-16 12:54:35] Architectures: ['[156]']
[2026-06-16 12:54:35] Parameter decade band: [4, 6]
[2026-06-16 12:54:35] Repeat count: 5
[2026-06-16 12:54:35] Source run root: MLPS/tabular/shared/dae_dnn/results/goliath_w2d_staged_current
[2026-06-16 12:54:35] Device: cuda
[2026-06-16 12:54:35] Git commit: e2843ea06d1e745a02f5cfb6200c5d09cec9c9f8
[2026-06-16 12:56:35] Initialized ContinuousLogger for stl_ablation (Mode: stl_ablation)
[2026-06-16 12:56:35] Logs: MLPS/tabular/shared/dae_dnn/results/stl/ablation/parammatched_decade_v1_param_10pow04_06/classification/_children/stl_ablation_r01_d156_parammatched/training_log.txt
[2026-06-16 12:56:35] CSV: MLPS/tabular/shared/dae_dnn/results/stl/ablation/parammatched_decade_v1_param_10pow04_06/classification/_children/stl_ablation_r01_d156_parammatched/training_stats.csv
[2026-06-16 12:56:35] Run root: MLPS/tabular/shared/dae_dnn/results/stl/ablation/parammatched_decade_v1_param_10pow04_06/classification/_children/stl_ablation_r01_d156_parammatched
[2026-06-16 12:56:35] Tasks: ['classification']
[2026-06-16 12:56:35] Architectures: ['[156]']
[2026-06-16 12:56:35] Parameter decade band: [4, 6]
[2026-06-16 12:56:35] Repeat count: 5
[2026-06-16 12:56:35] Source run root: MLPS/tabular/shared/dae_dnn/results/goliath_w2d_staged_current
[2026-06-16 12:56:35] Device: cuda
[2026-06-16 12:56:35] Git commit: e2843ea06d1e745a02f5cfb6200c5d09cec9c9f8
[2026-06-16 12:58:34] Initialized ContinuousLogger for stl_ablation (Mode: stl_ablation)
[2026-06-16 12:58:34] Logs: MLPS/tabular/shared/dae_dnn/results/stl/ablation/parammatched_decade_v1_param_10pow04_06/classification/_children/stl_ablation_r01_d156_parammatched/training_log.txt
[2026-06-16 12:58:34] CSV: MLPS/tabular/shared/dae_dnn/results/stl/ablation/parammatched_decade_v1_param_10pow04_06/classification/_children/stl_ablation_r01_d156_parammatched/training_stats.csv
[2026-06-16 12:58:34] Run root: MLPS/tabular/shared/dae_dnn/results/stl/ablation/parammatched_decade_v1_param_10pow04_06/classification/_children/stl_ablation_r01_d156_parammatched
[2026-06-16 12:58:34] Tasks: ['classification']
[2026-06-16 12:58:34] Architectures: ['[156]']
[2026-06-16 12:58:34] Parameter decade band: [4, 6]
[2026-06-16 12:58:34] Repeat count: 5
[2026-06-16 12:58:34] Source run root: MLPS/tabular/shared/dae_dnn/results/goliath_w2d_staged_current
[2026-06-16 12:58:34] Device: cuda
[2026-06-16 12:58:34] Git commit: e2843ea06d1e745a02f5cfb6200c5d09cec9c9f8
[2026-06-16 13:00:34] Initialized ContinuousLogger for stl_ablation (Mode: stl_ablation)
[2026-06-16 13:00:34] Logs: MLPS/tabular/shared/dae_dnn/results/stl/ablation/parammatched_decade_v1_param_10pow04_06/classification/_children/stl_ablation_r01_d156_parammatched/training_log.txt
[2026-06-16 13:00:34] CSV: MLPS/tabular/shared/dae_dnn/results/stl/ablation/parammatched_decade_v1_param_10pow04_06/classification/_children/stl_ablation_r01_d156_parammatched/training_stats.csv
[2026-06-16 13:00:34] Run root: MLPS/tabular/shared/dae_dnn/results/stl/ablation/parammatched_decade_v1_param_10pow04_06/classification/_children/stl_ablation_r01_d156_parammatched
[2026-06-16 13:00:34] Tasks: ['classification']
[2026-06-16 13:00:34] Architectures: ['[156]']
[2026-06-16 13:00:34] Parameter decade band: [4, 6]
[2026-06-16 13:00:34] Repeat count: 5
[2026-06-16 13:00:34] Source run root: MLPS/tabular/shared/dae_dnn/results/goliath_w2d_staged_current
[2026-06-16 13:00:34] Device: cuda
[2026-06-16 13:00:34] Git commit: e2843ea06d1e745a02f5cfb6200c5d09cec9c9f8
[2026-06-16 13:02:35] Initialized ContinuousLogger for stl_ablation (Mode: stl_ablation)
[2026-06-16 13:02:35] Logs: MLPS/tabular/shared/dae_dnn/results/stl/ablation/parammatched_decade_v1_param_10pow04_06/classification/_children/stl_ablation_r01_d156_parammatched/training_log.txt
[2026-06-16 13:02:35] CSV: MLPS/tabular/shared/dae_dnn/results/stl/ablation/parammatched_decade_v1_param_10pow04_06/classification/_children/stl_ablation_r01_d156_parammatched/training_stats.csv
[2026-06-16 13:02:35] Run root: MLPS/tabular/shared/dae_dnn/results/stl/ablation/parammatched_decade_v1_param_10pow04_06/classification/_children/stl_ablation_r01_d156_parammatched
[2026-06-16 13:02:35] Tasks: ['classification']
[2026-06-16 13:02:35] Architectures: ['[156]']
[2026-06-16 13:02:35] Parameter decade band: [4, 6]
[2026-06-16 13:02:35] Repeat count: 5
[2026-06-16 13:02:35] Source run root: MLPS/tabular/shared/dae_dnn/results/goliath_w2d_staged_current
[2026-06-16 13:02:35] Device: cuda
[2026-06-16 13:02:35] Git commit: e2843ea06d1e745a02f5cfb6200c5d09cec9c9f8
[2026-06-16 13:04:35] Initialized ContinuousLogger for stl_ablation (Mode: stl_ablation)
[2026-06-16 13:04:35] Logs: MLPS/tabular/shared/dae_dnn/results/stl/ablation/parammatched_decade_v1_param_10pow04_06/classification/_children/stl_ablation_r01_d156_parammatched/training_log.txt
[2026-06-16 13:04:35] CSV: MLPS/tabular/shared/dae_dnn/results/stl/ablation/parammatched_decade_v1_param_10pow04_06/classification/_children/stl_ablation_r01_d156_parammatched/training_stats.csv
[2026-06-16 13:04:35] Run root: MLPS/tabular/shared/dae_dnn/results/stl/ablation/parammatched_decade_v1_param_10pow04_06/classification/_children/stl_ablation_r01_d156_parammatched
[2026-06-16 13:04:35] Tasks: ['classification']
[2026-06-16 13:04:35] Architectures: ['[156]']
[2026-06-16 13:04:35] Parameter decade band: [4, 6]
[2026-06-16 13:04:35] Repeat count: 5
[2026-06-16 13:04:35] Source run root: MLPS/tabular/shared/dae_dnn/results/goliath_w2d_staged_current
[2026-06-16 13:04:35] Device: cuda
[2026-06-16 13:04:35] Git commit: e2843ea06d1e745a02f5cfb6200c5d09cec9c9f8
[2026-06-16 13:06:35] Initialized ContinuousLogger for stl_ablation (Mode: stl_ablation)
[2026-06-16 13:06:35] Logs: MLPS/tabular/shared/dae_dnn/results/stl/ablation/parammatched_decade_v1_param_10pow04_06/classification/_children/stl_ablation_r01_d156_parammatched/training_log.txt
[2026-06-16 13:06:35] CSV: MLPS/tabular/shared/dae_dnn/results/stl/ablation/parammatched_decade_v1_param_10pow04_06/classification/_children/stl_ablation_r01_d156_parammatched/training_stats.csv
[2026-06-16 13:06:35] Run root: MLPS/tabular/shared/dae_dnn/results/stl/ablation/parammatched_decade_v1_param_10pow04_06/classification/_children/stl_ablation_r01_d156_parammatched
[2026-06-16 13:06:35] Tasks: ['classification']
[2026-06-16 13:06:35] Architectures: ['[156]']
[2026-06-16 13:06:35] Parameter decade band: [4, 6]
[2026-06-16 13:06:35] Repeat count: 5
[2026-06-16 13:06:35] Source run root: MLPS/tabular/shared/dae_dnn/results/goliath_w2d_staged_current
[2026-06-16 13:06:35] Device: cuda
[2026-06-16 13:06:35] Git commit: e2843ea06d1e745a02f5cfb6200c5d09cec9c9f8
[2026-06-16 13:08:35] Initialized ContinuousLogger for stl_ablation (Mode: stl_ablation)
[2026-06-16 13:08:35] Logs: MLPS/tabular/shared/dae_dnn/results/stl/ablation/parammatched_decade_v1_param_10pow04_06/classification/_children/stl_ablation_r01_d156_parammatched/training_log.txt
[2026-06-16 13:08:35] CSV: MLPS/tabular/shared/dae_dnn/results/stl/ablation/parammatched_decade_v1_param_10pow04_06/classification/_children/stl_ablation_r01_d156_parammatched/training_stats.csv
[2026-06-16 13:08:35] Run root: MLPS/tabular/shared/dae_dnn/results/stl/ablation/parammatched_decade_v1_param_10pow04_06/classification/_children/stl_ablation_r01_d156_parammatched
[2026-06-16 13:08:35] Tasks: ['classification']
[2026-06-16 13:08:35] Architectures: ['[156]']
[2026-06-16 13:08:35] Parameter decade band: [4, 6]
[2026-06-16 13:08:35] Repeat count: 5
[2026-06-16 13:08:35] Source run root: MLPS/tabular/shared/dae_dnn/results/goliath_w2d_staged_current
[2026-06-16 13:08:35] Device: cuda
[2026-06-16 13:08:35] Git commit: e2843ea06d1e745a02f5cfb6200c5d09cec9c9f8
[2026-06-16 13:10:35] Initialized ContinuousLogger for stl_ablation (Mode: stl_ablation)
[2026-06-16 13:10:35] Logs: MLPS/tabular/shared/dae_dnn/results/stl/ablation/parammatched_decade_v1_param_10pow04_06/classification/_children/stl_ablation_r01_d156_parammatched/training_log.txt
[2026-06-16 13:10:35] CSV: MLPS/tabular/shared/dae_dnn/results/stl/ablation/parammatched_decade_v1_param_10pow04_06/classification/_children/stl_ablation_r01_d156_parammatched/training_stats.csv
[2026-06-16 13:10:35] Run root: MLPS/tabular/shared/dae_dnn/results/stl/ablation/parammatched_decade_v1_param_10pow04_06/classification/_children/stl_ablation_r01_d156_parammatched
[2026-06-16 13:10:35] Tasks: ['classification']
[2026-06-16 13:10:35] Architectures: ['[156]']
[2026-06-16 13:10:35] Parameter decade band: [4, 6]
[2026-06-16 13:10:35] Repeat count: 5
[2026-06-16 13:10:35] Source run root: MLPS/tabular/shared/dae_dnn/results/goliath_w2d_staged_current
[2026-06-16 13:10:35] Device: cuda
[2026-06-16 13:10:35] Git commit: e2843ea06d1e745a02f5cfb6200c5d09cec9c9f8
[2026-06-16 13:12:35] Initialized ContinuousLogger for stl_ablation (Mode: stl_ablation)
[2026-06-16 13:12:35] Logs: MLPS/tabular/shared/dae_dnn/results/stl/ablation/parammatched_decade_v1_param_10pow04_06/classification/_children/stl_ablation_r01_d156_parammatched/training_log.txt
[2026-06-16 13:12:35] CSV: MLPS/tabular/shared/dae_dnn/results/stl/ablation/parammatched_decade_v1_param_10pow04_06/classification/_children/stl_ablation_r01_d156_parammatched/training_stats.csv
[2026-06-16 13:12:35] Run root: MLPS/tabular/shared/dae_dnn/results/stl/ablation/parammatched_decade_v1_param_10pow04_06/classification/_children/stl_ablation_r01_d156_parammatched
[2026-06-16 13:12:35] Tasks: ['classification']
[2026-06-16 13:12:35] Architectures: ['[156]']
[2026-06-16 13:12:35] Parameter decade band: [4, 6]
[2026-06-16 13:12:35] Repeat count: 5
[2026-06-16 13:12:35] Source run root: MLPS/tabular/shared/dae_dnn/results/goliath_w2d_staged_current
[2026-06-16 13:12:35] Device: cuda
[2026-06-16 13:12:35] Git commit: e2843ea06d1e745a02f5cfb6200c5d09cec9c9f8
[2026-06-16 13:14:35] Initialized ContinuousLogger for stl_ablation (Mode: stl_ablation)
[2026-06-16 13:14:35] Logs: MLPS/tabular/shared/dae_dnn/results/stl/ablation/parammatched_decade_v1_param_10pow04_06/classification/_children/stl_ablation_r01_d156_parammatched/training_log.txt
[2026-06-16 13:14:35] CSV: MLPS/tabular/shared/dae_dnn/results/stl/ablation/parammatched_decade_v1_param_10pow04_06/classification/_children/stl_ablation_r01_d156_parammatched/training_stats.csv
[2026-06-16 13:14:35] Run root: MLPS/tabular/shared/dae_dnn/results/stl/ablation/parammatched_decade_v1_param_10pow04_06/classification/_children/stl_ablation_r01_d156_parammatched
[2026-06-16 13:14:35] Tasks: ['classification']
[2026-06-16 13:14:35] Architectures: ['[156]']
[2026-06-16 13:14:35] Parameter decade band: [4, 6]
[2026-06-16 13:14:35] Repeat count: 5
[2026-06-16 13:14:35] Source run root: MLPS/tabular/shared/dae_dnn/results/goliath_w2d_staged_current
[2026-06-16 13:14:35] Device: cuda
[2026-06-16 13:14:35] Git commit: e2843ea06d1e745a02f5cfb6200c5d09cec9c9f8
[2026-06-16 13:16:35] Initialized ContinuousLogger for stl_ablation (Mode: stl_ablation)
[2026-06-16 13:16:35] Logs: MLPS/tabular/shared/dae_dnn/results/stl/ablation/parammatched_decade_v1_param_10pow04_06/classification/_children/stl_ablation_r01_d156_parammatched/training_log.txt
[2026-06-16 13:16:35] CSV: MLPS/tabular/shared/dae_dnn/results/stl/ablation/parammatched_decade_v1_param_10pow04_06/classification/_children/stl_ablation_r01_d156_parammatched/training_stats.csv
[2026-06-16 13:16:35] Run root: MLPS/tabular/shared/dae_dnn/results/stl/ablation/parammatched_decade_v1_param_10pow04_06/classification/_children/stl_ablation_r01_d156_parammatched
[2026-06-16 13:16:35] Tasks: ['classification']
[2026-06-16 13:16:35] Architectures: ['[156]']
[2026-06-16 13:16:35] Parameter decade band: [4, 6]
[2026-06-16 13:16:35] Repeat count: 5
[2026-06-16 13:16:35] Source run root: MLPS/tabular/shared/dae_dnn/results/goliath_w2d_staged_current
[2026-06-16 13:16:35] Device: cuda
[2026-06-16 13:16:35] Git commit: e2843ea06d1e745a02f5cfb6200c5d09cec9c9f8
[2026-06-16 13:18:35] Initialized ContinuousLogger for stl_ablation (Mode: stl_ablation)
[2026-06-16 13:18:35] Logs: MLPS/tabular/shared/dae_dnn/results/stl/ablation/parammatched_decade_v1_param_10pow04_06/classification/_children/stl_ablation_r01_d156_parammatched/training_log.txt
[2026-06-16 13:18:35] CSV: MLPS/tabular/shared/dae_dnn/results/stl/ablation/parammatched_decade_v1_param_10pow04_06/classification/_children/stl_ablation_r01_d156_parammatched/training_stats.csv
[2026-06-16 13:18:35] Run root: MLPS/tabular/shared/dae_dnn/results/stl/ablation/parammatched_decade_v1_param_10pow04_06/classification/_children/stl_ablation_r01_d156_parammatched
[2026-06-16 13:18:35] Tasks: ['classification']
[2026-06-16 13:18:35] Architectures: ['[156]']
[2026-06-16 13:18:35] Parameter decade band: [4, 6]
[2026-06-16 13:18:35] Repeat count: 5
[2026-06-16 13:18:35] Source run root: MLPS/tabular/shared/dae_dnn/results/goliath_w2d_staged_current
[2026-06-16 13:18:35] Device: cuda
[2026-06-16 13:18:35] Git commit: e2843ea06d1e745a02f5cfb6200c5d09cec9c9f8
[2026-06-16 13:20:35] Initialized ContinuousLogger for stl_ablation (Mode: stl_ablation)
[2026-06-16 13:20:35] Logs: MLPS/tabular/shared/dae_dnn/results/stl/ablation/parammatched_decade_v1_param_10pow04_06/classification/_children/stl_ablation_r01_d156_parammatched/training_log.txt
[2026-06-16 13:20:35] CSV: MLPS/tabular/shared/dae_dnn/results/stl/ablation/parammatched_decade_v1_param_10pow04_06/classification/_children/stl_ablation_r01_d156_parammatched/training_stats.csv
[2026-06-16 13:20:35] Run root: MLPS/tabular/shared/dae_dnn/results/stl/ablation/parammatched_decade_v1_param_10pow04_06/classification/_children/stl_ablation_r01_d156_parammatched
[2026-06-16 13:20:35] Tasks: ['classification']
[2026-06-16 13:20:35] Architectures: ['[156]']
[2026-06-16 13:20:35] Parameter decade band: [4, 6]
[2026-06-16 13:20:35] Repeat count: 5
[2026-06-16 13:20:35] Source run root: MLPS/tabular/shared/dae_dnn/results/goliath_w2d_staged_current
[2026-06-16 13:20:35] Device: cuda
[2026-06-16 13:20:35] Git commit: e2843ea06d1e745a02f5cfb6200c5d09cec9c9f8
[2026-06-16 13:22:35] Initialized ContinuousLogger for stl_ablation (Mode: stl_ablation)
[2026-06-16 13:22:35] Logs: MLPS/tabular/shared/dae_dnn/results/stl/ablation/parammatched_decade_v1_param_10pow04_06/classification/_children/stl_ablation_r01_d156_parammatched/training_log.txt
[2026-06-16 13:22:35] CSV: MLPS/tabular/shared/dae_dnn/results/stl/ablation/parammatched_decade_v1_param_10pow04_06/classification/_children/stl_ablation_r01_d156_parammatched/training_stats.csv
[2026-06-16 13:22:35] Run root: MLPS/tabular/shared/dae_dnn/results/stl/ablation/parammatched_decade_v1_param_10pow04_06/classification/_children/stl_ablation_r01_d156_parammatched
[2026-06-16 13:22:35] Tasks: ['classification']
[2026-06-16 13:22:35] Architectures: ['[156]']
[2026-06-16 13:22:35] Parameter decade band: [4, 6]
[2026-06-16 13:22:35] Repeat count: 5
[2026-06-16 13:22:35] Source run root: MLPS/tabular/shared/dae_dnn/results/goliath_w2d_staged_current
[2026-06-16 13:22:35] Device: cuda
[2026-06-16 13:22:35] Git commit: e2843ea06d1e745a02f5cfb6200c5d09cec9c9f8
[2026-06-16 13:24:35] Initialized ContinuousLogger for stl_ablation (Mode: stl_ablation)
[2026-06-16 13:24:35] Logs: MLPS/tabular/shared/dae_dnn/results/stl/ablation/parammatched_decade_v1_param_10pow04_06/classification/_children/stl_ablation_r01_d156_parammatched/training_log.txt
[2026-06-16 13:24:35] CSV: MLPS/tabular/shared/dae_dnn/results/stl/ablation/parammatched_decade_v1_param_10pow04_06/classification/_children/stl_ablation_r01_d156_parammatched/training_stats.csv
[2026-06-16 13:24:35] Run root: MLPS/tabular/shared/dae_dnn/results/stl/ablation/parammatched_decade_v1_param_10pow04_06/classification/_children/stl_ablation_r01_d156_parammatched
[2026-06-16 13:24:35] Tasks: ['classification']
[2026-06-16 13:24:35] Architectures: ['[156]']
[2026-06-16 13:24:35] Parameter decade band: [4, 6]
[2026-06-16 13:24:35] Repeat count: 5
[2026-06-16 13:24:35] Source run root: MLPS/tabular/shared/dae_dnn/results/goliath_w2d_staged_current
[2026-06-16 13:24:35] Device: cuda
[2026-06-16 13:24:35] Git commit: e2843ea06d1e745a02f5cfb6200c5d09cec9c9f8
[2026-06-16 13:26:35] Initialized ContinuousLogger for stl_ablation (Mode: stl_ablation)
[2026-06-16 13:26:35] Logs: MLPS/tabular/shared/dae_dnn/results/stl/ablation/parammatched_decade_v1_param_10pow04_06/classification/_children/stl_ablation_r01_d156_parammatched/training_log.txt
[2026-06-16 13:26:35] CSV: MLPS/tabular/shared/dae_dnn/results/stl/ablation/parammatched_decade_v1_param_10pow04_06/classification/_children/stl_ablation_r01_d156_parammatched/training_stats.csv
[2026-06-16 13:26:35] Run root: MLPS/tabular/shared/dae_dnn/results/stl/ablation/parammatched_decade_v1_param_10pow04_06/classification/_children/stl_ablation_r01_d156_parammatched
[2026-06-16 13:26:35] Tasks: ['classification']
[2026-06-16 13:26:35] Architectures: ['[156]']
[2026-06-16 13:26:35] Parameter decade band: [4, 6]
[2026-06-16 13:26:35] Repeat count: 5
[2026-06-16 13:26:35] Source run root: MLPS/tabular/shared/dae_dnn/results/goliath_w2d_staged_current
[2026-06-16 13:26:35] Device: cuda
[2026-06-16 13:26:35] Git commit: e2843ea06d1e745a02f5cfb6200c5d09cec9c9f8
[2026-06-16 13:28:35] Initialized ContinuousLogger for stl_ablation (Mode: stl_ablation)
[2026-06-16 13:28:35] Logs: MLPS/tabular/shared/dae_dnn/results/stl/ablation/parammatched_decade_v1_param_10pow04_06/classification/_children/stl_ablation_r01_d156_parammatched/training_log.txt
[2026-06-16 13:28:35] CSV: MLPS/tabular/shared/dae_dnn/results/stl/ablation/parammatched_decade_v1_param_10pow04_06/classification/_children/stl_ablation_r01_d156_parammatched/training_stats.csv
[2026-06-16 13:28:35] Run root: MLPS/tabular/shared/dae_dnn/results/stl/ablation/parammatched_decade_v1_param_10pow04_06/classification/_children/stl_ablation_r01_d156_parammatched
[2026-06-16 13:28:35] Tasks: ['classification']
[2026-06-16 13:28:35] Architectures: ['[156]']
[2026-06-16 13:28:35] Parameter decade band: [4, 6]
[2026-06-16 13:28:35] Repeat count: 5
[2026-06-16 13:28:35] Source run root: MLPS/tabular/shared/dae_dnn/results/goliath_w2d_staged_current
[2026-06-16 13:28:35] Device: cuda
[2026-06-16 13:28:35] Git commit: e2843ea06d1e745a02f5cfb6200c5d09cec9c9f8
[2026-06-16 13:30:35] Initialized ContinuousLogger for stl_ablation (Mode: stl_ablation)
[2026-06-16 13:30:35] Logs: MLPS/tabular/shared/dae_dnn/results/stl/ablation/parammatched_decade_v1_param_10pow04_06/classification/_children/stl_ablation_r01_d156_parammatched/training_log.txt
[2026-06-16 13:30:35] CSV: MLPS/tabular/shared/dae_dnn/results/stl/ablation/parammatched_decade_v1_param_10pow04_06/classification/_children/stl_ablation_r01_d156_parammatched/training_stats.csv
[2026-06-16 13:30:35] Run root: MLPS/tabular/shared/dae_dnn/results/stl/ablation/parammatched_decade_v1_param_10pow04_06/classification/_children/stl_ablation_r01_d156_parammatched
[2026-06-16 13:30:35] Tasks: ['classification']
[2026-06-16 13:30:35] Architectures: ['[156]']
[2026-06-16 13:30:35] Parameter decade band: [4, 6]
[2026-06-16 13:30:35] Repeat count: 5
[2026-06-16 13:30:35] Source run root: MLPS/tabular/shared/dae_dnn/results/goliath_w2d_staged_current
[2026-06-16 13:30:35] Device: cuda
[2026-06-16 13:30:35] Git commit: e2843ea06d1e745a02f5cfb6200c5d09cec9c9f8
[2026-06-16 13:32:35] Initialized ContinuousLogger for stl_ablation (Mode: stl_ablation)
[2026-06-16 13:32:35] Logs: MLPS/tabular/shared/dae_dnn/results/stl/ablation/parammatched_decade_v1_param_10pow04_06/classification/_children/stl_ablation_r01_d156_parammatched/training_log.txt
[2026-06-16 13:32:35] CSV: MLPS/tabular/shared/dae_dnn/results/stl/ablation/parammatched_decade_v1_param_10pow04_06/classification/_children/stl_ablation_r01_d156_parammatched/training_stats.csv
[2026-06-16 13:32:35] Run root: MLPS/tabular/shared/dae_dnn/results/stl/ablation/parammatched_decade_v1_param_10pow04_06/classification/_children/stl_ablation_r01_d156_parammatched
[2026-06-16 13:32:35] Tasks: ['classification']
[2026-06-16 13:32:35] Architectures: ['[156]']
[2026-06-16 13:32:35] Parameter decade band: [4, 6]
[2026-06-16 13:32:35] Repeat count: 5
[2026-06-16 13:32:35] Source run root: MLPS/tabular/shared/dae_dnn/results/goliath_w2d_staged_current
[2026-06-16 13:32:35] Device: cuda
[2026-06-16 13:32:35] Git commit: e2843ea06d1e745a02f5cfb6200c5d09cec9c9f8
[2026-06-16 13:34:35] Initialized ContinuousLogger for stl_ablation (Mode: stl_ablation)
[2026-06-16 13:34:35] Logs: MLPS/tabular/shared/dae_dnn/results/stl/ablation/parammatched_decade_v1_param_10pow04_06/classification/_children/stl_ablation_r01_d156_parammatched/training_log.txt
[2026-06-16 13:34:35] CSV: MLPS/tabular/shared/dae_dnn/results/stl/ablation/parammatched_decade_v1_param_10pow04_06/classification/_children/stl_ablation_r01_d156_parammatched/training_stats.csv
[2026-06-16 13:34:35] Run root: MLPS/tabular/shared/dae_dnn/results/stl/ablation/parammatched_decade_v1_param_10pow04_06/classification/_children/stl_ablation_r01_d156_parammatched
[2026-06-16 13:34:35] Tasks: ['classification']
[2026-06-16 13:34:35] Architectures: ['[156]']
[2026-06-16 13:34:35] Parameter decade band: [4, 6]
[2026-06-16 13:34:35] Repeat count: 5
[2026-06-16 13:34:35] Source run root: MLPS/tabular/shared/dae_dnn/results/goliath_w2d_staged_current
[2026-06-16 13:34:35] Device: cuda
[2026-06-16 13:34:35] Git commit: e2843ea06d1e745a02f5cfb6200c5d09cec9c9f8
[2026-06-16 13:36:35] Initialized ContinuousLogger for stl_ablation (Mode: stl_ablation)
[2026-06-16 13:36:35] Logs: MLPS/tabular/shared/dae_dnn/results/stl/ablation/parammatched_decade_v1_param_10pow04_06/classification/_children/stl_ablation_r01_d156_parammatched/training_log.txt
[2026-06-16 13:36:35] CSV: MLPS/tabular/shared/dae_dnn/results/stl/ablation/parammatched_decade_v1_param_10pow04_06/classification/_children/stl_ablation_r01_d156_parammatched/training_stats.csv
[2026-06-16 13:36:35] Run root: MLPS/tabular/shared/dae_dnn/results/stl/ablation/parammatched_decade_v1_param_10pow04_06/classification/_children/stl_ablation_r01_d156_parammatched
[2026-06-16 13:36:35] Tasks: ['classification']
[2026-06-16 13:36:35] Architectures: ['[156]']
[2026-06-16 13:36:35] Parameter decade band: [4, 6]
[2026-06-16 13:36:35] Repeat count: 5
[2026-06-16 13:36:35] Source run root: MLPS/tabular/shared/dae_dnn/results/goliath_w2d_staged_current
[2026-06-16 13:36:35] Device: cuda
[2026-06-16 13:36:35] Git commit: e2843ea06d1e745a02f5cfb6200c5d09cec9c9f8
[2026-06-16 13:38:35] Initialized ContinuousLogger for stl_ablation (Mode: stl_ablation)
[2026-06-16 13:38:35] Logs: MLPS/tabular/shared/dae_dnn/results/stl/ablation/parammatched_decade_v1_param_10pow04_06/classification/_children/stl_ablation_r01_d156_parammatched/training_log.txt
[2026-06-16 13:38:35] CSV: MLPS/tabular/shared/dae_dnn/results/stl/ablation/parammatched_decade_v1_param_10pow04_06/classification/_children/stl_ablation_r01_d156_parammatched/training_stats.csv
[2026-06-16 13:38:35] Run root: MLPS/tabular/shared/dae_dnn/results/stl/ablation/parammatched_decade_v1_param_10pow04_06/classification/_children/stl_ablation_r01_d156_parammatched
[2026-06-16 13:38:35] Tasks: ['classification']
[2026-06-16 13:38:35] Architectures: ['[156]']
[2026-06-16 13:38:35] Parameter decade band: [4, 6]
[2026-06-16 13:38:35] Repeat count: 5
[2026-06-16 13:38:35] Source run root: MLPS/tabular/shared/dae_dnn/results/goliath_w2d_staged_current
[2026-06-16 13:38:35] Device: cuda
[2026-06-16 13:38:35] Git commit: e2843ea06d1e745a02f5cfb6200c5d09cec9c9f8
[2026-06-16 13:40:41] Initialized ContinuousLogger for stl_ablation (Mode: stl_ablation)
[2026-06-16 13:40:41] Logs: MLPS/tabular/shared/dae_dnn/results/stl/ablation/parammatched_decade_v1_param_10pow04_06/classification/_children/stl_ablation_r01_d156_parammatched/training_log.txt
[2026-06-16 13:40:41] CSV: MLPS/tabular/shared/dae_dnn/results/stl/ablation/parammatched_decade_v1_param_10pow04_06/classification/_children/stl_ablation_r01_d156_parammatched/training_stats.csv
[2026-06-16 13:40:41] Run root: MLPS/tabular/shared/dae_dnn/results/stl/ablation/parammatched_decade_v1_param_10pow04_06/classification/_children/stl_ablation_r01_d156_parammatched
[2026-06-16 13:40:41] Tasks: ['classification']
[2026-06-16 13:40:41] Architectures: ['[156]']
[2026-06-16 13:40:41] Parameter decade band: [4, 6]
[2026-06-16 13:40:41] Repeat count: 5
[2026-06-16 13:40:41] Source run root: MLPS/tabular/shared/dae_dnn/results/goliath_w2d_staged_current
[2026-06-16 13:40:41] Device: cuda
[2026-06-16 13:40:41] Git commit: e2843ea06d1e745a02f5cfb6200c5d09cec9c9f8
[2026-06-16 13:42:41] Initialized ContinuousLogger for stl_ablation (Mode: stl_ablation)
[2026-06-16 13:42:41] Logs: MLPS/tabular/shared/dae_dnn/results/stl/ablation/parammatched_decade_v1_param_10pow04_06/classification/_children/stl_ablation_r01_d156_parammatched/training_log.txt
[2026-06-16 13:42:41] CSV: MLPS/tabular/shared/dae_dnn/results/stl/ablation/parammatched_decade_v1_param_10pow04_06/classification/_children/stl_ablation_r01_d156_parammatched/training_stats.csv
[2026-06-16 13:42:41] Run root: MLPS/tabular/shared/dae_dnn/results/stl/ablation/parammatched_decade_v1_param_10pow04_06/classification/_children/stl_ablation_r01_d156_parammatched
[2026-06-16 13:42:41] Tasks: ['classification']
[2026-06-16 13:42:41] Architectures: ['[156]']
[2026-06-16 13:42:41] Parameter decade band: [4, 6]
[2026-06-16 13:42:41] Repeat count: 5
[2026-06-16 13:42:41] Source run root: MLPS/tabular/shared/dae_dnn/results/goliath_w2d_staged_current
[2026-06-16 13:42:41] Device: cuda
[2026-06-16 13:42:41] Git commit: e2843ea06d1e745a02f5cfb6200c5d09cec9c9f8
[2026-06-16 13:44:41] Initialized ContinuousLogger for stl_ablation (Mode: stl_ablation)
[2026-06-16 13:44:41] Logs: MLPS/tabular/shared/dae_dnn/results/stl/ablation/parammatched_decade_v1_param_10pow04_06/classification/_children/stl_ablation_r01_d156_parammatched/training_log.txt
[2026-06-16 13:44:41] CSV: MLPS/tabular/shared/dae_dnn/results/stl/ablation/parammatched_decade_v1_param_10pow04_06/classification/_children/stl_ablation_r01_d156_parammatched/training_stats.csv
[2026-06-16 13:44:41] Run root: MLPS/tabular/shared/dae_dnn/results/stl/ablation/parammatched_decade_v1_param_10pow04_06/classification/_children/stl_ablation_r01_d156_parammatched
[2026-06-16 13:44:41] Tasks: ['classification']
[2026-06-16 13:44:41] Architectures: ['[156]']
[2026-06-16 13:44:41] Parameter decade band: [4, 6]
[2026-06-16 13:44:41] Repeat count: 5
[2026-06-16 13:44:41] Source run root: MLPS/tabular/shared/dae_dnn/results/goliath_w2d_staged_current
[2026-06-16 13:44:41] Device: cuda
[2026-06-16 13:44:41] Git commit: e2843ea06d1e745a02f5cfb6200c5d09cec9c9f8
