2025-12-16 08:11:12 - INFO - ======== [Run 1/6] width=1 depth=2 ========
2025-12-16 08:11:12 - INFO - Device=cuda | dataset=cifar10 | batch=512 | max_epochs=10000000000000000000 | patience=10 | lr=1.00e-03 | wd=5.0e-04 | cutmix_p=0.00
2025-12-16 08:11:12 - INFO - Model params=798 | neurons=3
2025-12-16 08:11:26 - INFO - [epoch 1/10000000000000000000] train_loss=1.6759 | val_loss=1.6211 | val_acc=0.1976 | best_val=1.6211@1 | bad=0/10 | dt=13.7s
2025-12-16 08:11:38 - INFO - [epoch 2/10000000000000000000] train_loss=1.5649 | val_loss=1.5343 | val_acc=0.2740 | best_val=1.5343@2 | bad=0/10 | dt=11.6s
2025-12-16 08:11:50 - INFO - [epoch 3/10000000000000000000] train_loss=1.4619 | val_loss=1.4175 | val_acc=0.3216 | best_val=1.4175@3 | bad=0/10 | dt=12.3s
2025-12-16 08:12:03 - INFO - [epoch 4/10000000000000000000] train_loss=1.3957 | val_loss=1.3545 | val_acc=0.3488 | best_val=1.3545@4 | bad=0/10 | dt=12.4s
2025-12-16 08:12:15 - INFO - [epoch 5/10000000000000000000] train_loss=1.3546 | val_loss=1.3269 | val_acc=0.3476 | best_val=1.3269@5 | bad=0/10 | dt=12.5s
2025-12-16 08:12:27 - INFO - [epoch 6/10000000000000000000] train_loss=1.3274 | val_loss=1.3100 | val_acc=0.3784 | best_val=1.3100@6 | bad=0/10 | dt=12.1s
2025-12-16 08:12:40 - INFO - [epoch 7/10000000000000000000] train_loss=1.3049 | val_loss=1.3227 | val_acc=0.3760 | best_val=1.3100@6 | bad=1/10 | dt=12.3s
2025-12-16 08:12:52 - INFO - [epoch 8/10000000000000000000] train_loss=1.2921 | val_loss=1.2957 | val_acc=0.3820 | best_val=1.2957@8 | bad=0/10 | dt=12.5s
2025-12-16 08:13:04 - INFO - [epoch 9/10000000000000000000] train_loss=1.2791 | val_loss=1.2590 | val_acc=0.4120 | best_val=1.2590@9 | bad=0/10 | dt=12.4s
2025-12-16 08:13:17 - INFO - [epoch 10/10000000000000000000] train_loss=1.2692 | val_loss=1.2652 | val_acc=0.3952 | best_val=1.2590@9 | bad=1/10 | dt=12.3s
2025-12-16 08:13:29 - INFO - [epoch 11/10000000000000000000] train_loss=1.2576 | val_loss=1.2388 | val_acc=0.4340 | best_val=1.2388@11 | bad=0/10 | dt=12.7s
2025-12-16 08:13:42 - INFO - [epoch 12/10000000000000000000] train_loss=1.2528 | val_loss=1.2343 | val_acc=0.4436 | best_val=1.2343@12 | bad=0/10 | dt=12.4s
2025-12-16 08:13:54 - INFO - [epoch 13/10000000000000000000] train_loss=1.2416 | val_loss=1.2414 | val_acc=0.4364 | best_val=1.2343@12 | bad=1/10 | dt=12.4s
2025-12-16 08:14:07 - INFO - [epoch 14/10000000000000000000] train_loss=1.2389 | val_loss=1.2288 | val_acc=0.4464 | best_val=1.2288@14 | bad=0/10 | dt=12.4s
2025-12-16 08:14:19 - INFO - [epoch 15/10000000000000000000] train_loss=1.2358 | val_loss=1.2755 | val_acc=0.4248 | best_val=1.2288@14 | bad=1/10 | dt=12.3s
2025-12-16 08:14:31 - INFO - [epoch 16/10000000000000000000] train_loss=1.2299 | val_loss=1.2255 | val_acc=0.4460 | best_val=1.2255@16 | bad=0/10 | dt=12.1s
2025-12-16 08:14:43 - INFO - [epoch 17/10000000000000000000] train_loss=1.2346 | val_loss=1.2324 | val_acc=0.4428 | best_val=1.2255@16 | bad=1/10 | dt=12.4s
2025-12-16 08:14:56 - INFO - [epoch 18/10000000000000000000] train_loss=1.2267 | val_loss=1.2459 | val_acc=0.4544 | best_val=1.2255@16 | bad=2/10 | dt=12.3s
2025-12-16 08:15:08 - INFO - [epoch 19/10000000000000000000] train_loss=1.2217 | val_loss=1.2147 | val_acc=0.4496 | best_val=1.2147@19 | bad=0/10 | dt=12.4s
2025-12-16 08:15:21 - INFO - [epoch 20/10000000000000000000] train_loss=1.2178 | val_loss=1.2236 | val_acc=0.4476 | best_val=1.2147@19 | bad=1/10 | dt=13.0s
2025-12-16 08:15:34 - INFO - [epoch 21/10000000000000000000] train_loss=1.2187 | val_loss=1.2126 | val_acc=0.4624 | best_val=1.2126@21 | bad=0/10 | dt=13.2s
2025-12-16 08:15:47 - INFO - [epoch 22/10000000000000000000] train_loss=1.2152 | val_loss=1.2231 | val_acc=0.4584 | best_val=1.2126@21 | bad=1/10 | dt=13.1s
2025-12-16 08:16:00 - INFO - [epoch 23/10000000000000000000] train_loss=1.2109 | val_loss=1.1957 | val_acc=0.4740 | best_val=1.1957@23 | bad=0/10 | dt=13.0s
2025-12-16 08:16:13 - INFO - [epoch 24/10000000000000000000] train_loss=1.2083 | val_loss=1.2306 | val_acc=0.4596 | best_val=1.1957@23 | bad=1/10 | dt=13.1s
2025-12-16 08:16:27 - INFO - [epoch 25/10000000000000000000] train_loss=1.2007 | val_loss=1.2014 | val_acc=0.4656 | best_val=1.1957@23 | bad=2/10 | dt=13.3s
2025-12-16 08:16:40 - INFO - [epoch 26/10000000000000000000] train_loss=1.1945 | val_loss=1.1857 | val_acc=0.4776 | best_val=1.1857@26 | bad=0/10 | dt=13.0s
2025-12-16 08:16:53 - INFO - [epoch 27/10000000000000000000] train_loss=1.1824 | val_loss=1.1677 | val_acc=0.4900 | best_val=1.1677@27 | bad=0/10 | dt=13.1s
2025-12-16 08:17:06 - INFO - [epoch 28/10000000000000000000] train_loss=1.1739 | val_loss=1.1662 | val_acc=0.4952 | best_val=1.1662@28 | bad=0/10 | dt=13.0s
2025-12-16 08:17:19 - INFO - [epoch 29/10000000000000000000] train_loss=1.1619 | val_loss=1.1423 | val_acc=0.5108 | best_val=1.1423@29 | bad=0/10 | dt=13.4s
2025-12-16 08:17:32 - INFO - [epoch 30/10000000000000000000] train_loss=1.1489 | val_loss=1.1321 | val_acc=0.5196 | best_val=1.1321@30 | bad=0/10 | dt=13.0s
2025-12-16 08:17:46 - INFO - [epoch 31/10000000000000000000] train_loss=1.1404 | val_loss=1.1284 | val_acc=0.5180 | best_val=1.1284@31 | bad=0/10 | dt=13.7s
2025-12-16 08:17:59 - INFO - [epoch 32/10000000000000000000] train_loss=1.1348 | val_loss=1.1170 | val_acc=0.5256 | best_val=1.1170@32 | bad=0/10 | dt=13.2s
2025-12-16 08:18:12 - INFO - [epoch 33/10000000000000000000] train_loss=1.1317 | val_loss=1.1193 | val_acc=0.5264 | best_val=1.1170@32 | bad=1/10 | dt=13.2s
2025-12-16 08:18:25 - INFO - [epoch 34/10000000000000000000] train_loss=1.1313 | val_loss=1.0925 | val_acc=0.5456 | best_val=1.0925@34 | bad=0/10 | dt=13.0s
2025-12-16 08:18:38 - INFO - [epoch 35/10000000000000000000] train_loss=1.1249 | val_loss=1.1538 | val_acc=0.5032 | best_val=1.0925@34 | bad=1/10 | dt=13.0s
2025-12-16 08:18:51 - INFO - [epoch 36/10000000000000000000] train_loss=1.1226 | val_loss=1.2027 | val_acc=0.4928 | best_val=1.0925@34 | bad=2/10 | dt=13.0s
2025-12-16 08:19:05 - INFO - [epoch 37/10000000000000000000] train_loss=1.1160 | val_loss=1.1500 | val_acc=0.4964 | best_val=1.0925@34 | bad=3/10 | dt=13.1s
2025-12-16 08:19:18 - INFO - [epoch 38/10000000000000000000] train_loss=1.1143 | val_loss=1.1109 | val_acc=0.5192 | best_val=1.0925@34 | bad=4/10 | dt=13.2s
2025-12-16 08:19:31 - INFO - [epoch 39/10000000000000000000] train_loss=1.1164 | val_loss=1.1372 | val_acc=0.5124 | best_val=1.0925@34 | bad=5/10 | dt=12.9s
2025-12-16 08:19:44 - INFO - [epoch 40/10000000000000000000] train_loss=1.1099 | val_loss=1.1073 | val_acc=0.5360 | best_val=1.0925@34 | bad=6/10 | dt=13.2s
2025-12-16 08:19:57 - INFO - [epoch 41/10000000000000000000] train_loss=1.1105 | val_loss=1.1295 | val_acc=0.5188 | best_val=1.0925@34 | bad=7/10 | dt=13.0s
2025-12-16 08:20:10 - INFO - [epoch 42/10000000000000000000] train_loss=1.1080 | val_loss=1.0779 | val_acc=0.5384 | best_val=1.0779@42 | bad=0/10 | dt=13.3s
2025-12-16 08:20:23 - INFO - [epoch 43/10000000000000000000] train_loss=1.1066 | val_loss=1.0947 | val_acc=0.5340 | best_val=1.0779@42 | bad=1/10 | dt=12.8s
2025-12-16 08:20:36 - INFO - [epoch 44/10000000000000000000] train_loss=1.1033 | val_loss=1.0911 | val_acc=0.5272 | best_val=1.0779@42 | bad=2/10 | dt=13.0s
2025-12-16 08:20:49 - INFO - [epoch 45/10000000000000000000] train_loss=1.1024 | val_loss=1.0728 | val_acc=0.5556 | best_val=1.0728@45 | bad=0/10 | dt=13.1s
2025-12-16 08:21:02 - INFO - [epoch 46/10000000000000000000] train_loss=1.1065 | val_loss=1.0678 | val_acc=0.5500 | best_val=1.0678@46 | bad=0/10 | dt=13.2s
2025-12-16 08:21:15 - INFO - [epoch 47/10000000000000000000] train_loss=1.1024 | val_loss=1.1095 | val_acc=0.5248 | best_val=1.0678@46 | bad=1/10 | dt=13.0s
2025-12-16 08:21:28 - INFO - [epoch 48/10000000000000000000] train_loss=1.0988 | val_loss=1.1294 | val_acc=0.5300 | best_val=1.0678@46 | bad=2/10 | dt=13.0s
2025-12-16 08:21:41 - INFO - [epoch 49/10000000000000000000] train_loss=1.1020 | val_loss=1.0758 | val_acc=0.5432 | best_val=1.0678@46 | bad=3/10 | dt=13.0s
2025-12-16 08:21:54 - INFO - [epoch 50/10000000000000000000] train_loss=1.0973 | val_loss=1.1008 | val_acc=0.5260 | best_val=1.0678@46 | bad=4/10 | dt=13.1s
2025-12-16 08:22:07 - INFO - [epoch 51/10000000000000000000] train_loss=1.0960 | val_loss=1.1076 | val_acc=0.5268 | best_val=1.0678@46 | bad=5/10 | dt=13.0s
2025-12-16 08:22:21 - INFO - [epoch 52/10000000000000000000] train_loss=1.0956 | val_loss=1.0669 | val_acc=0.5464 | best_val=1.0669@52 | bad=0/10 | dt=13.2s
2025-12-16 08:22:34 - INFO - [epoch 53/10000000000000000000] train_loss=1.0902 | val_loss=1.0649 | val_acc=0.5528 | best_val=1.0649@53 | bad=0/10 | dt=13.1s
2025-12-16 08:22:48 - INFO - [epoch 54/10000000000000000000] train_loss=1.0914 | val_loss=1.0752 | val_acc=0.5272 | best_val=1.0649@53 | bad=1/10 | dt=13.8s
2025-12-16 08:23:01 - INFO - [epoch 55/10000000000000000000] train_loss=1.0857 | val_loss=1.0606 | val_acc=0.5484 | best_val=1.0606@55 | bad=0/10 | dt=13.0s
2025-12-16 08:23:14 - INFO - [epoch 56/10000000000000000000] train_loss=1.0924 | val_loss=1.0859 | val_acc=0.5292 | best_val=1.0606@55 | bad=1/10 | dt=13.1s
2025-12-16 08:23:27 - INFO - [epoch 57/10000000000000000000] train_loss=1.0899 | val_loss=1.1196 | val_acc=0.5164 | best_val=1.0606@55 | bad=2/10 | dt=13.1s
2025-12-16 08:23:41 - INFO - [epoch 58/10000000000000000000] train_loss=1.0841 | val_loss=1.0754 | val_acc=0.5372 | best_val=1.0606@55 | bad=3/10 | dt=14.4s
2025-12-16 08:23:54 - INFO - [epoch 59/10000000000000000000] train_loss=1.0857 | val_loss=1.0740 | val_acc=0.5448 | best_val=1.0606@55 | bad=4/10 | dt=13.3s
2025-12-16 08:24:07 - INFO - [epoch 60/10000000000000000000] train_loss=1.0894 | val_loss=1.0788 | val_acc=0.5380 | best_val=1.0606@55 | bad=5/10 | dt=12.8s
2025-12-16 08:24:21 - INFO - [epoch 61/10000000000000000000] train_loss=1.0823 | val_loss=1.0707 | val_acc=0.5404 | best_val=1.0606@55 | bad=6/10 | dt=13.3s
2025-12-16 08:24:33 - INFO - [epoch 62/10000000000000000000] train_loss=1.0855 | val_loss=1.1043 | val_acc=0.5236 | best_val=1.0606@55 | bad=7/10 | dt=12.9s
2025-12-16 08:24:46 - INFO - [epoch 63/10000000000000000000] train_loss=1.0821 | val_loss=1.0601 | val_acc=0.5424 | best_val=1.0601@63 | bad=0/10 | dt=13.0s
2025-12-16 08:24:59 - INFO - [epoch 64/10000000000000000000] train_loss=1.0826 | val_loss=1.0964 | val_acc=0.5304 | best_val=1.0601@63 | bad=1/10 | dt=12.8s
2025-12-16 08:25:12 - INFO - [epoch 65/10000000000000000000] train_loss=1.0825 | val_loss=1.0693 | val_acc=0.5296 | best_val=1.0601@63 | bad=2/10 | dt=13.0s
2025-12-16 08:25:25 - INFO - [epoch 66/10000000000000000000] train_loss=1.0828 | val_loss=1.0751 | val_acc=0.5444 | best_val=1.0601@63 | bad=3/10 | dt=13.0s
2025-12-16 08:25:38 - INFO - [epoch 67/10000000000000000000] train_loss=1.0783 | val_loss=1.0778 | val_acc=0.5380 | best_val=1.0601@63 | bad=4/10 | dt=13.2s
2025-12-16 08:25:52 - INFO - [epoch 68/10000000000000000000] train_loss=1.0780 | val_loss=1.1060 | val_acc=0.5380 | best_val=1.0601@63 | bad=5/10 | dt=13.2s
2025-12-16 08:26:05 - INFO - [epoch 69/10000000000000000000] train_loss=1.0786 | val_loss=1.0786 | val_acc=0.5456 | best_val=1.0601@63 | bad=6/10 | dt=13.1s
2025-12-16 08:26:18 - INFO - [epoch 70/10000000000000000000] train_loss=1.0759 | val_loss=1.0905 | val_acc=0.5296 | best_val=1.0601@63 | bad=7/10 | dt=13.3s
2025-12-16 08:26:31 - INFO - [epoch 71/10000000000000000000] train_loss=1.0797 | val_loss=1.0913 | val_acc=0.5376 | best_val=1.0601@63 | bad=8/10 | dt=13.1s
2025-12-16 08:26:44 - INFO - [epoch 72/10000000000000000000] train_loss=1.0764 | val_loss=1.0576 | val_acc=0.5500 | best_val=1.0576@72 | bad=0/10 | dt=13.1s
2025-12-16 08:26:57 - INFO - [epoch 73/10000000000000000000] train_loss=1.0733 | val_loss=1.0615 | val_acc=0.5524 | best_val=1.0576@72 | bad=1/10 | dt=13.1s
2025-12-16 08:27:11 - INFO - [epoch 74/10000000000000000000] train_loss=1.0718 | val_loss=1.0663 | val_acc=0.5404 | best_val=1.0576@72 | bad=2/10 | dt=13.3s
2025-12-16 08:27:24 - INFO - [epoch 75/10000000000000000000] train_loss=1.0701 | val_loss=1.0479 | val_acc=0.5596 | best_val=1.0479@75 | bad=0/10 | dt=12.9s
2025-12-16 08:27:37 - INFO - [epoch 76/10000000000000000000] train_loss=1.0735 | val_loss=1.0636 | val_acc=0.5500 | best_val=1.0479@75 | bad=1/10 | dt=13.3s
2025-12-16 08:27:50 - INFO - [epoch 77/10000000000000000000] train_loss=1.0693 | val_loss=1.0769 | val_acc=0.5456 | best_val=1.0479@75 | bad=2/10 | dt=13.4s
2025-12-16 08:28:03 - INFO - [epoch 78/10000000000000000000] train_loss=1.0685 | val_loss=1.0540 | val_acc=0.5652 | best_val=1.0479@75 | bad=3/10 | dt=13.1s
2025-12-16 08:28:16 - INFO - [epoch 79/10000000000000000000] train_loss=1.0733 | val_loss=1.0659 | val_acc=0.5436 | best_val=1.0479@75 | bad=4/10 | dt=13.1s
2025-12-16 08:28:30 - INFO - [epoch 80/10000000000000000000] train_loss=1.0681 | val_loss=1.0581 | val_acc=0.5520 | best_val=1.0479@75 | bad=5/10 | dt=13.2s
2025-12-16 08:28:42 - INFO - [epoch 81/10000000000000000000] train_loss=1.0639 | val_loss=1.0809 | val_acc=0.5340 | best_val=1.0479@75 | bad=6/10 | dt=12.8s
2025-12-16 08:28:56 - INFO - [epoch 82/10000000000000000000] train_loss=1.0637 | val_loss=1.1067 | val_acc=0.5388 | best_val=1.0479@75 | bad=7/10 | dt=13.4s
2025-12-16 08:29:09 - INFO - [epoch 83/10000000000000000000] train_loss=1.0626 | val_loss=1.0569 | val_acc=0.5520 | best_val=1.0479@75 | bad=8/10 | dt=13.0s
2025-12-16 08:29:22 - INFO - [epoch 84/10000000000000000000] train_loss=1.0624 | val_loss=1.1008 | val_acc=0.5392 | best_val=1.0479@75 | bad=9/10 | dt=13.0s
2025-12-16 08:29:34 - INFO - [epoch 85/10000000000000000000] train_loss=1.0642 | val_loss=1.0483 | val_acc=0.5568 | best_val=1.0479@75 | bad=10/10 | dt=12.7s
2025-12-16 08:29:34 - INFO - Early stopping: no improvement for 10 epochs (best=1.0479 @ epoch 75)
2025-12-16 08:29:35 - INFO - Val-as-test: loss=1.0483 acc=0.5568
2025-12-16 08:29:35 - INFO - ======== [End Run 1/6] width=1 depth=2 | best_val=1.0479 | test_acc=0.5568 ========

