2025-12-16 09:25:12 - INFO - ======== [Run 6/6] width=26 depth=2 ========
2025-12-16 09:25:12 - INFO - Device=cuda | dataset=cifar10 | batch=512 | max_epochs=10000000000000000000 | patience=10 | lr=1.00e-03 | wd=5.0e-04 | cutmix_p=0.00
2025-12-16 09:25:12 - INFO - Model params=460023 | neurons=78
2025-12-16 09:25:30 - INFO - [epoch 1/10000000000000000000] train_loss=1.0833 | val_loss=1.1465 | val_acc=0.5472 | best_val=1.1465@1 | bad=0/10 | dt=18.0s
2025-12-16 09:25:45 - INFO - [epoch 2/10000000000000000000] train_loss=0.8475 | val_loss=0.8563 | val_acc=0.6672 | best_val=0.8563@2 | bad=0/10 | dt=15.3s
2025-12-16 09:26:02 - INFO - [epoch 3/10000000000000000000] train_loss=0.7261 | val_loss=0.8609 | val_acc=0.6896 | best_val=0.8563@2 | bad=1/10 | dt=16.5s
2025-12-16 09:26:19 - INFO - [epoch 4/10000000000000000000] train_loss=0.6485 | val_loss=0.7888 | val_acc=0.7116 | best_val=0.7888@4 | bad=0/10 | dt=17.0s
2025-12-16 09:26:35 - INFO - [epoch 5/10000000000000000000] train_loss=0.5854 | val_loss=0.6415 | val_acc=0.7516 | best_val=0.6415@5 | bad=0/10 | dt=16.7s
2025-12-16 09:26:51 - INFO - [epoch 6/10000000000000000000] train_loss=0.5264 | val_loss=0.8295 | val_acc=0.7112 | best_val=0.6415@5 | bad=1/10 | dt=15.7s
2025-12-16 09:27:07 - INFO - [epoch 7/10000000000000000000] train_loss=0.4881 | val_loss=1.3545 | val_acc=0.5688 | best_val=0.6415@5 | bad=2/10 | dt=15.5s
2025-12-16 09:27:23 - INFO - [epoch 8/10000000000000000000] train_loss=0.4499 | val_loss=0.7416 | val_acc=0.7536 | best_val=0.6415@5 | bad=3/10 | dt=16.1s
2025-12-16 09:27:38 - INFO - [epoch 9/10000000000000000000] train_loss=0.4225 | val_loss=0.6347 | val_acc=0.7936 | best_val=0.6347@9 | bad=0/10 | dt=15.1s
2025-12-16 09:27:53 - INFO - [epoch 10/10000000000000000000] train_loss=0.3872 | val_loss=0.4970 | val_acc=0.8124 | best_val=0.4970@10 | bad=0/10 | dt=15.5s
2025-12-16 09:28:11 - INFO - [epoch 11/10000000000000000000] train_loss=0.3583 | val_loss=0.5333 | val_acc=0.8260 | best_val=0.4970@10 | bad=1/10 | dt=17.5s
2025-12-16 09:28:27 - INFO - [epoch 12/10000000000000000000] train_loss=0.3448 | val_loss=0.4564 | val_acc=0.8272 | best_val=0.4564@12 | bad=0/10 | dt=16.1s
2025-12-16 09:28:42 - INFO - [epoch 13/10000000000000000000] train_loss=0.3249 | val_loss=0.8037 | val_acc=0.7648 | best_val=0.4564@12 | bad=1/10 | dt=15.6s
2025-12-16 09:28:58 - INFO - [epoch 14/10000000000000000000] train_loss=0.3178 | val_loss=0.5187 | val_acc=0.8096 | best_val=0.4564@12 | bad=2/10 | dt=15.5s
2025-12-16 09:29:13 - INFO - [epoch 15/10000000000000000000] train_loss=0.2995 | val_loss=0.6445 | val_acc=0.7948 | best_val=0.4564@12 | bad=3/10 | dt=15.4s
2025-12-16 09:29:29 - INFO - [epoch 16/10000000000000000000] train_loss=0.2793 | val_loss=0.7030 | val_acc=0.7976 | best_val=0.4564@12 | bad=4/10 | dt=15.4s
2025-12-16 09:29:45 - INFO - [epoch 17/10000000000000000000] train_loss=0.2753 | val_loss=0.4409 | val_acc=0.8552 | best_val=0.4409@17 | bad=0/10 | dt=15.9s
2025-12-16 09:30:00 - INFO - [epoch 18/10000000000000000000] train_loss=0.2499 | val_loss=0.5088 | val_acc=0.8412 | best_val=0.4409@17 | bad=1/10 | dt=15.4s
2025-12-16 09:30:17 - INFO - [epoch 19/10000000000000000000] train_loss=0.2496 | val_loss=0.4403 | val_acc=0.8516 | best_val=0.4403@19 | bad=0/10 | dt=16.8s
2025-12-16 09:30:33 - INFO - [epoch 20/10000000000000000000] train_loss=0.2394 | val_loss=0.6203 | val_acc=0.8152 | best_val=0.4403@19 | bad=1/10 | dt=16.0s
2025-12-16 09:30:50 - INFO - [epoch 21/10000000000000000000] train_loss=0.2293 | val_loss=0.5487 | val_acc=0.8192 | best_val=0.4403@19 | bad=2/10 | dt=17.0s
2025-12-16 09:31:06 - INFO - [epoch 22/10000000000000000000] train_loss=0.2139 | val_loss=0.4413 | val_acc=0.8508 | best_val=0.4403@19 | bad=3/10 | dt=16.2s
2025-12-16 09:31:22 - INFO - [epoch 23/10000000000000000000] train_loss=0.2089 | val_loss=0.8226 | val_acc=0.7624 | best_val=0.4403@19 | bad=4/10 | dt=16.2s
2025-12-16 09:31:39 - INFO - [epoch 24/10000000000000000000] train_loss=0.1995 | val_loss=0.8391 | val_acc=0.7728 | best_val=0.4403@19 | bad=5/10 | dt=16.4s
2025-12-16 09:31:54 - INFO - [epoch 25/10000000000000000000] train_loss=0.1949 | val_loss=0.3903 | val_acc=0.8664 | best_val=0.3903@25 | bad=0/10 | dt=15.3s
2025-12-16 09:32:10 - INFO - [epoch 26/10000000000000000000] train_loss=0.1899 | val_loss=0.3461 | val_acc=0.8844 | best_val=0.3461@26 | bad=0/10 | dt=16.2s
2025-12-16 09:32:25 - INFO - [epoch 27/10000000000000000000] train_loss=0.1794 | val_loss=0.5243 | val_acc=0.8480 | best_val=0.3461@26 | bad=1/10 | dt=15.2s
2025-12-16 09:32:41 - INFO - [epoch 28/10000000000000000000] train_loss=0.1742 | val_loss=0.3893 | val_acc=0.8776 | best_val=0.3461@26 | bad=2/10 | dt=15.4s
2025-12-16 09:32:56 - INFO - [epoch 29/10000000000000000000] train_loss=0.1623 | val_loss=0.4336 | val_acc=0.8664 | best_val=0.3461@26 | bad=3/10 | dt=15.1s
2025-12-16 09:33:11 - INFO - [epoch 30/10000000000000000000] train_loss=0.1641 | val_loss=0.4031 | val_acc=0.8816 | best_val=0.3461@26 | bad=4/10 | dt=15.1s
2025-12-16 09:33:26 - INFO - [epoch 31/10000000000000000000] train_loss=0.1590 | val_loss=0.4519 | val_acc=0.8648 | best_val=0.3461@26 | bad=5/10 | dt=15.1s
2025-12-16 09:33:42 - INFO - [epoch 32/10000000000000000000] train_loss=0.1482 | val_loss=0.4612 | val_acc=0.8676 | best_val=0.3461@26 | bad=6/10 | dt=15.8s
2025-12-16 09:33:59 - INFO - [epoch 33/10000000000000000000] train_loss=0.1397 | val_loss=0.3842 | val_acc=0.8856 | best_val=0.3461@26 | bad=7/10 | dt=16.7s
2025-12-16 09:34:15 - INFO - [epoch 34/10000000000000000000] train_loss=0.1388 | val_loss=0.3784 | val_acc=0.8912 | best_val=0.3461@26 | bad=8/10 | dt=16.8s
2025-12-16 09:34:33 - INFO - [epoch 35/10000000000000000000] train_loss=0.1304 | val_loss=0.4377 | val_acc=0.8832 | best_val=0.3461@26 | bad=9/10 | dt=18.0s
2025-12-16 09:34:50 - INFO - [epoch 36/10000000000000000000] train_loss=0.1380 | val_loss=0.4659 | val_acc=0.8624 | best_val=0.3461@26 | bad=10/10 | dt=16.2s
2025-12-16 09:34:50 - INFO - Early stopping: no improvement for 10 epochs (best=0.3461 @ epoch 26)
2025-12-16 09:34:50 - INFO - Val-as-test: loss=0.4659 acc=0.8624
2025-12-16 09:34:50 - INFO - ======== [End Run 6/6] width=26 depth=2 | best_val=0.3461 | test_acc=0.8624 ========

2025-12-16 09:34:52 - INFO - CSV: results_resnet_stl_grid_cifar10_class5_w1_26_d2\grid_results.csv
2025-12-16 09:34:52 - INFO - JSON: results_resnet_stl_grid_cifar10_class5_w1_26_d2\grid_results.json
2025-12-16 09:34:52 - INFO - PLOT acc: results_resnet_stl_grid_cifar10_class5_w1_26_d2\neurons_vs_acc.png
2025-12-16 09:34:52 - INFO - PLOT loss: results_resnet_stl_grid_cifar10_class5_w1_26_d2\neurons_vs_loss.png
