2025-12-16 08:10:00 - INFO - ======== [Run 1/6] width=1 depth=2 ========
2025-12-16 08:10:00 - INFO - Device=cuda | dataset=cifar10 | batch=512 | max_epochs=10000000000000000000 | patience=10 | lr=1.00e-03 | wd=5.0e-04 | cutmix_p=0.00
2025-12-16 08:10:00 - INFO - Model params=798 | neurons=3
2025-12-16 08:11:12 - INFO - ======== [Run 1/6] width=1 depth=2 ========
2025-12-16 08:11:12 - INFO - Device=cuda | dataset=cifar10 | batch=512 | max_epochs=10000000000000000000 | patience=10 | lr=1.00e-03 | wd=5.0e-04 | cutmix_p=0.00
2025-12-16 08:11:12 - INFO - Model params=798 | neurons=3
2025-12-16 08:11:26 - INFO - [epoch 1/10000000000000000000] train_loss=1.6759 | val_loss=1.6211 | val_acc=0.1976 | best_val=1.6211@1 | bad=0/10 | dt=13.7s
2025-12-16 08:11:38 - INFO - [epoch 2/10000000000000000000] train_loss=1.5649 | val_loss=1.5343 | val_acc=0.2740 | best_val=1.5343@2 | bad=0/10 | dt=11.6s
2025-12-16 08:11:50 - INFO - [epoch 3/10000000000000000000] train_loss=1.4619 | val_loss=1.4175 | val_acc=0.3216 | best_val=1.4175@3 | bad=0/10 | dt=12.3s
2025-12-16 08:12:03 - INFO - [epoch 4/10000000000000000000] train_loss=1.3957 | val_loss=1.3545 | val_acc=0.3488 | best_val=1.3545@4 | bad=0/10 | dt=12.4s
2025-12-16 08:12:15 - INFO - [epoch 5/10000000000000000000] train_loss=1.3546 | val_loss=1.3269 | val_acc=0.3476 | best_val=1.3269@5 | bad=0/10 | dt=12.5s
2025-12-16 08:12:27 - INFO - [epoch 6/10000000000000000000] train_loss=1.3274 | val_loss=1.3100 | val_acc=0.3784 | best_val=1.3100@6 | bad=0/10 | dt=12.1s
2025-12-16 08:12:40 - INFO - [epoch 7/10000000000000000000] train_loss=1.3049 | val_loss=1.3227 | val_acc=0.3760 | best_val=1.3100@6 | bad=1/10 | dt=12.3s
2025-12-16 08:12:52 - INFO - [epoch 8/10000000000000000000] train_loss=1.2921 | val_loss=1.2957 | val_acc=0.3820 | best_val=1.2957@8 | bad=0/10 | dt=12.5s
2025-12-16 08:13:04 - INFO - [epoch 9/10000000000000000000] train_loss=1.2791 | val_loss=1.2590 | val_acc=0.4120 | best_val=1.2590@9 | bad=0/10 | dt=12.4s
2025-12-16 08:13:17 - INFO - [epoch 10/10000000000000000000] train_loss=1.2692 | val_loss=1.2652 | val_acc=0.3952 | best_val=1.2590@9 | bad=1/10 | dt=12.3s
2025-12-16 08:13:29 - INFO - [epoch 11/10000000000000000000] train_loss=1.2576 | val_loss=1.2388 | val_acc=0.4340 | best_val=1.2388@11 | bad=0/10 | dt=12.7s
2025-12-16 08:13:42 - INFO - [epoch 12/10000000000000000000] train_loss=1.2528 | val_loss=1.2343 | val_acc=0.4436 | best_val=1.2343@12 | bad=0/10 | dt=12.4s
2025-12-16 08:13:54 - INFO - [epoch 13/10000000000000000000] train_loss=1.2416 | val_loss=1.2414 | val_acc=0.4364 | best_val=1.2343@12 | bad=1/10 | dt=12.4s
2025-12-16 08:14:07 - INFO - [epoch 14/10000000000000000000] train_loss=1.2389 | val_loss=1.2288 | val_acc=0.4464 | best_val=1.2288@14 | bad=0/10 | dt=12.4s
2025-12-16 08:14:19 - INFO - [epoch 15/10000000000000000000] train_loss=1.2358 | val_loss=1.2755 | val_acc=0.4248 | best_val=1.2288@14 | bad=1/10 | dt=12.3s
2025-12-16 08:14:31 - INFO - [epoch 16/10000000000000000000] train_loss=1.2299 | val_loss=1.2255 | val_acc=0.4460 | best_val=1.2255@16 | bad=0/10 | dt=12.1s
2025-12-16 08:14:43 - INFO - [epoch 17/10000000000000000000] train_loss=1.2346 | val_loss=1.2324 | val_acc=0.4428 | best_val=1.2255@16 | bad=1/10 | dt=12.4s
2025-12-16 08:14:56 - INFO - [epoch 18/10000000000000000000] train_loss=1.2267 | val_loss=1.2459 | val_acc=0.4544 | best_val=1.2255@16 | bad=2/10 | dt=12.3s
2025-12-16 08:15:08 - INFO - [epoch 19/10000000000000000000] train_loss=1.2217 | val_loss=1.2147 | val_acc=0.4496 | best_val=1.2147@19 | bad=0/10 | dt=12.4s
2025-12-16 08:15:21 - INFO - [epoch 20/10000000000000000000] train_loss=1.2178 | val_loss=1.2236 | val_acc=0.4476 | best_val=1.2147@19 | bad=1/10 | dt=13.0s
2025-12-16 08:15:34 - INFO - [epoch 21/10000000000000000000] train_loss=1.2187 | val_loss=1.2126 | val_acc=0.4624 | best_val=1.2126@21 | bad=0/10 | dt=13.2s
2025-12-16 08:15:47 - INFO - [epoch 22/10000000000000000000] train_loss=1.2152 | val_loss=1.2231 | val_acc=0.4584 | best_val=1.2126@21 | bad=1/10 | dt=13.1s
2025-12-16 08:16:00 - INFO - [epoch 23/10000000000000000000] train_loss=1.2109 | val_loss=1.1957 | val_acc=0.4740 | best_val=1.1957@23 | bad=0/10 | dt=13.0s
2025-12-16 08:16:13 - INFO - [epoch 24/10000000000000000000] train_loss=1.2083 | val_loss=1.2306 | val_acc=0.4596 | best_val=1.1957@23 | bad=1/10 | dt=13.1s
2025-12-16 08:16:27 - INFO - [epoch 25/10000000000000000000] train_loss=1.2007 | val_loss=1.2014 | val_acc=0.4656 | best_val=1.1957@23 | bad=2/10 | dt=13.3s
2025-12-16 08:16:40 - INFO - [epoch 26/10000000000000000000] train_loss=1.1945 | val_loss=1.1857 | val_acc=0.4776 | best_val=1.1857@26 | bad=0/10 | dt=13.0s
2025-12-16 08:16:53 - INFO - [epoch 27/10000000000000000000] train_loss=1.1824 | val_loss=1.1677 | val_acc=0.4900 | best_val=1.1677@27 | bad=0/10 | dt=13.1s
2025-12-16 08:17:06 - INFO - [epoch 28/10000000000000000000] train_loss=1.1739 | val_loss=1.1662 | val_acc=0.4952 | best_val=1.1662@28 | bad=0/10 | dt=13.0s
2025-12-16 08:17:19 - INFO - [epoch 29/10000000000000000000] train_loss=1.1619 | val_loss=1.1423 | val_acc=0.5108 | best_val=1.1423@29 | bad=0/10 | dt=13.4s
2025-12-16 08:17:32 - INFO - [epoch 30/10000000000000000000] train_loss=1.1489 | val_loss=1.1321 | val_acc=0.5196 | best_val=1.1321@30 | bad=0/10 | dt=13.0s
2025-12-16 08:17:46 - INFO - [epoch 31/10000000000000000000] train_loss=1.1404 | val_loss=1.1284 | val_acc=0.5180 | best_val=1.1284@31 | bad=0/10 | dt=13.7s
2025-12-16 08:17:59 - INFO - [epoch 32/10000000000000000000] train_loss=1.1348 | val_loss=1.1170 | val_acc=0.5256 | best_val=1.1170@32 | bad=0/10 | dt=13.2s
2025-12-16 08:18:12 - INFO - [epoch 33/10000000000000000000] train_loss=1.1317 | val_loss=1.1193 | val_acc=0.5264 | best_val=1.1170@32 | bad=1/10 | dt=13.2s
2025-12-16 08:18:25 - INFO - [epoch 34/10000000000000000000] train_loss=1.1313 | val_loss=1.0925 | val_acc=0.5456 | best_val=1.0925@34 | bad=0/10 | dt=13.0s
2025-12-16 08:18:38 - INFO - [epoch 35/10000000000000000000] train_loss=1.1249 | val_loss=1.1538 | val_acc=0.5032 | best_val=1.0925@34 | bad=1/10 | dt=13.0s
2025-12-16 08:18:51 - INFO - [epoch 36/10000000000000000000] train_loss=1.1226 | val_loss=1.2027 | val_acc=0.4928 | best_val=1.0925@34 | bad=2/10 | dt=13.0s
2025-12-16 08:19:05 - INFO - [epoch 37/10000000000000000000] train_loss=1.1160 | val_loss=1.1500 | val_acc=0.4964 | best_val=1.0925@34 | bad=3/10 | dt=13.1s
2025-12-16 08:19:18 - INFO - [epoch 38/10000000000000000000] train_loss=1.1143 | val_loss=1.1109 | val_acc=0.5192 | best_val=1.0925@34 | bad=4/10 | dt=13.2s
2025-12-16 08:19:31 - INFO - [epoch 39/10000000000000000000] train_loss=1.1164 | val_loss=1.1372 | val_acc=0.5124 | best_val=1.0925@34 | bad=5/10 | dt=12.9s
2025-12-16 08:19:44 - INFO - [epoch 40/10000000000000000000] train_loss=1.1099 | val_loss=1.1073 | val_acc=0.5360 | best_val=1.0925@34 | bad=6/10 | dt=13.2s
2025-12-16 08:19:57 - INFO - [epoch 41/10000000000000000000] train_loss=1.1105 | val_loss=1.1295 | val_acc=0.5188 | best_val=1.0925@34 | bad=7/10 | dt=13.0s
2025-12-16 08:20:10 - INFO - [epoch 42/10000000000000000000] train_loss=1.1080 | val_loss=1.0779 | val_acc=0.5384 | best_val=1.0779@42 | bad=0/10 | dt=13.3s
2025-12-16 08:20:23 - INFO - [epoch 43/10000000000000000000] train_loss=1.1066 | val_loss=1.0947 | val_acc=0.5340 | best_val=1.0779@42 | bad=1/10 | dt=12.8s
2025-12-16 08:20:36 - INFO - [epoch 44/10000000000000000000] train_loss=1.1033 | val_loss=1.0911 | val_acc=0.5272 | best_val=1.0779@42 | bad=2/10 | dt=13.0s
2025-12-16 08:20:49 - INFO - [epoch 45/10000000000000000000] train_loss=1.1024 | val_loss=1.0728 | val_acc=0.5556 | best_val=1.0728@45 | bad=0/10 | dt=13.1s
2025-12-16 08:21:02 - INFO - [epoch 46/10000000000000000000] train_loss=1.1065 | val_loss=1.0678 | val_acc=0.5500 | best_val=1.0678@46 | bad=0/10 | dt=13.2s
2025-12-16 08:21:15 - INFO - [epoch 47/10000000000000000000] train_loss=1.1024 | val_loss=1.1095 | val_acc=0.5248 | best_val=1.0678@46 | bad=1/10 | dt=13.0s
2025-12-16 08:21:28 - INFO - [epoch 48/10000000000000000000] train_loss=1.0988 | val_loss=1.1294 | val_acc=0.5300 | best_val=1.0678@46 | bad=2/10 | dt=13.0s
2025-12-16 08:21:41 - INFO - [epoch 49/10000000000000000000] train_loss=1.1020 | val_loss=1.0758 | val_acc=0.5432 | best_val=1.0678@46 | bad=3/10 | dt=13.0s
2025-12-16 08:21:54 - INFO - [epoch 50/10000000000000000000] train_loss=1.0973 | val_loss=1.1008 | val_acc=0.5260 | best_val=1.0678@46 | bad=4/10 | dt=13.1s
2025-12-16 08:22:07 - INFO - [epoch 51/10000000000000000000] train_loss=1.0960 | val_loss=1.1076 | val_acc=0.5268 | best_val=1.0678@46 | bad=5/10 | dt=13.0s
2025-12-16 08:22:21 - INFO - [epoch 52/10000000000000000000] train_loss=1.0956 | val_loss=1.0669 | val_acc=0.5464 | best_val=1.0669@52 | bad=0/10 | dt=13.2s
2025-12-16 08:22:34 - INFO - [epoch 53/10000000000000000000] train_loss=1.0902 | val_loss=1.0649 | val_acc=0.5528 | best_val=1.0649@53 | bad=0/10 | dt=13.1s
2025-12-16 08:22:48 - INFO - [epoch 54/10000000000000000000] train_loss=1.0914 | val_loss=1.0752 | val_acc=0.5272 | best_val=1.0649@53 | bad=1/10 | dt=13.8s
2025-12-16 08:23:01 - INFO - [epoch 55/10000000000000000000] train_loss=1.0857 | val_loss=1.0606 | val_acc=0.5484 | best_val=1.0606@55 | bad=0/10 | dt=13.0s
2025-12-16 08:23:14 - INFO - [epoch 56/10000000000000000000] train_loss=1.0924 | val_loss=1.0859 | val_acc=0.5292 | best_val=1.0606@55 | bad=1/10 | dt=13.1s
2025-12-16 08:23:27 - INFO - [epoch 57/10000000000000000000] train_loss=1.0899 | val_loss=1.1196 | val_acc=0.5164 | best_val=1.0606@55 | bad=2/10 | dt=13.1s
2025-12-16 08:23:41 - INFO - [epoch 58/10000000000000000000] train_loss=1.0841 | val_loss=1.0754 | val_acc=0.5372 | best_val=1.0606@55 | bad=3/10 | dt=14.4s
2025-12-16 08:23:54 - INFO - [epoch 59/10000000000000000000] train_loss=1.0857 | val_loss=1.0740 | val_acc=0.5448 | best_val=1.0606@55 | bad=4/10 | dt=13.3s
2025-12-16 08:24:07 - INFO - [epoch 60/10000000000000000000] train_loss=1.0894 | val_loss=1.0788 | val_acc=0.5380 | best_val=1.0606@55 | bad=5/10 | dt=12.8s
2025-12-16 08:24:21 - INFO - [epoch 61/10000000000000000000] train_loss=1.0823 | val_loss=1.0707 | val_acc=0.5404 | best_val=1.0606@55 | bad=6/10 | dt=13.3s
2025-12-16 08:24:33 - INFO - [epoch 62/10000000000000000000] train_loss=1.0855 | val_loss=1.1043 | val_acc=0.5236 | best_val=1.0606@55 | bad=7/10 | dt=12.9s
2025-12-16 08:24:46 - INFO - [epoch 63/10000000000000000000] train_loss=1.0821 | val_loss=1.0601 | val_acc=0.5424 | best_val=1.0601@63 | bad=0/10 | dt=13.0s
2025-12-16 08:24:59 - INFO - [epoch 64/10000000000000000000] train_loss=1.0826 | val_loss=1.0964 | val_acc=0.5304 | best_val=1.0601@63 | bad=1/10 | dt=12.8s
2025-12-16 08:25:12 - INFO - [epoch 65/10000000000000000000] train_loss=1.0825 | val_loss=1.0693 | val_acc=0.5296 | best_val=1.0601@63 | bad=2/10 | dt=13.0s
2025-12-16 08:25:25 - INFO - [epoch 66/10000000000000000000] train_loss=1.0828 | val_loss=1.0751 | val_acc=0.5444 | best_val=1.0601@63 | bad=3/10 | dt=13.0s
2025-12-16 08:25:38 - INFO - [epoch 67/10000000000000000000] train_loss=1.0783 | val_loss=1.0778 | val_acc=0.5380 | best_val=1.0601@63 | bad=4/10 | dt=13.2s
2025-12-16 08:25:52 - INFO - [epoch 68/10000000000000000000] train_loss=1.0780 | val_loss=1.1060 | val_acc=0.5380 | best_val=1.0601@63 | bad=5/10 | dt=13.2s
2025-12-16 08:26:05 - INFO - [epoch 69/10000000000000000000] train_loss=1.0786 | val_loss=1.0786 | val_acc=0.5456 | best_val=1.0601@63 | bad=6/10 | dt=13.1s
2025-12-16 08:26:18 - INFO - [epoch 70/10000000000000000000] train_loss=1.0759 | val_loss=1.0905 | val_acc=0.5296 | best_val=1.0601@63 | bad=7/10 | dt=13.3s
2025-12-16 08:26:31 - INFO - [epoch 71/10000000000000000000] train_loss=1.0797 | val_loss=1.0913 | val_acc=0.5376 | best_val=1.0601@63 | bad=8/10 | dt=13.1s
2025-12-16 08:26:44 - INFO - [epoch 72/10000000000000000000] train_loss=1.0764 | val_loss=1.0576 | val_acc=0.5500 | best_val=1.0576@72 | bad=0/10 | dt=13.1s
2025-12-16 08:26:57 - INFO - [epoch 73/10000000000000000000] train_loss=1.0733 | val_loss=1.0615 | val_acc=0.5524 | best_val=1.0576@72 | bad=1/10 | dt=13.1s
2025-12-16 08:27:11 - INFO - [epoch 74/10000000000000000000] train_loss=1.0718 | val_loss=1.0663 | val_acc=0.5404 | best_val=1.0576@72 | bad=2/10 | dt=13.3s
2025-12-16 08:27:24 - INFO - [epoch 75/10000000000000000000] train_loss=1.0701 | val_loss=1.0479 | val_acc=0.5596 | best_val=1.0479@75 | bad=0/10 | dt=12.9s
2025-12-16 08:27:37 - INFO - [epoch 76/10000000000000000000] train_loss=1.0735 | val_loss=1.0636 | val_acc=0.5500 | best_val=1.0479@75 | bad=1/10 | dt=13.3s
2025-12-16 08:27:50 - INFO - [epoch 77/10000000000000000000] train_loss=1.0693 | val_loss=1.0769 | val_acc=0.5456 | best_val=1.0479@75 | bad=2/10 | dt=13.4s
2025-12-16 08:28:03 - INFO - [epoch 78/10000000000000000000] train_loss=1.0685 | val_loss=1.0540 | val_acc=0.5652 | best_val=1.0479@75 | bad=3/10 | dt=13.1s
2025-12-16 08:28:16 - INFO - [epoch 79/10000000000000000000] train_loss=1.0733 | val_loss=1.0659 | val_acc=0.5436 | best_val=1.0479@75 | bad=4/10 | dt=13.1s
2025-12-16 08:28:30 - INFO - [epoch 80/10000000000000000000] train_loss=1.0681 | val_loss=1.0581 | val_acc=0.5520 | best_val=1.0479@75 | bad=5/10 | dt=13.2s
2025-12-16 08:28:42 - INFO - [epoch 81/10000000000000000000] train_loss=1.0639 | val_loss=1.0809 | val_acc=0.5340 | best_val=1.0479@75 | bad=6/10 | dt=12.8s
2025-12-16 08:28:56 - INFO - [epoch 82/10000000000000000000] train_loss=1.0637 | val_loss=1.1067 | val_acc=0.5388 | best_val=1.0479@75 | bad=7/10 | dt=13.4s
2025-12-16 08:29:09 - INFO - [epoch 83/10000000000000000000] train_loss=1.0626 | val_loss=1.0569 | val_acc=0.5520 | best_val=1.0479@75 | bad=8/10 | dt=13.0s
2025-12-16 08:29:22 - INFO - [epoch 84/10000000000000000000] train_loss=1.0624 | val_loss=1.1008 | val_acc=0.5392 | best_val=1.0479@75 | bad=9/10 | dt=13.0s
2025-12-16 08:29:34 - INFO - [epoch 85/10000000000000000000] train_loss=1.0642 | val_loss=1.0483 | val_acc=0.5568 | best_val=1.0479@75 | bad=10/10 | dt=12.7s
2025-12-16 08:29:34 - INFO - Early stopping: no improvement for 10 epochs (best=1.0479 @ epoch 75)
2025-12-16 08:29:35 - INFO - Val-as-test: loss=1.0483 acc=0.5568
2025-12-16 08:29:35 - INFO - ======== [End Run 1/6] width=1 depth=2 | best_val=1.0479 | test_acc=0.5568 ========

2025-12-16 08:29:37 - INFO - ======== [Run 2/6] width=6 depth=2 ========
2025-12-16 08:29:37 - INFO - Device=cuda | dataset=cifar10 | batch=512 | max_epochs=10000000000000000000 | patience=10 | lr=1.00e-03 | wd=5.0e-04 | cutmix_p=0.00
2025-12-16 08:29:37 - INFO - Model params=25043 | neurons=18
2025-12-16 08:29:51 - INFO - [epoch 1/10000000000000000000] train_loss=1.2873 | val_loss=1.3755 | val_acc=0.4220 | best_val=1.3755@1 | bad=0/10 | dt=14.5s
2025-12-16 08:30:04 - INFO - [epoch 2/10000000000000000000] train_loss=1.0894 | val_loss=1.1859 | val_acc=0.5312 | best_val=1.1859@2 | bad=0/10 | dt=13.0s
2025-12-16 08:30:18 - INFO - [epoch 3/10000000000000000000] train_loss=1.0043 | val_loss=1.0734 | val_acc=0.5576 | best_val=1.0734@3 | bad=0/10 | dt=13.7s
2025-12-16 08:30:32 - INFO - [epoch 4/10000000000000000000] train_loss=0.9569 | val_loss=0.9581 | val_acc=0.6072 | best_val=0.9581@4 | bad=0/10 | dt=13.7s
2025-12-16 08:30:45 - INFO - [epoch 5/10000000000000000000] train_loss=0.9079 | val_loss=0.9026 | val_acc=0.6364 | best_val=0.9026@5 | bad=0/10 | dt=13.6s
2025-12-16 08:30:59 - INFO - [epoch 6/10000000000000000000] train_loss=0.8750 | val_loss=0.9043 | val_acc=0.6312 | best_val=0.9026@5 | bad=1/10 | dt=13.8s
2025-12-16 08:31:13 - INFO - [epoch 7/10000000000000000000] train_loss=0.8441 | val_loss=0.8637 | val_acc=0.6548 | best_val=0.8637@7 | bad=0/10 | dt=13.8s
2025-12-16 08:31:27 - INFO - [epoch 8/10000000000000000000] train_loss=0.8227 | val_loss=0.8475 | val_acc=0.6588 | best_val=0.8475@8 | bad=0/10 | dt=13.7s
2025-12-16 08:31:41 - INFO - [epoch 9/10000000000000000000] train_loss=0.7932 | val_loss=0.8073 | val_acc=0.6772 | best_val=0.8073@9 | bad=0/10 | dt=13.8s
2025-12-16 08:31:54 - INFO - [epoch 10/10000000000000000000] train_loss=0.7757 | val_loss=0.8140 | val_acc=0.6784 | best_val=0.8073@9 | bad=1/10 | dt=13.5s
2025-12-16 08:32:08 - INFO - [epoch 11/10000000000000000000] train_loss=0.7542 | val_loss=0.8367 | val_acc=0.6588 | best_val=0.8073@9 | bad=2/10 | dt=13.9s
2025-12-16 08:32:22 - INFO - [epoch 12/10000000000000000000] train_loss=0.7473 | val_loss=0.7928 | val_acc=0.6792 | best_val=0.7928@12 | bad=0/10 | dt=13.7s
2025-12-16 08:32:36 - INFO - [epoch 13/10000000000000000000] train_loss=0.7247 | val_loss=0.7800 | val_acc=0.6960 | best_val=0.7800@13 | bad=0/10 | dt=13.9s
2025-12-16 08:32:50 - INFO - [epoch 14/10000000000000000000] train_loss=0.7111 | val_loss=0.7614 | val_acc=0.7040 | best_val=0.7614@14 | bad=0/10 | dt=14.1s
2025-12-16 08:33:03 - INFO - [epoch 15/10000000000000000000] train_loss=0.7001 | val_loss=0.7182 | val_acc=0.7200 | best_val=0.7182@15 | bad=0/10 | dt=13.6s
2025-12-16 08:33:17 - INFO - [epoch 16/10000000000000000000] train_loss=0.6889 | val_loss=0.7541 | val_acc=0.7088 | best_val=0.7182@15 | bad=1/10 | dt=13.8s
2025-12-16 08:33:31 - INFO - [epoch 17/10000000000000000000] train_loss=0.6678 | val_loss=0.7171 | val_acc=0.7316 | best_val=0.7171@17 | bad=0/10 | dt=13.7s
2025-12-16 08:33:45 - INFO - [epoch 18/10000000000000000000] train_loss=0.6565 | val_loss=0.7320 | val_acc=0.7240 | best_val=0.7171@17 | bad=1/10 | dt=13.9s
2025-12-16 08:33:58 - INFO - [epoch 19/10000000000000000000] train_loss=0.6456 | val_loss=0.7354 | val_acc=0.7112 | best_val=0.7171@17 | bad=2/10 | dt=13.6s
2025-12-16 08:34:12 - INFO - [epoch 20/10000000000000000000] train_loss=0.6318 | val_loss=0.6834 | val_acc=0.7404 | best_val=0.6834@20 | bad=0/10 | dt=13.9s
2025-12-16 08:34:26 - INFO - [epoch 21/10000000000000000000] train_loss=0.6253 | val_loss=0.6673 | val_acc=0.7388 | best_val=0.6673@21 | bad=0/10 | dt=13.6s
2025-12-16 08:34:40 - INFO - [epoch 22/10000000000000000000] train_loss=0.6152 | val_loss=0.6521 | val_acc=0.7504 | best_val=0.6521@22 | bad=0/10 | dt=13.8s
2025-12-16 08:34:53 - INFO - [epoch 23/10000000000000000000] train_loss=0.5944 | val_loss=0.6485 | val_acc=0.7496 | best_val=0.6485@23 | bad=0/10 | dt=13.4s
2025-12-16 08:35:07 - INFO - [epoch 24/10000000000000000000] train_loss=0.5868 | val_loss=0.6331 | val_acc=0.7532 | best_val=0.6331@24 | bad=0/10 | dt=13.6s
2025-12-16 08:35:20 - INFO - [epoch 25/10000000000000000000] train_loss=0.5845 | val_loss=0.6219 | val_acc=0.7572 | best_val=0.6219@25 | bad=0/10 | dt=13.8s
2025-12-16 08:35:34 - INFO - [epoch 26/10000000000000000000] train_loss=0.5715 | val_loss=0.6622 | val_acc=0.7376 | best_val=0.6219@25 | bad=1/10 | dt=13.6s
2025-12-16 08:35:48 - INFO - [epoch 27/10000000000000000000] train_loss=0.5637 | val_loss=0.6821 | val_acc=0.7408 | best_val=0.6219@25 | bad=2/10 | dt=13.7s
2025-12-16 08:36:01 - INFO - [epoch 28/10000000000000000000] train_loss=0.5549 | val_loss=0.6736 | val_acc=0.7380 | best_val=0.6219@25 | bad=3/10 | dt=13.7s
2025-12-16 08:36:15 - INFO - [epoch 29/10000000000000000000] train_loss=0.5505 | val_loss=0.6268 | val_acc=0.7648 | best_val=0.6219@25 | bad=4/10 | dt=13.8s
2025-12-16 08:36:29 - INFO - [epoch 30/10000000000000000000] train_loss=0.5417 | val_loss=0.6583 | val_acc=0.7516 | best_val=0.6219@25 | bad=5/10 | dt=13.5s
2025-12-16 08:36:43 - INFO - [epoch 31/10000000000000000000] train_loss=0.5361 | val_loss=0.7329 | val_acc=0.7316 | best_val=0.6219@25 | bad=6/10 | dt=14.0s
2025-12-16 08:36:56 - INFO - [epoch 32/10000000000000000000] train_loss=0.5252 | val_loss=0.5754 | val_acc=0.7820 | best_val=0.5754@32 | bad=0/10 | dt=13.4s
2025-12-16 08:37:10 - INFO - [epoch 33/10000000000000000000] train_loss=0.5119 | val_loss=0.6013 | val_acc=0.7728 | best_val=0.5754@32 | bad=1/10 | dt=13.6s
2025-12-16 08:37:24 - INFO - [epoch 34/10000000000000000000] train_loss=0.5156 | val_loss=0.6803 | val_acc=0.7452 | best_val=0.5754@32 | bad=2/10 | dt=13.9s
2025-12-16 08:37:37 - INFO - [epoch 35/10000000000000000000] train_loss=0.5102 | val_loss=0.6162 | val_acc=0.7696 | best_val=0.5754@32 | bad=3/10 | dt=13.6s
2025-12-16 08:37:52 - INFO - [epoch 36/10000000000000000000] train_loss=0.5029 | val_loss=0.5884 | val_acc=0.7776 | best_val=0.5754@32 | bad=4/10 | dt=14.4s
2025-12-16 08:38:06 - INFO - [epoch 37/10000000000000000000] train_loss=0.5017 | val_loss=0.5643 | val_acc=0.7872 | best_val=0.5643@37 | bad=0/10 | dt=13.8s
2025-12-16 08:38:19 - INFO - [epoch 38/10000000000000000000] train_loss=0.4918 | val_loss=0.5822 | val_acc=0.7768 | best_val=0.5643@37 | bad=1/10 | dt=13.9s
2025-12-16 08:38:34 - INFO - [epoch 39/10000000000000000000] train_loss=0.4841 | val_loss=0.5780 | val_acc=0.7892 | best_val=0.5643@37 | bad=2/10 | dt=14.6s
2025-12-16 08:38:48 - INFO - [epoch 40/10000000000000000000] train_loss=0.4791 | val_loss=0.6093 | val_acc=0.7808 | best_val=0.5643@37 | bad=3/10 | dt=13.8s
2025-12-16 08:39:01 - INFO - [epoch 41/10000000000000000000] train_loss=0.4780 | val_loss=0.6245 | val_acc=0.7620 | best_val=0.5643@37 | bad=4/10 | dt=13.4s
2025-12-16 08:39:15 - INFO - [epoch 42/10000000000000000000] train_loss=0.4645 | val_loss=0.5402 | val_acc=0.8040 | best_val=0.5402@42 | bad=0/10 | dt=13.6s
2025-12-16 08:39:28 - INFO - [epoch 43/10000000000000000000] train_loss=0.4618 | val_loss=0.6219 | val_acc=0.7736 | best_val=0.5402@42 | bad=1/10 | dt=13.8s
2025-12-16 08:39:42 - INFO - [epoch 44/10000000000000000000] train_loss=0.4569 | val_loss=0.6056 | val_acc=0.7860 | best_val=0.5402@42 | bad=2/10 | dt=13.7s
2025-12-16 08:39:56 - INFO - [epoch 45/10000000000000000000] train_loss=0.4559 | val_loss=0.6250 | val_acc=0.7864 | best_val=0.5402@42 | bad=3/10 | dt=13.7s
2025-12-16 08:40:10 - INFO - [epoch 46/10000000000000000000] train_loss=0.4530 | val_loss=0.5151 | val_acc=0.8172 | best_val=0.5151@46 | bad=0/10 | dt=13.7s
2025-12-16 08:40:23 - INFO - [epoch 47/10000000000000000000] train_loss=0.4543 | val_loss=0.5129 | val_acc=0.8200 | best_val=0.5129@47 | bad=0/10 | dt=13.8s
2025-12-16 08:40:37 - INFO - [epoch 48/10000000000000000000] train_loss=0.4492 | val_loss=0.5549 | val_acc=0.7932 | best_val=0.5129@47 | bad=1/10 | dt=13.9s
2025-12-16 08:40:51 - INFO - [epoch 49/10000000000000000000] train_loss=0.4385 | val_loss=0.7218 | val_acc=0.7564 | best_val=0.5129@47 | bad=2/10 | dt=13.9s
2025-12-16 08:41:05 - INFO - [epoch 50/10000000000000000000] train_loss=0.4392 | val_loss=0.5231 | val_acc=0.8136 | best_val=0.5129@47 | bad=3/10 | dt=13.5s
2025-12-16 08:41:18 - INFO - [epoch 51/10000000000000000000] train_loss=0.4343 | val_loss=0.5664 | val_acc=0.7980 | best_val=0.5129@47 | bad=4/10 | dt=13.6s
2025-12-16 08:41:32 - INFO - [epoch 52/10000000000000000000] train_loss=0.4275 | val_loss=0.5176 | val_acc=0.8216 | best_val=0.5129@47 | bad=5/10 | dt=13.8s
2025-12-16 08:41:46 - INFO - [epoch 53/10000000000000000000] train_loss=0.4269 | val_loss=0.5966 | val_acc=0.7904 | best_val=0.5129@47 | bad=6/10 | dt=13.7s
2025-12-16 08:41:59 - INFO - [epoch 54/10000000000000000000] train_loss=0.4197 | val_loss=0.5199 | val_acc=0.8124 | best_val=0.5129@47 | bad=7/10 | dt=13.6s
2025-12-16 08:42:13 - INFO - [epoch 55/10000000000000000000] train_loss=0.4204 | val_loss=0.5403 | val_acc=0.8008 | best_val=0.5129@47 | bad=8/10 | dt=13.6s
2025-12-16 08:42:27 - INFO - [epoch 56/10000000000000000000] train_loss=0.4136 | val_loss=0.5609 | val_acc=0.7972 | best_val=0.5129@47 | bad=9/10 | dt=13.9s
2025-12-16 08:42:41 - INFO - [epoch 57/10000000000000000000] train_loss=0.4095 | val_loss=0.4793 | val_acc=0.8256 | best_val=0.4793@57 | bad=0/10 | dt=14.2s
2025-12-16 08:42:55 - INFO - [epoch 58/10000000000000000000] train_loss=0.4086 | val_loss=0.4881 | val_acc=0.8260 | best_val=0.4793@57 | bad=1/10 | dt=13.7s
2025-12-16 08:43:08 - INFO - [epoch 59/10000000000000000000] train_loss=0.4070 | val_loss=0.4735 | val_acc=0.8332 | best_val=0.4735@59 | bad=0/10 | dt=13.5s
2025-12-16 08:43:22 - INFO - [epoch 60/10000000000000000000] train_loss=0.4044 | val_loss=0.6152 | val_acc=0.7892 | best_val=0.4735@59 | bad=1/10 | dt=13.6s
2025-12-16 08:43:36 - INFO - [epoch 61/10000000000000000000] train_loss=0.4056 | val_loss=0.4843 | val_acc=0.8240 | best_val=0.4735@59 | bad=2/10 | dt=13.8s
2025-12-16 08:43:49 - INFO - [epoch 62/10000000000000000000] train_loss=0.3975 | val_loss=0.4924 | val_acc=0.8260 | best_val=0.4735@59 | bad=3/10 | dt=13.7s
2025-12-16 08:44:03 - INFO - [epoch 63/10000000000000000000] train_loss=0.3936 | val_loss=0.4797 | val_acc=0.8268 | best_val=0.4735@59 | bad=4/10 | dt=13.7s
2025-12-16 08:44:17 - INFO - [epoch 64/10000000000000000000] train_loss=0.3931 | val_loss=0.5654 | val_acc=0.8028 | best_val=0.4735@59 | bad=5/10 | dt=13.6s
2025-12-16 08:44:30 - INFO - [epoch 65/10000000000000000000] train_loss=0.3821 | val_loss=0.5632 | val_acc=0.8088 | best_val=0.4735@59 | bad=6/10 | dt=13.8s
2025-12-16 08:44:44 - INFO - [epoch 66/10000000000000000000] train_loss=0.3849 | val_loss=0.4570 | val_acc=0.8368 | best_val=0.4570@66 | bad=0/10 | dt=13.7s
2025-12-16 08:44:58 - INFO - [epoch 67/10000000000000000000] train_loss=0.3747 | val_loss=0.5220 | val_acc=0.8168 | best_val=0.4570@66 | bad=1/10 | dt=13.5s
2025-12-16 08:45:11 - INFO - [epoch 68/10000000000000000000] train_loss=0.3748 | val_loss=0.4827 | val_acc=0.8224 | best_val=0.4570@66 | bad=2/10 | dt=13.7s
2025-12-16 08:45:25 - INFO - [epoch 69/10000000000000000000] train_loss=0.3823 | val_loss=0.4517 | val_acc=0.8424 | best_val=0.4517@69 | bad=0/10 | dt=13.8s
2025-12-16 08:45:39 - INFO - [epoch 70/10000000000000000000] train_loss=0.3772 | val_loss=0.5200 | val_acc=0.8156 | best_val=0.4517@69 | bad=1/10 | dt=13.7s
2025-12-16 08:45:52 - INFO - [epoch 71/10000000000000000000] train_loss=0.3807 | val_loss=0.4876 | val_acc=0.8244 | best_val=0.4517@69 | bad=2/10 | dt=13.7s
2025-12-16 08:46:06 - INFO - [epoch 72/10000000000000000000] train_loss=0.3678 | val_loss=0.5889 | val_acc=0.7972 | best_val=0.4517@69 | bad=3/10 | dt=13.6s
2025-12-16 08:46:20 - INFO - [epoch 73/10000000000000000000] train_loss=0.3727 | val_loss=0.5235 | val_acc=0.8124 | best_val=0.4517@69 | bad=4/10 | dt=13.6s
2025-12-16 08:46:33 - INFO - [epoch 74/10000000000000000000] train_loss=0.3635 | val_loss=0.4357 | val_acc=0.8392 | best_val=0.4357@74 | bad=0/10 | dt=13.8s
2025-12-16 08:46:47 - INFO - [epoch 75/10000000000000000000] train_loss=0.3627 | val_loss=0.5237 | val_acc=0.8140 | best_val=0.4357@74 | bad=1/10 | dt=13.7s
2025-12-16 08:47:01 - INFO - [epoch 76/10000000000000000000] train_loss=0.3616 | val_loss=0.4426 | val_acc=0.8340 | best_val=0.4357@74 | bad=2/10 | dt=13.5s
2025-12-16 08:47:14 - INFO - [epoch 77/10000000000000000000] train_loss=0.3609 | val_loss=0.4854 | val_acc=0.8292 | best_val=0.4357@74 | bad=3/10 | dt=13.7s
2025-12-16 08:47:28 - INFO - [epoch 78/10000000000000000000] train_loss=0.3559 | val_loss=0.4364 | val_acc=0.8396 | best_val=0.4357@74 | bad=4/10 | dt=13.6s
2025-12-16 08:47:41 - INFO - [epoch 79/10000000000000000000] train_loss=0.3516 | val_loss=0.4611 | val_acc=0.8420 | best_val=0.4357@74 | bad=5/10 | dt=13.2s
2025-12-16 08:47:55 - INFO - [epoch 80/10000000000000000000] train_loss=0.3572 | val_loss=0.5108 | val_acc=0.8172 | best_val=0.4357@74 | bad=6/10 | dt=13.5s
2025-12-16 08:48:08 - INFO - [epoch 81/10000000000000000000] train_loss=0.3579 | val_loss=0.4758 | val_acc=0.8352 | best_val=0.4357@74 | bad=7/10 | dt=13.6s
2025-12-16 08:48:22 - INFO - [epoch 82/10000000000000000000] train_loss=0.3487 | val_loss=0.4764 | val_acc=0.8264 | best_val=0.4357@74 | bad=8/10 | dt=13.7s
2025-12-16 08:48:36 - INFO - [epoch 83/10000000000000000000] train_loss=0.3513 | val_loss=0.6960 | val_acc=0.7848 | best_val=0.4357@74 | bad=9/10 | dt=13.8s
2025-12-16 08:48:49 - INFO - [epoch 84/10000000000000000000] train_loss=0.3488 | val_loss=0.4581 | val_acc=0.8392 | best_val=0.4357@74 | bad=10/10 | dt=13.6s
2025-12-16 08:48:49 - INFO - Early stopping: no improvement for 10 epochs (best=0.4357 @ epoch 74)
2025-12-16 08:48:50 - INFO - Val-as-test: loss=0.4581 acc=0.8392
2025-12-16 08:48:50 - INFO - ======== [End Run 2/6] width=6 depth=2 | best_val=0.4357 | test_acc=0.8392 ========

2025-12-16 08:48:51 - INFO - ======== [Run 3/6] width=11 depth=2 ========
2025-12-16 08:48:51 - INFO - Device=cuda | dataset=cifar10 | batch=512 | max_epochs=10000000000000000000 | patience=10 | lr=1.00e-03 | wd=5.0e-04 | cutmix_p=0.00
2025-12-16 08:48:51 - INFO - Model params=83088 | neurons=33
2025-12-16 08:49:06 - INFO - [epoch 1/10000000000000000000] train_loss=1.1892 | val_loss=1.0944 | val_acc=0.5404 | best_val=1.0944@1 | bad=0/10 | dt=15.5s
2025-12-16 08:49:20 - INFO - [epoch 2/10000000000000000000] train_loss=0.9693 | val_loss=0.9551 | val_acc=0.6024 | best_val=0.9551@2 | bad=0/10 | dt=13.4s
2025-12-16 08:49:34 - INFO - [epoch 3/10000000000000000000] train_loss=0.8902 | val_loss=0.8646 | val_acc=0.6500 | best_val=0.8646@3 | bad=0/10 | dt=13.8s
2025-12-16 08:49:48 - INFO - [epoch 4/10000000000000000000] train_loss=0.8280 | val_loss=0.9019 | val_acc=0.6204 | best_val=0.8646@3 | bad=1/10 | dt=13.8s
2025-12-16 08:50:01 - INFO - [epoch 5/10000000000000000000] train_loss=0.7655 | val_loss=1.0004 | val_acc=0.6192 | best_val=0.8646@3 | bad=2/10 | dt=13.7s
2025-12-16 08:50:15 - INFO - [epoch 6/10000000000000000000] train_loss=0.7109 | val_loss=0.7516 | val_acc=0.7116 | best_val=0.7516@6 | bad=0/10 | dt=13.7s
2025-12-16 08:50:29 - INFO - [epoch 7/10000000000000000000] train_loss=0.6822 | val_loss=1.0465 | val_acc=0.6312 | best_val=0.7516@6 | bad=1/10 | dt=13.8s
2025-12-16 08:50:43 - INFO - [epoch 8/10000000000000000000] train_loss=0.6456 | val_loss=0.7549 | val_acc=0.7260 | best_val=0.7516@6 | bad=2/10 | dt=13.8s
2025-12-16 08:50:56 - INFO - [epoch 9/10000000000000000000] train_loss=0.6072 | val_loss=0.7112 | val_acc=0.7300 | best_val=0.7112@9 | bad=0/10 | dt=13.7s
2025-12-16 08:51:10 - INFO - [epoch 10/10000000000000000000] train_loss=0.5733 | val_loss=0.6037 | val_acc=0.7744 | best_val=0.6037@10 | bad=0/10 | dt=13.5s
2025-12-16 08:51:24 - INFO - [epoch 11/10000000000000000000] train_loss=0.5414 | val_loss=0.6607 | val_acc=0.7424 | best_val=0.6037@10 | bad=1/10 | dt=13.8s
2025-12-16 08:51:37 - INFO - [epoch 12/10000000000000000000] train_loss=0.5145 | val_loss=0.6237 | val_acc=0.7616 | best_val=0.6037@10 | bad=2/10 | dt=13.8s
2025-12-16 08:51:51 - INFO - [epoch 13/10000000000000000000] train_loss=0.4925 | val_loss=0.6742 | val_acc=0.7528 | best_val=0.6037@10 | bad=3/10 | dt=13.9s
2025-12-16 08:52:05 - INFO - [epoch 14/10000000000000000000] train_loss=0.4804 | val_loss=0.8148 | val_acc=0.7160 | best_val=0.6037@10 | bad=4/10 | dt=13.6s
2025-12-16 08:52:19 - INFO - [epoch 15/10000000000000000000] train_loss=0.4604 | val_loss=0.5526 | val_acc=0.8008 | best_val=0.5526@15 | bad=0/10 | dt=13.8s
2025-12-16 08:52:33 - INFO - [epoch 16/10000000000000000000] train_loss=0.4436 | val_loss=0.5221 | val_acc=0.8120 | best_val=0.5221@16 | bad=0/10 | dt=13.8s
2025-12-16 08:52:50 - INFO - [epoch 17/10000000000000000000] train_loss=0.4274 | val_loss=0.5181 | val_acc=0.8160 | best_val=0.5181@17 | bad=0/10 | dt=17.8s
2025-12-16 08:53:05 - INFO - [epoch 18/10000000000000000000] train_loss=0.4218 | val_loss=0.6423 | val_acc=0.7620 | best_val=0.5181@17 | bad=1/10 | dt=14.8s
2025-12-16 08:53:29 - INFO - [epoch 19/10000000000000000000] train_loss=0.4020 | val_loss=0.5137 | val_acc=0.8232 | best_val=0.5137@19 | bad=0/10 | dt=24.2s
2025-12-16 08:53:53 - INFO - [epoch 20/10000000000000000000] train_loss=0.3990 | val_loss=0.5381 | val_acc=0.8072 | best_val=0.5137@19 | bad=1/10 | dt=24.1s
2025-12-16 08:54:18 - INFO - [epoch 21/10000000000000000000] train_loss=0.3903 | val_loss=0.6209 | val_acc=0.7872 | best_val=0.5137@19 | bad=2/10 | dt=24.1s
2025-12-16 08:54:42 - INFO - [epoch 22/10000000000000000000] train_loss=0.3720 | val_loss=0.5062 | val_acc=0.8088 | best_val=0.5062@22 | bad=0/10 | dt=24.0s
2025-12-16 08:55:06 - INFO - [epoch 23/10000000000000000000] train_loss=0.3642 | val_loss=0.7462 | val_acc=0.7772 | best_val=0.5062@22 | bad=1/10 | dt=24.0s
2025-12-16 08:55:35 - INFO - [epoch 24/10000000000000000000] train_loss=0.3654 | val_loss=0.5270 | val_acc=0.8120 | best_val=0.5062@22 | bad=2/10 | dt=29.1s
2025-12-16 08:56:02 - INFO - [epoch 25/10000000000000000000] train_loss=0.3485 | val_loss=0.4720 | val_acc=0.8304 | best_val=0.4720@25 | bad=0/10 | dt=27.6s
2025-12-16 08:56:27 - INFO - [epoch 26/10000000000000000000] train_loss=0.3420 | val_loss=0.4455 | val_acc=0.8444 | best_val=0.4455@26 | bad=0/10 | dt=24.9s
2025-12-16 08:56:51 - INFO - [epoch 27/10000000000000000000] train_loss=0.3321 | val_loss=0.4665 | val_acc=0.8420 | best_val=0.4455@26 | bad=1/10 | dt=24.3s
2025-12-16 08:57:16 - INFO - [epoch 28/10000000000000000000] train_loss=0.3321 | val_loss=0.4664 | val_acc=0.8356 | best_val=0.4455@26 | bad=2/10 | dt=24.4s
2025-12-16 08:57:39 - INFO - [epoch 29/10000000000000000000] train_loss=0.3228 | val_loss=0.4982 | val_acc=0.8308 | best_val=0.4455@26 | bad=3/10 | dt=23.6s
2025-12-16 08:57:52 - INFO - [epoch 30/10000000000000000000] train_loss=0.3287 | val_loss=0.4661 | val_acc=0.8428 | best_val=0.4455@26 | bad=4/10 | dt=12.2s
2025-12-16 08:58:04 - INFO - [epoch 31/10000000000000000000] train_loss=0.3133 | val_loss=0.6270 | val_acc=0.7812 | best_val=0.4455@26 | bad=5/10 | dt=12.6s
2025-12-16 08:58:16 - INFO - [epoch 32/10000000000000000000] train_loss=0.3086 | val_loss=0.4555 | val_acc=0.8452 | best_val=0.4455@26 | bad=6/10 | dt=11.9s
2025-12-16 08:58:28 - INFO - [epoch 33/10000000000000000000] train_loss=0.2966 | val_loss=0.4743 | val_acc=0.8372 | best_val=0.4455@26 | bad=7/10 | dt=11.7s
2025-12-16 08:58:39 - INFO - [epoch 34/10000000000000000000] train_loss=0.2943 | val_loss=0.4396 | val_acc=0.8476 | best_val=0.4396@34 | bad=0/10 | dt=11.7s
2025-12-16 08:58:51 - INFO - [epoch 35/10000000000000000000] train_loss=0.2841 | val_loss=0.4804 | val_acc=0.8252 | best_val=0.4396@34 | bad=1/10 | dt=11.7s
2025-12-16 08:59:03 - INFO - [epoch 36/10000000000000000000] train_loss=0.2813 | val_loss=0.4503 | val_acc=0.8520 | best_val=0.4396@34 | bad=2/10 | dt=11.8s
2025-12-16 08:59:15 - INFO - [epoch 37/10000000000000000000] train_loss=0.2782 | val_loss=0.4209 | val_acc=0.8576 | best_val=0.4209@37 | bad=0/10 | dt=12.0s
2025-12-16 08:59:27 - INFO - [epoch 38/10000000000000000000] train_loss=0.2744 | val_loss=0.4496 | val_acc=0.8464 | best_val=0.4209@37 | bad=1/10 | dt=11.7s
2025-12-16 08:59:38 - INFO - [epoch 39/10000000000000000000] train_loss=0.2721 | val_loss=0.4566 | val_acc=0.8548 | best_val=0.4209@37 | bad=2/10 | dt=11.7s
2025-12-16 08:59:55 - INFO - [epoch 40/10000000000000000000] train_loss=0.2620 | val_loss=0.4848 | val_acc=0.8396 | best_val=0.4209@37 | bad=3/10 | dt=16.4s
2025-12-16 09:00:19 - INFO - [epoch 41/10000000000000000000] train_loss=0.2652 | val_loss=0.4292 | val_acc=0.8632 | best_val=0.4209@37 | bad=4/10 | dt=24.1s
2025-12-16 09:00:43 - INFO - [epoch 42/10000000000000000000] train_loss=0.2589 | val_loss=0.5000 | val_acc=0.8484 | best_val=0.4209@37 | bad=5/10 | dt=24.2s
2025-12-16 09:01:07 - INFO - [epoch 43/10000000000000000000] train_loss=0.2553 | val_loss=0.4378 | val_acc=0.8556 | best_val=0.4209@37 | bad=6/10 | dt=24.1s
2025-12-16 09:01:31 - INFO - [epoch 44/10000000000000000000] train_loss=0.2523 | val_loss=0.5546 | val_acc=0.8152 | best_val=0.4209@37 | bad=7/10 | dt=24.1s
2025-12-16 09:01:57 - INFO - [epoch 45/10000000000000000000] train_loss=0.2445 | val_loss=0.4167 | val_acc=0.8560 | best_val=0.4167@45 | bad=0/10 | dt=25.3s
2025-12-16 09:02:24 - INFO - [epoch 46/10000000000000000000] train_loss=0.2464 | val_loss=0.3953 | val_acc=0.8620 | best_val=0.3953@46 | bad=0/10 | dt=27.4s
2025-12-16 09:02:42 - INFO - [epoch 47/10000000000000000000] train_loss=0.2430 | val_loss=0.3997 | val_acc=0.8684 | best_val=0.3953@46 | bad=1/10 | dt=17.6s
2025-12-16 09:02:53 - INFO - [epoch 48/10000000000000000000] train_loss=0.2355 | val_loss=0.4289 | val_acc=0.8640 | best_val=0.3953@46 | bad=2/10 | dt=11.6s
2025-12-16 09:03:05 - INFO - [epoch 49/10000000000000000000] train_loss=0.2301 | val_loss=0.4119 | val_acc=0.8676 | best_val=0.3953@46 | bad=3/10 | dt=11.7s
2025-12-16 09:03:17 - INFO - [epoch 50/10000000000000000000] train_loss=0.2261 | val_loss=0.3725 | val_acc=0.8768 | best_val=0.3725@50 | bad=0/10 | dt=11.9s
2025-12-16 09:03:29 - INFO - [epoch 51/10000000000000000000] train_loss=0.2207 | val_loss=0.4251 | val_acc=0.8592 | best_val=0.3725@50 | bad=1/10 | dt=12.0s
2025-12-16 09:03:41 - INFO - [epoch 52/10000000000000000000] train_loss=0.2226 | val_loss=0.4590 | val_acc=0.8572 | best_val=0.3725@50 | bad=2/10 | dt=11.7s
2025-12-16 09:03:53 - INFO - [epoch 53/10000000000000000000] train_loss=0.2216 | val_loss=0.4308 | val_acc=0.8620 | best_val=0.3725@50 | bad=3/10 | dt=12.4s
2025-12-16 09:04:05 - INFO - [epoch 54/10000000000000000000] train_loss=0.2181 | val_loss=0.4733 | val_acc=0.8496 | best_val=0.3725@50 | bad=4/10 | dt=12.2s
2025-12-16 09:04:17 - INFO - [epoch 55/10000000000000000000] train_loss=0.2172 | val_loss=0.4215 | val_acc=0.8660 | best_val=0.3725@50 | bad=5/10 | dt=11.9s
2025-12-16 09:04:29 - INFO - [epoch 56/10000000000000000000] train_loss=0.2128 | val_loss=0.4941 | val_acc=0.8468 | best_val=0.3725@50 | bad=6/10 | dt=11.6s
2025-12-16 09:04:40 - INFO - [epoch 57/10000000000000000000] train_loss=0.2123 | val_loss=0.3617 | val_acc=0.8844 | best_val=0.3617@57 | bad=0/10 | dt=11.6s
2025-12-16 09:04:59 - INFO - [epoch 58/10000000000000000000] train_loss=0.2063 | val_loss=0.4094 | val_acc=0.8656 | best_val=0.3617@57 | bad=1/10 | dt=18.2s
2025-12-16 09:05:14 - INFO - [epoch 59/10000000000000000000] train_loss=0.2015 | val_loss=0.4467 | val_acc=0.8532 | best_val=0.3617@57 | bad=2/10 | dt=15.6s
2025-12-16 09:05:26 - INFO - [epoch 60/10000000000000000000] train_loss=0.2006 | val_loss=0.3922 | val_acc=0.8780 | best_val=0.3617@57 | bad=3/10 | dt=12.2s
2025-12-16 09:05:38 - INFO - [epoch 61/10000000000000000000] train_loss=0.1964 | val_loss=0.3716 | val_acc=0.8824 | best_val=0.3617@57 | bad=4/10 | dt=11.6s
2025-12-16 09:05:50 - INFO - [epoch 62/10000000000000000000] train_loss=0.1937 | val_loss=0.3865 | val_acc=0.8784 | best_val=0.3617@57 | bad=5/10 | dt=11.7s
2025-12-16 09:06:01 - INFO - [epoch 63/10000000000000000000] train_loss=0.1906 | val_loss=0.5610 | val_acc=0.8372 | best_val=0.3617@57 | bad=6/10 | dt=11.6s
2025-12-16 09:06:13 - INFO - [epoch 64/10000000000000000000] train_loss=0.1887 | val_loss=0.4947 | val_acc=0.8508 | best_val=0.3617@57 | bad=7/10 | dt=11.7s
2025-12-16 09:06:25 - INFO - [epoch 65/10000000000000000000] train_loss=0.1883 | val_loss=0.3679 | val_acc=0.8780 | best_val=0.3617@57 | bad=8/10 | dt=11.7s
2025-12-16 09:06:36 - INFO - [epoch 66/10000000000000000000] train_loss=0.1947 | val_loss=0.4145 | val_acc=0.8664 | best_val=0.3617@57 | bad=9/10 | dt=11.7s
2025-12-16 09:06:48 - INFO - [epoch 67/10000000000000000000] train_loss=0.1831 | val_loss=0.3995 | val_acc=0.8664 | best_val=0.3617@57 | bad=10/10 | dt=11.6s
2025-12-16 09:06:48 - INFO - Early stopping: no improvement for 10 epochs (best=0.3617 @ epoch 57)
2025-12-16 09:06:49 - INFO - Val-as-test: loss=0.3995 acc=0.8664
2025-12-16 09:06:49 - INFO - ======== [End Run 3/6] width=11 depth=2 | best_val=0.3617 | test_acc=0.8664 ========

2025-12-16 09:06:50 - INFO - ======== [Run 4/6] width=16 depth=2 ========
2025-12-16 09:06:50 - INFO - Device=cuda | dataset=cifar10 | batch=512 | max_epochs=10000000000000000000 | patience=10 | lr=1.00e-03 | wd=5.0e-04 | cutmix_p=0.00
2025-12-16 09:06:50 - INFO - Model params=174933 | neurons=48
2025-12-16 09:07:04 - INFO - [epoch 1/10000000000000000000] train_loss=1.1290 | val_loss=1.2010 | val_acc=0.4748 | best_val=1.2010@1 | bad=0/10 | dt=14.3s
2025-12-16 09:07:16 - INFO - [epoch 2/10000000000000000000] train_loss=0.9121 | val_loss=1.0311 | val_acc=0.5688 | best_val=1.0311@2 | bad=0/10 | dt=12.5s
2025-12-16 09:07:29 - INFO - [epoch 3/10000000000000000000] train_loss=0.8229 | val_loss=1.1945 | val_acc=0.5328 | best_val=1.0311@2 | bad=1/10 | dt=12.6s
2025-12-16 09:07:42 - INFO - [epoch 4/10000000000000000000] train_loss=0.7415 | val_loss=0.8481 | val_acc=0.6804 | best_val=0.8481@4 | bad=0/10 | dt=12.5s
2025-12-16 09:07:54 - INFO - [epoch 5/10000000000000000000] train_loss=0.6799 | val_loss=0.7962 | val_acc=0.6832 | best_val=0.7962@5 | bad=0/10 | dt=12.7s
2025-12-16 09:08:07 - INFO - [epoch 6/10000000000000000000] train_loss=0.6250 | val_loss=0.7349 | val_acc=0.7072 | best_val=0.7349@6 | bad=0/10 | dt=12.5s
2025-12-16 09:08:19 - INFO - [epoch 7/10000000000000000000] train_loss=0.5777 | val_loss=0.6548 | val_acc=0.7528 | best_val=0.6548@7 | bad=0/10 | dt=12.5s
2025-12-16 09:08:34 - INFO - [epoch 8/10000000000000000000] train_loss=0.5397 | val_loss=0.6054 | val_acc=0.7812 | best_val=0.6054@8 | bad=0/10 | dt=15.2s
2025-12-16 09:08:49 - INFO - [epoch 9/10000000000000000000] train_loss=0.5051 | val_loss=0.7934 | val_acc=0.7328 | best_val=0.6054@8 | bad=1/10 | dt=14.2s
2025-12-16 09:09:01 - INFO - [epoch 10/10000000000000000000] train_loss=0.4784 | val_loss=0.9735 | val_acc=0.7048 | best_val=0.6054@8 | bad=2/10 | dt=12.8s
2025-12-16 09:09:16 - INFO - [epoch 11/10000000000000000000] train_loss=0.4500 | val_loss=0.5928 | val_acc=0.7844 | best_val=0.5928@11 | bad=0/10 | dt=14.3s
2025-12-16 09:09:28 - INFO - [epoch 12/10000000000000000000] train_loss=0.4262 | val_loss=0.5139 | val_acc=0.8168 | best_val=0.5139@12 | bad=0/10 | dt=12.4s
2025-12-16 09:09:41 - INFO - [epoch 13/10000000000000000000] train_loss=0.4042 | val_loss=0.5825 | val_acc=0.7996 | best_val=0.5139@12 | bad=1/10 | dt=12.5s
2025-12-16 09:09:53 - INFO - [epoch 14/10000000000000000000] train_loss=0.3941 | val_loss=1.0186 | val_acc=0.7336 | best_val=0.5139@12 | bad=2/10 | dt=12.6s
2025-12-16 09:10:06 - INFO - [epoch 15/10000000000000000000] train_loss=0.3733 | val_loss=0.5244 | val_acc=0.8136 | best_val=0.5139@12 | bad=3/10 | dt=12.4s
2025-12-16 09:10:18 - INFO - [epoch 16/10000000000000000000] train_loss=0.3664 | val_loss=0.4725 | val_acc=0.8292 | best_val=0.4725@16 | bad=0/10 | dt=12.4s
2025-12-16 09:10:31 - INFO - [epoch 17/10000000000000000000] train_loss=0.3459 | val_loss=0.6631 | val_acc=0.7856 | best_val=0.4725@16 | bad=1/10 | dt=12.6s
2025-12-16 09:10:43 - INFO - [epoch 18/10000000000000000000] train_loss=0.3368 | val_loss=0.4558 | val_acc=0.8412 | best_val=0.4558@18 | bad=0/10 | dt=12.4s
2025-12-16 09:10:56 - INFO - [epoch 19/10000000000000000000] train_loss=0.3230 | val_loss=0.5613 | val_acc=0.8184 | best_val=0.4558@18 | bad=1/10 | dt=13.0s
2025-12-16 09:11:08 - INFO - [epoch 20/10000000000000000000] train_loss=0.3210 | val_loss=0.4929 | val_acc=0.8308 | best_val=0.4558@18 | bad=2/10 | dt=12.3s
2025-12-16 09:11:21 - INFO - [epoch 21/10000000000000000000] train_loss=0.3026 | val_loss=0.7512 | val_acc=0.7744 | best_val=0.4558@18 | bad=3/10 | dt=12.2s
2025-12-16 09:11:33 - INFO - [epoch 22/10000000000000000000] train_loss=0.2987 | val_loss=0.4192 | val_acc=0.8488 | best_val=0.4192@22 | bad=0/10 | dt=12.5s
2025-12-16 09:11:45 - INFO - [epoch 23/10000000000000000000] train_loss=0.2813 | val_loss=0.6398 | val_acc=0.7888 | best_val=0.4192@22 | bad=1/10 | dt=12.4s
2025-12-16 09:11:58 - INFO - [epoch 24/10000000000000000000] train_loss=0.2860 | val_loss=0.4630 | val_acc=0.8456 | best_val=0.4192@22 | bad=2/10 | dt=12.3s
2025-12-16 09:12:10 - INFO - [epoch 25/10000000000000000000] train_loss=0.2729 | val_loss=0.4139 | val_acc=0.8560 | best_val=0.4139@25 | bad=0/10 | dt=12.3s
2025-12-16 09:12:22 - INFO - [epoch 26/10000000000000000000] train_loss=0.2643 | val_loss=0.5183 | val_acc=0.8280 | best_val=0.4139@25 | bad=1/10 | dt=12.4s
2025-12-16 09:12:35 - INFO - [epoch 27/10000000000000000000] train_loss=0.2628 | val_loss=0.7275 | val_acc=0.7928 | best_val=0.4139@25 | bad=2/10 | dt=12.4s
2025-12-16 09:12:47 - INFO - [epoch 28/10000000000000000000] train_loss=0.2589 | val_loss=0.5278 | val_acc=0.8360 | best_val=0.4139@25 | bad=3/10 | dt=12.5s
2025-12-16 09:13:00 - INFO - [epoch 29/10000000000000000000] train_loss=0.2460 | val_loss=0.4428 | val_acc=0.8484 | best_val=0.4139@25 | bad=4/10 | dt=12.4s
2025-12-16 09:13:12 - INFO - [epoch 30/10000000000000000000] train_loss=0.2351 | val_loss=0.4241 | val_acc=0.8560 | best_val=0.4139@25 | bad=5/10 | dt=12.4s
2025-12-16 09:13:25 - INFO - [epoch 31/10000000000000000000] train_loss=0.2317 | val_loss=0.4601 | val_acc=0.8476 | best_val=0.4139@25 | bad=6/10 | dt=12.7s
2025-12-16 09:13:37 - INFO - [epoch 32/10000000000000000000] train_loss=0.2261 | val_loss=0.5005 | val_acc=0.8408 | best_val=0.4139@25 | bad=7/10 | dt=12.6s
2025-12-16 09:13:50 - INFO - [epoch 33/10000000000000000000] train_loss=0.2186 | val_loss=0.4480 | val_acc=0.8544 | best_val=0.4139@25 | bad=8/10 | dt=12.4s
2025-12-16 09:14:02 - INFO - [epoch 34/10000000000000000000] train_loss=0.2212 | val_loss=0.4645 | val_acc=0.8552 | best_val=0.4139@25 | bad=9/10 | dt=12.4s
2025-12-16 09:14:14 - INFO - [epoch 35/10000000000000000000] train_loss=0.2124 | val_loss=0.3853 | val_acc=0.8732 | best_val=0.3853@35 | bad=0/10 | dt=12.3s
2025-12-16 09:14:27 - INFO - [epoch 36/10000000000000000000] train_loss=0.2062 | val_loss=0.4453 | val_acc=0.8552 | best_val=0.3853@35 | bad=1/10 | dt=12.6s
2025-12-16 09:14:39 - INFO - [epoch 37/10000000000000000000] train_loss=0.2002 | val_loss=0.4149 | val_acc=0.8700 | best_val=0.3853@35 | bad=2/10 | dt=12.4s
2025-12-16 09:14:52 - INFO - [epoch 38/10000000000000000000] train_loss=0.2009 | val_loss=0.4083 | val_acc=0.8716 | best_val=0.3853@35 | bad=3/10 | dt=12.3s
2025-12-16 09:15:04 - INFO - [epoch 39/10000000000000000000] train_loss=0.1954 | val_loss=0.3801 | val_acc=0.8784 | best_val=0.3801@39 | bad=0/10 | dt=12.4s
2025-12-16 09:15:18 - INFO - [epoch 40/10000000000000000000] train_loss=0.1898 | val_loss=0.3817 | val_acc=0.8744 | best_val=0.3801@39 | bad=1/10 | dt=13.5s
2025-12-16 09:15:33 - INFO - [epoch 41/10000000000000000000] train_loss=0.1852 | val_loss=0.4953 | val_acc=0.8520 | best_val=0.3801@39 | bad=2/10 | dt=15.5s
2025-12-16 09:15:46 - INFO - [epoch 42/10000000000000000000] train_loss=0.1857 | val_loss=0.4208 | val_acc=0.8672 | best_val=0.3801@39 | bad=3/10 | dt=12.6s
2025-12-16 09:15:59 - INFO - [epoch 43/10000000000000000000] train_loss=0.1860 | val_loss=0.4729 | val_acc=0.8468 | best_val=0.3801@39 | bad=4/10 | dt=13.0s
2025-12-16 09:16:11 - INFO - [epoch 44/10000000000000000000] train_loss=0.1786 | val_loss=0.5349 | val_acc=0.8556 | best_val=0.3801@39 | bad=5/10 | dt=12.2s
2025-12-16 09:16:23 - INFO - [epoch 45/10000000000000000000] train_loss=0.1708 | val_loss=0.3940 | val_acc=0.8744 | best_val=0.3801@39 | bad=6/10 | dt=12.3s
2025-12-16 09:16:35 - INFO - [epoch 46/10000000000000000000] train_loss=0.1707 | val_loss=0.4349 | val_acc=0.8692 | best_val=0.3801@39 | bad=7/10 | dt=12.1s
2025-12-16 09:16:48 - INFO - [epoch 47/10000000000000000000] train_loss=0.1644 | val_loss=0.5218 | val_acc=0.8444 | best_val=0.3801@39 | bad=8/10 | dt=12.6s
2025-12-16 09:17:00 - INFO - [epoch 48/10000000000000000000] train_loss=0.1539 | val_loss=0.5275 | val_acc=0.8536 | best_val=0.3801@39 | bad=9/10 | dt=12.0s
2025-12-16 09:17:12 - INFO - [epoch 49/10000000000000000000] train_loss=0.1616 | val_loss=0.4862 | val_acc=0.8660 | best_val=0.3801@39 | bad=10/10 | dt=12.1s
2025-12-16 09:17:12 - INFO - Early stopping: no improvement for 10 epochs (best=0.3801 @ epoch 39)
2025-12-16 09:17:13 - INFO - Val-as-test: loss=0.4862 acc=0.8660
2025-12-16 09:17:13 - INFO - ======== [End Run 4/6] width=16 depth=2 | best_val=0.3801 | test_acc=0.8660 ========

2025-12-16 09:17:14 - INFO - ======== [Run 5/6] width=21 depth=2 ========
2025-12-16 09:17:14 - INFO - Device=cuda | dataset=cifar10 | batch=512 | max_epochs=10000000000000000000 | patience=10 | lr=1.00e-03 | wd=5.0e-04 | cutmix_p=0.00
2025-12-16 09:17:14 - INFO - Model params=300578 | neurons=63
2025-12-16 09:17:32 - INFO - [epoch 1/10000000000000000000] train_loss=1.0877 | val_loss=0.9997 | val_acc=0.5988 | best_val=0.9997@1 | bad=0/10 | dt=17.8s
2025-12-16 09:17:46 - INFO - [epoch 2/10000000000000000000] train_loss=0.8596 | val_loss=0.8845 | val_acc=0.6640 | best_val=0.8845@2 | bad=0/10 | dt=13.9s
2025-12-16 09:18:05 - INFO - [epoch 3/10000000000000000000] train_loss=0.7369 | val_loss=0.8533 | val_acc=0.6760 | best_val=0.8533@3 | bad=0/10 | dt=18.8s
2025-12-16 09:18:20 - INFO - [epoch 4/10000000000000000000] train_loss=0.6584 | val_loss=0.7144 | val_acc=0.7256 | best_val=0.7144@4 | bad=0/10 | dt=15.5s
2025-12-16 09:18:35 - INFO - [epoch 5/10000000000000000000] train_loss=0.6087 | val_loss=0.8916 | val_acc=0.6920 | best_val=0.7144@4 | bad=1/10 | dt=14.5s
2025-12-16 09:18:49 - INFO - [epoch 6/10000000000000000000] train_loss=0.5527 | val_loss=0.6150 | val_acc=0.7692 | best_val=0.6150@6 | bad=0/10 | dt=14.1s
2025-12-16 09:19:02 - INFO - [epoch 7/10000000000000000000] train_loss=0.5098 | val_loss=0.5716 | val_acc=0.7860 | best_val=0.5716@7 | bad=0/10 | dt=13.3s
2025-12-16 09:19:16 - INFO - [epoch 8/10000000000000000000] train_loss=0.4795 | val_loss=0.6261 | val_acc=0.7760 | best_val=0.5716@7 | bad=1/10 | dt=14.0s
2025-12-16 09:19:30 - INFO - [epoch 9/10000000000000000000] train_loss=0.4523 | val_loss=0.5685 | val_acc=0.8016 | best_val=0.5685@9 | bad=0/10 | dt=13.5s
2025-12-16 09:19:44 - INFO - [epoch 10/10000000000000000000] train_loss=0.4191 | val_loss=0.5478 | val_acc=0.7984 | best_val=0.5478@10 | bad=0/10 | dt=14.5s
2025-12-16 09:19:58 - INFO - [epoch 11/10000000000000000000] train_loss=0.3976 | val_loss=0.5676 | val_acc=0.7988 | best_val=0.5478@10 | bad=1/10 | dt=13.7s
2025-12-16 09:20:12 - INFO - [epoch 12/10000000000000000000] train_loss=0.3792 | val_loss=0.5854 | val_acc=0.7928 | best_val=0.5478@10 | bad=2/10 | dt=13.7s
2025-12-16 09:20:25 - INFO - [epoch 13/10000000000000000000] train_loss=0.3521 | val_loss=0.4738 | val_acc=0.8304 | best_val=0.4738@13 | bad=0/10 | dt=13.7s
2025-12-16 09:20:39 - INFO - [epoch 14/10000000000000000000] train_loss=0.3393 | val_loss=0.5092 | val_acc=0.8176 | best_val=0.4738@13 | bad=1/10 | dt=13.7s
2025-12-16 09:20:52 - INFO - [epoch 15/10000000000000000000] train_loss=0.3338 | val_loss=0.5423 | val_acc=0.8008 | best_val=0.4738@13 | bad=2/10 | dt=13.1s
2025-12-16 09:21:06 - INFO - [epoch 16/10000000000000000000] train_loss=0.3161 | val_loss=0.3883 | val_acc=0.8608 | best_val=0.3883@16 | bad=0/10 | dt=13.7s
2025-12-16 09:21:19 - INFO - [epoch 17/10000000000000000000] train_loss=0.2931 | val_loss=0.4791 | val_acc=0.8336 | best_val=0.3883@16 | bad=1/10 | dt=13.7s
2025-12-16 09:21:33 - INFO - [epoch 18/10000000000000000000] train_loss=0.2871 | val_loss=0.5110 | val_acc=0.8296 | best_val=0.3883@16 | bad=2/10 | dt=13.9s
2025-12-16 09:21:47 - INFO - [epoch 19/10000000000000000000] train_loss=0.2746 | val_loss=0.6067 | val_acc=0.8148 | best_val=0.3883@16 | bad=3/10 | dt=13.8s
2025-12-16 09:22:01 - INFO - [epoch 20/10000000000000000000] train_loss=0.2722 | val_loss=0.4552 | val_acc=0.8448 | best_val=0.3883@16 | bad=4/10 | dt=14.0s
2025-12-16 09:22:15 - INFO - [epoch 21/10000000000000000000] train_loss=0.2583 | val_loss=0.3824 | val_acc=0.8640 | best_val=0.3824@21 | bad=0/10 | dt=14.1s
2025-12-16 09:22:29 - INFO - [epoch 22/10000000000000000000] train_loss=0.2460 | val_loss=0.4182 | val_acc=0.8596 | best_val=0.3824@21 | bad=1/10 | dt=14.0s
2025-12-16 09:22:43 - INFO - [epoch 23/10000000000000000000] train_loss=0.2368 | val_loss=0.3819 | val_acc=0.8712 | best_val=0.3819@23 | bad=0/10 | dt=13.8s
2025-12-16 09:22:58 - INFO - [epoch 24/10000000000000000000] train_loss=0.2262 | val_loss=0.5362 | val_acc=0.8388 | best_val=0.3819@23 | bad=1/10 | dt=14.5s
2025-12-16 09:23:14 - INFO - [epoch 25/10000000000000000000] train_loss=0.2215 | val_loss=0.6317 | val_acc=0.8124 | best_val=0.3819@23 | bad=2/10 | dt=16.2s
2025-12-16 09:23:27 - INFO - [epoch 26/10000000000000000000] train_loss=0.2158 | val_loss=0.4418 | val_acc=0.8568 | best_val=0.3819@23 | bad=3/10 | dt=13.7s
2025-12-16 09:23:41 - INFO - [epoch 27/10000000000000000000] train_loss=0.2122 | val_loss=0.4572 | val_acc=0.8600 | best_val=0.3819@23 | bad=4/10 | dt=13.9s
2025-12-16 09:23:55 - INFO - [epoch 28/10000000000000000000] train_loss=0.2036 | val_loss=0.4047 | val_acc=0.8720 | best_val=0.3819@23 | bad=5/10 | dt=13.8s
2025-12-16 09:24:09 - INFO - [epoch 29/10000000000000000000] train_loss=0.1943 | val_loss=0.5681 | val_acc=0.8260 | best_val=0.3819@23 | bad=6/10 | dt=13.7s
2025-12-16 09:24:24 - INFO - [epoch 30/10000000000000000000] train_loss=0.1842 | val_loss=0.4713 | val_acc=0.8608 | best_val=0.3819@23 | bad=7/10 | dt=14.8s
2025-12-16 09:24:42 - INFO - [epoch 31/10000000000000000000] train_loss=0.1810 | val_loss=0.4399 | val_acc=0.8580 | best_val=0.3819@23 | bad=8/10 | dt=18.3s
2025-12-16 09:24:56 - INFO - [epoch 32/10000000000000000000] train_loss=0.1864 | val_loss=0.4808 | val_acc=0.8496 | best_val=0.3819@23 | bad=9/10 | dt=14.2s
2025-12-16 09:25:10 - INFO - [epoch 33/10000000000000000000] train_loss=0.1732 | val_loss=0.4939 | val_acc=0.8540 | best_val=0.3819@23 | bad=10/10 | dt=13.8s
2025-12-16 09:25:10 - INFO - Early stopping: no improvement for 10 epochs (best=0.3819 @ epoch 23)
2025-12-16 09:25:11 - INFO - Val-as-test: loss=0.4939 acc=0.8540
2025-12-16 09:25:11 - INFO - ======== [End Run 5/6] width=21 depth=2 | best_val=0.3819 | test_acc=0.8540 ========

2025-12-16 09:25:12 - INFO - ======== [Run 6/6] width=26 depth=2 ========
2025-12-16 09:25:12 - INFO - Device=cuda | dataset=cifar10 | batch=512 | max_epochs=10000000000000000000 | patience=10 | lr=1.00e-03 | wd=5.0e-04 | cutmix_p=0.00
2025-12-16 09:25:12 - INFO - Model params=460023 | neurons=78
2025-12-16 09:25:30 - INFO - [epoch 1/10000000000000000000] train_loss=1.0833 | val_loss=1.1465 | val_acc=0.5472 | best_val=1.1465@1 | bad=0/10 | dt=18.0s
2025-12-16 09:25:45 - INFO - [epoch 2/10000000000000000000] train_loss=0.8475 | val_loss=0.8563 | val_acc=0.6672 | best_val=0.8563@2 | bad=0/10 | dt=15.3s
2025-12-16 09:26:02 - INFO - [epoch 3/10000000000000000000] train_loss=0.7261 | val_loss=0.8609 | val_acc=0.6896 | best_val=0.8563@2 | bad=1/10 | dt=16.5s
2025-12-16 09:26:19 - INFO - [epoch 4/10000000000000000000] train_loss=0.6485 | val_loss=0.7888 | val_acc=0.7116 | best_val=0.7888@4 | bad=0/10 | dt=17.0s
2025-12-16 09:26:35 - INFO - [epoch 5/10000000000000000000] train_loss=0.5854 | val_loss=0.6415 | val_acc=0.7516 | best_val=0.6415@5 | bad=0/10 | dt=16.7s
2025-12-16 09:26:51 - INFO - [epoch 6/10000000000000000000] train_loss=0.5264 | val_loss=0.8295 | val_acc=0.7112 | best_val=0.6415@5 | bad=1/10 | dt=15.7s
2025-12-16 09:27:07 - INFO - [epoch 7/10000000000000000000] train_loss=0.4881 | val_loss=1.3545 | val_acc=0.5688 | best_val=0.6415@5 | bad=2/10 | dt=15.5s
2025-12-16 09:27:23 - INFO - [epoch 8/10000000000000000000] train_loss=0.4499 | val_loss=0.7416 | val_acc=0.7536 | best_val=0.6415@5 | bad=3/10 | dt=16.1s
2025-12-16 09:27:38 - INFO - [epoch 9/10000000000000000000] train_loss=0.4225 | val_loss=0.6347 | val_acc=0.7936 | best_val=0.6347@9 | bad=0/10 | dt=15.1s
2025-12-16 09:27:53 - INFO - [epoch 10/10000000000000000000] train_loss=0.3872 | val_loss=0.4970 | val_acc=0.8124 | best_val=0.4970@10 | bad=0/10 | dt=15.5s
2025-12-16 09:28:11 - INFO - [epoch 11/10000000000000000000] train_loss=0.3583 | val_loss=0.5333 | val_acc=0.8260 | best_val=0.4970@10 | bad=1/10 | dt=17.5s
2025-12-16 09:28:27 - INFO - [epoch 12/10000000000000000000] train_loss=0.3448 | val_loss=0.4564 | val_acc=0.8272 | best_val=0.4564@12 | bad=0/10 | dt=16.1s
2025-12-16 09:28:42 - INFO - [epoch 13/10000000000000000000] train_loss=0.3249 | val_loss=0.8037 | val_acc=0.7648 | best_val=0.4564@12 | bad=1/10 | dt=15.6s
2025-12-16 09:28:58 - INFO - [epoch 14/10000000000000000000] train_loss=0.3178 | val_loss=0.5187 | val_acc=0.8096 | best_val=0.4564@12 | bad=2/10 | dt=15.5s
2025-12-16 09:29:13 - INFO - [epoch 15/10000000000000000000] train_loss=0.2995 | val_loss=0.6445 | val_acc=0.7948 | best_val=0.4564@12 | bad=3/10 | dt=15.4s
2025-12-16 09:29:29 - INFO - [epoch 16/10000000000000000000] train_loss=0.2793 | val_loss=0.7030 | val_acc=0.7976 | best_val=0.4564@12 | bad=4/10 | dt=15.4s
2025-12-16 09:29:45 - INFO - [epoch 17/10000000000000000000] train_loss=0.2753 | val_loss=0.4409 | val_acc=0.8552 | best_val=0.4409@17 | bad=0/10 | dt=15.9s
2025-12-16 09:30:00 - INFO - [epoch 18/10000000000000000000] train_loss=0.2499 | val_loss=0.5088 | val_acc=0.8412 | best_val=0.4409@17 | bad=1/10 | dt=15.4s
2025-12-16 09:30:17 - INFO - [epoch 19/10000000000000000000] train_loss=0.2496 | val_loss=0.4403 | val_acc=0.8516 | best_val=0.4403@19 | bad=0/10 | dt=16.8s
2025-12-16 09:30:33 - INFO - [epoch 20/10000000000000000000] train_loss=0.2394 | val_loss=0.6203 | val_acc=0.8152 | best_val=0.4403@19 | bad=1/10 | dt=16.0s
2025-12-16 09:30:50 - INFO - [epoch 21/10000000000000000000] train_loss=0.2293 | val_loss=0.5487 | val_acc=0.8192 | best_val=0.4403@19 | bad=2/10 | dt=17.0s
2025-12-16 09:31:06 - INFO - [epoch 22/10000000000000000000] train_loss=0.2139 | val_loss=0.4413 | val_acc=0.8508 | best_val=0.4403@19 | bad=3/10 | dt=16.2s
2025-12-16 09:31:22 - INFO - [epoch 23/10000000000000000000] train_loss=0.2089 | val_loss=0.8226 | val_acc=0.7624 | best_val=0.4403@19 | bad=4/10 | dt=16.2s
2025-12-16 09:31:39 - INFO - [epoch 24/10000000000000000000] train_loss=0.1995 | val_loss=0.8391 | val_acc=0.7728 | best_val=0.4403@19 | bad=5/10 | dt=16.4s
2025-12-16 09:31:54 - INFO - [epoch 25/10000000000000000000] train_loss=0.1949 | val_loss=0.3903 | val_acc=0.8664 | best_val=0.3903@25 | bad=0/10 | dt=15.3s
2025-12-16 09:32:10 - INFO - [epoch 26/10000000000000000000] train_loss=0.1899 | val_loss=0.3461 | val_acc=0.8844 | best_val=0.3461@26 | bad=0/10 | dt=16.2s
2025-12-16 09:32:25 - INFO - [epoch 27/10000000000000000000] train_loss=0.1794 | val_loss=0.5243 | val_acc=0.8480 | best_val=0.3461@26 | bad=1/10 | dt=15.2s
2025-12-16 09:32:41 - INFO - [epoch 28/10000000000000000000] train_loss=0.1742 | val_loss=0.3893 | val_acc=0.8776 | best_val=0.3461@26 | bad=2/10 | dt=15.4s
2025-12-16 09:32:56 - INFO - [epoch 29/10000000000000000000] train_loss=0.1623 | val_loss=0.4336 | val_acc=0.8664 | best_val=0.3461@26 | bad=3/10 | dt=15.1s
2025-12-16 09:33:11 - INFO - [epoch 30/10000000000000000000] train_loss=0.1641 | val_loss=0.4031 | val_acc=0.8816 | best_val=0.3461@26 | bad=4/10 | dt=15.1s
2025-12-16 09:33:26 - INFO - [epoch 31/10000000000000000000] train_loss=0.1590 | val_loss=0.4519 | val_acc=0.8648 | best_val=0.3461@26 | bad=5/10 | dt=15.1s
2025-12-16 09:33:42 - INFO - [epoch 32/10000000000000000000] train_loss=0.1482 | val_loss=0.4612 | val_acc=0.8676 | best_val=0.3461@26 | bad=6/10 | dt=15.8s
2025-12-16 09:33:59 - INFO - [epoch 33/10000000000000000000] train_loss=0.1397 | val_loss=0.3842 | val_acc=0.8856 | best_val=0.3461@26 | bad=7/10 | dt=16.7s
2025-12-16 09:34:15 - INFO - [epoch 34/10000000000000000000] train_loss=0.1388 | val_loss=0.3784 | val_acc=0.8912 | best_val=0.3461@26 | bad=8/10 | dt=16.8s
2025-12-16 09:34:33 - INFO - [epoch 35/10000000000000000000] train_loss=0.1304 | val_loss=0.4377 | val_acc=0.8832 | best_val=0.3461@26 | bad=9/10 | dt=18.0s
2025-12-16 09:34:50 - INFO - [epoch 36/10000000000000000000] train_loss=0.1380 | val_loss=0.4659 | val_acc=0.8624 | best_val=0.3461@26 | bad=10/10 | dt=16.2s
2025-12-16 09:34:50 - INFO - Early stopping: no improvement for 10 epochs (best=0.3461 @ epoch 26)
2025-12-16 09:34:50 - INFO - Val-as-test: loss=0.4659 acc=0.8624
2025-12-16 09:34:50 - INFO - ======== [End Run 6/6] width=26 depth=2 | best_val=0.3461 | test_acc=0.8624 ========

2025-12-16 09:34:52 - INFO - CSV: results_resnet_stl_grid_cifar10_class5_w1_26_d2\grid_results.csv
2025-12-16 09:34:52 - INFO - JSON: results_resnet_stl_grid_cifar10_class5_w1_26_d2\grid_results.json
2025-12-16 09:34:52 - INFO - PLOT acc: results_resnet_stl_grid_cifar10_class5_w1_26_d2\neurons_vs_acc.png
2025-12-16 09:34:52 - INFO - PLOT loss: results_resnet_stl_grid_cifar10_class5_w1_26_d2\neurons_vs_loss.png
