[2026-06-15 16:08:03] Initialized ContinuousLogger for stl_ablation (Mode: stl_ablation)
[2026-06-15 16:08:03] Logs: MLPS/tabular/shared/dae_dnn/results/stl/ablation/parammatched_decade_v1_param_10pow07_08/simulation/_children/stl_ablation_r01_d08_w1193_1193_1193_1193_1193_1193_1193_1193_1193/training_log.txt
[2026-06-15 16:08:03] CSV: MLPS/tabular/shared/dae_dnn/results/stl/ablation/parammatched_decade_v1_param_10pow07_08/simulation/_children/stl_ablation_r01_d08_w1193_1193_1193_1193_1193_1193_1193_1193_1193/training_stats.csv
[2026-06-15 16:08:03] Run root: MLPS/tabular/shared/dae_dnn/results/stl/ablation/parammatched_decade_v1_param_10pow07_08/simulation/_children/stl_ablation_r01_d08_w1193_1193_1193_1193_1193_1193_1193_1193_1193
[2026-06-15 16:08:03] Tasks: ['simulation']
[2026-06-15 16:08:03] Architectures: ['[1193, 1193, 1193, 1193, 1193, 1193, 1193, 1193]']
[2026-06-15 16:08:03] Parameter decade band: [7, 8]
[2026-06-15 16:08:03] Repeat count: 5
[2026-06-15 16:08:03] Source run root: MLPS/tabular/shared/dae_dnn/results/archive/goliath_w2d_staged_current
[2026-06-15 16:08:03] Device: cpu
[2026-06-15 16:08:04] Git commit: d2a693eabcb0d15b3f2cf9495c0326595c62340f
[2026-06-15 16:08:04] [ABLATION:simulation] STL phase start: stl_ablation_r01_d08_w1193_1193_1193_1193_1193_1193_1193_1193_1193 architecture=[1193, 1193, 1193, 1193, 1193, 1193, 1193, 1193]
[2026-06-15 16:08:04] Initialized ContinuousLogger for simulation_stl_ablation_r01_d08_w1193_1193_1193_1193_1193_1193_1193_1193_1193 (Mode: stl_ablation_r01_d08_w1193_1193_1193_1193_1193_1193_1193_1193_1193)
[2026-06-15 16:08:04] Logs: MLPS/tabular/shared/dae_dnn/results/stl/ablation/parammatched_decade_v1_param_10pow07_08/simulation/_children/stl_ablation_r01_d08_w1193_1193_1193_1193_1193_1193_1193_1193_1193/simulation/stl_ablation_r01_d08_w1193_1193_1193_1193_1193_1193_1193_1193_1193/cand_000_d8_w1193/training_log.txt
[2026-06-15 16:08:04] CSV: MLPS/tabular/shared/dae_dnn/results/stl/ablation/parammatched_decade_v1_param_10pow07_08/simulation/_children/stl_ablation_r01_d08_w1193_1193_1193_1193_1193_1193_1193_1193_1193/simulation/stl_ablation_r01_d08_w1193_1193_1193_1193_1193_1193_1193_1193_1193/cand_000_d8_w1193/training_stats.csv
[2026-06-15 16:08:39] [CKPT] task=simulation phase=stl_ablation_r01_d08_w1193_1193_1193_1193_1193_1193_1193_1193_1193 candidate=cand_000_d8_w1193 epoch=1 batch=1/2 start path=checkpoint_last.pt
[2026-06-15 16:08:40] [CKPT] task=simulation phase=stl_ablation_r01_d08_w1193_1193_1193_1193_1193_1193_1193_1193_1193 candidate=cand_000_d8_w1193 epoch=1 batch=1/2 done gpu_used_mib=4567 host_available_mib=7858
[2026-06-15 16:08:40] [BATCH] task=simulation phase=stl_ablation_r01_d08_w1193_1193_1193_1193_1193_1193_1193_1193_1193 candidate=cand_000_d8_w1193 epoch=1 batch=1/2 batch_size=9312 running_batches=1 batch_loss=1.320775 running_loss=1.320775
[2026-06-15 16:09:13] [CKPT] task=simulation phase=stl_ablation_r01_d08_w1193_1193_1193_1193_1193_1193_1193_1193_1193 candidate=cand_000_d8_w1193 epoch=1 batch=2/2 start path=checkpoint_last.pt
[2026-06-15 16:09:14] [CKPT] task=simulation phase=stl_ablation_r01_d08_w1193_1193_1193_1193_1193_1193_1193_1193_1193 candidate=cand_000_d8_w1193 epoch=1 batch=2/2 done gpu_used_mib=4567 host_available_mib=2139
[2026-06-15 16:09:14] [BATCH] task=simulation phase=stl_ablation_r01_d08_w1193_1193_1193_1193_1193_1193_1193_1193_1193 candidate=cand_000_d8_w1193 epoch=1 batch=2/2 batch_size=7200 running_batches=2 batch_loss=1.283965 running_loss=1.304724
[2026-06-15 16:09:14] [VAL] task=simulation phase=stl_ablation_r01_d08_w1193_1193_1193_1193_1193_1193_1193_1193_1193 candidate=cand_000_d8_w1193 epoch=1 starting validation
[2026-06-15 16:09:17] [VAL] task=simulation phase=stl_ablation_r01_d08_w1193_1193_1193_1193_1193_1193_1193_1193_1193 candidate=cand_000_d8_w1193 epoch=1 finished validation val_loss=1.147463
