OMP: Warning #182: OMP_PLACES: ignored because KMP_AFFINITY has been defined
OMP: Warning #182: OMP_PROC_BIND: ignored because KMP_AFFINITY has been defined
[2026-06-25 12:19:48] Initialized ContinuousLogger for stl_ablation (Mode: stl_ablation)
[2026-06-25 12:19:48] Logs: MLPS\tabular\shared\dae_dnn\results\stl\ablation\parammatched_decade_v1_param_10pow07_08_fresh_v1\denoising\_children\stl_ablation_r01_d09_w1110_1110_1110_1110_1110_1110_1110_1110_1110_1110\training_log.txt
[2026-06-25 12:19:48] CSV: MLPS\tabular\shared\dae_dnn\results\stl\ablation\parammatched_decade_v1_param_10pow07_08_fresh_v1\denoising\_children\stl_ablation_r01_d09_w1110_1110_1110_1110_1110_1110_1110_1110_1110_1110\training_stats.csv
[2026-06-25 12:19:48] Run root: MLPS\tabular\shared\dae_dnn\results\stl\ablation\parammatched_decade_v1_param_10pow07_08_fresh_v1\denoising\_children\stl_ablation_r01_d09_w1110_1110_1110_1110_1110_1110_1110_1110_1110_1110
[2026-06-25 12:19:48] Tasks: ['denoising']
[2026-06-25 12:19:48] Architectures: ['[1110, 1110, 1110, 1110, 1110, 1110, 1110, 1110, 1110]']
[2026-06-25 12:19:48] Parameter decade band: [7, 8]
[2026-06-25 12:19:48] Repeat count: 5
[2026-06-25 12:19:48] Source run root: MLPS\tabular\shared\dae_dnn\results\goliath_w2d_staged_current
[2026-06-25 12:19:48] Device: cpu
[2026-06-25 12:19:48] Git commit: 263a46d90b91ef16f66016d0848a569e658ff86f
[2026-06-25 12:19:51] [ABLATION:denoising] STL phase start: stl_ablation_r01_d09_w1110_1110_1110_1110_1110_1110_1110_1110_1110_1110 architecture=[1110, 1110, 1110, 1110, 1110, 1110, 1110, 1110, 1110]
[2026-06-25 12:19:52] Initialized ContinuousLogger for denoising_stl_ablation_r01_d09_w1110_1110_1110_1110_1110_1110_1110_1110_1110_1110 (Mode: stl_ablation_r01_d09_w1110_1110_1110_1110_1110_1110_1110_1110_1110_1110)
[2026-06-25 12:19:52] Logs: MLPS\tabular\shared\dae_dnn\results\stl\ablation\parammatched_decade_v1_param_10pow07_08_fresh_v1\denoising\_children\stl_ablation_r01_d09_w1110_1110_1110_1110_1110_1110_1110_1110_1110_1110\denoising\stl_ablation_r01_d09_w1110_1110_1110_1110_1110_1110_1110_1110_1110_1110\cand_000_d9_w1110\training_log.txt
[2026-06-25 12:19:52] CSV: MLPS\tabular\shared\dae_dnn\results\stl\ablation\parammatched_decade_v1_param_10pow07_08_fresh_v1\denoising\_children\stl_ablation_r01_d09_w1110_1110_1110_1110_1110_1110_1110_1110_1110_1110\denoising\stl_ablation_r01_d09_w1110_1110_1110_1110_1110_1110_1110_1110_1110_1110\cand_000_d9_w1110\training_stats.csv
[2026-06-25 12:20:57] [CKPT] task=denoising phase=stl_ablation_r01_d09_w1110_1110_1110_1110_1110_1110_1110_1110_1110_1110 candidate=cand_000_d9_w1110 epoch=1 batch=1/400 start path=checkpoint_last.pt
[2026-06-25 12:20:58] [CKPT] task=denoising phase=stl_ablation_r01_d09_w1110_1110_1110_1110_1110_1110_1110_1110_1110_1110 candidate=cand_000_d9_w1110 epoch=1 batch=1/400 done gpu_used_mib=0 host_available_mib=11957
[2026-06-25 12:20:58] [BATCH] task=denoising phase=stl_ablation_r01_d09_w1110_1110_1110_1110_1110_1110_1110_1110_1110_1110 candidate=cand_000_d9_w1110 epoch=1 batch=1/400 batch_size=1164 running_batches=1 batch_loss=1.068102 running_loss=1.068102
[2026-06-25 12:21:41] [CKPT] task=denoising phase=stl_ablation_r01_d09_w1110_1110_1110_1110_1110_1110_1110_1110_1110_1110 candidate=cand_000_d9_w1110 epoch=1 batch=2/400 start path=checkpoint_last.pt
[2026-06-25 12:21:43] [CKPT] task=denoising phase=stl_ablation_r01_d09_w1110_1110_1110_1110_1110_1110_1110_1110_1110_1110 candidate=cand_000_d9_w1110 epoch=1 batch=2/400 done gpu_used_mib=0 host_available_mib=11747
[2026-06-25 12:21:43] [BATCH] task=denoising phase=stl_ablation_r01_d09_w1110_1110_1110_1110_1110_1110_1110_1110_1110_1110 candidate=cand_000_d9_w1110 epoch=1 batch=2/400 batch_size=1164 running_batches=2 batch_loss=1.010312 running_loss=1.039207
[2026-06-25 12:22:51] [CKPT] task=denoising phase=stl_ablation_r01_d09_w1110_1110_1110_1110_1110_1110_1110_1110_1110_1110 candidate=cand_000_d9_w1110 epoch=1 batch=3/400 start path=checkpoint_last.pt
[2026-06-25 12:22:52] [CKPT] task=denoising phase=stl_ablation_r01_d09_w1110_1110_1110_1110_1110_1110_1110_1110_1110_1110 candidate=cand_000_d9_w1110 epoch=1 batch=3/400 done gpu_used_mib=0 host_available_mib=11800
[2026-06-25 12:22:52] [BATCH] task=denoising phase=stl_ablation_r01_d09_w1110_1110_1110_1110_1110_1110_1110_1110_1110_1110 candidate=cand_000_d9_w1110 epoch=1 batch=3/400 batch_size=1164 running_batches=3 batch_loss=0.536011 running_loss=0.871475
[2026-06-25 12:23:54] [CKPT] task=denoising phase=stl_ablation_r01_d09_w1110_1110_1110_1110_1110_1110_1110_1110_1110_1110 candidate=cand_000_d9_w1110 epoch=1 batch=4/400 start path=checkpoint_last.pt
[2026-06-25 12:23:56] [CKPT] task=denoising phase=stl_ablation_r01_d09_w1110_1110_1110_1110_1110_1110_1110_1110_1110_1110 candidate=cand_000_d9_w1110 epoch=1 batch=4/400 done gpu_used_mib=0 host_available_mib=11958
[2026-06-25 12:23:56] [BATCH] task=denoising phase=stl_ablation_r01_d09_w1110_1110_1110_1110_1110_1110_1110_1110_1110_1110 candidate=cand_000_d9_w1110 epoch=1 batch=4/400 batch_size=1164 running_batches=4 batch_loss=0.464465 running_loss=0.769722
[2026-06-25 12:25:06] [CKPT] task=denoising phase=stl_ablation_r01_d09_w1110_1110_1110_1110_1110_1110_1110_1110_1110_1110 candidate=cand_000_d9_w1110 epoch=1 batch=5/400 start path=checkpoint_last.pt
[2026-06-25 12:25:07] [CKPT] task=denoising phase=stl_ablation_r01_d09_w1110_1110_1110_1110_1110_1110_1110_1110_1110_1110 candidate=cand_000_d9_w1110 epoch=1 batch=5/400 done gpu_used_mib=0 host_available_mib=12106
[2026-06-25 12:25:07] [BATCH] task=denoising phase=stl_ablation_r01_d09_w1110_1110_1110_1110_1110_1110_1110_1110_1110_1110 candidate=cand_000_d9_w1110 epoch=1 batch=5/400 batch_size=1164 running_batches=5 batch_loss=0.344658 running_loss=0.684709
[2026-06-25 12:26:15] [CKPT] task=denoising phase=stl_ablation_r01_d09_w1110_1110_1110_1110_1110_1110_1110_1110_1110_1110 candidate=cand_000_d9_w1110 epoch=1 batch=6/400 start path=checkpoint_last.pt
[2026-06-25 12:26:15] [CKPT] task=denoising phase=stl_ablation_r01_d09_w1110_1110_1110_1110_1110_1110_1110_1110_1110_1110 candidate=cand_000_d9_w1110 epoch=1 batch=6/400 done gpu_used_mib=0 host_available_mib=11859
[2026-06-25 12:26:15] [BATCH] task=denoising phase=stl_ablation_r01_d09_w1110_1110_1110_1110_1110_1110_1110_1110_1110_1110 candidate=cand_000_d9_w1110 epoch=1 batch=6/400 batch_size=1164 running_batches=6 batch_loss=0.256019 running_loss=0.613261
[2026-06-25 12:27:22] [CKPT] task=denoising phase=stl_ablation_r01_d09_w1110_1110_1110_1110_1110_1110_1110_1110_1110_1110 candidate=cand_000_d9_w1110 epoch=1 batch=7/400 start path=checkpoint_last.pt
[2026-06-25 12:27:32] [CKPT] task=denoising phase=stl_ablation_r01_d09_w1110_1110_1110_1110_1110_1110_1110_1110_1110_1110 candidate=cand_000_d9_w1110 epoch=1 batch=7/400 done gpu_used_mib=0 host_available_mib=12100
[2026-06-25 12:27:32] [BATCH] task=denoising phase=stl_ablation_r01_d09_w1110_1110_1110_1110_1110_1110_1110_1110_1110_1110 candidate=cand_000_d9_w1110 epoch=1 batch=7/400 batch_size=1164 running_batches=7 batch_loss=0.221928 running_loss=0.557356
[2026-06-25 12:28:39] [CKPT] task=denoising phase=stl_ablation_r01_d09_w1110_1110_1110_1110_1110_1110_1110_1110_1110_1110 candidate=cand_000_d9_w1110 epoch=1 batch=8/400 start path=checkpoint_last.pt
[2026-06-25 12:28:40] [CKPT] task=denoising phase=stl_ablation_r01_d09_w1110_1110_1110_1110_1110_1110_1110_1110_1110_1110 candidate=cand_000_d9_w1110 epoch=1 batch=8/400 done gpu_used_mib=0 host_available_mib=11967
[2026-06-25 12:28:40] [BATCH] task=denoising phase=stl_ablation_r01_d09_w1110_1110_1110_1110_1110_1110_1110_1110_1110_1110 candidate=cand_000_d9_w1110 epoch=1 batch=8/400 batch_size=1164 running_batches=8 batch_loss=0.282954 running_loss=0.523056
[2026-06-25 12:29:49] [CKPT] task=denoising phase=stl_ablation_r01_d09_w1110_1110_1110_1110_1110_1110_1110_1110_1110_1110 candidate=cand_000_d9_w1110 epoch=1 batch=9/400 start path=checkpoint_last.pt
[2026-06-25 12:29:50] [CKPT] task=denoising phase=stl_ablation_r01_d09_w1110_1110_1110_1110_1110_1110_1110_1110_1110_1110 candidate=cand_000_d9_w1110 epoch=1 batch=9/400 done gpu_used_mib=0 host_available_mib=11975
[2026-06-25 12:29:50] [BATCH] task=denoising phase=stl_ablation_r01_d09_w1110_1110_1110_1110_1110_1110_1110_1110_1110_1110 candidate=cand_000_d9_w1110 epoch=1 batch=9/400 batch_size=1164 running_batches=9 batch_loss=0.153399 running_loss=0.481983
[2026-06-25 12:30:54] [CKPT] task=denoising phase=stl_ablation_r01_d09_w1110_1110_1110_1110_1110_1110_1110_1110_1110_1110 candidate=cand_000_d9_w1110 epoch=1 batch=10/400 start path=checkpoint_last.pt
[2026-06-25 12:30:55] [CKPT] task=denoising phase=stl_ablation_r01_d09_w1110_1110_1110_1110_1110_1110_1110_1110_1110_1110 candidate=cand_000_d9_w1110 epoch=1 batch=10/400 done gpu_used_mib=0 host_available_mib=11550
[2026-06-25 12:30:55] [BATCH] task=denoising phase=stl_ablation_r01_d09_w1110_1110_1110_1110_1110_1110_1110_1110_1110_1110 candidate=cand_000_d9_w1110 epoch=1 batch=10/400 batch_size=1164 running_batches=10 batch_loss=0.120035 running_loss=0.445788
[2026-06-25 12:32:07] [CKPT] task=denoising phase=stl_ablation_r01_d09_w1110_1110_1110_1110_1110_1110_1110_1110_1110_1110 candidate=cand_000_d9_w1110 epoch=1 batch=11/400 start path=checkpoint_last.pt
[2026-06-25 12:32:10] [CKPT] task=denoising phase=stl_ablation_r01_d09_w1110_1110_1110_1110_1110_1110_1110_1110_1110_1110 candidate=cand_000_d9_w1110 epoch=1 batch=11/400 done gpu_used_mib=0 host_available_mib=11911
[2026-06-25 12:32:10] [BATCH] task=denoising phase=stl_ablation_r01_d09_w1110_1110_1110_1110_1110_1110_1110_1110_1110_1110 candidate=cand_000_d9_w1110 epoch=1 batch=11/400 batch_size=1164 running_batches=11 batch_loss=0.143651 running_loss=0.418321
[2026-06-25 12:33:19] [CKPT] task=denoising phase=stl_ablation_r01_d09_w1110_1110_1110_1110_1110_1110_1110_1110_1110_1110 candidate=cand_000_d9_w1110 epoch=1 batch=12/400 start path=checkpoint_last.pt
[2026-06-25 12:33:20] [CKPT] task=denoising phase=stl_ablation_r01_d09_w1110_1110_1110_1110_1110_1110_1110_1110_1110_1110 candidate=cand_000_d9_w1110 epoch=1 batch=12/400 done gpu_used_mib=0 host_available_mib=12021
[2026-06-25 12:33:20] [BATCH] task=denoising phase=stl_ablation_r01_d09_w1110_1110_1110_1110_1110_1110_1110_1110_1110_1110 candidate=cand_000_d9_w1110 epoch=1 batch=12/400 batch_size=1164 running_batches=12 batch_loss=0.110811 running_loss=0.392695
[2026-06-25 12:34:31] [CKPT] task=denoising phase=stl_ablation_r01_d09_w1110_1110_1110_1110_1110_1110_1110_1110_1110_1110 candidate=cand_000_d9_w1110 epoch=1 batch=13/400 start path=checkpoint_last.pt
[2026-06-25 12:34:32] [CKPT] task=denoising phase=stl_ablation_r01_d09_w1110_1110_1110_1110_1110_1110_1110_1110_1110_1110 candidate=cand_000_d9_w1110 epoch=1 batch=13/400 done gpu_used_mib=0 host_available_mib=12006
[2026-06-25 12:34:32] [BATCH] task=denoising phase=stl_ablation_r01_d09_w1110_1110_1110_1110_1110_1110_1110_1110_1110_1110 candidate=cand_000_d9_w1110 epoch=1 batch=13/400 batch_size=1164 running_batches=13 batch_loss=0.128543 running_loss=0.372376
[2026-06-25 12:35:40] [CKPT] task=denoising phase=stl_ablation_r01_d09_w1110_1110_1110_1110_1110_1110_1110_1110_1110_1110 candidate=cand_000_d9_w1110 epoch=1 batch=14/400 start path=checkpoint_last.pt
[2026-06-25 12:35:41] [CKPT] task=denoising phase=stl_ablation_r01_d09_w1110_1110_1110_1110_1110_1110_1110_1110_1110_1110 candidate=cand_000_d9_w1110 epoch=1 batch=14/400 done gpu_used_mib=0 host_available_mib=11907
[2026-06-25 12:35:41] [BATCH] task=denoising phase=stl_ablation_r01_d09_w1110_1110_1110_1110_1110_1110_1110_1110_1110_1110 candidate=cand_000_d9_w1110 epoch=1 batch=14/400 batch_size=1164 running_batches=14 batch_loss=0.210308 running_loss=0.360800
[2026-06-25 12:36:52] [CKPT] task=denoising phase=stl_ablation_r01_d09_w1110_1110_1110_1110_1110_1110_1110_1110_1110_1110 candidate=cand_000_d9_w1110 epoch=1 batch=15/400 start path=checkpoint_last.pt
[2026-06-25 12:36:52] [CKPT] task=denoising phase=stl_ablation_r01_d09_w1110_1110_1110_1110_1110_1110_1110_1110_1110_1110 candidate=cand_000_d9_w1110 epoch=1 batch=15/400 done gpu_used_mib=0 host_available_mib=11661
[2026-06-25 12:36:52] [BATCH] task=denoising phase=stl_ablation_r01_d09_w1110_1110_1110_1110_1110_1110_1110_1110_1110_1110 candidate=cand_000_d9_w1110 epoch=1 batch=15/400 batch_size=1164 running_batches=15 batch_loss=0.092249 running_loss=0.342896
[2026-06-25 12:38:01] [CKPT] task=denoising phase=stl_ablation_r01_d09_w1110_1110_1110_1110_1110_1110_1110_1110_1110_1110 candidate=cand_000_d9_w1110 epoch=1 batch=16/400 start path=checkpoint_last.pt
[2026-06-25 12:38:03] [CKPT] task=denoising phase=stl_ablation_r01_d09_w1110_1110_1110_1110_1110_1110_1110_1110_1110_1110 candidate=cand_000_d9_w1110 epoch=1 batch=16/400 done gpu_used_mib=0 host_available_mib=12280
[2026-06-25 12:38:03] [BATCH] task=denoising phase=stl_ablation_r01_d09_w1110_1110_1110_1110_1110_1110_1110_1110_1110_1110 candidate=cand_000_d9_w1110 epoch=1 batch=16/400 batch_size=1164 running_batches=16 batch_loss=0.144501 running_loss=0.330497
[2026-06-25 12:39:19] [CKPT] task=denoising phase=stl_ablation_r01_d09_w1110_1110_1110_1110_1110_1110_1110_1110_1110_1110 candidate=cand_000_d9_w1110 epoch=1 batch=17/400 start path=checkpoint_last.pt
[2026-06-25 12:39:20] [CKPT] task=denoising phase=stl_ablation_r01_d09_w1110_1110_1110_1110_1110_1110_1110_1110_1110_1110 candidate=cand_000_d9_w1110 epoch=1 batch=17/400 done gpu_used_mib=0 host_available_mib=11925
[2026-06-25 12:39:20] [BATCH] task=denoising phase=stl_ablation_r01_d09_w1110_1110_1110_1110_1110_1110_1110_1110_1110_1110 candidate=cand_000_d9_w1110 epoch=1 batch=17/400 batch_size=1164 running_batches=17 batch_loss=0.097032 running_loss=0.316763
[2026-06-25 12:40:26] [CKPT] task=denoising phase=stl_ablation_r01_d09_w1110_1110_1110_1110_1110_1110_1110_1110_1110_1110 candidate=cand_000_d9_w1110 epoch=1 batch=18/400 start path=checkpoint_last.pt
[2026-06-25 12:40:27] [CKPT] task=denoising phase=stl_ablation_r01_d09_w1110_1110_1110_1110_1110_1110_1110_1110_1110_1110 candidate=cand_000_d9_w1110 epoch=1 batch=18/400 done gpu_used_mib=0 host_available_mib=12909
[2026-06-25 12:40:27] [BATCH] task=denoising phase=stl_ablation_r01_d09_w1110_1110_1110_1110_1110_1110_1110_1110_1110_1110 candidate=cand_000_d9_w1110 epoch=1 batch=18/400 batch_size=1164 running_batches=18 batch_loss=0.131622 running_loss=0.306478
[2026-06-25 12:41:42] [CKPT] task=denoising phase=stl_ablation_r01_d09_w1110_1110_1110_1110_1110_1110_1110_1110_1110_1110 candidate=cand_000_d9_w1110 epoch=1 batch=19/400 start path=checkpoint_last.pt
[2026-06-25 12:41:44] [CKPT] task=denoising phase=stl_ablation_r01_d09_w1110_1110_1110_1110_1110_1110_1110_1110_1110_1110 candidate=cand_000_d9_w1110 epoch=1 batch=19/400 done gpu_used_mib=0 host_available_mib=11999
[2026-06-25 12:41:44] [BATCH] task=denoising phase=stl_ablation_r01_d09_w1110_1110_1110_1110_1110_1110_1110_1110_1110_1110 candidate=cand_000_d9_w1110 epoch=1 batch=19/400 batch_size=1164 running_batches=19 batch_loss=0.187889 running_loss=0.300236
[2026-06-25 12:42:53] [CKPT] task=denoising phase=stl_ablation_r01_d09_w1110_1110_1110_1110_1110_1110_1110_1110_1110_1110 candidate=cand_000_d9_w1110 epoch=1 batch=20/400 start path=checkpoint_last.pt
[2026-06-25 12:42:54] [CKPT] task=denoising phase=stl_ablation_r01_d09_w1110_1110_1110_1110_1110_1110_1110_1110_1110_1110 candidate=cand_000_d9_w1110 epoch=1 batch=20/400 done gpu_used_mib=0 host_available_mib=11834
[2026-06-25 12:42:54] [BATCH] task=denoising phase=stl_ablation_r01_d09_w1110_1110_1110_1110_1110_1110_1110_1110_1110_1110 candidate=cand_000_d9_w1110 epoch=1 batch=20/400 batch_size=1164 running_batches=20 batch_loss=0.170542 running_loss=0.293751
[2026-06-25 12:44:00] [CKPT] task=denoising phase=stl_ablation_r01_d09_w1110_1110_1110_1110_1110_1110_1110_1110_1110_1110 candidate=cand_000_d9_w1110 epoch=1 batch=21/400 start path=checkpoint_last.pt
[2026-06-25 12:44:01] [CKPT] task=denoising phase=stl_ablation_r01_d09_w1110_1110_1110_1110_1110_1110_1110_1110_1110_1110 candidate=cand_000_d9_w1110 epoch=1 batch=21/400 done gpu_used_mib=0 host_available_mib=12225
[2026-06-25 12:44:01] [BATCH] task=denoising phase=stl_ablation_r01_d09_w1110_1110_1110_1110_1110_1110_1110_1110_1110_1110 candidate=cand_000_d9_w1110 epoch=1 batch=21/400 batch_size=1164 running_batches=21 batch_loss=0.091252 running_loss=0.284109
[2026-06-25 12:44:59] [CKPT] task=denoising phase=stl_ablation_r01_d09_w1110_1110_1110_1110_1110_1110_1110_1110_1110_1110 candidate=cand_000_d9_w1110 epoch=1 batch=22/400 start path=checkpoint_last.pt
[2026-06-25 12:45:00] [CKPT] task=denoising phase=stl_ablation_r01_d09_w1110_1110_1110_1110_1110_1110_1110_1110_1110_1110 candidate=cand_000_d9_w1110 epoch=1 batch=22/400 done gpu_used_mib=0 host_available_mib=11814
[2026-06-25 12:45:00] [BATCH] task=denoising phase=stl_ablation_r01_d09_w1110_1110_1110_1110_1110_1110_1110_1110_1110_1110 candidate=cand_000_d9_w1110 epoch=1 batch=22/400 batch_size=1164 running_batches=22 batch_loss=0.095144 running_loss=0.275519
[2026-06-25 12:45:51] [CKPT] task=denoising phase=stl_ablation_r01_d09_w1110_1110_1110_1110_1110_1110_1110_1110_1110_1110 candidate=cand_000_d9_w1110 epoch=1 batch=23/400 start path=checkpoint_last.pt
[2026-06-25 12:45:53] [CKPT] task=denoising phase=stl_ablation_r01_d09_w1110_1110_1110_1110_1110_1110_1110_1110_1110_1110 candidate=cand_000_d9_w1110 epoch=1 batch=23/400 done gpu_used_mib=0 host_available_mib=11730
[2026-06-25 12:45:53] [BATCH] task=denoising phase=stl_ablation_r01_d09_w1110_1110_1110_1110_1110_1110_1110_1110_1110_1110 candidate=cand_000_d9_w1110 epoch=1 batch=23/400 batch_size=1164 running_batches=23 batch_loss=0.096808 running_loss=0.267749
[2026-06-25 12:46:43] [CKPT] task=denoising phase=stl_ablation_r01_d09_w1110_1110_1110_1110_1110_1110_1110_1110_1110_1110 candidate=cand_000_d9_w1110 epoch=1 batch=24/400 start path=checkpoint_last.pt
[2026-06-25 12:46:46] [CKPT] task=denoising phase=stl_ablation_r01_d09_w1110_1110_1110_1110_1110_1110_1110_1110_1110_1110 candidate=cand_000_d9_w1110 epoch=1 batch=24/400 done gpu_used_mib=0 host_available_mib=11606
[2026-06-25 12:46:46] [BATCH] task=denoising phase=stl_ablation_r01_d09_w1110_1110_1110_1110_1110_1110_1110_1110_1110_1110 candidate=cand_000_d9_w1110 epoch=1 batch=24/400 batch_size=1164 running_batches=24 batch_loss=0.081451 running_loss=0.259987
[2026-06-25 12:47:38] [CKPT] task=denoising phase=stl_ablation_r01_d09_w1110_1110_1110_1110_1110_1110_1110_1110_1110_1110 candidate=cand_000_d9_w1110 epoch=1 batch=25/400 start path=checkpoint_last.pt
[2026-06-25 12:47:39] [CKPT] task=denoising phase=stl_ablation_r01_d09_w1110_1110_1110_1110_1110_1110_1110_1110_1110_1110 candidate=cand_000_d9_w1110 epoch=1 batch=25/400 done gpu_used_mib=0 host_available_mib=12342
[2026-06-25 12:47:39] [BATCH] task=denoising phase=stl_ablation_r01_d09_w1110_1110_1110_1110_1110_1110_1110_1110_1110_1110 candidate=cand_000_d9_w1110 epoch=1 batch=25/400 batch_size=1164 running_batches=25 batch_loss=0.085210 running_loss=0.252996
[2026-06-25 12:48:30] [CKPT] task=denoising phase=stl_ablation_r01_d09_w1110_1110_1110_1110_1110_1110_1110_1110_1110_1110 candidate=cand_000_d9_w1110 epoch=1 batch=26/400 start path=checkpoint_last.pt
[2026-06-25 12:48:31] [CKPT] task=denoising phase=stl_ablation_r01_d09_w1110_1110_1110_1110_1110_1110_1110_1110_1110_1110 candidate=cand_000_d9_w1110 epoch=1 batch=26/400 done gpu_used_mib=0 host_available_mib=12200
[2026-06-25 12:48:31] [BATCH] task=denoising phase=stl_ablation_r01_d09_w1110_1110_1110_1110_1110_1110_1110_1110_1110_1110 candidate=cand_000_d9_w1110 epoch=1 batch=26/400 batch_size=1164 running_batches=26 batch_loss=0.066023 running_loss=0.245805
[2026-06-25 12:49:19] [CKPT] task=denoising phase=stl_ablation_r01_d09_w1110_1110_1110_1110_1110_1110_1110_1110_1110_1110 candidate=cand_000_d9_w1110 epoch=1 batch=27/400 start path=checkpoint_last.pt
[2026-06-25 12:49:21] [CKPT] task=denoising phase=stl_ablation_r01_d09_w1110_1110_1110_1110_1110_1110_1110_1110_1110_1110 candidate=cand_000_d9_w1110 epoch=1 batch=27/400 done gpu_used_mib=0 host_available_mib=12093
[2026-06-25 12:49:21] [BATCH] task=denoising phase=stl_ablation_r01_d09_w1110_1110_1110_1110_1110_1110_1110_1110_1110_1110 candidate=cand_000_d9_w1110 epoch=1 batch=27/400 batch_size=1164 running_batches=27 batch_loss=0.067503 running_loss=0.239201
[2026-06-25 12:50:14] [CKPT] task=denoising phase=stl_ablation_r01_d09_w1110_1110_1110_1110_1110_1110_1110_1110_1110_1110 candidate=cand_000_d9_w1110 epoch=1 batch=28/400 start path=checkpoint_last.pt
[2026-06-25 12:50:17] [CKPT] task=denoising phase=stl_ablation_r01_d09_w1110_1110_1110_1110_1110_1110_1110_1110_1110_1110 candidate=cand_000_d9_w1110 epoch=1 batch=28/400 done gpu_used_mib=0 host_available_mib=12281
[2026-06-25 12:50:17] [BATCH] task=denoising phase=stl_ablation_r01_d09_w1110_1110_1110_1110_1110_1110_1110_1110_1110_1110 candidate=cand_000_d9_w1110 epoch=1 batch=28/400 batch_size=1164 running_batches=28 batch_loss=0.294724 running_loss=0.241184
[2026-06-25 12:51:11] [CKPT] task=denoising phase=stl_ablation_r01_d09_w1110_1110_1110_1110_1110_1110_1110_1110_1110_1110 candidate=cand_000_d9_w1110 epoch=1 batch=29/400 start path=checkpoint_last.pt
[2026-06-25 12:51:13] [CKPT] task=denoising phase=stl_ablation_r01_d09_w1110_1110_1110_1110_1110_1110_1110_1110_1110_1110 candidate=cand_000_d9_w1110 epoch=1 batch=29/400 done gpu_used_mib=0 host_available_mib=11859
[2026-06-25 12:51:13] [BATCH] task=denoising phase=stl_ablation_r01_d09_w1110_1110_1110_1110_1110_1110_1110_1110_1110_1110 candidate=cand_000_d9_w1110 epoch=1 batch=29/400 batch_size=1164 running_batches=29 batch_loss=0.071260 running_loss=0.235324
[2026-06-25 12:52:01] [CKPT] task=denoising phase=stl_ablation_r01_d09_w1110_1110_1110_1110_1110_1110_1110_1110_1110_1110 candidate=cand_000_d9_w1110 epoch=1 batch=30/400 start path=checkpoint_last.pt
[2026-06-25 12:52:05] [CKPT] task=denoising phase=stl_ablation_r01_d09_w1110_1110_1110_1110_1110_1110_1110_1110_1110_1110 candidate=cand_000_d9_w1110 epoch=1 batch=30/400 done gpu_used_mib=0 host_available_mib=12400
[2026-06-25 12:52:05] [BATCH] task=denoising phase=stl_ablation_r01_d09_w1110_1110_1110_1110_1110_1110_1110_1110_1110_1110 candidate=cand_000_d9_w1110 epoch=1 batch=30/400 batch_size=1164 running_batches=30 batch_loss=0.068907 running_loss=0.229777
[2026-06-25 12:53:15] [CKPT] task=denoising phase=stl_ablation_r01_d09_w1110_1110_1110_1110_1110_1110_1110_1110_1110_1110 candidate=cand_000_d9_w1110 epoch=1 batch=31/400 start path=checkpoint_last.pt
[2026-06-25 12:53:16] [CKPT] task=denoising phase=stl_ablation_r01_d09_w1110_1110_1110_1110_1110_1110_1110_1110_1110_1110 candidate=cand_000_d9_w1110 epoch=1 batch=31/400 done gpu_used_mib=0 host_available_mib=12028
[2026-06-25 12:53:16] [BATCH] task=denoising phase=stl_ablation_r01_d09_w1110_1110_1110_1110_1110_1110_1110_1110_1110_1110 candidate=cand_000_d9_w1110 epoch=1 batch=31/400 batch_size=1164 running_batches=31 batch_loss=0.066804 running_loss=0.224520
[2026-06-25 12:54:22] [CKPT] task=denoising phase=stl_ablation_r01_d09_w1110_1110_1110_1110_1110_1110_1110_1110_1110_1110 candidate=cand_000_d9_w1110 epoch=1 batch=32/400 start path=checkpoint_last.pt
[2026-06-25 12:54:23] [CKPT] task=denoising phase=stl_ablation_r01_d09_w1110_1110_1110_1110_1110_1110_1110_1110_1110_1110 candidate=cand_000_d9_w1110 epoch=1 batch=32/400 done gpu_used_mib=0 host_available_mib=11967
[2026-06-25 12:54:23] [BATCH] task=denoising phase=stl_ablation_r01_d09_w1110_1110_1110_1110_1110_1110_1110_1110_1110_1110 candidate=cand_000_d9_w1110 epoch=1 batch=32/400 batch_size=1164 running_batches=32 batch_loss=0.105242 running_loss=0.220792
[2026-06-25 12:55:36] [CKPT] task=denoising phase=stl_ablation_r01_d09_w1110_1110_1110_1110_1110_1110_1110_1110_1110_1110 candidate=cand_000_d9_w1110 epoch=1 batch=33/400 start path=checkpoint_last.pt
[2026-06-25 12:55:37] [CKPT] task=denoising phase=stl_ablation_r01_d09_w1110_1110_1110_1110_1110_1110_1110_1110_1110_1110 candidate=cand_000_d9_w1110 epoch=1 batch=33/400 done gpu_used_mib=0 host_available_mib=12117
[2026-06-25 12:55:37] [BATCH] task=denoising phase=stl_ablation_r01_d09_w1110_1110_1110_1110_1110_1110_1110_1110_1110_1110 candidate=cand_000_d9_w1110 epoch=1 batch=33/400 batch_size=1164 running_batches=33 batch_loss=0.081560 running_loss=0.216573
[2026-06-25 12:56:47] [CKPT] task=denoising phase=stl_ablation_r01_d09_w1110_1110_1110_1110_1110_1110_1110_1110_1110_1110 candidate=cand_000_d9_w1110 epoch=1 batch=34/400 start path=checkpoint_last.pt
[2026-06-25 12:56:48] [CKPT] task=denoising phase=stl_ablation_r01_d09_w1110_1110_1110_1110_1110_1110_1110_1110_1110_1110 candidate=cand_000_d9_w1110 epoch=1 batch=34/400 done gpu_used_mib=0 host_available_mib=11780
[2026-06-25 12:56:48] [BATCH] task=denoising phase=stl_ablation_r01_d09_w1110_1110_1110_1110_1110_1110_1110_1110_1110_1110 candidate=cand_000_d9_w1110 epoch=1 batch=34/400 batch_size=1164 running_batches=34 batch_loss=0.069188 running_loss=0.212238
[2026-06-25 12:57:57] [CKPT] task=denoising phase=stl_ablation_r01_d09_w1110_1110_1110_1110_1110_1110_1110_1110_1110_1110 candidate=cand_000_d9_w1110 epoch=1 batch=35/400 start path=checkpoint_last.pt
[2026-06-25 12:57:58] [CKPT] task=denoising phase=stl_ablation_r01_d09_w1110_1110_1110_1110_1110_1110_1110_1110_1110_1110 candidate=cand_000_d9_w1110 epoch=1 batch=35/400 done gpu_used_mib=0 host_available_mib=11917
[2026-06-25 12:57:58] [BATCH] task=denoising phase=stl_ablation_r01_d09_w1110_1110_1110_1110_1110_1110_1110_1110_1110_1110 candidate=cand_000_d9_w1110 epoch=1 batch=35/400 batch_size=1164 running_batches=35 batch_loss=0.158258 running_loss=0.210696
[2026-06-25 12:59:11] [CKPT] task=denoising phase=stl_ablation_r01_d09_w1110_1110_1110_1110_1110_1110_1110_1110_1110_1110 candidate=cand_000_d9_w1110 epoch=1 batch=36/400 start path=checkpoint_last.pt
[2026-06-25 12:59:13] [CKPT] task=denoising phase=stl_ablation_r01_d09_w1110_1110_1110_1110_1110_1110_1110_1110_1110_1110 candidate=cand_000_d9_w1110 epoch=1 batch=36/400 done gpu_used_mib=0 host_available_mib=12063
[2026-06-25 12:59:13] [BATCH] task=denoising phase=stl_ablation_r01_d09_w1110_1110_1110_1110_1110_1110_1110_1110_1110_1110 candidate=cand_000_d9_w1110 epoch=1 batch=36/400 batch_size=1164 running_batches=36 batch_loss=0.072329 running_loss=0.206853
[2026-06-25 13:00:26] [CKPT] task=denoising phase=stl_ablation_r01_d09_w1110_1110_1110_1110_1110_1110_1110_1110_1110_1110 candidate=cand_000_d9_w1110 epoch=1 batch=37/400 start path=checkpoint_last.pt
[2026-06-25 13:00:27] [CKPT] task=denoising phase=stl_ablation_r01_d09_w1110_1110_1110_1110_1110_1110_1110_1110_1110_1110 candidate=cand_000_d9_w1110 epoch=1 batch=37/400 done gpu_used_mib=0 host_available_mib=11899
[2026-06-25 13:00:27] [BATCH] task=denoising phase=stl_ablation_r01_d09_w1110_1110_1110_1110_1110_1110_1110_1110_1110_1110 candidate=cand_000_d9_w1110 epoch=1 batch=37/400 batch_size=1164 running_batches=37 batch_loss=0.082653 running_loss=0.203496
[2026-06-25 13:01:35] [CKPT] task=denoising phase=stl_ablation_r01_d09_w1110_1110_1110_1110_1110_1110_1110_1110_1110_1110 candidate=cand_000_d9_w1110 epoch=1 batch=38/400 start path=checkpoint_last.pt
[2026-06-25 13:01:37] [CKPT] task=denoising phase=stl_ablation_r01_d09_w1110_1110_1110_1110_1110_1110_1110_1110_1110_1110 candidate=cand_000_d9_w1110 epoch=1 batch=38/400 done gpu_used_mib=0 host_available_mib=12658
[2026-06-25 13:01:37] [BATCH] task=denoising phase=stl_ablation_r01_d09_w1110_1110_1110_1110_1110_1110_1110_1110_1110_1110 candidate=cand_000_d9_w1110 epoch=1 batch=38/400 batch_size=1164 running_batches=38 batch_loss=0.158596 running_loss=0.202314
[2026-06-25 13:02:52] [CKPT] task=denoising phase=stl_ablation_r01_d09_w1110_1110_1110_1110_1110_1110_1110_1110_1110_1110 candidate=cand_000_d9_w1110 epoch=1 batch=39/400 start path=checkpoint_last.pt
[2026-06-25 13:02:54] [CKPT] task=denoising phase=stl_ablation_r01_d09_w1110_1110_1110_1110_1110_1110_1110_1110_1110_1110 candidate=cand_000_d9_w1110 epoch=1 batch=39/400 done gpu_used_mib=0 host_available_mib=12433
[2026-06-25 13:02:54] [BATCH] task=denoising phase=stl_ablation_r01_d09_w1110_1110_1110_1110_1110_1110_1110_1110_1110_1110 candidate=cand_000_d9_w1110 epoch=1 batch=39/400 batch_size=1164 running_batches=39 batch_loss=0.081360 running_loss=0.199213
[2026-06-25 13:04:16] [CKPT] task=denoising phase=stl_ablation_r01_d09_w1110_1110_1110_1110_1110_1110_1110_1110_1110_1110 candidate=cand_000_d9_w1110 epoch=1 batch=40/400 start path=checkpoint_last.pt
[2026-06-25 13:04:18] [CKPT] task=denoising phase=stl_ablation_r01_d09_w1110_1110_1110_1110_1110_1110_1110_1110_1110_1110 candidate=cand_000_d9_w1110 epoch=1 batch=40/400 done gpu_used_mib=0 host_available_mib=12409
[2026-06-25 13:04:18] [BATCH] task=denoising phase=stl_ablation_r01_d09_w1110_1110_1110_1110_1110_1110_1110_1110_1110_1110 candidate=cand_000_d9_w1110 epoch=1 batch=40/400 batch_size=1164 running_batches=40 batch_loss=0.069996 running_loss=0.195982
[2026-06-25 13:05:11] [CKPT] task=denoising phase=stl_ablation_r01_d09_w1110_1110_1110_1110_1110_1110_1110_1110_1110_1110 candidate=cand_000_d9_w1110 epoch=1 batch=41/400 start path=checkpoint_last.pt
[2026-06-25 13:05:16] [CKPT] task=denoising phase=stl_ablation_r01_d09_w1110_1110_1110_1110_1110_1110_1110_1110_1110_1110 candidate=cand_000_d9_w1110 epoch=1 batch=41/400 done gpu_used_mib=0 host_available_mib=12359
[2026-06-25 13:05:16] [BATCH] task=denoising phase=stl_ablation_r01_d09_w1110_1110_1110_1110_1110_1110_1110_1110_1110_1110 candidate=cand_000_d9_w1110 epoch=1 batch=41/400 batch_size=1164 running_batches=41 batch_loss=0.085186 running_loss=0.193280
[2026-06-25 13:06:29] [CKPT] task=denoising phase=stl_ablation_r01_d09_w1110_1110_1110_1110_1110_1110_1110_1110_1110_1110 candidate=cand_000_d9_w1110 epoch=1 batch=42/400 start path=checkpoint_last.pt
[2026-06-25 13:06:32] [CKPT] task=denoising phase=stl_ablation_r01_d09_w1110_1110_1110_1110_1110_1110_1110_1110_1110_1110 candidate=cand_000_d9_w1110 epoch=1 batch=42/400 done gpu_used_mib=0 host_available_mib=12451
[2026-06-25 13:06:32] [BATCH] task=denoising phase=stl_ablation_r01_d09_w1110_1110_1110_1110_1110_1110_1110_1110_1110_1110 candidate=cand_000_d9_w1110 epoch=1 batch=42/400 batch_size=1164 running_batches=42 batch_loss=0.079883 running_loss=0.190580
[2026-06-25 13:07:51] [CKPT] task=denoising phase=stl_ablation_r01_d09_w1110_1110_1110_1110_1110_1110_1110_1110_1110_1110 candidate=cand_000_d9_w1110 epoch=1 batch=43/400 start path=checkpoint_last.pt
[2026-06-25 13:07:53] [CKPT] task=denoising phase=stl_ablation_r01_d09_w1110_1110_1110_1110_1110_1110_1110_1110_1110_1110 candidate=cand_000_d9_w1110 epoch=1 batch=43/400 done gpu_used_mib=0 host_available_mib=12498
[2026-06-25 13:07:53] [BATCH] task=denoising phase=stl_ablation_r01_d09_w1110_1110_1110_1110_1110_1110_1110_1110_1110_1110 candidate=cand_000_d9_w1110 epoch=1 batch=43/400 batch_size=1164 running_batches=43 batch_loss=0.167065 running_loss=0.190033
[2026-06-25 13:09:04] [CKPT] task=denoising phase=stl_ablation_r01_d09_w1110_1110_1110_1110_1110_1110_1110_1110_1110_1110 candidate=cand_000_d9_w1110 epoch=1 batch=44/400 start path=checkpoint_last.pt
[2026-06-25 13:09:05] [CKPT] task=denoising phase=stl_ablation_r01_d09_w1110_1110_1110_1110_1110_1110_1110_1110_1110_1110 candidate=cand_000_d9_w1110 epoch=1 batch=44/400 done gpu_used_mib=0 host_available_mib=12695
[2026-06-25 13:09:05] [BATCH] task=denoising phase=stl_ablation_r01_d09_w1110_1110_1110_1110_1110_1110_1110_1110_1110_1110 candidate=cand_000_d9_w1110 epoch=1 batch=44/400 batch_size=1164 running_batches=44 batch_loss=0.061720 running_loss=0.187117
[2026-06-25 13:10:33] [CKPT] task=denoising phase=stl_ablation_r01_d09_w1110_1110_1110_1110_1110_1110_1110_1110_1110_1110 candidate=cand_000_d9_w1110 epoch=1 batch=45/400 start path=checkpoint_last.pt
[2026-06-25 13:10:34] [CKPT] task=denoising phase=stl_ablation_r01_d09_w1110_1110_1110_1110_1110_1110_1110_1110_1110_1110 candidate=cand_000_d9_w1110 epoch=1 batch=45/400 done gpu_used_mib=0 host_available_mib=11578
[2026-06-25 13:10:34] [BATCH] task=denoising phase=stl_ablation_r01_d09_w1110_1110_1110_1110_1110_1110_1110_1110_1110_1110 candidate=cand_000_d9_w1110 epoch=1 batch=45/400 batch_size=1164 running_batches=45 batch_loss=0.141077 running_loss=0.186094
[2026-06-25 13:11:37] [CKPT] task=denoising phase=stl_ablation_r01_d09_w1110_1110_1110_1110_1110_1110_1110_1110_1110_1110 candidate=cand_000_d9_w1110 epoch=1 batch=46/400 start path=checkpoint_last.pt
[2026-06-25 13:11:41] [CKPT] task=denoising phase=stl_ablation_r01_d09_w1110_1110_1110_1110_1110_1110_1110_1110_1110_1110 candidate=cand_000_d9_w1110 epoch=1 batch=46/400 done gpu_used_mib=0 host_available_mib=11934
[2026-06-25 13:11:41] [BATCH] task=denoising phase=stl_ablation_r01_d09_w1110_1110_1110_1110_1110_1110_1110_1110_1110_1110 candidate=cand_000_d9_w1110 epoch=1 batch=46/400 batch_size=1164 running_batches=46 batch_loss=0.063190 running_loss=0.183422
[2026-06-25 13:12:34] [CKPT] task=denoising phase=stl_ablation_r01_d09_w1110_1110_1110_1110_1110_1110_1110_1110_1110_1110 candidate=cand_000_d9_w1110 epoch=1 batch=47/400 start path=checkpoint_last.pt
[2026-06-25 13:12:36] [CKPT] task=denoising phase=stl_ablation_r01_d09_w1110_1110_1110_1110_1110_1110_1110_1110_1110_1110 candidate=cand_000_d9_w1110 epoch=1 batch=47/400 done gpu_used_mib=0 host_available_mib=11804
[2026-06-25 13:12:36] [BATCH] task=denoising phase=stl_ablation_r01_d09_w1110_1110_1110_1110_1110_1110_1110_1110_1110_1110 candidate=cand_000_d9_w1110 epoch=1 batch=47/400 batch_size=1164 running_batches=47 batch_loss=0.074119 running_loss=0.181097
[2026-06-25 13:13:31] [CKPT] task=denoising phase=stl_ablation_r01_d09_w1110_1110_1110_1110_1110_1110_1110_1110_1110_1110 candidate=cand_000_d9_w1110 epoch=1 batch=48/400 start path=checkpoint_last.pt
[2026-06-25 13:13:33] [CKPT] task=denoising phase=stl_ablation_r01_d09_w1110_1110_1110_1110_1110_1110_1110_1110_1110_1110 candidate=cand_000_d9_w1110 epoch=1 batch=48/400 done gpu_used_mib=0 host_available_mib=12015
[2026-06-25 13:13:33] [BATCH] task=denoising phase=stl_ablation_r01_d09_w1110_1110_1110_1110_1110_1110_1110_1110_1110_1110 candidate=cand_000_d9_w1110 epoch=1 batch=48/400 batch_size=1164 running_batches=48 batch_loss=3.800404 running_loss=0.256499
[2026-06-25 13:14:26] [CKPT] task=denoising phase=stl_ablation_r01_d09_w1110_1110_1110_1110_1110_1110_1110_1110_1110_1110 candidate=cand_000_d9_w1110 epoch=1 batch=49/400 start path=checkpoint_last.pt
[2026-06-25 13:14:28] [CKPT] task=denoising phase=stl_ablation_r01_d09_w1110_1110_1110_1110_1110_1110_1110_1110_1110_1110 candidate=cand_000_d9_w1110 epoch=1 batch=49/400 done gpu_used_mib=0 host_available_mib=11831
[2026-06-25 13:14:28] [BATCH] task=denoising phase=stl_ablation_r01_d09_w1110_1110_1110_1110_1110_1110_1110_1110_1110_1110 candidate=cand_000_d9_w1110 epoch=1 batch=49/400 batch_size=1164 running_batches=49 batch_loss=0.107135 running_loss=0.253451
[2026-06-25 13:15:22] [CKPT] task=denoising phase=stl_ablation_r01_d09_w1110_1110_1110_1110_1110_1110_1110_1110_1110_1110 candidate=cand_000_d9_w1110 epoch=1 batch=50/400 start path=checkpoint_last.pt
[2026-06-25 13:15:25] [CKPT] task=denoising phase=stl_ablation_r01_d09_w1110_1110_1110_1110_1110_1110_1110_1110_1110_1110 candidate=cand_000_d9_w1110 epoch=1 batch=50/400 done gpu_used_mib=0 host_available_mib=11803
[2026-06-25 13:15:25] [BATCH] task=denoising phase=stl_ablation_r01_d09_w1110_1110_1110_1110_1110_1110_1110_1110_1110_1110 candidate=cand_000_d9_w1110 epoch=1 batch=50/400 batch_size=1164 running_batches=50 batch_loss=0.062558 running_loss=0.249633
[2026-06-25 13:16:19] [CKPT] task=denoising phase=stl_ablation_r01_d09_w1110_1110_1110_1110_1110_1110_1110_1110_1110_1110 candidate=cand_000_d9_w1110 epoch=1 batch=51/400 start path=checkpoint_last.pt
[2026-06-25 13:16:22] [CKPT] task=denoising phase=stl_ablation_r01_d09_w1110_1110_1110_1110_1110_1110_1110_1110_1110_1110 candidate=cand_000_d9_w1110 epoch=1 batch=51/400 done gpu_used_mib=0 host_available_mib=11503
[2026-06-25 13:16:22] [BATCH] task=denoising phase=stl_ablation_r01_d09_w1110_1110_1110_1110_1110_1110_1110_1110_1110_1110 candidate=cand_000_d9_w1110 epoch=1 batch=51/400 batch_size=1164 running_batches=51 batch_loss=0.063644 running_loss=0.245986
[2026-06-25 13:17:19] [CKPT] task=denoising phase=stl_ablation_r01_d09_w1110_1110_1110_1110_1110_1110_1110_1110_1110_1110 candidate=cand_000_d9_w1110 epoch=1 batch=52/400 start path=checkpoint_last.pt
[2026-06-25 13:17:22] [CKPT] task=denoising phase=stl_ablation_r01_d09_w1110_1110_1110_1110_1110_1110_1110_1110_1110_1110 candidate=cand_000_d9_w1110 epoch=1 batch=52/400 done gpu_used_mib=0 host_available_mib=11864
[2026-06-25 13:17:22] [BATCH] task=denoising phase=stl_ablation_r01_d09_w1110_1110_1110_1110_1110_1110_1110_1110_1110_1110 candidate=cand_000_d9_w1110 epoch=1 batch=52/400 batch_size=1164 running_batches=52 batch_loss=0.080703 running_loss=0.242807
[2026-06-25 13:18:22] [CKPT] task=denoising phase=stl_ablation_r01_d09_w1110_1110_1110_1110_1110_1110_1110_1110_1110_1110 candidate=cand_000_d9_w1110 epoch=1 batch=53/400 start path=checkpoint_last.pt
[2026-06-25 13:18:23] [CKPT] task=denoising phase=stl_ablation_r01_d09_w1110_1110_1110_1110_1110_1110_1110_1110_1110_1110 candidate=cand_000_d9_w1110 epoch=1 batch=53/400 done gpu_used_mib=0 host_available_mib=11927
[2026-06-25 13:18:23] [BATCH] task=denoising phase=stl_ablation_r01_d09_w1110_1110_1110_1110_1110_1110_1110_1110_1110_1110 candidate=cand_000_d9_w1110 epoch=1 batch=53/400 batch_size=1164 running_batches=53 batch_loss=0.102241 running_loss=0.240155
[2026-06-25 13:19:28] [CKPT] task=denoising phase=stl_ablation_r01_d09_w1110_1110_1110_1110_1110_1110_1110_1110_1110_1110 candidate=cand_000_d9_w1110 epoch=1 batch=54/400 start path=checkpoint_last.pt
[2026-06-25 13:19:32] [CKPT] task=denoising phase=stl_ablation_r01_d09_w1110_1110_1110_1110_1110_1110_1110_1110_1110_1110 candidate=cand_000_d9_w1110 epoch=1 batch=54/400 done gpu_used_mib=0 host_available_mib=11758
[2026-06-25 13:19:32] [BATCH] task=denoising phase=stl_ablation_r01_d09_w1110_1110_1110_1110_1110_1110_1110_1110_1110_1110 candidate=cand_000_d9_w1110 epoch=1 batch=54/400 batch_size=1164 running_batches=54 batch_loss=0.054722 running_loss=0.236721
[2026-06-25 13:20:28] [CKPT] task=denoising phase=stl_ablation_r01_d09_w1110_1110_1110_1110_1110_1110_1110_1110_1110_1110 candidate=cand_000_d9_w1110 epoch=1 batch=55/400 start path=checkpoint_last.pt
[2026-06-25 13:20:29] [CKPT] task=denoising phase=stl_ablation_r01_d09_w1110_1110_1110_1110_1110_1110_1110_1110_1110_1110 candidate=cand_000_d9_w1110 epoch=1 batch=55/400 done gpu_used_mib=0 host_available_mib=11980
[2026-06-25 13:20:29] [BATCH] task=denoising phase=stl_ablation_r01_d09_w1110_1110_1110_1110_1110_1110_1110_1110_1110_1110 candidate=cand_000_d9_w1110 epoch=1 batch=55/400 batch_size=1164 running_batches=55 batch_loss=0.153285 running_loss=0.235204
[2026-06-25 13:21:24] [CKPT] task=denoising phase=stl_ablation_r01_d09_w1110_1110_1110_1110_1110_1110_1110_1110_1110_1110 candidate=cand_000_d9_w1110 epoch=1 batch=56/400 start path=checkpoint_last.pt
[2026-06-25 13:21:25] [CKPT] task=denoising phase=stl_ablation_r01_d09_w1110_1110_1110_1110_1110_1110_1110_1110_1110_1110 candidate=cand_000_d9_w1110 epoch=1 batch=56/400 done gpu_used_mib=0 host_available_mib=12035
[2026-06-25 13:21:25] [BATCH] task=denoising phase=stl_ablation_r01_d09_w1110_1110_1110_1110_1110_1110_1110_1110_1110_1110 candidate=cand_000_d9_w1110 epoch=1 batch=56/400 batch_size=1164 running_batches=56 batch_loss=0.142308 running_loss=0.233545
[2026-06-25 13:22:28] [CKPT] task=denoising phase=stl_ablation_r01_d09_w1110_1110_1110_1110_1110_1110_1110_1110_1110_1110 candidate=cand_000_d9_w1110 epoch=1 batch=57/400 start path=checkpoint_last.pt
[2026-06-25 13:22:31] [CKPT] task=denoising phase=stl_ablation_r01_d09_w1110_1110_1110_1110_1110_1110_1110_1110_1110_1110 candidate=cand_000_d9_w1110 epoch=1 batch=57/400 done gpu_used_mib=0 host_available_mib=11907
[2026-06-25 13:22:31] [BATCH] task=denoising phase=stl_ablation_r01_d09_w1110_1110_1110_1110_1110_1110_1110_1110_1110_1110 candidate=cand_000_d9_w1110 epoch=1 batch=57/400 batch_size=1164 running_batches=57 batch_loss=0.064885 running_loss=0.230586
[2026-06-25 13:23:13] [CKPT] task=denoising phase=stl_ablation_r01_d09_w1110_1110_1110_1110_1110_1110_1110_1110_1110_1110 candidate=cand_000_d9_w1110 epoch=1 batch=58/400 start path=checkpoint_last.pt
[2026-06-25 13:23:20] [CKPT] task=denoising phase=stl_ablation_r01_d09_w1110_1110_1110_1110_1110_1110_1110_1110_1110_1110 candidate=cand_000_d9_w1110 epoch=1 batch=58/400 done gpu_used_mib=0 host_available_mib=11864
[2026-06-25 13:23:20] [BATCH] task=denoising phase=stl_ablation_r01_d09_w1110_1110_1110_1110_1110_1110_1110_1110_1110_1110 candidate=cand_000_d9_w1110 epoch=1 batch=58/400 batch_size=1164 running_batches=58 batch_loss=0.055325 running_loss=0.227565
[2026-06-25 13:24:26] [CKPT] task=denoising phase=stl_ablation_r01_d09_w1110_1110_1110_1110_1110_1110_1110_1110_1110_1110 candidate=cand_000_d9_w1110 epoch=1 batch=59/400 start path=checkpoint_last.pt
[2026-06-25 13:24:28] [CKPT] task=denoising phase=stl_ablation_r01_d09_w1110_1110_1110_1110_1110_1110_1110_1110_1110_1110 candidate=cand_000_d9_w1110 epoch=1 batch=59/400 done gpu_used_mib=0 host_available_mib=11852
[2026-06-25 13:24:28] [BATCH] task=denoising phase=stl_ablation_r01_d09_w1110_1110_1110_1110_1110_1110_1110_1110_1110_1110 candidate=cand_000_d9_w1110 epoch=1 batch=59/400 batch_size=1164 running_batches=59 batch_loss=0.075164 running_loss=0.224982
[2026-06-25 13:25:55] [CKPT] task=denoising phase=stl_ablation_r01_d09_w1110_1110_1110_1110_1110_1110_1110_1110_1110_1110 candidate=cand_000_d9_w1110 epoch=1 batch=60/400 start path=checkpoint_last.pt
[2026-06-25 13:25:56] [CKPT] task=denoising phase=stl_ablation_r01_d09_w1110_1110_1110_1110_1110_1110_1110_1110_1110_1110 candidate=cand_000_d9_w1110 epoch=1 batch=60/400 done gpu_used_mib=0 host_available_mib=11969
[2026-06-25 13:25:56] [BATCH] task=denoising phase=stl_ablation_r01_d09_w1110_1110_1110_1110_1110_1110_1110_1110_1110_1110 candidate=cand_000_d9_w1110 epoch=1 batch=60/400 batch_size=1164 running_batches=60 batch_loss=0.101887 running_loss=0.222930
[2026-06-25 13:27:07] [CKPT] task=denoising phase=stl_ablation_r01_d09_w1110_1110_1110_1110_1110_1110_1110_1110_1110_1110 candidate=cand_000_d9_w1110 epoch=1 batch=61/400 start path=checkpoint_last.pt
[2026-06-25 13:27:10] [CKPT] task=denoising phase=stl_ablation_r01_d09_w1110_1110_1110_1110_1110_1110_1110_1110_1110_1110 candidate=cand_000_d9_w1110 epoch=1 batch=61/400 done gpu_used_mib=0 host_available_mib=11838
[2026-06-25 13:27:10] [BATCH] task=denoising phase=stl_ablation_r01_d09_w1110_1110_1110_1110_1110_1110_1110_1110_1110_1110 candidate=cand_000_d9_w1110 epoch=1 batch=61/400 batch_size=1164 running_batches=61 batch_loss=0.050156 running_loss=0.220098
[2026-06-25 13:27:59] [CKPT] task=denoising phase=stl_ablation_r01_d09_w1110_1110_1110_1110_1110_1110_1110_1110_1110_1110 candidate=cand_000_d9_w1110 epoch=1 batch=62/400 start path=checkpoint_last.pt
[2026-06-25 13:28:04] [CKPT] task=denoising phase=stl_ablation_r01_d09_w1110_1110_1110_1110_1110_1110_1110_1110_1110_1110 candidate=cand_000_d9_w1110 epoch=1 batch=62/400 done gpu_used_mib=0 host_available_mib=11976
[2026-06-25 13:28:04] [BATCH] task=denoising phase=stl_ablation_r01_d09_w1110_1110_1110_1110_1110_1110_1110_1110_1110_1110 candidate=cand_000_d9_w1110 epoch=1 batch=62/400 batch_size=1164 running_batches=62 batch_loss=0.052980 running_loss=0.217402
[2026-06-25 13:28:56] [CKPT] task=denoising phase=stl_ablation_r01_d09_w1110_1110_1110_1110_1110_1110_1110_1110_1110_1110 candidate=cand_000_d9_w1110 epoch=1 batch=63/400 start path=checkpoint_last.pt
[2026-06-25 13:28:59] [CKPT] task=denoising phase=stl_ablation_r01_d09_w1110_1110_1110_1110_1110_1110_1110_1110_1110_1110 candidate=cand_000_d9_w1110 epoch=1 batch=63/400 done gpu_used_mib=0 host_available_mib=12157
[2026-06-25 13:28:59] [BATCH] task=denoising phase=stl_ablation_r01_d09_w1110_1110_1110_1110_1110_1110_1110_1110_1110_1110 candidate=cand_000_d9_w1110 epoch=1 batch=63/400 batch_size=1164 running_batches=63 batch_loss=0.055290 running_loss=0.214829
[2026-06-25 13:30:00] [CKPT] task=denoising phase=stl_ablation_r01_d09_w1110_1110_1110_1110_1110_1110_1110_1110_1110_1110 candidate=cand_000_d9_w1110 epoch=1 batch=64/400 start path=checkpoint_last.pt
[2026-06-25 13:30:00] [CKPT] task=denoising phase=stl_ablation_r01_d09_w1110_1110_1110_1110_1110_1110_1110_1110_1110_1110 candidate=cand_000_d9_w1110 epoch=1 batch=64/400 done gpu_used_mib=0 host_available_mib=11815
[2026-06-25 13:30:00] [BATCH] task=denoising phase=stl_ablation_r01_d09_w1110_1110_1110_1110_1110_1110_1110_1110_1110_1110 candidate=cand_000_d9_w1110 epoch=1 batch=64/400 batch_size=1164 running_batches=64 batch_loss=0.227176 running_loss=0.215022
[2026-06-25 13:30:50] [CKPT] task=denoising phase=stl_ablation_r01_d09_w1110_1110_1110_1110_1110_1110_1110_1110_1110_1110 candidate=cand_000_d9_w1110 epoch=1 batch=65/400 start path=checkpoint_last.pt
[2026-06-25 13:30:52] [CKPT] task=denoising phase=stl_ablation_r01_d09_w1110_1110_1110_1110_1110_1110_1110_1110_1110_1110 candidate=cand_000_d9_w1110 epoch=1 batch=65/400 done gpu_used_mib=0 host_available_mib=12084
[2026-06-25 13:30:52] [BATCH] task=denoising phase=stl_ablation_r01_d09_w1110_1110_1110_1110_1110_1110_1110_1110_1110_1110 candidate=cand_000_d9_w1110 epoch=1 batch=65/400 batch_size=1164 running_batches=65 batch_loss=0.074644 running_loss=0.212862
[2026-06-25 13:31:43] [CKPT] task=denoising phase=stl_ablation_r01_d09_w1110_1110_1110_1110_1110_1110_1110_1110_1110_1110 candidate=cand_000_d9_w1110 epoch=1 batch=66/400 start path=checkpoint_last.pt
[2026-06-25 13:31:45] [CKPT] task=denoising phase=stl_ablation_r01_d09_w1110_1110_1110_1110_1110_1110_1110_1110_1110_1110 candidate=cand_000_d9_w1110 epoch=1 batch=66/400 done gpu_used_mib=0 host_available_mib=12196
[2026-06-25 13:31:45] [BATCH] task=denoising phase=stl_ablation_r01_d09_w1110_1110_1110_1110_1110_1110_1110_1110_1110_1110 candidate=cand_000_d9_w1110 epoch=1 batch=66/400 batch_size=1164 running_batches=66 batch_loss=0.056491 running_loss=0.210493
[2026-06-25 13:32:41] [CKPT] task=denoising phase=stl_ablation_r01_d09_w1110_1110_1110_1110_1110_1110_1110_1110_1110_1110 candidate=cand_000_d9_w1110 epoch=1 batch=67/400 start path=checkpoint_last.pt
[2026-06-25 13:32:44] [CKPT] task=denoising phase=stl_ablation_r01_d09_w1110_1110_1110_1110_1110_1110_1110_1110_1110_1110 candidate=cand_000_d9_w1110 epoch=1 batch=67/400 done gpu_used_mib=0 host_available_mib=11600
[2026-06-25 13:32:44] [BATCH] task=denoising phase=stl_ablation_r01_d09_w1110_1110_1110_1110_1110_1110_1110_1110_1110_1110 candidate=cand_000_d9_w1110 epoch=1 batch=67/400 batch_size=1164 running_batches=67 batch_loss=0.046394 running_loss=0.208044
[2026-06-25 13:33:43] [CKPT] task=denoising phase=stl_ablation_r01_d09_w1110_1110_1110_1110_1110_1110_1110_1110_1110_1110 candidate=cand_000_d9_w1110 epoch=1 batch=68/400 start path=checkpoint_last.pt
[2026-06-25 13:33:44] [CKPT] task=denoising phase=stl_ablation_r01_d09_w1110_1110_1110_1110_1110_1110_1110_1110_1110_1110 candidate=cand_000_d9_w1110 epoch=1 batch=68/400 done gpu_used_mib=0 host_available_mib=11993
[2026-06-25 13:33:44] [BATCH] task=denoising phase=stl_ablation_r01_d09_w1110_1110_1110_1110_1110_1110_1110_1110_1110_1110 candidate=cand_000_d9_w1110 epoch=1 batch=68/400 batch_size=1164 running_batches=68 batch_loss=0.056594 running_loss=0.205817
[2026-06-25 13:34:36] [CKPT] task=denoising phase=stl_ablation_r01_d09_w1110_1110_1110_1110_1110_1110_1110_1110_1110_1110 candidate=cand_000_d9_w1110 epoch=1 batch=69/400 start path=checkpoint_last.pt
[2026-06-25 13:34:40] [CKPT] task=denoising phase=stl_ablation_r01_d09_w1110_1110_1110_1110_1110_1110_1110_1110_1110_1110 candidate=cand_000_d9_w1110 epoch=1 batch=69/400 done gpu_used_mib=0 host_available_mib=11490
[2026-06-25 13:34:40] [BATCH] task=denoising phase=stl_ablation_r01_d09_w1110_1110_1110_1110_1110_1110_1110_1110_1110_1110 candidate=cand_000_d9_w1110 epoch=1 batch=69/400 batch_size=1164 running_batches=69 batch_loss=0.049595 running_loss=0.203552
[2026-06-25 13:35:48] [CKPT] task=denoising phase=stl_ablation_r01_d09_w1110_1110_1110_1110_1110_1110_1110_1110_1110_1110 candidate=cand_000_d9_w1110 epoch=1 batch=70/400 start path=checkpoint_last.pt
Traceback (most recent call last):
  File "D:\Projects\Breaking-the-Neural-Barrier\MLPS\tabular\shared\dae_dnn\run_stl_ablation.py", line 1043, in <module>
    main()
    ~~~~^^
  File "D:\Projects\Breaking-the-Neural-Barrier\MLPS\tabular\shared\dae_dnn\run_stl_ablation.py", line 979, in main
    report = run_task_ablation(
        task_name=task_name,
    ...<9 lines>...
        batch_controller=batch_controller,
    )
  File "D:\Projects\Breaking-the-Neural-Barrier\MLPS\tabular\shared\dae_dnn\run_stl_ablation.py", line 666, in run_task_ablation
    summary = rg.run_stl_phase(
        task,
    ...<6 lines>...
        batch_controller=batch_controller,
    )
  File "D:\Projects\Breaking-the-Neural-Barrier\MLPS\tabular\shared\dae_dnn\run_goliath.py", line 1762, in run_stl_phase
    result = training_loop(
        task=task,
    ...<7 lines>...
        batch_controller=batch_controller,
    )
  File "D:\Projects\Breaking-the-Neural-Barrier\MLPS\tabular\shared\dae_dnn\run_goliath.py", line 2798, in training_loop
    save_checkpoint(
    ~~~~~~~~~~~~~~~^
        last_ckpt,
        ^^^^^^^^^^
    ...<22 lines>...
        timeout_sec=float(checkpoint_timeout_sec),
        ^^^^^^^^^^^^^^^^^^^^^^^^^^^^^^^^^^^^^^^^^^
    )
    ^
  File "D:\Projects\Breaking-the-Neural-Barrier\MLPS\tabular\shared\dae_dnn\run_goliath.py", line 643, in save_checkpoint
    os.replace(tmp_path, path)
    ~~~~~~~~~~^^^^^^^^^^^^^^^^
PermissionError: [WinError 32] The process cannot access the file because it is being used by another process: 'D:\\Projects\\Breaking-the-Neural-Barrier\\MLPS\\tabular\\shared\\dae_dnn\\results\\stl\\ablation\\parammatched_decade_v1_param_10pow07_08_fresh_v1\\denoising\\_children\\stl_ablation_r01_d09_w1110_1110_1110_1110_1110_1110_1110_1110_1110_1110\\denoising\\stl_ablation_r01_d09_w1110_1110_1110_1110_1110_1110_1110_1110_1110_1110\\cand_000_d9_w1110\\.checkpoint_last.pt.akyywgv4.tmp' -> 'MLPS\\tabular\\shared\\dae_dnn\\results\\stl\\ablation\\parammatched_decade_v1_param_10pow07_08_fresh_v1\\denoising\\_children\\stl_ablation_r01_d09_w1110_1110_1110_1110_1110_1110_1110_1110_1110_1110\\denoising\\stl_ablation_r01_d09_w1110_1110_1110_1110_1110_1110_1110_1110_1110_1110\\cand_000_d9_w1110\\checkpoint_last.pt'
